###############################################################################
#
# IAR ANSI C/C++ Compiler V7.20.2.7424/W32 for ARM        10/Dec/2016  09:44:06
# Copyright 1999-2014 IAR Systems AB.
#
#    Cpu mode     =  thumb
#    Endian       =  little
#    Source file  =  
#        C:\Users\lenovo\Desktop\17智能车省赛\LPLD_OSKinetis_V3\project\chase_after\app\Bluetooth.c
#    Command line =  
#        C:\Users\lenovo\Desktop\17智能车省赛\LPLD_OSKinetis_V3\project\chase_after\app\Bluetooth.c
#        -D LPLD_K60 -D USE_K60F12 -lCN
#        C:\Users\lenovo\Desktop\17智能车省赛\LPLD_OSKinetis_V3\project\chase_after\iar\RAM\List\
#        -lB
#        C:\Users\lenovo\Desktop\17智能车省赛\LPLD_OSKinetis_V3\project\chase_after\iar\RAM\List\
#        -o
#        C:\Users\lenovo\Desktop\17智能车省赛\LPLD_OSKinetis_V3\project\chase_after\iar\RAM\Obj\
#        --no_cse --no_unroll --no_inline --no_code_motion --no_tbaa
#        --no_clustering --no_scheduling --debug --endian=little
#        --cpu=Cortex-M4F -e --fpu=VFPv4_sp --dlib_config
#        D:\IAR\arm\INC\c\DLib_Config_Normal.h -I
#        C:\Users\lenovo\Desktop\17智能车省赛\LPLD_OSKinetis_V3\project\chase_after\iar\..\app\
#        -I
#        C:\Users\lenovo\Desktop\17智能车省赛\LPLD_OSKinetis_V3\project\chase_after\iar\..\..\..\lib\CPU\
#        -I
#        C:\Users\lenovo\Desktop\17智能车省赛\LPLD_OSKinetis_V3\project\chase_after\iar\..\..\..\lib\common\
#        -I
#        C:\Users\lenovo\Desktop\17智能车省赛\LPLD_OSKinetis_V3\project\chase_after\iar\..\..\..\lib\LPLD\
#        -I
#        C:\Users\lenovo\Desktop\17智能车省赛\LPLD_OSKinetis_V3\project\chase_after\iar\..\..\..\lib\LPLD\HW\
#        -I
#        C:\Users\lenovo\Desktop\17智能车省赛\LPLD_OSKinetis_V3\project\chase_after\iar\..\..\..\lib\LPLD\DEV\
#        -I
#        C:\Users\lenovo\Desktop\17智能车省赛\LPLD_OSKinetis_V3\project\chase_after\iar\..\..\..\lib\LPLD\FUNC\
#        -I
#        C:\Users\lenovo\Desktop\17智能车省赛\LPLD_OSKinetis_V3\project\chase_after\iar\..\..\..\lib\uCOS-II\Ports\
#        -I
#        C:\Users\lenovo\Desktop\17智能车省赛\LPLD_OSKinetis_V3\project\chase_after\iar\..\..\..\lib\uCOS-II\Source\
#        -I
#        C:\Users\lenovo\Desktop\17智能车省赛\LPLD_OSKinetis_V3\project\chase_after\iar\..\..\..\lib\FatFs\
#        -I
#        C:\Users\lenovo\Desktop\17智能车省赛\LPLD_OSKinetis_V3\project\chase_after\iar\..\..\..\lib\FatFs\option\
#        -I
#        C:\Users\lenovo\Desktop\17智能车省赛\LPLD_OSKinetis_V3\project\chase_after\iar\..\..\..\lib\USB\common\
#        -I
#        C:\Users\lenovo\Desktop\17智能车省赛\LPLD_OSKinetis_V3\project\chase_after\iar\..\..\..\lib\USB\driver\
#        -I
#        C:\Users\lenovo\Desktop\17智能车省赛\LPLD_OSKinetis_V3\project\chase_after\iar\..\..\..\lib\USB\descriptor\
#        -I
#        C:\Users\lenovo\Desktop\17智能车省赛\LPLD_OSKinetis_V3\project\chase_after\iar\..\..\..\lib\USB\class\
#        -Ol -I D:\IAR\arm\CMSIS\Include\ -D ARM_MATH_CM4
#    List file    =  
#        C:\Users\lenovo\Desktop\17智能车省赛\LPLD_OSKinetis_V3\project\chase_after\iar\RAM\List\Bluetooth.lst
#    Object file  =  
#        C:\Users\lenovo\Desktop\17智能车省赛\LPLD_OSKinetis_V3\project\chase_after\iar\RAM\Obj\Bluetooth.o
#
###############################################################################

C:\Users\lenovo\Desktop\17智能车省赛\LPLD_OSKinetis_V3\project\chase_after\app\Bluetooth.c
      1          #include "Includes.h"
      2          
      3          #define UartDataNum  17	     
      4          

   \                                 In section .bss, align 4
      5          uint8   uSendBuf[UartDataNum*2]={0};
   \                     uSendBuf:
   \   00000000                      DS8 36

   \                                 In section .data, align 1
      6          uint8   FreeCarsDataNum=UartDataNum*2;
   \                     FreeCarsDataNum:
   \   00000000   0x22               DC8 34
      7          void    push(uint8 chanel,uint16 data);
      8          void    produceScopeData(void);
      9          void    sendDataToScope(void);
     10          
     11          

   \                                 In section .text, align 2, keep-with-next
     12          void  Bluetooth()
     13          {
   \                     Bluetooth: (+1)
   \   00000000   0xB580             PUSH     {R7,LR}
     14              produceScopeData();  //将数据储存于缓存数组 
   \   00000002   0x.... 0x....      BL       produceScopeData
     15              sendDataToScope();	 //发送参数到上位机
   \   00000006   0x.... 0x....      BL       sendDataToScope
     16          }
   \   0000000A   0xBD01             POP      {R0,PC}          ;; return
     17          
     18          //push()函数第一个形参表示通道号，第二个新参表示所需发送的数据

   \                                 In section .text, align 2, keep-with-next
     19          void push(uint8 chanel,uint16 data)
     20          {
     21              uSendBuf[chanel*2]=data/256;
   \                     `push`: (+1)
   \   00000000   0xB289             UXTH     R1,R1            ;; ZeroExt  R1,R1,#+16,#+16
   \   00000002   0xF44F 0x7280      MOV      R2,#+256
   \   00000006   0xFB91 0xF2F2      SDIV     R2,R1,R2
   \   0000000A   0x....             LDR.N    R3,??DataTable1
   \   0000000C   0xB2C0             UXTB     R0,R0            ;; ZeroExt  R0,R0,#+24,#+24
   \   0000000E   0xF803 0x2010      STRB     R2,[R3, R0, LSL #+1]
     22              uSendBuf[chanel*2+1]=data%256;
   \   00000012   0xB289             UXTH     R1,R1            ;; ZeroExt  R1,R1,#+16,#+16
   \   00000014   0xF44F 0x7280      MOV      R2,#+256
   \   00000018   0xFB91 0xF3F2      SDIV     R3,R1,R2
   \   0000001C   0xFB03 0x1312      MLS      R3,R3,R2,R1
   \   00000020   0x....             LDR.N    R1,??DataTable1
   \   00000022   0xB2C0             UXTB     R0,R0            ;; ZeroExt  R0,R0,#+24,#+24
   \   00000024   0xEB11 0x0040      ADDS     R0,R1,R0, LSL #+1
   \   00000028   0x7043             STRB     R3,[R0, #+1]
     23          }
   \   0000002A   0x4770             BX       LR               ;; return
     24          
     25          //通过函数push将所需发送的数据放到数组uSendBuf[]内储存，数组uSendBuf[]用于数据缓冲。

   \                                 In section .text, align 2, keep-with-next
     26          void produceScopeData(void)
     27          {
   \                     produceScopeData: (+1)
   \   00000000   0xB580             PUSH     {R7,LR}
     28              push(0,10);
   \   00000002   0x210A             MOVS     R1,#+10
   \   00000004   0x2000             MOVS     R0,#+0
   \   00000006   0x.... 0x....      BL       `push`
     29              push(1,10);
   \   0000000A   0x210A             MOVS     R1,#+10
   \   0000000C   0x2001             MOVS     R0,#+1
   \   0000000E   0x.... 0x....      BL       `push`
     30              push(2,10);  
   \   00000012   0x210A             MOVS     R1,#+10
   \   00000014   0x2002             MOVS     R0,#+2
   \   00000016   0x.... 0x....      BL       `push`
     31              push(3,10);
   \   0000001A   0x210A             MOVS     R1,#+10
   \   0000001C   0x2003             MOVS     R0,#+3
   \   0000001E   0x.... 0x....      BL       `push`
     32              push(4,10);
   \   00000022   0x210A             MOVS     R1,#+10
   \   00000024   0x2004             MOVS     R0,#+4
   \   00000026   0x.... 0x....      BL       `push`
     33              push(5,10);
   \   0000002A   0x210A             MOVS     R1,#+10
   \   0000002C   0x2005             MOVS     R0,#+5
   \   0000002E   0x.... 0x....      BL       `push`
     34              push(6,10);
   \   00000032   0x210A             MOVS     R1,#+10
   \   00000034   0x2006             MOVS     R0,#+6
   \   00000036   0x.... 0x....      BL       `push`
     35              push(7,1);
   \   0000003A   0x2101             MOVS     R1,#+1
   \   0000003C   0x2007             MOVS     R0,#+7
   \   0000003E   0x.... 0x....      BL       `push`
     36              push(8,1);
   \   00000042   0x2101             MOVS     R1,#+1
   \   00000044   0x2008             MOVS     R0,#+8
   \   00000046   0x.... 0x....      BL       `push`
     37              push(9,1);
   \   0000004A   0x2101             MOVS     R1,#+1
   \   0000004C   0x2009             MOVS     R0,#+9
   \   0000004E   0x.... 0x....      BL       `push`
     38              push(10,1);
   \   00000052   0x2101             MOVS     R1,#+1
   \   00000054   0x200A             MOVS     R0,#+10
   \   00000056   0x.... 0x....      BL       `push`
     39              push(11,0);
   \   0000005A   0x2100             MOVS     R1,#+0
   \   0000005C   0x200B             MOVS     R0,#+11
   \   0000005E   0x.... 0x....      BL       `push`
     40              push(12,0);
   \   00000062   0x2100             MOVS     R1,#+0
   \   00000064   0x200C             MOVS     R0,#+12
   \   00000066   0x.... 0x....      BL       `push`
     41              push(13,0);
   \   0000006A   0x2100             MOVS     R1,#+0
   \   0000006C   0x200D             MOVS     R0,#+13
   \   0000006E   0x.... 0x....      BL       `push`
     42              push(14,0);
   \   00000072   0x2100             MOVS     R1,#+0
   \   00000074   0x200E             MOVS     R0,#+14
   \   00000076   0x.... 0x....      BL       `push`
     43              push(15,0);
   \   0000007A   0x2100             MOVS     R1,#+0
   \   0000007C   0x200F             MOVS     R0,#+15
   \   0000007E   0x.... 0x....      BL       `push`
     44              push(16,0);
   \   00000082   0x2100             MOVS     R1,#+0
   \   00000084   0x2010             MOVS     R0,#+16
   \   00000086   0x.... 0x....      BL       `push`
     45          }	 
   \   0000008A   0xBD01             POP      {R0,PC}          ;; return
     46          
     47           

   \                                 In section .text, align 2, keep-with-next
     48          void sendDataToScope(void)
     49          {
   \                     sendDataToScope: (+1)
   \   00000000   0xB538             PUSH     {R3-R5,LR}
     50            uint8 i,sum=0; 
   \   00000002   0x2500             MOVS     R5,#+0
     51            //使用轮询的方式发送数据，当数据未发送，程序停在此处直到发送完成
     52            LPLD_UART_PutChar(UART3, 251);
   \   00000004   0x21FB             MOVS     R1,#+251
   \   00000006   0x....             LDR.N    R0,??DataTable1_1  ;; 0x4006d000
   \   00000008   0x.... 0x....      BL       LPLD_UART_PutChar
     53            LPLD_UART_PutChar(UART3, 109);
   \   0000000C   0x216D             MOVS     R1,#+109
   \   0000000E   0x....             LDR.N    R0,??DataTable1_1  ;; 0x4006d000
   \   00000010   0x.... 0x....      BL       LPLD_UART_PutChar
     54            LPLD_UART_PutChar(UART3, 37);
   \   00000014   0x2125             MOVS     R1,#+37
   \   00000016   0x....             LDR.N    R0,??DataTable1_1  ;; 0x4006d000
   \   00000018   0x.... 0x....      BL       LPLD_UART_PutChar
     55                
     56            sum+=(251);                   
   \   0000001C   0x1F6D             SUBS     R5,R5,#+5
     57            sum+=(109);
   \   0000001E   0x356D             ADDS     R5,R5,#+109
     58            sum+=(37);
   \   00000020   0x3525             ADDS     R5,R5,#+37
     59            for(i=0;i<FreeCarsDataNum;i++)
   \   00000022   0x2400             MOVS     R4,#+0
   \   00000024   0xE00A             B.N      ??sendDataToScope_0
     60              {
     61                LPLD_UART_PutChar(UART3, uSendBuf[i]);
   \                     ??sendDataToScope_1: (+1)
   \   00000026   0x....             LDR.N    R0,??DataTable1
   \   00000028   0xB2E4             UXTB     R4,R4            ;; ZeroExt  R4,R4,#+24,#+24
   \   0000002A   0x5C21             LDRB     R1,[R4, R0]
   \   0000002C   0x....             LDR.N    R0,??DataTable1_1  ;; 0x4006d000
   \   0000002E   0x.... 0x....      BL       LPLD_UART_PutChar
     62                sum+=uSendBuf[i];          //全部数据加入校验
   \   00000032   0x....             LDR.N    R0,??DataTable1
   \   00000034   0xB2E4             UXTB     R4,R4            ;; ZeroExt  R4,R4,#+24,#+24
   \   00000036   0x5C20             LDRB     R0,[R4, R0]
   \   00000038   0x1945             ADDS     R5,R0,R5
     63              }
   \   0000003A   0x1C64             ADDS     R4,R4,#+1
   \                     ??sendDataToScope_0: (+1)
   \   0000003C   0x....             LDR.N    R0,??DataTable1_2
   \   0000003E   0x7800             LDRB     R0,[R0, #+0]
   \   00000040   0xB2E4             UXTB     R4,R4            ;; ZeroExt  R4,R4,#+24,#+24
   \   00000042   0x4284             CMP      R4,R0
   \   00000044   0xD3EF             BCC.N    ??sendDataToScope_1
     64            LPLD_UART_PutChar(UART3, sum);
   \   00000046   0x0029             MOVS     R1,R5
   \   00000048   0xB2C9             UXTB     R1,R1            ;; ZeroExt  R1,R1,#+24,#+24
   \   0000004A   0x....             LDR.N    R0,??DataTable1_1  ;; 0x4006d000
   \   0000004C   0x.... 0x....      BL       LPLD_UART_PutChar
     65          }
   \   00000050   0xBD31             POP      {R0,R4,R5,PC}    ;; return

   \                                 In section .text, align 4, keep-with-next
   \                     ??DataTable1:
   \   00000000   0x........         DC32     uSendBuf

   \                                 In section .text, align 4, keep-with-next
   \                     ??DataTable1_1:
   \   00000000   0x4006D000         DC32     0x4006d000

   \                                 In section .text, align 4, keep-with-next
   \                     ??DataTable1_2:
   \   00000000   0x........         DC32     FreeCarsDataNum

   Maximum stack usage in bytes:

   .cstack Function
   ------- --------
       8   Bluetooth
         8   -> produceScopeData
         8   -> sendDataToScope
       8   produceScopeData
         8   -> push
       0   push
      16   sendDataToScope
        16   -> LPLD_UART_PutChar


   Section sizes:

   Bytes  Function/Label
   -----  --------------
       4  ??DataTable1
       4  ??DataTable1_1
       4  ??DataTable1_2
      12  Bluetooth
       1  FreeCarsDataNum
     140  produceScopeData
      44  push
      82  sendDataToScope
      36  uSendBuf

 
  36 bytes in section .bss
   1 byte  in section .data
 290 bytes in section .text
 
 290 bytes of CODE memory
  37 bytes of DATA memory

Errors: none
Warnings: none
