###############################################################################
#
# IAR ANSI C/C++ Compiler V7.20.2.7424/W32 for ARM        10/Dec/2016  09:44:07
# Copyright 1999-2014 IAR Systems AB.
#
#    Cpu mode     =  thumb
#    Endian       =  little
#    Source file  =  
#        C:\Users\lenovo\Desktop\17智能车省赛\LPLD_OSKinetis_V3\project\chase_after\app\chase_after.c
#    Command line =  
#        C:\Users\lenovo\Desktop\17智能车省赛\LPLD_OSKinetis_V3\project\chase_after\app\chase_after.c
#        -D LPLD_K60 -D USE_K60F12 -lCN
#        C:\Users\lenovo\Desktop\17智能车省赛\LPLD_OSKinetis_V3\project\chase_after\iar\RAM\List\
#        -lB
#        C:\Users\lenovo\Desktop\17智能车省赛\LPLD_OSKinetis_V3\project\chase_after\iar\RAM\List\
#        -o
#        C:\Users\lenovo\Desktop\17智能车省赛\LPLD_OSKinetis_V3\project\chase_after\iar\RAM\Obj\
#        --no_cse --no_unroll --no_inline --no_code_motion --no_tbaa
#        --no_clustering --no_scheduling --debug --endian=little
#        --cpu=Cortex-M4F -e --fpu=VFPv4_sp --dlib_config
#        D:\IAR\arm\INC\c\DLib_Config_Normal.h -I
#        C:\Users\lenovo\Desktop\17智能车省赛\LPLD_OSKinetis_V3\project\chase_after\iar\..\app\
#        -I
#        C:\Users\lenovo\Desktop\17智能车省赛\LPLD_OSKinetis_V3\project\chase_after\iar\..\..\..\lib\CPU\
#        -I
#        C:\Users\lenovo\Desktop\17智能车省赛\LPLD_OSKinetis_V3\project\chase_after\iar\..\..\..\lib\common\
#        -I
#        C:\Users\lenovo\Desktop\17智能车省赛\LPLD_OSKinetis_V3\project\chase_after\iar\..\..\..\lib\LPLD\
#        -I
#        C:\Users\lenovo\Desktop\17智能车省赛\LPLD_OSKinetis_V3\project\chase_after\iar\..\..\..\lib\LPLD\HW\
#        -I
#        C:\Users\lenovo\Desktop\17智能车省赛\LPLD_OSKinetis_V3\project\chase_after\iar\..\..\..\lib\LPLD\DEV\
#        -I
#        C:\Users\lenovo\Desktop\17智能车省赛\LPLD_OSKinetis_V3\project\chase_after\iar\..\..\..\lib\LPLD\FUNC\
#        -I
#        C:\Users\lenovo\Desktop\17智能车省赛\LPLD_OSKinetis_V3\project\chase_after\iar\..\..\..\lib\uCOS-II\Ports\
#        -I
#        C:\Users\lenovo\Desktop\17智能车省赛\LPLD_OSKinetis_V3\project\chase_after\iar\..\..\..\lib\uCOS-II\Source\
#        -I
#        C:\Users\lenovo\Desktop\17智能车省赛\LPLD_OSKinetis_V3\project\chase_after\iar\..\..\..\lib\FatFs\
#        -I
#        C:\Users\lenovo\Desktop\17智能车省赛\LPLD_OSKinetis_V3\project\chase_after\iar\..\..\..\lib\FatFs\option\
#        -I
#        C:\Users\lenovo\Desktop\17智能车省赛\LPLD_OSKinetis_V3\project\chase_after\iar\..\..\..\lib\USB\common\
#        -I
#        C:\Users\lenovo\Desktop\17智能车省赛\LPLD_OSKinetis_V3\project\chase_after\iar\..\..\..\lib\USB\driver\
#        -I
#        C:\Users\lenovo\Desktop\17智能车省赛\LPLD_OSKinetis_V3\project\chase_after\iar\..\..\..\lib\USB\descriptor\
#        -I
#        C:\Users\lenovo\Desktop\17智能车省赛\LPLD_OSKinetis_V3\project\chase_after\iar\..\..\..\lib\USB\class\
#        -Ol -I D:\IAR\arm\CMSIS\Include\ -D ARM_MATH_CM4
#    List file    =  
#        C:\Users\lenovo\Desktop\17智能车省赛\LPLD_OSKinetis_V3\project\chase_after\iar\RAM\List\chase_after.lst
#    Object file  =  
#        C:\Users\lenovo\Desktop\17智能车省赛\LPLD_OSKinetis_V3\project\chase_after\iar\RAM\Obj\chase_after.o
#
###############################################################################

C:\Users\lenovo\Desktop\17智能车省赛\LPLD_OSKinetis_V3\project\chase_after\app\chase_after.c
      1          /**
      2           * --------------基于"拉普兰德K60底层库V3"的工程（DC_Smartcar）-----------------
      3           * @file DC_Smartcar.c
      4           * @version 0.0
      5           * @date 2013-9-29
      6           * @brief 关于该工程的描述
      7           *
      8           * 版权所有:北京拉普兰德电子技术有限公司
      9           * http://www.lpld.cn
     10           * mail:support@lpld.cn
     11           * 硬件平台:  LPLD K60 Card / LPLD K60 Nano
     12           *
     13           * 本工程基于"拉普兰德K60底层库V3"开发，
     14           * 所有开源代码均在"lib"文件夹下，用户不必更改该目录下代码，
     15           * 所有用户工程需保存在"project"文件夹下，以工程名定义文件夹名，
     16           * 底层库使用方法见相关文档。 
     17           *
     18           */
     19          #include "Includes.h"
     20          
     21          
     22          extern int Count;
     23             
     24          //主函数入口Rp.P

   \                                 In section .text, align 4, keep-with-next
     25          void main (void)
     26          {
   \                     main: (+1)
   \   00000000   0xB580             PUSH     {R7,LR}
     27            DisableInterrupts; 
   \   00000002   0xB672             CPSID    I
     28            HardwareInit(); 
   \   00000004   0x.... 0x....      BL       HardwareInit
     29            Set_SensorPara(); //开机采样 
   \   00000008   0x.... 0x....      BL       Set_SensorPara
     30            EnableInterrupts;
   \   0000000C   0xB662             CPSIE    I
     31              
     32            while(1)
     33             {
     34               //超声波测距
     35               //if(Count%100 == 0)
     36                  //Send_Trig();
     37               //Bluetooth();
     38               //if(Count%100 == 0)
     39                 LPLD_UART_PutChar(UART3, 100);
   \                     ??main_0: (+1)
   \   0000000E   0x2164             MOVS     R1,#+100
   \   00000010   0x4801             LDR.N    R0,??main_1      ;; 0x4006d000
   \   00000012   0x.... 0x....      BL       LPLD_UART_PutChar
   \   00000016   0xE7FA             B.N      ??main_0
   \                     ??main_1:
   \   00000018   0x4006D000         DC32     0x4006d000
     40             } 
     41          }
     42          
     43          
     44          
     45          
     46          

   Maximum stack usage in bytes:

   .cstack Function
   ------- --------
       8   main
         8   -> HardwareInit
         8   -> LPLD_UART_PutChar
         8   -> Set_SensorPara


   Section sizes:

   Bytes  Function/Label
   -----  --------------
      28  main

 
 28 bytes in section .text
 
 28 bytes of CODE memory

Errors: none
Warnings: none
