###############################################################################
#
# IAR ANSI C/C++ Compiler V7.20.2.7424/W32 for ARM        14/Dec/2016  00:01:18
# Copyright 1999-2014 IAR Systems AB.
#
#    Cpu mode     =  thumb
#    Endian       =  little
#    Source file  =  
#        C:\Users\lenovo\Desktop\17智能车省赛\LPLD_OSKinetis_V3\project\chase_after\app\HC_SR04.c
#    Command line =  
#        C:\Users\lenovo\Desktop\17智能车省赛\LPLD_OSKinetis_V3\project\chase_after\app\HC_SR04.c
#        -D LPLD_K60 -D USE_K60F12 -lCN
#        C:\Users\lenovo\Desktop\17智能车省赛\LPLD_OSKinetis_V3\project\chase_after\iar\FLASH\List\
#        -lB
#        C:\Users\lenovo\Desktop\17智能车省赛\LPLD_OSKinetis_V3\project\chase_after\iar\FLASH\List\
#        -o
#        C:\Users\lenovo\Desktop\17智能车省赛\LPLD_OSKinetis_V3\project\chase_after\iar\FLASH\Obj\
#        --no_cse --no_unroll --no_inline --no_code_motion --no_tbaa
#        --no_clustering --no_scheduling --debug --endian=little
#        --cpu=Cortex-M4F -e --fpu=None --dlib_config
#        D:\IAR\arm\INC\c\DLib_Config_Normal.h -I
#        C:\Users\lenovo\Desktop\17智能车省赛\LPLD_OSKinetis_V3\project\chase_after\iar\..\app\
#        -I
#        C:\Users\lenovo\Desktop\17智能车省赛\LPLD_OSKinetis_V3\project\chase_after\iar\..\..\..\lib\CPU\
#        -I
#        C:\Users\lenovo\Desktop\17智能车省赛\LPLD_OSKinetis_V3\project\chase_after\iar\..\..\..\lib\common\
#        -I
#        C:\Users\lenovo\Desktop\17智能车省赛\LPLD_OSKinetis_V3\project\chase_after\iar\..\..\..\lib\LPLD\
#        -I
#        C:\Users\lenovo\Desktop\17智能车省赛\LPLD_OSKinetis_V3\project\chase_after\iar\..\..\..\lib\LPLD\HW\
#        -I
#        C:\Users\lenovo\Desktop\17智能车省赛\LPLD_OSKinetis_V3\project\chase_after\iar\..\..\..\lib\LPLD\DEV\
#        -I
#        C:\Users\lenovo\Desktop\17智能车省赛\LPLD_OSKinetis_V3\project\chase_after\iar\..\..\..\lib\LPLD\FUNC\
#        -I
#        C:\Users\lenovo\Desktop\17智能车省赛\LPLD_OSKinetis_V3\project\chase_after\iar\..\..\..\lib\uCOS-II\Ports\
#        -I
#        C:\Users\lenovo\Desktop\17智能车省赛\LPLD_OSKinetis_V3\project\chase_after\iar\..\..\..\lib\uCOS-II\Source\
#        -I
#        C:\Users\lenovo\Desktop\17智能车省赛\LPLD_OSKinetis_V3\project\chase_after\iar\..\..\..\lib\FatFs\
#        -I
#        C:\Users\lenovo\Desktop\17智能车省赛\LPLD_OSKinetis_V3\project\chase_after\iar\..\..\..\lib\FatFs\option\
#        -I
#        C:\Users\lenovo\Desktop\17智能车省赛\LPLD_OSKinetis_V3\project\chase_after\iar\..\..\..\lib\USB\common\
#        -I
#        C:\Users\lenovo\Desktop\17智能车省赛\LPLD_OSKinetis_V3\project\chase_after\iar\..\..\..\lib\USB\driver\
#        -I
#        C:\Users\lenovo\Desktop\17智能车省赛\LPLD_OSKinetis_V3\project\chase_after\iar\..\..\..\lib\USB\descriptor\
#        -I
#        C:\Users\lenovo\Desktop\17智能车省赛\LPLD_OSKinetis_V3\project\chase_after\iar\..\..\..\lib\USB\class\
#        -Ol -I D:\IAR\arm\CMSIS\Include\ -D ARM_MATH_CM4
#    List file    =  
#        C:\Users\lenovo\Desktop\17智能车省赛\LPLD_OSKinetis_V3\project\chase_after\iar\FLASH\List\HC_SR04.lst
#    Object file  =  
#        C:\Users\lenovo\Desktop\17智能车省赛\LPLD_OSKinetis_V3\project\chase_after\iar\FLASH\Obj\HC_SR04.o
#
###############################################################################

C:\Users\lenovo\Desktop\17智能车省赛\LPLD_OSKinetis_V3\project\chase_after\app\HC_SR04.c
      1          #include "Includes.h"
      2          

   \                                 In section .bss, align 2
      3          uint16 Chase_Distance = 0;
   \                     Chase_Distance:
   \   00000000                      DS8 2

   \                                 In section .bss, align 4
      4          uint16 Pre_Chase_Distance[10] = {0};
   \                     Pre_Chase_Distance:
   \   00000000                      DS8 20
      5          extern int Count;
      6          

   \                                 In section .text, align 2, keep-with-next
      7          void Dis_measure()
      8          {
   \                     Dis_measure: (+1)
   \   00000000   0xB580             PUSH     {R7,LR}
      9            DisableInterrupts; 
   \   00000002   0xB672             CPSID    I
     10          
     11            if(HC_Echo == 1)
   \   00000004   0x210C             MOVS     R1,#+12
   \   00000006   0x....             LDR.N    R0,??DataTable1  ;; 0x400ff100
   \   00000008   0x.... 0x....      BL       LPLD_GPIO_Input_b
   \   0000000C   0x2801             CMP      R0,#+1
   \   0000000E   0xD110             BNE.N    ??Dis_measure_0
     12             {
     13                PIT->CHANNEL[1].TCTRL  &= ~PIT_TCTRL_TEN_MASK;//停止定时器
   \   00000010   0x....             LDR.N    R0,??DataTable1_1  ;; 0x40037118
   \   00000012   0x6800             LDR      R0,[R0, #+0]
   \   00000014   0x0840             LSRS     R0,R0,#+1
   \   00000016   0x0040             LSLS     R0,R0,#+1
   \   00000018   0x....             LDR.N    R1,??DataTable1_1  ;; 0x40037118
   \   0000001A   0x6008             STR      R0,[R1, #+0]
     14                PIT->CHANNEL[1].LDVAL  = 0XFFFFFFFF;     //加载定时器值
   \   0000001C   0xF05F 0x30FF      MOVS     R0,#-1
   \   00000020   0x....             LDR.N    R1,??DataTable1_2  ;; 0x40037110
   \   00000022   0x6008             STR      R0,[R1, #+0]
     15                PIT->CHANNEL[1].TCTRL |= PIT_TCTRL_TEN_MASK;  //使能定时器
   \   00000024   0x....             LDR.N    R0,??DataTable1_1  ;; 0x40037118
   \   00000026   0x6800             LDR      R0,[R0, #+0]
   \   00000028   0xF050 0x0001      ORRS     R0,R0,#0x1
   \   0000002C   0x....             LDR.N    R1,??DataTable1_1  ;; 0x40037118
   \   0000002E   0x6008             STR      R0,[R1, #+0]
   \   00000030   0xE010             B.N      ??Dis_measure_1
     16             }
     17            else 
     18             {
     19                Chase_Distance = (0xFFFFFFFF - PIT->CHANNEL[1].CVAL)/1200 ;  
   \                     ??Dis_measure_0: (+1)
   \   00000032   0xF05F 0x30FF      MOVS     R0,#-1
   \   00000036   0x....             LDR.N    R1,??DataTable1_3  ;; 0x40037114
   \   00000038   0x6809             LDR      R1,[R1, #+0]
   \   0000003A   0x1A40             SUBS     R0,R0,R1
   \   0000003C   0xF44F 0x6196      MOV      R1,#+1200
   \   00000040   0xFBB0 0xF0F1      UDIV     R0,R0,R1
   \   00000044   0x....             LDR.N    R1,??DataTable1_4
   \   00000046   0x8008             STRH     R0,[R1, #+0]
     20                PIT->CHANNEL[1].TCTRL  &= ~PIT_TCTRL_TEN_MASK;//停止定时器
   \   00000048   0x....             LDR.N    R0,??DataTable1_1  ;; 0x40037118
   \   0000004A   0x6800             LDR      R0,[R0, #+0]
   \   0000004C   0x0840             LSRS     R0,R0,#+1
   \   0000004E   0x0040             LSLS     R0,R0,#+1
   \   00000050   0x....             LDR.N    R1,??DataTable1_1  ;; 0x40037118
   \   00000052   0x6008             STR      R0,[R1, #+0]
     21             }  
     22          
     23            ChaseDis_Filter();
   \                     ??Dis_measure_1: (+1)
   \   00000054   0x.... 0x....      BL       ChaseDis_Filter
     24            LPLD_GPIO_ClearIntFlag(PORTE);
   \   00000058   0xF05F 0x30FF      MOVS     R0,#-1
   \   0000005C   0x....             LDR.N    R1,??DataTable1_5  ;; 0x4004d0a0
   \   0000005E   0x6008             STR      R0,[R1, #+0]
     25            EnableInterrupts;
   \   00000060   0xB662             CPSIE    I
     26          }
   \   00000062   0xBD01             POP      {R0,PC}          ;; return
     27          

   \                                 In section .text, align 2, keep-with-next
     28          void ChaseDis_Filter()
     29          {
   \                     ChaseDis_Filter: (+1)
   \   00000000   0xB570             PUSH     {R4-R6,LR}
     30             if(fabs(Chase_Distance-Pre_Chase_Distance[9])>40 && Count>100)
   \   00000002   0x....             LDR.N    R0,??DataTable1_4
   \   00000004   0x8800             LDRH     R0,[R0, #+0]
   \   00000006   0x....             LDR.N    R1,??DataTable1_6
   \   00000008   0x8A49             LDRH     R1,[R1, #+18]
   \   0000000A   0x1A40             SUBS     R0,R0,R1
   \   0000000C   0x.... 0x....      BL       __aeabi_i2d
   \   00000010   0xF031 0x4100      BICS     R1,R1,#0x80000000
   \   00000014   0x2201             MOVS     R2,#+1
   \   00000016   0x....             LDR.N    R3,??DataTable1_7  ;; 0x40440000
   \   00000018   0x.... 0x....      BL       __aeabi_cdrcmple
   \   0000001C   0xD807             BHI.N    ??ChaseDis_Filter_0
   \   0000001E   0x....             LDR.N    R0,??DataTable1_8
   \   00000020   0x6800             LDR      R0,[R0, #+0]
   \   00000022   0x2865             CMP      R0,#+101
   \   00000024   0xDB03             BLT.N    ??ChaseDis_Filter_0
     31                Chase_Distance = Pre_Chase_Distance[9];
   \   00000026   0x....             LDR.N    R0,??DataTable1_6
   \   00000028   0x8A40             LDRH     R0,[R0, #+18]
   \   0000002A   0x....             LDR.N    R1,??DataTable1_4
   \   0000002C   0x8008             STRH     R0,[R1, #+0]
     32             
     33             for(uint8 i=0; i<9; i++)
   \                     ??ChaseDis_Filter_0: (+1)
   \   0000002E   0x2000             MOVS     R0,#+0
   \   00000030   0xE009             B.N      ??ChaseDis_Filter_1
     34                Pre_Chase_Distance[i] = Pre_Chase_Distance[i+1];
   \                     ??ChaseDis_Filter_2: (+1)
   \   00000032   0x....             LDR.N    R1,??DataTable1_6
   \   00000034   0xB2C0             UXTB     R0,R0            ;; ZeroExt  R0,R0,#+24,#+24
   \   00000036   0xEB11 0x0140      ADDS     R1,R1,R0, LSL #+1
   \   0000003A   0x8849             LDRH     R1,[R1, #+2]
   \   0000003C   0x....             LDR.N    R2,??DataTable1_6
   \   0000003E   0xB2C0             UXTB     R0,R0            ;; ZeroExt  R0,R0,#+24,#+24
   \   00000040   0xF822 0x1010      STRH     R1,[R2, R0, LSL #+1]
   \   00000044   0x1C40             ADDS     R0,R0,#+1
   \                     ??ChaseDis_Filter_1: (+1)
   \   00000046   0xB2C0             UXTB     R0,R0            ;; ZeroExt  R0,R0,#+24,#+24
   \   00000048   0x2809             CMP      R0,#+9
   \   0000004A   0xDBF2             BLT.N    ??ChaseDis_Filter_2
     35             Pre_Chase_Distance[9] = Chase_Distance;  
   \   0000004C   0x....             LDR.N    R0,??DataTable1_4
   \   0000004E   0x8800             LDRH     R0,[R0, #+0]
   \   00000050   0x....             LDR.N    R1,??DataTable1_6
   \   00000052   0x8248             STRH     R0,[R1, #+18]
     36             
     37             Chase_Distance = 0;
   \   00000054   0x2000             MOVS     R0,#+0
   \   00000056   0x....             LDR.N    R1,??DataTable1_4
   \   00000058   0x8008             STRH     R0,[R1, #+0]
     38             for(uint8 i=0; i<10; i++)
   \   0000005A   0x2600             MOVS     R6,#+0
   \   0000005C   0xE018             B.N      ??ChaseDis_Filter_3
     39                Chase_Distance += 0.1*Pre_Chase_Distance[i];
   \                     ??ChaseDis_Filter_4: (+1)
   \   0000005E   0x....             LDR.N    R0,??DataTable1_4
   \   00000060   0x8800             LDRH     R0,[R0, #+0]
   \   00000062   0x.... 0x....      BL       __aeabi_ui2d
   \   00000066   0x0004             MOVS     R4,R0
   \   00000068   0x000D             MOVS     R5,R1
   \   0000006A   0x....             LDR.N    R0,??DataTable1_6
   \   0000006C   0xB2F6             UXTB     R6,R6            ;; ZeroExt  R6,R6,#+24,#+24
   \   0000006E   0xF830 0x0016      LDRH     R0,[R0, R6, LSL #+1]
   \   00000072   0x.... 0x....      BL       __aeabi_ui2d
   \   00000076   0x....             LDR.N    R2,??DataTable1_9  ;; 0x9999999a
   \   00000078   0x....             LDR.N    R3,??DataTable1_10  ;; 0x3fb99999
   \   0000007A   0x.... 0x....      BL       __aeabi_dmul
   \   0000007E   0x0022             MOVS     R2,R4
   \   00000080   0x002B             MOVS     R3,R5
   \   00000082   0x.... 0x....      BL       __aeabi_dadd
   \   00000086   0x.... 0x....      BL       __aeabi_d2iz
   \   0000008A   0x....             LDR.N    R1,??DataTable1_4
   \   0000008C   0x8008             STRH     R0,[R1, #+0]
   \   0000008E   0x1C76             ADDS     R6,R6,#+1
   \                     ??ChaseDis_Filter_3: (+1)
   \   00000090   0xB2F6             UXTB     R6,R6            ;; ZeroExt  R6,R6,#+24,#+24
   \   00000092   0x2E0A             CMP      R6,#+10
   \   00000094   0xDBE3             BLT.N    ??ChaseDis_Filter_4
     40          
     41          }
   \   00000096   0xBD70             POP      {R4-R6,PC}       ;; return

   \                                 In section .text, align 4, keep-with-next
   \                     ??DataTable1:
   \   00000000   0x400FF100         DC32     0x400ff100

   \                                 In section .text, align 4, keep-with-next
   \                     ??DataTable1_1:
   \   00000000   0x40037118         DC32     0x40037118

   \                                 In section .text, align 4, keep-with-next
   \                     ??DataTable1_2:
   \   00000000   0x40037110         DC32     0x40037110

   \                                 In section .text, align 4, keep-with-next
   \                     ??DataTable1_3:
   \   00000000   0x40037114         DC32     0x40037114

   \                                 In section .text, align 4, keep-with-next
   \                     ??DataTable1_4:
   \   00000000   0x........         DC32     Chase_Distance

   \                                 In section .text, align 4, keep-with-next
   \                     ??DataTable1_5:
   \   00000000   0x4004D0A0         DC32     0x4004d0a0

   \                                 In section .text, align 4, keep-with-next
   \                     ??DataTable1_6:
   \   00000000   0x........         DC32     Pre_Chase_Distance

   \                                 In section .text, align 4, keep-with-next
   \                     ??DataTable1_7:
   \   00000000   0x40440000         DC32     0x40440000

   \                                 In section .text, align 4, keep-with-next
   \                     ??DataTable1_8:
   \   00000000   0x........         DC32     Count

   \                                 In section .text, align 4, keep-with-next
   \                     ??DataTable1_9:
   \   00000000   0x9999999A         DC32     0x9999999a

   \                                 In section .text, align 4, keep-with-next
   \                     ??DataTable1_10:
   \   00000000   0x3FB99999         DC32     0x3fb99999
     42          
     43          

   Maximum stack usage in bytes:

   .cstack Function
   ------- --------
      16   ChaseDis_Filter
        16   -> __aeabi_d2iz
        16   -> __aeabi_dadd
        16   -> __aeabi_dmul
        16   -> __aeabi_i2d
        16   -> __aeabi_ui2d
        16 __aeabi_cdrcmple
       8   Dis_measure
         8   -> ChaseDis_Filter
         8   -> LPLD_GPIO_Input_b


   Section sizes:

   Bytes  Function/Label
   -----  --------------
       4  ??DataTable1
       4  ??DataTable1_1
       4  ??DataTable1_10
       4  ??DataTable1_2
       4  ??DataTable1_3
       4  ??DataTable1_4
       4  ??DataTable1_5
       4  ??DataTable1_6
       4  ??DataTable1_7
       4  ??DataTable1_8
       4  ??DataTable1_9
     152  ChaseDis_Filter
       2  Chase_Distance
     100  Dis_measure
      20  Pre_Chase_Distance

 
  22 bytes in section .bss
 296 bytes in section .text
 
 296 bytes of CODE memory
  22 bytes of DATA memory

Errors: none
Warnings: none
