###############################################################################
#
# IAR ANSI C/C++ Compiler V7.20.2.7424/W32 for ARM        18/Jun/2017  15:06:43
# Copyright 1999-2014 IAR Systems AB.
#
#    Cpu mode     =  thumb
#    Endian       =  little
#    Source file  =  E:\飞思卡尔\LPLD_OSKinetis_V3\lib\LPLD\HW\HW_I2C.c
#    Command line =  
#        E:\飞思卡尔\LPLD_OSKinetis_V3\lib\LPLD\HW\HW_I2C.c -D LPLD_K60 -D
#        USE_K60F12 -lCN
#        E:\飞思卡尔\LPLD_OSKinetis_V3\project\chase_after0615（环岛跟随+环岛超车+直道超车get）备份\iar\FLASH\List\
#        -lB
#        E:\飞思卡尔\LPLD_OSKinetis_V3\project\chase_after0615（环岛跟随+环岛超车+直道超车get）备份\iar\FLASH\List\
#        -o
#        E:\飞思卡尔\LPLD_OSKinetis_V3\project\chase_after0615（环岛跟随+环岛超车+直道超车get）备份\iar\FLASH\Obj\
#        --no_cse --no_unroll --no_inline --no_code_motion --no_tbaa
#        --no_clustering --no_scheduling --debug --endian=little
#        --cpu=Cortex-M4F -e --fpu=None --dlib_config "D:\新建文件夹 (软件)\IAR
#        Systems\Embedded Workbench 7.0\arm\INC\c\DLib_Config_Normal.h" -I
#        E:\飞思卡尔\LPLD_OSKinetis_V3\project\chase_after0615（环岛跟随+环岛超车+直道超车get）备份\iar\..\app\
#        -I
#        E:\飞思卡尔\LPLD_OSKinetis_V3\project\chase_after0615（环岛跟随+环岛超车+直道超车get）备份\iar\..\..\..\lib\CPU\
#        -I
#        E:\飞思卡尔\LPLD_OSKinetis_V3\project\chase_after0615（环岛跟随+环岛超车+直道超车get）备份\iar\..\..\..\lib\common\
#        -I
#        E:\飞思卡尔\LPLD_OSKinetis_V3\project\chase_after0615（环岛跟随+环岛超车+直道超车get）备份\iar\..\..\..\lib\LPLD\
#        -I
#        E:\飞思卡尔\LPLD_OSKinetis_V3\project\chase_after0615（环岛跟随+环岛超车+直道超车get）备份\iar\..\..\..\lib\LPLD\HW\
#        -I
#        E:\飞思卡尔\LPLD_OSKinetis_V3\project\chase_after0615（环岛跟随+环岛超车+直道超车get）备份\iar\..\..\..\lib\LPLD\DEV\
#        -I
#        E:\飞思卡尔\LPLD_OSKinetis_V3\project\chase_after0615（环岛跟随+环岛超车+直道超车get）备份\iar\..\..\..\lib\LPLD\FUNC\
#        -I
#        E:\飞思卡尔\LPLD_OSKinetis_V3\project\chase_after0615（环岛跟随+环岛超车+直道超车get）备份\iar\..\..\..\lib\uCOS-II\Ports\
#        -I
#        E:\飞思卡尔\LPLD_OSKinetis_V3\project\chase_after0615（环岛跟随+环岛超车+直道超车get）备份\iar\..\..\..\lib\uCOS-II\Source\
#        -I
#        E:\飞思卡尔\LPLD_OSKinetis_V3\project\chase_after0615（环岛跟随+环岛超车+直道超车get）备份\iar\..\..\..\lib\FatFs\
#        -I
#        E:\飞思卡尔\LPLD_OSKinetis_V3\project\chase_after0615（环岛跟随+环岛超车+直道超车get）备份\iar\..\..\..\lib\FatFs\option\
#        -I
#        E:\飞思卡尔\LPLD_OSKinetis_V3\project\chase_after0615（环岛跟随+环岛超车+直道超车get）备份\iar\..\..\..\lib\USB\common\
#        -I
#        E:\飞思卡尔\LPLD_OSKinetis_V3\project\chase_after0615（环岛跟随+环岛超车+直道超车get）备份\iar\..\..\..\lib\USB\driver\
#        -I
#        E:\飞思卡尔\LPLD_OSKinetis_V3\project\chase_after0615（环岛跟随+环岛超车+直道超车get）备份\iar\..\..\..\lib\USB\descriptor\
#        -I
#        E:\飞思卡尔\LPLD_OSKinetis_V3\project\chase_after0615（环岛跟随+环岛超车+直道超车get）备份\iar\..\..\..\lib\USB\class\
#        -Ol -I "D:\新建文件夹 (软件)\IAR Systems\Embedded Workbench
#        7.0\arm\CMSIS\Include\" -D ARM_MATH_CM4
#    List file    =  
#        E:\飞思卡尔\LPLD_OSKinetis_V3\project\chase_after0615（环岛跟随+环岛超车+直道超车get）备份\iar\FLASH\List\HW_I2C.lst
#    Object file  =  
#        E:\飞思卡尔\LPLD_OSKinetis_V3\project\chase_after0615（环岛跟随+环岛超车+直道超车get）备份\iar\FLASH\Obj\HW_I2C.o
#
###############################################################################

E:\飞思卡尔\LPLD_OSKinetis_V3\lib\LPLD\HW\HW_I2C.c
      1          /*
      2           * @file HW_I2C.c
      3           * @version 3.02[By LPLD]
      4           * @date 2013-11-22
      5           * @brief I2C底层模块相关函数
      6           *
      7           * 更改建议:不建议修改
      8           *
      9           * 版权所有:北京拉普兰德电子技术有限公司
     10           * http://www.lpld.cn
     11           * mail:support@lpld.cn
     12           *
     13           * @par
     14           * 本代码由拉普兰德[LPLD]开发并维护，并向所有使用者开放源代码。
     15           * 开发者可以随意修使用或改源代码。但本段及以上注释应予以保留。
     16           * 不得更改或删除原版权所有者姓名，二次开发者可以加注二次版权所有者。
     17           * 但应在遵守此协议的基础上，开放源代码、不得出售代码本身。
     18           * 拉普兰德不负责由于使用本代码所带来的任何事故、法律责任或相关不良影响。
     19           * 拉普兰德无义务解释、说明本代码的具体原理、功能、实现方法。
     20           * 除非拉普兰德[LPLD]授权，开发者不得将本代码用于商业产品。
     21           */
     22          
     23          #include "common.h"

   \                                 In section .text, align 2, keep-with-next
   \   static __interwork __softfp void NVIC_EnableIRQ(IRQn_Type)
   \                     NVIC_EnableIRQ: (+1)
   \   00000000   0x2101             MOVS     R1,#+1
   \   00000002   0xF010 0x021F      ANDS     R2,R0,#0x1F
   \   00000006   0x4091             LSLS     R1,R1,R2
   \   00000008   0x.... 0x....      LDR.W    R2,??DataTable7  ;; 0xe000e100
   \   0000000C   0xB240             SXTB     R0,R0            ;; SignExt  R0,R0,#+24,#+24
   \   0000000E   0x0940             LSRS     R0,R0,#+5
   \   00000010   0xF842 0x1020      STR      R1,[R2, R0, LSL #+2]
   \   00000014   0x4770             BX       LR               ;; return

   \                                 In section .text, align 2, keep-with-next
   \   static __interwork __softfp void NVIC_DisableIRQ(IRQn_Type)
   \                     NVIC_DisableIRQ: (+1)
   \   00000000   0x2101             MOVS     R1,#+1
   \   00000002   0xF010 0x021F      ANDS     R2,R0,#0x1F
   \   00000006   0x4091             LSLS     R1,R1,R2
   \   00000008   0x.... 0x....      LDR.W    R2,??DataTable7_1  ;; 0xe000e180
   \   0000000C   0xB240             SXTB     R0,R0            ;; SignExt  R0,R0,#+24,#+24
   \   0000000E   0x0940             LSRS     R0,R0,#+5
   \   00000010   0xF842 0x1020      STR      R1,[R2, R0, LSL #+2]
   \   00000014   0x4770             BX       LR               ;; return
     24          #include "HW_I2C.h"
     25          
     26          //用户自定义中断服务函数数组

   \                                 In section .bss, align 4
     27          I2C_ISR_CALLBACK I2C_ISR[2];
   \                     I2C_ISR:
   \   00000000                      DS8 8
     28          
     29          /*
     30           * LPLD_I2C_Init
     31           * I2C通用初始化函数，在该函数中选择I2C通道，选择I2C SCK总线频率，
     32           * 选择I2C SDA 和 I2C SCL的引脚，配置I2C的中断回调函数
     33           * 
     34           * 参数:
     35           *    I2C_InitTypeDef--i2c_init_structure
     36           *                     具体定义见I2C_InitTypeDef
     37           * 输出:
     38           *    0--配置错误
     39           *    1--配置成功
     40           */

   \                                 In section .text, align 2, keep-with-next
     41          uint8 LPLD_I2C_Init(I2C_InitTypeDef i2c_init_structure)
     42          {
   \                     LPLD_I2C_Init: (+1)
   \   00000000   0xE92D 0x47FF      PUSH     {R0-R10,LR}
     43            I2C_Type *i2cx = i2c_init_structure.I2C_I2Cx;
   \   00000004   0x9C00             LDR      R4,[SP, #+0]
     44            uint8 bus_speed = i2c_init_structure.I2C_ICR;
   \   00000006   0xF89D 0x5004      LDRB     R5,[SP, #+4]
     45            PortPinsEnum_Type scl_pin = i2c_init_structure.I2C_SclPin;
   \   0000000A   0xF89D 0x6006      LDRB     R6,[SP, #+6]
     46            PortPinsEnum_Type sda_pin = i2c_init_structure.I2C_SdaPin;
   \   0000000E   0xF89D 0x7007      LDRB     R7,[SP, #+7]
     47            I2C_ISR_CALLBACK isr_func = i2c_init_structure.I2C_Isr;
   \   00000012   0xF8DD 0x800C      LDR      R8,[SP, #+12]
     48            boolean ode = i2c_init_structure.I2C_OpenDrainEnable;
   \   00000016   0xF89D 0xA008      LDRB     R10,[SP, #+8]
     49            uint8 ode_mask = 0;
   \   0000001A   0xF05F 0x0900      MOVS     R9,#+0
     50          
     51            //参数检查，判断SCL频率
     52            ASSERT( bus_speed <= 0x3F);
   \   0000001E   0xB2ED             UXTB     R5,R5            ;; ZeroExt  R5,R5,#+24,#+24
   \   00000020   0x2D40             CMP      R5,#+64
   \   00000022   0xDB04             BLT.N    ??LPLD_I2C_Init_0
   \   00000024   0x2134             MOVS     R1,#+52
   \   00000026   0x.... 0x....      LDR.W    R0,??DataTable7_2
   \   0000002A   0x.... 0x....      BL       assert_failed
     53            
     54            if(ode == TRUE)
   \                     ??LPLD_I2C_Init_0: (+1)
   \   0000002E   0xFA5F 0xFA8A      UXTB     R10,R10          ;; ZeroExt  R10,R10,#+24,#+24
   \   00000032   0xF1BA 0x0F01      CMP      R10,#+1
   \   00000036   0xD101             BNE.N    ??LPLD_I2C_Init_1
     55            {
     56              ode_mask = PORT_PCR_ODE_MASK;
   \   00000038   0xF05F 0x0920      MOVS     R9,#+32
     57            }
     58          
     59            if(i2cx == I2C0)
   \                     ??LPLD_I2C_Init_1: (+1)
   \   0000003C   0x....             LDR.N    R0,??DataTable7_3  ;; 0x40066000
   \   0000003E   0x4284             CMP      R4,R0
   \   00000040   0xD155             BNE.N    ??LPLD_I2C_Init_2
     60            {
     61          #if defined(CPU_MK60DZ10) || defined(CPU_MK60D10) 
     62              SIM->SCGC4 |= SIM_SCGC4_I2C0_MASK; //开启I2C0时钟
     63          #elif defined(CPU_MK60F12) || defined(CPU_MK60F15)
     64              SIM->SCGC4 |= SIM_SCGC4_IIC0_MASK; //开启I2C0时钟
   \   00000042   0x....             LDR.N    R0,??DataTable7_4  ;; 0x40048034
   \   00000044   0x6800             LDR      R0,[R0, #+0]
   \   00000046   0xF050 0x0040      ORRS     R0,R0,#0x40
   \   0000004A   0x....             LDR.N    R1,??DataTable7_4  ;; 0x40048034
   \   0000004C   0x6008             STR      R0,[R1, #+0]
     65          #endif 
     66              if(scl_pin == PTD8)
   \   0000004E   0xB2F6             UXTB     R6,R6            ;; ZeroExt  R6,R6,#+24,#+24
   \   00000050   0x2E64             CMP      R6,#+100
   \   00000052   0xD106             BNE.N    ??LPLD_I2C_Init_3
     67              {
     68                PORTD->PCR[8] = PORT_PCR_MUX(2) | ode_mask;         
   \   00000054   0xFA5F 0xF989      UXTB     R9,R9            ;; ZeroExt  R9,R9,#+24,#+24
   \   00000058   0xF459 0x7000      ORRS     R0,R9,#0x200
   \   0000005C   0x....             LDR.N    R1,??DataTable7_5  ;; 0x4004c020
   \   0000005E   0x6008             STR      R0,[R1, #+0]
   \   00000060   0xE00F             B.N      ??LPLD_I2C_Init_4
     69              }
     70              else if(scl_pin == PTB0) 
   \                     ??LPLD_I2C_Init_3: (+1)
   \   00000062   0xB2F6             UXTB     R6,R6            ;; ZeroExt  R6,R6,#+24,#+24
   \   00000064   0x2E20             CMP      R6,#+32
   \   00000066   0xD106             BNE.N    ??LPLD_I2C_Init_5
     71              {
     72                PORTB->PCR[0] = PORT_PCR_MUX(2) | ode_mask;
   \   00000068   0xFA5F 0xF989      UXTB     R9,R9            ;; ZeroExt  R9,R9,#+24,#+24
   \   0000006C   0xF459 0x7000      ORRS     R0,R9,#0x200
   \   00000070   0x....             LDR.N    R1,??DataTable7_6  ;; 0x4004a000
   \   00000072   0x6008             STR      R0,[R1, #+0]
   \   00000074   0xE005             B.N      ??LPLD_I2C_Init_4
     73              }
     74              else //scl_pin = PTB2
     75              {
     76                PORTB->PCR[2] = PORT_PCR_MUX(2) | ode_mask;
   \                     ??LPLD_I2C_Init_5: (+1)
   \   00000076   0xFA5F 0xF989      UXTB     R9,R9            ;; ZeroExt  R9,R9,#+24,#+24
   \   0000007A   0xF459 0x7000      ORRS     R0,R9,#0x200
   \   0000007E   0x....             LDR.N    R1,??DataTable7_7  ;; 0x4004a008
   \   00000080   0x6008             STR      R0,[R1, #+0]
     77              }
     78          
     79              if(sda_pin == PTD9)
   \                     ??LPLD_I2C_Init_4: (+1)
   \   00000082   0xB2FF             UXTB     R7,R7            ;; ZeroExt  R7,R7,#+24,#+24
   \   00000084   0x2F65             CMP      R7,#+101
   \   00000086   0xD121             BNE.N    ??LPLD_I2C_Init_6
     80              {
     81                PORTD->PCR[9] = PORT_PCR_MUX(2) | ode_mask;
   \   00000088   0xFA5F 0xF989      UXTB     R9,R9            ;; ZeroExt  R9,R9,#+24,#+24
   \   0000008C   0xF459 0x7000      ORRS     R0,R9,#0x200
   \   00000090   0x....             LDR.N    R1,??DataTable7_8  ;; 0x4004c024
   \   00000092   0x6008             STR      R0,[R1, #+0]
     82              }
     83              else if(sda_pin == PTB1) 
     84              {
     85                PORTB->PCR[1] = PORT_PCR_MUX(2) | ode_mask;
     86              }
     87              else //sda_pin = PTB3
     88              {
     89                PORTB->PCR[3] = PORT_PCR_MUX(2) | ode_mask; 
     90              }
     91            }
     92            else if(i2cx == I2C1)
     93            { 
     94          #if defined(CPU_MK60DZ10) || defined(CPU_MK60D10)  
     95              SIM->SCGC4 |= SIM_SCGC4_I2C1_MASK; //开启I2C0时钟
     96          #elif defined(CPU_MK60F12) || defined(CPU_MK60F15)
     97              SIM->SCGC4 |= SIM_SCGC4_IIC1_MASK; //开启I2C0时钟
     98          #endif
     99          
    100              if(scl_pin == PTE1)
    101              {
    102                PORTE->PCR[1] = PORT_PCR_MUX(6) | ode_mask;         
    103              }
    104              else //scl_pin = PTC10
    105              {
    106                PORTC->PCR[10] = PORT_PCR_MUX(2) | ode_mask;  
    107              }
    108          
    109              if(sda_pin == PTE0)
    110              {
    111                PORTE->PCR[0] = PORT_PCR_MUX(6) | ode_mask;
    112              }
    113              else //sda_pin = PTC11
    114              {
    115                PORTC->PCR[11] = PORT_PCR_MUX(2) | ode_mask; 
    116              }
    117            }
    118            else
    119              return 0;
    120            
    121            if(i2c_init_structure.I2C_IntEnable == TRUE && isr_func != NULL)
   \                     ??LPLD_I2C_Init_7: (+1)
   \   00000094   0xF89D 0x0005      LDRB     R0,[SP, #+5]
   \   00000098   0x2801             CMP      R0,#+1
   \   0000009A   0xD10C             BNE.N    ??LPLD_I2C_Init_8
   \   0000009C   0x4640             MOV      R0,R8
   \   0000009E   0x2800             CMP      R0,#+0
   \   000000A0   0xD009             BEQ.N    ??LPLD_I2C_Init_8
    122            {
    123              //产生I2C中断的中断源：
    124              //1,完成1个字节传输时，IICIF置位产生中断;
    125              //2,当Calling Address匹配成功时产生中断，参考K60文档1456页I2Cx_S寄存器IAAS位;
    126              //3,从机模式下当总线仲裁丢失时，IICIF置位产生中断;
    127              //  需要同时写1清除II2Cx_S的ARBL标志位和 I2Cx_S的 IICIF的标志位;
    128              //4,如果SMB寄存器的SHTF2 interrupt使能，当SHTF2 timeout时IICIF置位产生中断;
    129              //  需要同时写1清除I2Cx_SMB的SLTF标志位和 I2Cx_S的 IICIF的标志位;
    130              //5,当SLT寄存器不为0时，SMBus的SCL low timer计数等于SLT的值时IICIF置位产生中断;
    131              //  需要同时写1清除I2Cx_SMB的SHTF2标志位和 I2Cx_S的 IICIF的标志位;
    132              //6,当Wakeup 使能，I2C在停止模式下接收到Wakeup信号，将产生中断.
    133          
    134              i2cx->C1 |= I2C_C1_IICIE_MASK;
   \   000000A2   0x78A0             LDRB     R0,[R4, #+2]
   \   000000A4   0xF050 0x0040      ORRS     R0,R0,#0x40
   \   000000A8   0x70A0             STRB     R0,[R4, #+2]
    135          
    136              if(i2cx == I2C0)
   \   000000AA   0x....             LDR.N    R0,??DataTable7_3  ;; 0x40066000
   \   000000AC   0x4284             CMP      R4,R0
   \   000000AE   0xD14A             BNE.N    ??LPLD_I2C_Init_9
    137              {
    138                I2C_ISR[0] = isr_func;
   \   000000B0   0x....             LDR.N    R0,??DataTable7_9
   \   000000B2   0xF8C0 0x8000      STR      R8,[R0, #+0]
    139              }
    140              else if(i2cx == I2C0)
    141              {
    142                I2C_ISR[1] = isr_func;
    143              }
    144              else 
    145                return 0;
    146            }
    147          
    148            //i2cx->C2 |= I2C_C2_HDRS_MASK;      //提高I2C驱动能力
    149            i2cx->F  = I2C_F_ICR(bus_speed)|I2C_F_MULT(0);   //配置I2Cx SCL BusSpeed
   \                     ??LPLD_I2C_Init_8: (+1)
   \   000000B6   0xF015 0x003F      ANDS     R0,R5,#0x3F
   \   000000BA   0x7060             STRB     R0,[R4, #+1]
    150            i2cx->C1 |= I2C_C1_IICEN_MASK;      //使能I2Cx
   \   000000BC   0x78A0             LDRB     R0,[R4, #+2]
   \   000000BE   0xF050 0x0080      ORRS     R0,R0,#0x80
   \   000000C2   0x70A0             STRB     R0,[R4, #+2]
    151            
    152            return 1;
   \   000000C4   0x2001             MOVS     R0,#+1
   \                     ??LPLD_I2C_Init_10: (+1)
   \   000000C6   0xB004             ADD      SP,SP,#+16
   \   000000C8   0xE8BD 0x87F0      POP      {R4-R10,PC}      ;; return
   \                     ??LPLD_I2C_Init_6: (+1)
   \   000000CC   0xB2FF             UXTB     R7,R7            ;; ZeroExt  R7,R7,#+24,#+24
   \   000000CE   0x2F21             CMP      R7,#+33
   \   000000D0   0xD106             BNE.N    ??LPLD_I2C_Init_11
   \   000000D2   0xFA5F 0xF989      UXTB     R9,R9            ;; ZeroExt  R9,R9,#+24,#+24
   \   000000D6   0xF459 0x7000      ORRS     R0,R9,#0x200
   \   000000DA   0x....             LDR.N    R1,??DataTable7_10  ;; 0x4004a004
   \   000000DC   0x6008             STR      R0,[R1, #+0]
   \   000000DE   0xE7D9             B.N      ??LPLD_I2C_Init_7
   \                     ??LPLD_I2C_Init_11: (+1)
   \   000000E0   0xFA5F 0xF989      UXTB     R9,R9            ;; ZeroExt  R9,R9,#+24,#+24
   \   000000E4   0xF459 0x7000      ORRS     R0,R9,#0x200
   \   000000E8   0x....             LDR.N    R1,??DataTable7_11  ;; 0x4004a00c
   \   000000EA   0x6008             STR      R0,[R1, #+0]
   \   000000EC   0xE7D2             B.N      ??LPLD_I2C_Init_7
   \                     ??LPLD_I2C_Init_2: (+1)
   \   000000EE   0x....             LDR.N    R0,??DataTable7_12  ;; 0x40067000
   \   000000F0   0x4284             CMP      R4,R0
   \   000000F2   0xD126             BNE.N    ??LPLD_I2C_Init_12
   \   000000F4   0x....             LDR.N    R0,??DataTable7_4  ;; 0x40048034
   \   000000F6   0x6800             LDR      R0,[R0, #+0]
   \   000000F8   0xF050 0x0080      ORRS     R0,R0,#0x80
   \   000000FC   0x....             LDR.N    R1,??DataTable7_4  ;; 0x40048034
   \   000000FE   0x6008             STR      R0,[R1, #+0]
   \   00000100   0xB2F6             UXTB     R6,R6            ;; ZeroExt  R6,R6,#+24,#+24
   \   00000102   0x2E7D             CMP      R6,#+125
   \   00000104   0xD106             BNE.N    ??LPLD_I2C_Init_13
   \   00000106   0xFA5F 0xF989      UXTB     R9,R9            ;; ZeroExt  R9,R9,#+24,#+24
   \   0000010A   0xF459 0x60C0      ORRS     R0,R9,#0x600
   \   0000010E   0x....             LDR.N    R1,??DataTable7_13  ;; 0x4004d004
   \   00000110   0x6008             STR      R0,[R1, #+0]
   \   00000112   0xE005             B.N      ??LPLD_I2C_Init_14
   \                     ??LPLD_I2C_Init_13: (+1)
   \   00000114   0xFA5F 0xF989      UXTB     R9,R9            ;; ZeroExt  R9,R9,#+24,#+24
   \   00000118   0xF459 0x7000      ORRS     R0,R9,#0x200
   \   0000011C   0x....             LDR.N    R1,??DataTable7_14  ;; 0x4004b028
   \   0000011E   0x6008             STR      R0,[R1, #+0]
   \                     ??LPLD_I2C_Init_14: (+1)
   \   00000120   0xB2FF             UXTB     R7,R7            ;; ZeroExt  R7,R7,#+24,#+24
   \   00000122   0x2F7C             CMP      R7,#+124
   \   00000124   0xD106             BNE.N    ??LPLD_I2C_Init_15
   \   00000126   0xFA5F 0xF989      UXTB     R9,R9            ;; ZeroExt  R9,R9,#+24,#+24
   \   0000012A   0xF459 0x60C0      ORRS     R0,R9,#0x600
   \   0000012E   0x....             LDR.N    R1,??DataTable7_15  ;; 0x4004d000
   \   00000130   0x6008             STR      R0,[R1, #+0]
   \   00000132   0xE7AF             B.N      ??LPLD_I2C_Init_7
   \                     ??LPLD_I2C_Init_15: (+1)
   \   00000134   0xFA5F 0xF989      UXTB     R9,R9            ;; ZeroExt  R9,R9,#+24,#+24
   \   00000138   0xF459 0x7000      ORRS     R0,R9,#0x200
   \   0000013C   0x....             LDR.N    R1,??DataTable7_16  ;; 0x4004b02c
   \   0000013E   0x6008             STR      R0,[R1, #+0]
   \   00000140   0xE7A8             B.N      ??LPLD_I2C_Init_7
   \                     ??LPLD_I2C_Init_12: (+1)
   \   00000142   0x2000             MOVS     R0,#+0
   \   00000144   0xE7BF             B.N      ??LPLD_I2C_Init_10
   \                     ??LPLD_I2C_Init_9: (+1)
   \   00000146   0x....             LDR.N    R0,??DataTable7_3  ;; 0x40066000
   \   00000148   0x4284             CMP      R4,R0
   \   0000014A   0xD103             BNE.N    ??LPLD_I2C_Init_16
   \   0000014C   0x....             LDR.N    R0,??DataTable7_9
   \   0000014E   0xF8C0 0x8004      STR      R8,[R0, #+4]
   \   00000152   0xE7B0             B.N      ??LPLD_I2C_Init_8
   \                     ??LPLD_I2C_Init_16: (+1)
   \   00000154   0x2000             MOVS     R0,#+0
   \   00000156   0xE7B6             B.N      ??LPLD_I2C_Init_10
    153          }
    154          
    155          /*
    156           * LPLD_I2C_Deinit
    157           * I2C模块反初始化函数，在该函数中关闭I2Cx的外设总线时钟，关闭I2C模块的
    158           * 时钟，禁止外设中断。
    159           *
    160           * 参数:
    161           *    I2C_InitTypeDef--i2c_init_structure
    162           *                     具体定义见I2C_InitTypeDef
    163           *
    164           * 输出:
    165           *    无
    166           *
    167           */  

   \                                 In section .text, align 2, keep-with-next
    168          uint8 LPLD_I2C_Deinit(I2C_InitTypeDef i2c_init_structure)
    169          {
   \                     LPLD_I2C_Deinit: (+1)
   \   00000000   0xB580             PUSH     {R7,LR}
    170            I2C_Type *i2cx = i2c_init_structure.I2C_I2Cx;
    171          
    172            i2cx->C1 &= ~I2C_C1_IICEN_MASK;      //I2Cx
   \   00000002   0x7881             LDRB     R1,[R0, #+2]
   \   00000004   0xF011 0x017F      ANDS     R1,R1,#0x7F
   \   00000008   0x7081             STRB     R1,[R0, #+2]
    173            if(i2cx == I2C0)
   \   0000000A   0x....             LDR.N    R1,??DataTable7_3  ;; 0x40066000
   \   0000000C   0x4288             CMP      R0,R1
   \   0000000E   0xD10A             BNE.N    ??LPLD_I2C_Deinit_0
    174            {
    175          #if defined(CPU_MK60DZ10) || defined(CPU_MK60D10)  
    176              SIM->SCGC4 |= SIM_SCGC4_I2C0_MASK; //开启I2C0时钟
    177          #elif defined(CPU_MK60F12) || defined(CPU_MK60F15)
    178              SIM->SCGC4 |= SIM_SCGC4_IIC0_MASK; //开启I2C0时钟
   \   00000010   0x....             LDR.N    R0,??DataTable7_4  ;; 0x40048034
   \   00000012   0x6800             LDR      R0,[R0, #+0]
   \   00000014   0xF050 0x0040      ORRS     R0,R0,#0x40
   \   00000018   0x....             LDR.N    R1,??DataTable7_4  ;; 0x40048034
   \   0000001A   0x6008             STR      R0,[R1, #+0]
    179          #endif
    180              disable_irq((IRQn_Type)I2C0_IRQn);
   \   0000001C   0x2018             MOVS     R0,#+24
   \   0000001E   0x.... 0x....      BL       NVIC_DisableIRQ
    181            }
    182            else if (i2cx == I2C1)
    183            {
    184          #if defined(CPU_MK60DZ10) || defined(CPU_MK60D10)  
    185              SIM->SCGC4 |= SIM_SCGC4_I2C1_MASK; //开启I2C0时钟
    186          #elif defined(CPU_MK60F12) || defined(CPU_MK60F15)
    187              SIM->SCGC4 |= SIM_SCGC4_IIC1_MASK; //开启I2C0时钟
    188          #endif
    189              disable_irq((IRQn_Type)I2C1_IRQn);
    190            }
    191            else
    192            {
    193              return 0;
    194            }
    195            return 1;
   \                     ??LPLD_I2C_Deinit_1: (+1)
   \   00000022   0x2001             MOVS     R0,#+1
   \                     ??LPLD_I2C_Deinit_2: (+1)
   \   00000024   0xBD02             POP      {R1,PC}          ;; return
   \                     ??LPLD_I2C_Deinit_0: (+1)
   \   00000026   0x....             LDR.N    R1,??DataTable7_12  ;; 0x40067000
   \   00000028   0x4288             CMP      R0,R1
   \   0000002A   0xD109             BNE.N    ??LPLD_I2C_Deinit_3
   \   0000002C   0x....             LDR.N    R0,??DataTable7_4  ;; 0x40048034
   \   0000002E   0x6800             LDR      R0,[R0, #+0]
   \   00000030   0xF050 0x0080      ORRS     R0,R0,#0x80
   \   00000034   0x....             LDR.N    R1,??DataTable7_4  ;; 0x40048034
   \   00000036   0x6008             STR      R0,[R1, #+0]
   \   00000038   0x2019             MOVS     R0,#+25
   \   0000003A   0x.... 0x....      BL       NVIC_DisableIRQ
   \   0000003E   0xE7F0             B.N      ??LPLD_I2C_Deinit_1
   \                     ??LPLD_I2C_Deinit_3: (+1)
   \   00000040   0x2000             MOVS     R0,#+0
   \   00000042   0xE7EF             B.N      ??LPLD_I2C_Deinit_2
    196          }
    197          
    198          /*
    199           * LPLD_I2C_EnableIrq
    200           * I2C外设中断使能
    201           *
    202           * 参数:
    203           *    I2C_InitTypeDef--i2c_init_structure
    204           *                     具体定义见I2C_InitTypeDef
    205           *
    206           * 输出:
    207           *    无
    208           *
    209           */  

   \                                 In section .text, align 2, keep-with-next
    210          void LPLD_I2C_EnableIrq(I2C_InitTypeDef i2c_init_structure)
    211          {
   \                     LPLD_I2C_EnableIrq: (+1)
   \   00000000   0xB580             PUSH     {R7,LR}
    212            I2C_Type *i2cx = i2c_init_structure.I2C_I2Cx; 
    213          
    214            if(i2cx == I2C0)
   \   00000002   0x....             LDR.N    R1,??DataTable7_3  ;; 0x40066000
   \   00000004   0x4288             CMP      R0,R1
   \   00000006   0xD103             BNE.N    ??LPLD_I2C_EnableIrq_0
    215            {
    216              enable_irq((IRQn_Type)I2C0_IRQn);
   \   00000008   0x2018             MOVS     R0,#+24
   \   0000000A   0x.... 0x....      BL       NVIC_EnableIRQ
    217            }
    218            else if (i2cx == I2C1)
    219            {
    220              enable_irq((IRQn_Type)I2C1_IRQn);
    221            }
    222            else
    223            {
    224              return;
    225            }
    226          }
   \                     ??LPLD_I2C_EnableIrq_1: (+1)
   \                     ??LPLD_I2C_EnableIrq_2: (+1)
   \   0000000E   0xBD01             POP      {R0,PC}          ;; return
   \                     ??LPLD_I2C_EnableIrq_0: (+1)
   \   00000010   0x....             LDR.N    R1,??DataTable7_12  ;; 0x40067000
   \   00000012   0x4288             CMP      R0,R1
   \   00000014   0xD103             BNE.N    ??LPLD_I2C_EnableIrq_3
   \   00000016   0x2019             MOVS     R0,#+25
   \   00000018   0x.... 0x....      BL       NVIC_EnableIRQ
   \   0000001C   0xE7F7             B.N      ??LPLD_I2C_EnableIrq_1
   \                     ??LPLD_I2C_EnableIrq_3: (+1)
   \   0000001E   0xE7F6             B.N      ??LPLD_I2C_EnableIrq_2
    227          
    228          /*
    229           * LPLD_I2C_DisableIrq
    230           * 禁止I2C外设中断
    231           *
    232           * 参数:
    233           *    I2C_InitTypeDef--i2c_init_structure
    234           *                     具体定义见I2C_InitTypeDef
    235           *
    236           * 输出:
    237           *    无
    238           *
    239           */  

   \                                 In section .text, align 2, keep-with-next
    240          void LPLD_I2C_DisableIrq(I2C_InitTypeDef i2c_init_structure)
    241          {
   \                     LPLD_I2C_DisableIrq: (+1)
   \   00000000   0xB580             PUSH     {R7,LR}
    242            I2C_Type *i2cx = i2c_init_structure.I2C_I2Cx;
    243            i2cx->C1 &= ~I2C_C1_IICIE_MASK;
   \   00000002   0x7881             LDRB     R1,[R0, #+2]
   \   00000004   0xF011 0x01BF      ANDS     R1,R1,#0xBF
   \   00000008   0x7081             STRB     R1,[R0, #+2]
    244          
    245            if(i2cx == I2C0)
   \   0000000A   0x....             LDR.N    R1,??DataTable7_3  ;; 0x40066000
   \   0000000C   0x4288             CMP      R0,R1
   \   0000000E   0xD103             BNE.N    ??LPLD_I2C_DisableIrq_0
    246            {
    247              disable_irq((IRQn_Type)I2C0_IRQn);
   \   00000010   0x2018             MOVS     R0,#+24
   \   00000012   0x.... 0x....      BL       NVIC_DisableIRQ
    248            }
    249            else if (i2cx == I2C1)
    250            {
    251              disable_irq((IRQn_Type)I2C1_IRQn);
    252            }
    253            else
    254            {
    255              return;
    256            }
    257          }
   \                     ??LPLD_I2C_DisableIrq_1: (+1)
   \                     ??LPLD_I2C_DisableIrq_2: (+1)
   \   00000016   0xBD01             POP      {R0,PC}          ;; return
   \                     ??LPLD_I2C_DisableIrq_0: (+1)
   \   00000018   0x....             LDR.N    R1,??DataTable7_12  ;; 0x40067000
   \   0000001A   0x4288             CMP      R0,R1
   \   0000001C   0xD103             BNE.N    ??LPLD_I2C_DisableIrq_3
   \   0000001E   0x2019             MOVS     R0,#+25
   \   00000020   0x.... 0x....      BL       NVIC_DisableIRQ
   \   00000024   0xE7F7             B.N      ??LPLD_I2C_DisableIrq_1
   \                     ??LPLD_I2C_DisableIrq_3: (+1)
   \   00000026   0xE7F6             B.N      ??LPLD_I2C_DisableIrq_2
    258          
    259          /*
    260           * LPLD_I2C_Start
    261           * 产生I2C开始信号
    262           * 
    263           * 参数:
    264           *    i2cx--选择I2C模块的通道
    265           *      |__I2C0           --I2C通道0
    266           *      |__I2C1           --I2C通道1
    267           * 输出:
    268           *    无
    269           */

   \                                 In section .text, align 2, keep-with-next
    270          void LPLD_I2C_Start(I2C_Type *i2cx)
    271          {
    272            i2cx->C1 |= I2C_C1_TX_MASK ;
   \                     LPLD_I2C_Start: (+1)
   \   00000000   0x7881             LDRB     R1,[R0, #+2]
   \   00000002   0xF051 0x0110      ORRS     R1,R1,#0x10
   \   00000006   0x7081             STRB     R1,[R0, #+2]
    273            i2cx->C1 |= I2C_C1_MST_MASK ;
   \   00000008   0x7881             LDRB     R1,[R0, #+2]
   \   0000000A   0xF051 0x0120      ORRS     R1,R1,#0x20
   \   0000000E   0x7081             STRB     R1,[R0, #+2]
    274          }
   \   00000010   0x4770             BX       LR               ;; return
    275          
    276          /*
    277           * LPLD_ReStart
    278           * I2C再次产生开始信号
    279           * 
    280           * 参数:
    281           *    i2cx--选择I2C模块的通道
    282           *      |__I2C0           --I2C通道0
    283           *      |__I2C1           --I2C通道1
    284           * 输出:
    285           *    无
    286          */

   \                                 In section .text, align 2, keep-with-next
    287          void LPLD_I2C_ReStart(I2C_Type *i2cx)
    288          {
    289            i2cx->C1 |= I2C_C1_RSTA_MASK ;
   \                     LPLD_I2C_ReStart: (+1)
   \   00000000   0x7881             LDRB     R1,[R0, #+2]
   \   00000002   0xF051 0x0104      ORRS     R1,R1,#0x4
   \   00000006   0x7081             STRB     R1,[R0, #+2]
    290          }
   \   00000008   0x4770             BX       LR               ;; return
    291          
    292          /*
    293           * LPLD_I2C_Stop
    294           * 产生I2C停止信号
    295           * 
    296           * 参数:
    297           *    i2cx--选择I2C模块的通道
    298           *      |__I2C0           --I2C通道0
    299           *      |__I2C1           --I2C通道1
    300           * 输出:
    301           *    无
    302           */

   \                                 In section .text, align 2, keep-with-next
    303          void LPLD_I2C_Stop(I2C_Type *i2cx)
    304          {
    305            i2cx->C1 &=(~I2C_C1_MST_MASK);
   \                     LPLD_I2C_Stop: (+1)
   \   00000000   0x7881             LDRB     R1,[R0, #+2]
   \   00000002   0xF011 0x01DF      ANDS     R1,R1,#0xDF
   \   00000006   0x7081             STRB     R1,[R0, #+2]
    306            i2cx->C1 &=(~I2C_C1_TX_MASK); 
   \   00000008   0x7881             LDRB     R1,[R0, #+2]
   \   0000000A   0xF011 0x01EF      ANDS     R1,R1,#0xEF
   \   0000000E   0x7081             STRB     R1,[R0, #+2]
    307          }
   \   00000010   0x4770             BX       LR               ;; return
    308          
    309          /*
    310           * LPLD_I2C_WaitAck
    311           * I2C设置等待应答信号，开启则等待，关闭则不等待
    312           * 
    313           * 参数:
    314           *    i2cx--选择I2C模块的通道
    315           *      |__I2C0           --I2C通道0
    316           *      |__I2C1           --I2C通道1
    317           *    is_wait--选择是否等待应答
    318           *      |__I2C_ACK_OFF    --关闭等待Ack
    319           *      |__I2C_ACK_ON     --开启等待Ack，并等待ACK信号
    320           * 输出:
    321           *    无
    322           */

   \                                 In section .text, align 2, keep-with-next
    323          void LPLD_I2C_WaitAck(I2C_Type *i2cx, uint8 is_wait)
    324          {
    325            uint16 time_out;
    326            if(is_wait == I2C_ACK_ON)
   \                     LPLD_I2C_WaitAck: (+1)
   \   00000000   0xB2C9             UXTB     R1,R1            ;; ZeroExt  R1,R1,#+24,#+24
   \   00000002   0x2901             CMP      R1,#+1
   \   00000004   0xD005             BEQ.N    ??LPLD_I2C_WaitAck_0
    327            {
    328              while(!(i2cx->S & I2C_S_IICIF_MASK))
    329              {
    330                if(time_out>60000) //如果等待超时，强行退出
    331                  break;
    332                else time_out++;
    333              }
    334              i2cx->S |= I2C_S_IICIF_MASK;
    335            }
    336            else
    337            {
    338              //关闭I2C的ACK
    339              i2cx->C1 |= I2C_C1_TXAK_MASK; 
   \   00000006   0x7881             LDRB     R1,[R0, #+2]
   \   00000008   0xF051 0x0108      ORRS     R1,R1,#0x8
   \   0000000C   0x7081             STRB     R1,[R0, #+2]
    340            }
    341          }
   \                     ??LPLD_I2C_WaitAck_1: (+1)
   \   0000000E   0x4770             BX       LR               ;; return
   \                     ??LPLD_I2C_WaitAck_2: (+1)
   \   00000010   0x1C52             ADDS     R2,R2,#+1
   \                     ??LPLD_I2C_WaitAck_0: (+1)
   \   00000012   0x78C1             LDRB     R1,[R0, #+3]
   \   00000014   0x0789             LSLS     R1,R1,#+30
   \   00000016   0xD404             BMI.N    ??LPLD_I2C_WaitAck_3
   \   00000018   0xB292             UXTH     R2,R2            ;; ZeroExt  R2,R2,#+16,#+16
   \   0000001A   0xF64E 0x2161      MOVW     R1,#+60001
   \   0000001E   0x428A             CMP      R2,R1
   \   00000020   0xDBF6             BLT.N    ??LPLD_I2C_WaitAck_2
   \                     ??LPLD_I2C_WaitAck_3: (+1)
   \   00000022   0x78C1             LDRB     R1,[R0, #+3]
   \   00000024   0xF051 0x0102      ORRS     R1,R1,#0x2
   \   00000028   0x70C1             STRB     R1,[R0, #+3]
   \   0000002A   0xE7F0             B.N      ??LPLD_I2C_WaitAck_1
    342          
    343          /*
    344           * LPLD_I2C_Write
    345           * I2C发送一个字节给目的地址设备
    346           * 
    347           * 参数:
    348           *    i2cx--选择I2C模块的通道
    349           *      |__I2C0           --I2C通道0
    350           *      |__I2C1           --I2C通道1
    351           *    data8--要发送的字节数据
    352           * 输出:
    353           *    无
    354           *
    355           */

   \                                 In section .text, align 2, keep-with-next
    356          void LPLD_I2C_WriteByte(I2C_Type *i2cx, uint8 data8)
    357          {
    358            i2cx->D = data8; 
   \                     LPLD_I2C_WriteByte: (+1)
   \   00000000   0x7101             STRB     R1,[R0, #+4]
    359          }
   \   00000002   0x4770             BX       LR               ;; return
    360          
    361          /*
    362           * LPLD_I2C_Read
    363           * I2C从外部设备读一个字节
    364           * 
    365           * 参数:
    366           *    i2cx--选择I2C模块的通道
    367           *      |__I2C0           --I2C通道0
    368           *      |__I2C1           --I2C通道1
    369           * 输出:
    370           *    I2C读取的字节 
    371           */
    372          

   \                                 In section .text, align 2, keep-with-next
    373          uint8 LPLD_I2C_ReadByte(I2C_Type *i2cx)
    374          {
    375            uint8 temp;
    376            temp = i2cx->D; 
   \                     LPLD_I2C_ReadByte: (+1)
   \   00000000   0x7900             LDRB     R0,[R0, #+4]
    377            return temp;
   \   00000002   0xB2C0             UXTB     R0,R0            ;; ZeroExt  R0,R0,#+24,#+24
   \   00000004   0x4770             BX       LR               ;; return
    378          }
    379          
    380          /*
    381           * LPLD_I2C_SetMasterWR
    382           * I2C主机读写模式配置
    383           * 
    384           * 参数:
    385           *    IICx--选择I2C模块的通道
    386           *      |__I2C0           --I2C通道0
    387           *      |__I2C1           --I2C通道1
    388           *    mode--读写模式选择
    389           *      |__I2C_MWSR         --主机写
    390           *      |__I2C_MRSW         --主机读
    391           * 输出:
    392           *    无
    393           */

   \                                 In section .text, align 2, keep-with-next
    394          void LPLD_I2C_SetMasterWR(I2C_Type *i2cx, uint8 mode)
    395          {
    396            if(mode==I2C_MRSW) 
   \                     LPLD_I2C_SetMasterWR: (+1)
   \   00000000   0xB2C9             UXTB     R1,R1            ;; ZeroExt  R1,R1,#+24,#+24
   \   00000002   0x2901             CMP      R1,#+1
   \   00000004   0xD104             BNE.N    ??LPLD_I2C_SetMasterWR_0
    397              i2cx->C1 &= (~I2C_C1_TX_MASK);
   \   00000006   0x7881             LDRB     R1,[R0, #+2]
   \   00000008   0xF011 0x01EF      ANDS     R1,R1,#0xEF
   \   0000000C   0x7081             STRB     R1,[R0, #+2]
   \   0000000E   0xE003             B.N      ??LPLD_I2C_SetMasterWR_1
    398            else
    399              i2cx->C1 |= ( I2C_C1_TX_MASK);
   \                     ??LPLD_I2C_SetMasterWR_0: (+1)
   \   00000010   0x7881             LDRB     R1,[R0, #+2]
   \   00000012   0xF051 0x0110      ORRS     R1,R1,#0x10
   \   00000016   0x7081             STRB     R1,[R0, #+2]
    400          }
   \                     ??LPLD_I2C_SetMasterWR_1: (+1)
   \   00000018   0x4770             BX       LR               ;; return
    401          
    402          /*
    403           * LPLD_I2C_StartTrans
    404           * I2C开始传输函数，需要设置外围设备地址和读写模式
    405           * 
    406           * 参数:
    407           *    IICx--选择I2C模块的通道
    408           *      |__I2C0           --I2C通道0
    409           *      |__I2C1           --I2C通道1
    410           *    addr--外围设备地址     
    411           *    mode--读写模式选择
    412           *      |__I2C_MWSR         --主机写
    413           *      |__I2C_MRSW         --主机读
    414           * 输出:
    415           *    无
    416           */

   \                                 In section .text, align 2, keep-with-next
    417          void LPLD_I2C_StartTrans(I2C_Type *i2cx, uint8 addr, uint8 mode)
    418          {
   \                     LPLD_I2C_StartTrans: (+1)
   \   00000000   0xB570             PUSH     {R4-R6,LR}
   \   00000002   0x0004             MOVS     R4,R0
   \   00000004   0x000D             MOVS     R5,R1
   \   00000006   0x0016             MOVS     R6,R2
    419            //I2C产生start信号
    420            LPLD_I2C_Start(i2cx);
   \   00000008   0x0020             MOVS     R0,R4
   \   0000000A   0x.... 0x....      BL       LPLD_I2C_Start
    421            //将从机地址和主机读写位合成一个字节写入
    422            LPLD_I2C_WriteByte(i2cx, (addr<<1)|mode );
   \   0000000E   0xEA56 0x0145      ORRS     R1,R6,R5, LSL #+1
   \   00000012   0xB2C9             UXTB     R1,R1            ;; ZeroExt  R1,R1,#+24,#+24
   \   00000014   0x0020             MOVS     R0,R4
   \   00000016   0x.... 0x....      BL       LPLD_I2C_WriteByte
    423          }
   \   0000001A   0xBD70             POP      {R4-R6,PC}       ;; return
    424          
    425          //HW层中断函数，用户无需调用

   \                                 In section .text, align 2, keep-with-next
    426          void I2C0_IRQHandler(void)
    427          {
   \                     I2C0_IRQHandler: (+1)
   \   00000000   0xB580             PUSH     {R7,LR}
    428          #if (UCOS_II > 0u)
    429            OS_CPU_SR  cpu_sr = 0u;
    430            OS_ENTER_CRITICAL(); //告知系统此时已经进入了中断服务子函数
    431            OSIntEnter();
    432            OS_EXIT_CRITICAL();
    433          #endif
    434            if(I2C0->S & I2C_S_IICIF_MASK)
   \   00000002   0x....             LDR.N    R0,??DataTable7_17  ;; 0x40066003
   \   00000004   0x7800             LDRB     R0,[R0, #+0]
   \   00000006   0x0780             LSLS     R0,R0,#+30
   \   00000008   0xD526             BPL.N    ??I2C0_IRQHandler_0
    435            {
    436              I2C_ISR[0]();
   \   0000000A   0x....             LDR.N    R0,??DataTable7_9
   \   0000000C   0x6800             LDR      R0,[R0, #+0]
   \   0000000E   0x4780             BLX      R0
    437              if(I2C0->SMB & I2C_SMB_SLTF_MASK)
   \   00000010   0x....             LDR.N    R0,??DataTable7_18  ;; 0x40066008
   \   00000012   0x7800             LDRB     R0,[R0, #+0]
   \   00000014   0x0700             LSLS     R0,R0,#+28
   \   00000016   0xD505             BPL.N    ??I2C0_IRQHandler_1
    438              {
    439                I2C0->SMB |= I2C_SMB_SLTF_MASK;
   \   00000018   0x....             LDR.N    R0,??DataTable7_18  ;; 0x40066008
   \   0000001A   0x7800             LDRB     R0,[R0, #+0]
   \   0000001C   0xF050 0x0008      ORRS     R0,R0,#0x8
   \   00000020   0x....             LDR.N    R1,??DataTable7_18  ;; 0x40066008
   \   00000022   0x7008             STRB     R0,[R1, #+0]
    440              }
    441              if(I2C0->SMB & I2C_SMB_SHTF2_MASK)
   \                     ??I2C0_IRQHandler_1: (+1)
   \   00000024   0x....             LDR.N    R0,??DataTable7_18  ;; 0x40066008
   \   00000026   0x7800             LDRB     R0,[R0, #+0]
   \   00000028   0x0780             LSLS     R0,R0,#+30
   \   0000002A   0xD505             BPL.N    ??I2C0_IRQHandler_2
    442              {
    443                I2C0->SMB |= I2C_SMB_SHTF2_MASK;
   \   0000002C   0x....             LDR.N    R0,??DataTable7_18  ;; 0x40066008
   \   0000002E   0x7800             LDRB     R0,[R0, #+0]
   \   00000030   0xF050 0x0002      ORRS     R0,R0,#0x2
   \   00000034   0x....             LDR.N    R1,??DataTable7_18  ;; 0x40066008
   \   00000036   0x7008             STRB     R0,[R1, #+0]
    444              }
    445              if(I2C0->S & I2C_S_ARBL_MASK)
   \                     ??I2C0_IRQHandler_2: (+1)
   \   00000038   0x....             LDR.N    R0,??DataTable7_17  ;; 0x40066003
   \   0000003A   0x7800             LDRB     R0,[R0, #+0]
   \   0000003C   0x06C0             LSLS     R0,R0,#+27
   \   0000003E   0xD505             BPL.N    ??I2C0_IRQHandler_3
    446              {
    447                I2C0->S |= I2C_S_ARBL_MASK;
   \   00000040   0x....             LDR.N    R0,??DataTable7_17  ;; 0x40066003
   \   00000042   0x7800             LDRB     R0,[R0, #+0]
   \   00000044   0xF050 0x0010      ORRS     R0,R0,#0x10
   \   00000048   0x....             LDR.N    R1,??DataTable7_17  ;; 0x40066003
   \   0000004A   0x7008             STRB     R0,[R1, #+0]
    448              }
    449              I2C0->S |= I2C_S_IICIF_MASK;
   \                     ??I2C0_IRQHandler_3: (+1)
   \   0000004C   0x....             LDR.N    R0,??DataTable7_17  ;; 0x40066003
   \   0000004E   0x7800             LDRB     R0,[R0, #+0]
   \   00000050   0xF050 0x0002      ORRS     R0,R0,#0x2
   \   00000054   0x....             LDR.N    R1,??DataTable7_17  ;; 0x40066003
   \   00000056   0x7008             STRB     R0,[R1, #+0]
    450            }
    451          #if (UCOS_II > 0u)
    452            OSIntExit();          //告知系统此时即将离开中断服务子函数
    453          #endif
    454          }
   \                     ??I2C0_IRQHandler_0: (+1)
   \   00000058   0xBD01             POP      {R0,PC}          ;; return
    455          //HW层中断函数，用户无需调用

   \                                 In section .text, align 2, keep-with-next
    456          void I2C1_IRQHandler(void)
    457          {
   \                     I2C1_IRQHandler: (+1)
   \   00000000   0xB580             PUSH     {R7,LR}
    458          
    459          #if (UCOS_II > 0u)
    460            OS_CPU_SR  cpu_sr = 0u;
    461            OS_ENTER_CRITICAL(); //告知系统此时已经进入了中断服务子函数
    462            OSIntEnter();
    463            OS_EXIT_CRITICAL();
    464          #endif
    465          
    466            if(I2C1->S & I2C_S_IICIF_MASK)
   \   00000002   0x....             LDR.N    R0,??DataTable7_19  ;; 0x40067003
   \   00000004   0x7800             LDRB     R0,[R0, #+0]
   \   00000006   0x0780             LSLS     R0,R0,#+30
   \   00000008   0xD526             BPL.N    ??I2C1_IRQHandler_0
    467            {
    468              I2C_ISR[1]();
   \   0000000A   0x....             LDR.N    R0,??DataTable7_9
   \   0000000C   0x6840             LDR      R0,[R0, #+4]
   \   0000000E   0x4780             BLX      R0
    469              if(I2C1->SMB & I2C_SMB_SLTF_MASK)
   \   00000010   0x....             LDR.N    R0,??DataTable7_20  ;; 0x40067008
   \   00000012   0x7800             LDRB     R0,[R0, #+0]
   \   00000014   0x0700             LSLS     R0,R0,#+28
   \   00000016   0xD505             BPL.N    ??I2C1_IRQHandler_1
    470              {
    471                I2C1->SMB |= I2C_SMB_SLTF_MASK;
   \   00000018   0x....             LDR.N    R0,??DataTable7_20  ;; 0x40067008
   \   0000001A   0x7800             LDRB     R0,[R0, #+0]
   \   0000001C   0xF050 0x0008      ORRS     R0,R0,#0x8
   \   00000020   0x....             LDR.N    R1,??DataTable7_20  ;; 0x40067008
   \   00000022   0x7008             STRB     R0,[R1, #+0]
    472              }
    473              if(I2C1->SMB & I2C_SMB_SHTF2_MASK)
   \                     ??I2C1_IRQHandler_1: (+1)
   \   00000024   0x....             LDR.N    R0,??DataTable7_20  ;; 0x40067008
   \   00000026   0x7800             LDRB     R0,[R0, #+0]
   \   00000028   0x0780             LSLS     R0,R0,#+30
   \   0000002A   0xD505             BPL.N    ??I2C1_IRQHandler_2
    474              {
    475                I2C1->SMB |= I2C_SMB_SHTF2_MASK;
   \   0000002C   0x....             LDR.N    R0,??DataTable7_20  ;; 0x40067008
   \   0000002E   0x7800             LDRB     R0,[R0, #+0]
   \   00000030   0xF050 0x0002      ORRS     R0,R0,#0x2
   \   00000034   0x....             LDR.N    R1,??DataTable7_20  ;; 0x40067008
   \   00000036   0x7008             STRB     R0,[R1, #+0]
    476              }
    477              if(I2C1->S & I2C_S_ARBL_MASK)
   \                     ??I2C1_IRQHandler_2: (+1)
   \   00000038   0x....             LDR.N    R0,??DataTable7_19  ;; 0x40067003
   \   0000003A   0x7800             LDRB     R0,[R0, #+0]
   \   0000003C   0x06C0             LSLS     R0,R0,#+27
   \   0000003E   0xD505             BPL.N    ??I2C1_IRQHandler_3
    478              {
    479                I2C1->S |= I2C_S_ARBL_MASK;
   \   00000040   0x....             LDR.N    R0,??DataTable7_19  ;; 0x40067003
   \   00000042   0x7800             LDRB     R0,[R0, #+0]
   \   00000044   0xF050 0x0010      ORRS     R0,R0,#0x10
   \   00000048   0x....             LDR.N    R1,??DataTable7_19  ;; 0x40067003
   \   0000004A   0x7008             STRB     R0,[R1, #+0]
    480              }
    481              I2C1->S |= I2C_S_IICIF_MASK;
   \                     ??I2C1_IRQHandler_3: (+1)
   \   0000004C   0x....             LDR.N    R0,??DataTable7_19  ;; 0x40067003
   \   0000004E   0x7800             LDRB     R0,[R0, #+0]
   \   00000050   0xF050 0x0002      ORRS     R0,R0,#0x2
   \   00000054   0x....             LDR.N    R1,??DataTable7_19  ;; 0x40067003
   \   00000056   0x7008             STRB     R0,[R1, #+0]
    482            }
    483            
    484          #if (UCOS_II > 0u)
    485            OSIntExit();          //告知系统此时即将离开中断服务子函数
    486          #endif
    487          }
   \                     ??I2C1_IRQHandler_0: (+1)
   \   00000058   0xBD01             POP      {R0,PC}          ;; return

   \                                 In section .text, align 4, keep-with-next
   \                     ??DataTable7:
   \   00000000   0xE000E100         DC32     0xe000e100

   \                                 In section .text, align 4, keep-with-next
   \                     ??DataTable7_1:
   \   00000000   0xE000E180         DC32     0xe000e180

   \                                 In section .text, align 4, keep-with-next
   \                     ??DataTable7_2:
   \   00000000   0x........         DC32     ?_0

   \                                 In section .text, align 4, keep-with-next
   \                     ??DataTable7_3:
   \   00000000   0x40066000         DC32     0x40066000

   \                                 In section .text, align 4, keep-with-next
   \                     ??DataTable7_4:
   \   00000000   0x40048034         DC32     0x40048034

   \                                 In section .text, align 4, keep-with-next
   \                     ??DataTable7_5:
   \   00000000   0x4004C020         DC32     0x4004c020

   \                                 In section .text, align 4, keep-with-next
   \                     ??DataTable7_6:
   \   00000000   0x4004A000         DC32     0x4004a000

   \                                 In section .text, align 4, keep-with-next
   \                     ??DataTable7_7:
   \   00000000   0x4004A008         DC32     0x4004a008

   \                                 In section .text, align 4, keep-with-next
   \                     ??DataTable7_8:
   \   00000000   0x4004C024         DC32     0x4004c024

   \                                 In section .text, align 4, keep-with-next
   \                     ??DataTable7_9:
   \   00000000   0x........         DC32     I2C_ISR

   \                                 In section .text, align 4, keep-with-next
   \                     ??DataTable7_10:
   \   00000000   0x4004A004         DC32     0x4004a004

   \                                 In section .text, align 4, keep-with-next
   \                     ??DataTable7_11:
   \   00000000   0x4004A00C         DC32     0x4004a00c

   \                                 In section .text, align 4, keep-with-next
   \                     ??DataTable7_12:
   \   00000000   0x40067000         DC32     0x40067000

   \                                 In section .text, align 4, keep-with-next
   \                     ??DataTable7_13:
   \   00000000   0x4004D004         DC32     0x4004d004

   \                                 In section .text, align 4, keep-with-next
   \                     ??DataTable7_14:
   \   00000000   0x4004B028         DC32     0x4004b028

   \                                 In section .text, align 4, keep-with-next
   \                     ??DataTable7_15:
   \   00000000   0x4004D000         DC32     0x4004d000

   \                                 In section .text, align 4, keep-with-next
   \                     ??DataTable7_16:
   \   00000000   0x4004B02C         DC32     0x4004b02c

   \                                 In section .text, align 4, keep-with-next
   \                     ??DataTable7_17:
   \   00000000   0x40066003         DC32     0x40066003

   \                                 In section .text, align 4, keep-with-next
   \                     ??DataTable7_18:
   \   00000000   0x40066008         DC32     0x40066008

   \                                 In section .text, align 4, keep-with-next
   \                     ??DataTable7_19:
   \   00000000   0x40067003         DC32     0x40067003

   \                                 In section .text, align 4, keep-with-next
   \                     ??DataTable7_20:
   \   00000000   0x40067008         DC32     0x40067008

   \                                 In section .rodata, align 4
   \                     ?_0:
   \   00000000   0x45 0x3A          DC8 45H, 3AH, 5CH, 0B7H, 0C9H, 0CBH, 0BCH, 0BFH
   \              0x5C 0xB7    
   \              0xC9 0xCB    
   \              0xBC 0xBF    
   \   00000008   0xA8 0xB6          DC8 0A8H, 0B6H, 0FBH, 5CH, 4CH, 50H, 4CH, 44H
   \              0xFB 0x5C    
   \              0x4C 0x50    
   \              0x4C 0x44    
   \   00000010   0x5F 0x4F          DC8 5FH, 4FH, 53H, 4BH, 69H, 6EH, 65H, 74H
   \              0x53 0x4B    
   \              0x69 0x6E    
   \              0x65 0x74    
   \   00000018   0x69 0x73          DC8 69H, 73H, 5FH, 56H, 33H, 5CH, 6CH, 69H
   \              0x5F 0x56    
   \              0x33 0x5C    
   \              0x6C 0x69    
   \   00000020   0x62 0x5C          DC8 62H, 5CH, 4CH, 50H, 4CH, 44H, 5CH, 48H
   \              0x4C 0x50    
   \              0x4C 0x44    
   \              0x5C 0x48    
   \   00000028   0x57 0x5C          DC8 57H, 5CH, 48H, 57H, 5FH, 49H, 32H, 43H
   \              0x48 0x57    
   \              0x5F 0x49    
   \              0x32 0x43    
   \   00000030   0x2E 0x63          DC8 2EH, 63H, 0
   \              0x00         
   \   00000033   0x00               DC8 0
    488          
    489          
    490          

   Maximum stack usage in bytes:

   .cstack Function
   ------- --------
       8   I2C0_IRQHandler
         8   -- Indirect call
       8   I2C1_IRQHandler
         8   -- Indirect call
       8   LPLD_I2C_Deinit
         8   -> NVIC_DisableIRQ
       8   LPLD_I2C_DisableIrq
         8   -> NVIC_DisableIRQ
       8   LPLD_I2C_EnableIrq
         8   -> NVIC_EnableIRQ
      48   LPLD_I2C_Init
        48   -> assert_failed
       0   LPLD_I2C_ReStart
       0   LPLD_I2C_ReadByte
       0   LPLD_I2C_SetMasterWR
       0   LPLD_I2C_Start
      16   LPLD_I2C_StartTrans
        16   -> LPLD_I2C_Start
        16   -> LPLD_I2C_WriteByte
       0   LPLD_I2C_Stop
       0   LPLD_I2C_WaitAck
       0   LPLD_I2C_WriteByte
       0   NVIC_DisableIRQ
       0   NVIC_EnableIRQ


   Section sizes:

   Bytes  Function/Label
   -----  --------------
       4  ??DataTable7
       4  ??DataTable7_1
       4  ??DataTable7_10
       4  ??DataTable7_11
       4  ??DataTable7_12
       4  ??DataTable7_13
       4  ??DataTable7_14
       4  ??DataTable7_15
       4  ??DataTable7_16
       4  ??DataTable7_17
       4  ??DataTable7_18
       4  ??DataTable7_19
       4  ??DataTable7_2
       4  ??DataTable7_20
       4  ??DataTable7_3
       4  ??DataTable7_4
       4  ??DataTable7_5
       4  ??DataTable7_6
       4  ??DataTable7_7
       4  ??DataTable7_8
       4  ??DataTable7_9
      52  ?_0
      90  I2C0_IRQHandler
      90  I2C1_IRQHandler
       8  I2C_ISR
      68  LPLD_I2C_Deinit
      40  LPLD_I2C_DisableIrq
      32  LPLD_I2C_EnableIrq
     344  LPLD_I2C_Init
      10  LPLD_I2C_ReStart
       6  LPLD_I2C_ReadByte
      26  LPLD_I2C_SetMasterWR
      18  LPLD_I2C_Start
      28  LPLD_I2C_StartTrans
      18  LPLD_I2C_Stop
      44  LPLD_I2C_WaitAck
       4  LPLD_I2C_WriteByte
      22  NVIC_DisableIRQ
      22  NVIC_EnableIRQ

 
   8 bytes in section .bss
  52 bytes in section .rodata
 946 bytes in section .text
 
 946 bytes of CODE  memory
  52 bytes of CONST memory
   8 bytes of DATA  memory

Errors: none
Warnings: none
