###############################################################################
#
# IAR ANSI C/C++ Compiler V7.20.2.7424/W32 for ARM        10/Jul/2017  21:37:32
# Copyright 1999-2014 IAR Systems AB.
#
#    Cpu mode     =  thumb
#    Endian       =  little
#    Source file  =  
#        C:\Users\lenovo\Desktop\17智能车省赛\LPLD_OSKinetis_V3\project\chase_after（完整程序）\app\Keyboard.c
#    Command line =  
#        C:\Users\lenovo\Desktop\17智能车省赛\LPLD_OSKinetis_V3\project\chase_after（完整程序）\app\Keyboard.c
#        -D LPLD_K60 -D USE_K60F12 -lCN
#        C:\Users\lenovo\Desktop\17智能车省赛\LPLD_OSKinetis_V3\project\chase_after（完整程序）\iar\FLASH\List\
#        -lB
#        C:\Users\lenovo\Desktop\17智能车省赛\LPLD_OSKinetis_V3\project\chase_after（完整程序）\iar\FLASH\List\
#        -o
#        C:\Users\lenovo\Desktop\17智能车省赛\LPLD_OSKinetis_V3\project\chase_after（完整程序）\iar\FLASH\Obj\
#        --no_cse --no_unroll --no_inline --no_code_motion --no_tbaa
#        --no_clustering --no_scheduling --debug --endian=little
#        --cpu=Cortex-M4F -e --fpu=None --dlib_config
#        D:\IAR\arm\INC\c\DLib_Config_Normal.h -I
#        C:\Users\lenovo\Desktop\17智能车省赛\LPLD_OSKinetis_V3\project\chase_after（完整程序）\iar\..\app\
#        -I
#        C:\Users\lenovo\Desktop\17智能车省赛\LPLD_OSKinetis_V3\project\chase_after（完整程序）\iar\..\..\..\lib\CPU\
#        -I
#        C:\Users\lenovo\Desktop\17智能车省赛\LPLD_OSKinetis_V3\project\chase_after（完整程序）\iar\..\..\..\lib\common\
#        -I
#        C:\Users\lenovo\Desktop\17智能车省赛\LPLD_OSKinetis_V3\project\chase_after（完整程序）\iar\..\..\..\lib\LPLD\
#        -I
#        C:\Users\lenovo\Desktop\17智能车省赛\LPLD_OSKinetis_V3\project\chase_after（完整程序）\iar\..\..\..\lib\LPLD\HW\
#        -I
#        C:\Users\lenovo\Desktop\17智能车省赛\LPLD_OSKinetis_V3\project\chase_after（完整程序）\iar\..\..\..\lib\LPLD\DEV\
#        -I
#        C:\Users\lenovo\Desktop\17智能车省赛\LPLD_OSKinetis_V3\project\chase_after（完整程序）\iar\..\..\..\lib\LPLD\FUNC\
#        -I
#        C:\Users\lenovo\Desktop\17智能车省赛\LPLD_OSKinetis_V3\project\chase_after（完整程序）\iar\..\..\..\lib\uCOS-II\Ports\
#        -I
#        C:\Users\lenovo\Desktop\17智能车省赛\LPLD_OSKinetis_V3\project\chase_after（完整程序）\iar\..\..\..\lib\uCOS-II\Source\
#        -I
#        C:\Users\lenovo\Desktop\17智能车省赛\LPLD_OSKinetis_V3\project\chase_after（完整程序）\iar\..\..\..\lib\FatFs\
#        -I
#        C:\Users\lenovo\Desktop\17智能车省赛\LPLD_OSKinetis_V3\project\chase_after（完整程序）\iar\..\..\..\lib\FatFs\option\
#        -I
#        C:\Users\lenovo\Desktop\17智能车省赛\LPLD_OSKinetis_V3\project\chase_after（完整程序）\iar\..\..\..\lib\USB\common\
#        -I
#        C:\Users\lenovo\Desktop\17智能车省赛\LPLD_OSKinetis_V3\project\chase_after（完整程序）\iar\..\..\..\lib\USB\driver\
#        -I
#        C:\Users\lenovo\Desktop\17智能车省赛\LPLD_OSKinetis_V3\project\chase_after（完整程序）\iar\..\..\..\lib\USB\descriptor\
#        -I
#        C:\Users\lenovo\Desktop\17智能车省赛\LPLD_OSKinetis_V3\project\chase_after（完整程序）\iar\..\..\..\lib\USB\class\
#        -Ol -I D:\IAR\arm\CMSIS\Include\ -D ARM_MATH_CM4
#    List file    =  
#        C:\Users\lenovo\Desktop\17智能车省赛\LPLD_OSKinetis_V3\project\chase_after（完整程序）\iar\FLASH\List\Keyboard.lst
#    Object file  =  
#        C:\Users\lenovo\Desktop\17智能车省赛\LPLD_OSKinetis_V3\project\chase_after（完整程序）\iar\FLASH\Obj\Keyboard.o
#
###############################################################################

C:\Users\lenovo\Desktop\17智能车省赛\LPLD_OSKinetis_V3\project\chase_after（完整程序）\app\Keyboard.c
      1          #include "Includes.h"
      2          
      3          /*
      4          函数功能：按键调节
      5          按键：Key[0]--复位，Key[3]--返回上一步，Key[2]--自加，Key[1]--自减 Key[4]-- 返回菜单键 Key[5] -- 下一步
      6          返回值：无
      7          */

   \                                 In section .bss, align 1
      8          uint8 ShowOrDebug = Show;
   \                     ShowOrDebug:
   \   00000000                      DS8 1

   \                                 In section .data, align 1
      9          int8  Show_Page_Slt = 1;
   \                     Show_Page_Slt:
   \   00000000   0x01               DC8 1

   \                                 In section .data, align 1
     10          int8  Debug_Page_Slt = 1;
   \                     Debug_Page_Slt:
   \   00000000   0x01               DC8 1

   \                                 In section .bss, align 1
     11          int8  Debug_Para_Slt = 0;
   \                     Debug_Para_Slt:
   \   00000000                      DS8 1

   \                                 In section .data, align 4
     12          int text1 = 100;
   \                     text1:
   \   00000000   0x00000064         DC32 100

   \                                 In section .data, align 4
     13          int text2 = 300;
   \                     text2:
   \   00000000   0x0000012C         DC32 300
     14          
     15          extern int  Limit_Distance_EnterCurve; 
     16          extern int  Spd_UpLimit; 
     17          extern int  Spd_DownLimit; 
     18          extern int  Limit_Distance_EnterStrai; 
     19          extern int  Spd_Straight;
     20          
     21          extern int Limit_Distance_EnterIsland; 
     22          extern int Island_Spd_UpLimit; 
     23          extern int Island_Spd_DownLimit;
     24          
     25          

   \                                 In section .text, align 2, keep-with-next
     26          void Keyboard()
     27          {  
   \                     Keyboard: (+1)
   \   00000000   0xB580             PUSH     {R7,LR}
     28            //-------调参界面和不可调参界面之间的切换--------
     29            Show_Or_Debug(); 
   \   00000002   0x.... 0x....      BL       Show_Or_Debug
     30            
     31            //------------不可调参界面的参数----------------
     32            if(ShowOrDebug == Show)
   \   00000006   0x.... 0x....      LDR.W    R0,??DataTable3
   \   0000000A   0x7800             LDRB     R0,[R0, #+0]
   \   0000000C   0x2800             CMP      R0,#+0
   \   0000000E   0xD101             BNE.N    ??Keyboard_0
     33               Parameter_Show();
   \   00000010   0x.... 0x....      BL       Parameter_Show
     34            
     35            //-------------可调参界面的参数----------------  
     36            if(ShowOrDebug == Debug)
   \                     ??Keyboard_0: (+1)
   \   00000014   0x.... 0x....      LDR.W    R0,??DataTable3
   \   00000018   0x7800             LDRB     R0,[R0, #+0]
   \   0000001A   0x2801             CMP      R0,#+1
   \   0000001C   0xD101             BNE.N    ??Keyboard_1
     37               Parameter_Debug();   
   \   0000001E   0x.... 0x....      BL       Parameter_Debug
     38          }
   \                     ??Keyboard_1: (+1)
   \   00000022   0xBD01             POP      {R0,PC}          ;; return
     39          
     40          

   \                                 In section .text, align 2, keep-with-next
     41          void Show_Or_Debug()
     42          {
   \                     Show_Or_Debug: (+1)
   \   00000000   0xB580             PUSH     {R7,LR}
     43            if(Key_Select == Press)
   \   00000002   0x2100             MOVS     R1,#+0
   \   00000004   0x.... 0x....      LDR.W    R0,??DataTable3_1  ;; 0x400ff0c0
   \   00000008   0x.... 0x....      BL       LPLD_GPIO_Input_b
   \   0000000C   0x2800             CMP      R0,#+0
   \   0000000E   0xD134             BNE.N    ??Show_Or_Debug_0
     44            {
     45               DisableInterrupts; 
   \   00000010   0xB672             CPSID    I
     46               LPLD_LPTMR_DelayMs(10);
   \   00000012   0x200A             MOVS     R0,#+10
   \   00000014   0x.... 0x....      BL       LPLD_LPTMR_DelayMs
     47               
     48               if(Key_Select == Press)
   \   00000018   0x2100             MOVS     R1,#+0
   \   0000001A   0x.... 0x....      LDR.W    R0,??DataTable3_1  ;; 0x400ff0c0
   \   0000001E   0x.... 0x....      BL       LPLD_GPIO_Input_b
   \   00000022   0x2800             CMP      R0,#+0
   \   00000024   0xD128             BNE.N    ??Show_Or_Debug_1
     49               {
     50                  while(Key_Select == Press);
   \                     ??Show_Or_Debug_2: (+1)
   \   00000026   0x2100             MOVS     R1,#+0
   \   00000028   0x.... 0x....      LDR.W    R0,??DataTable3_1  ;; 0x400ff0c0
   \   0000002C   0x.... 0x....      BL       LPLD_GPIO_Input_b
   \   00000030   0x2800             CMP      R0,#+0
   \   00000032   0xD0F8             BEQ.N    ??Show_Or_Debug_2
     51                  
     52                  if(ShowOrDebug == Show)
   \   00000034   0x.... 0x....      LDR.W    R0,??DataTable3
   \   00000038   0x7800             LDRB     R0,[R0, #+0]
   \   0000003A   0x2800             CMP      R0,#+0
   \   0000003C   0xD10C             BNE.N    ??Show_Or_Debug_3
     53                  {
     54                    ShowOrDebug = Debug;
   \   0000003E   0x2001             MOVS     R0,#+1
   \   00000040   0x.... 0x....      LDR.W    R1,??DataTable3
   \   00000044   0x7008             STRB     R0,[R1, #+0]
     55                    Debug_Page_Slt = 1;
   \   00000046   0x2001             MOVS     R0,#+1
   \   00000048   0x.... 0x....      LDR.W    R1,??DataTable3_2
   \   0000004C   0x7008             STRB     R0,[R1, #+0]
     56                    Show_Page_Slt = 0;
   \   0000004E   0x2000             MOVS     R0,#+0
   \   00000050   0x.... 0x....      LDR.W    R1,??DataTable3_3
   \   00000054   0x7008             STRB     R0,[R1, #+0]
   \   00000056   0xE00F             B.N      ??Show_Or_Debug_1
     57                  }
     58                  
     59                  else
     60                  {
     61                    ShowOrDebug = Show;
   \                     ??Show_Or_Debug_3: (+1)
   \   00000058   0x2000             MOVS     R0,#+0
   \   0000005A   0x.... 0x....      LDR.W    R1,??DataTable3
   \   0000005E   0x7008             STRB     R0,[R1, #+0]
     62                    Debug_Para_Slt = 0;          
   \   00000060   0x2000             MOVS     R0,#+0
   \   00000062   0x.... 0x....      LDR.W    R1,??DataTable3_4
   \   00000066   0x7008             STRB     R0,[R1, #+0]
     63                    Debug_Page_Slt = 0;
   \   00000068   0x2000             MOVS     R0,#+0
   \   0000006A   0x.... 0x....      LDR.W    R1,??DataTable3_2
   \   0000006E   0x7008             STRB     R0,[R1, #+0]
     64                    Show_Page_Slt = 1;
   \   00000070   0x2001             MOVS     R0,#+1
   \   00000072   0x.... 0x....      LDR.W    R1,??DataTable3_3
   \   00000076   0x7008             STRB     R0,[R1, #+0]
     65                  }
     66               }
     67               EnableInterrupts;
   \                     ??Show_Or_Debug_1: (+1)
   \   00000078   0xB662             CPSIE    I
     68            }
     69          }
   \                     ??Show_Or_Debug_0: (+1)
   \   0000007A   0xBD01             POP      {R0,PC}          ;; return
     70          
     71          

   \                                 In section .text, align 2, keep-with-next
     72          void Parameter_Show()
     73          {
   \                     Parameter_Show: (+1)
   \   00000000   0xB580             PUSH     {R7,LR}
     74                  //-----加1页-------
     75                  if(Key_Up == Press)
   \   00000002   0x210F             MOVS     R1,#+15
   \   00000004   0x.... 0x....      LDR.W    R0,??DataTable3_5  ;; 0x400ff080
   \   00000008   0x.... 0x....      BL       LPLD_GPIO_Input_b
   \   0000000C   0x2800             CMP      R0,#+0
   \   0000000E   0xD129             BNE.N    ??Parameter_Show_0
     76                  {
     77                     DisableInterrupts;
   \   00000010   0xB672             CPSID    I
     78                     
     79                     LPLD_LPTMR_DelayMs(10);
   \   00000012   0x200A             MOVS     R0,#+10
   \   00000014   0x.... 0x....      BL       LPLD_LPTMR_DelayMs
     80                     
     81                     if(Key_Up == Press)
   \   00000018   0x210F             MOVS     R1,#+15
   \   0000001A   0x.... 0x....      LDR.W    R0,??DataTable3_5  ;; 0x400ff080
   \   0000001E   0x.... 0x....      BL       LPLD_GPIO_Input_b
   \   00000022   0x2800             CMP      R0,#+0
   \   00000024   0xD11D             BNE.N    ??Parameter_Show_1
     82                       {
     83                          while(Key_Up == Press);
   \                     ??Parameter_Show_2: (+1)
   \   00000026   0x210F             MOVS     R1,#+15
   \   00000028   0x.... 0x....      LDR.W    R0,??DataTable3_5  ;; 0x400ff080
   \   0000002C   0x.... 0x....      BL       LPLD_GPIO_Input_b
   \   00000030   0x2800             CMP      R0,#+0
   \   00000032   0xD0F8             BEQ.N    ??Parameter_Show_2
     84                          
     85                          if(Show_Page_Slt <= Show_Page_Numlimit)
   \   00000034   0x.... 0x....      LDR.W    R0,??DataTable3_3
   \   00000038   0xF990 0x0000      LDRSB    R0,[R0, #+0]
   \   0000003C   0x2806             CMP      R0,#+6
   \   0000003E   0xDA06             BGE.N    ??Parameter_Show_3
     86                            Show_Page_Slt++;
   \   00000040   0x.... 0x....      LDR.W    R0,??DataTable3_3
   \   00000044   0x7800             LDRB     R0,[R0, #+0]
   \   00000046   0x1C40             ADDS     R0,R0,#+1
   \   00000048   0x.... 0x....      LDR.W    R1,??DataTable3_3
   \   0000004C   0x7008             STRB     R0,[R1, #+0]
     87                          
     88                          if(Show_Page_Slt > Show_Page_Numlimit)
   \                     ??Parameter_Show_3: (+1)
   \   0000004E   0x.... 0x....      LDR.W    R0,??DataTable3_3
   \   00000052   0xF990 0x0000      LDRSB    R0,[R0, #+0]
   \   00000056   0x2806             CMP      R0,#+6
   \   00000058   0xDB03             BLT.N    ??Parameter_Show_1
     89                            Show_Page_Slt = 1;
   \   0000005A   0x2001             MOVS     R0,#+1
   \   0000005C   0x.... 0x....      LDR.W    R1,??DataTable3_3
   \   00000060   0x7008             STRB     R0,[R1, #+0]
     90                       }
     91                     
     92                     EnableInterrupts;
   \                     ??Parameter_Show_1: (+1)
   \   00000062   0xB662             CPSIE    I
     93                  }
     94                  
     95                  //-----减1页-------
     96                  if(Key_Down == Press)
   \                     ??Parameter_Show_0: (+1)
   \   00000064   0x210E             MOVS     R1,#+14
   \   00000066   0x.... 0x....      LDR.W    R0,??DataTable3_5  ;; 0x400ff080
   \   0000006A   0x.... 0x....      BL       LPLD_GPIO_Input_b
   \   0000006E   0x2800             CMP      R0,#+0
   \   00000070   0xD11F             BNE.N    ??Parameter_Show_4
     97                  {
     98                     DisableInterrupts;
   \   00000072   0xB672             CPSID    I
     99                     
    100                     LPLD_LPTMR_DelayMs(10);
   \   00000074   0x200A             MOVS     R0,#+10
   \   00000076   0x.... 0x....      BL       LPLD_LPTMR_DelayMs
    101                     
    102                     if(Key_Down == Press)
   \   0000007A   0x210E             MOVS     R1,#+14
   \   0000007C   0x.... 0x....      LDR.W    R0,??DataTable3_5  ;; 0x400ff080
   \   00000080   0x.... 0x....      BL       LPLD_GPIO_Input_b
   \   00000084   0x2800             CMP      R0,#+0
   \   00000086   0xD113             BNE.N    ??Parameter_Show_5
    103                       {
    104                          while(Key_Down == Press);
   \                     ??Parameter_Show_6: (+1)
   \   00000088   0x210E             MOVS     R1,#+14
   \   0000008A   0x.... 0x....      LDR.W    R0,??DataTable3_5  ;; 0x400ff080
   \   0000008E   0x.... 0x....      BL       LPLD_GPIO_Input_b
   \   00000092   0x2800             CMP      R0,#+0
   \   00000094   0xD0F8             BEQ.N    ??Parameter_Show_6
    105                          
    106                          if(Show_Page_Slt > 1)
   \   00000096   0x.... 0x....      LDR.W    R0,??DataTable3_3
   \   0000009A   0xF990 0x0000      LDRSB    R0,[R0, #+0]
   \   0000009E   0x2802             CMP      R0,#+2
   \   000000A0   0xDB06             BLT.N    ??Parameter_Show_5
    107                            Show_Page_Slt--;                
   \   000000A2   0x.... 0x....      LDR.W    R0,??DataTable3_3
   \   000000A6   0x7800             LDRB     R0,[R0, #+0]
   \   000000A8   0x1E40             SUBS     R0,R0,#+1
   \   000000AA   0x.... 0x....      LDR.W    R1,??DataTable3_3
   \   000000AE   0x7008             STRB     R0,[R1, #+0]
    108                       }
    109                     
    110                     EnableInterrupts;
   \                     ??Parameter_Show_5: (+1)
   \   000000B0   0xB662             CPSIE    I
    111                  }
    112          }
   \                     ??Parameter_Show_4: (+1)
   \   000000B2   0xBD01             POP      {R0,PC}          ;; return
    113          
    114          

   \                                 In section .text, align 2, keep-with-next
    115          void Parameter_Debug()
    116          {  
   \                     Parameter_Debug: (+1)
   \   00000000   0xB580             PUSH     {R7,LR}
    117                  //-------------页面切换--------------
    118                  if(Debug_Para_Slt == 0)
   \   00000002   0x.... 0x....      LDR.W    R0,??DataTable3_4
   \   00000006   0xF990 0x0000      LDRSB    R0,[R0, #+0]
   \   0000000A   0x2800             CMP      R0,#+0
   \   0000000C   0xD14D             BNE.N    ??Parameter_Debug_0
    119                  {
    120                      //--------------加1页----------------
    121                      if(Key_Up == Press)
   \   0000000E   0x210F             MOVS     R1,#+15
   \   00000010   0x.... 0x....      LDR.W    R0,??DataTable3_5  ;; 0x400ff080
   \   00000014   0x.... 0x....      BL       LPLD_GPIO_Input_b
   \   00000018   0x2800             CMP      R0,#+0
   \   0000001A   0xD11F             BNE.N    ??Parameter_Debug_1
    122                      {
    123                         DisableInterrupts;
   \   0000001C   0xB672             CPSID    I
    124                         
    125                         LPLD_LPTMR_DelayMs(10);
   \   0000001E   0x200A             MOVS     R0,#+10
   \   00000020   0x.... 0x....      BL       LPLD_LPTMR_DelayMs
    126                         
    127                         if(Key_Up == Press)
   \   00000024   0x210F             MOVS     R1,#+15
   \   00000026   0x.... 0x....      LDR.W    R0,??DataTable3_5  ;; 0x400ff080
   \   0000002A   0x.... 0x....      BL       LPLD_GPIO_Input_b
   \   0000002E   0x2800             CMP      R0,#+0
   \   00000030   0xD113             BNE.N    ??Parameter_Debug_2
    128                           {
    129                              while(Key_Up == Press);
   \                     ??Parameter_Debug_3: (+1)
   \   00000032   0x210F             MOVS     R1,#+15
   \   00000034   0x.... 0x....      LDR.W    R0,??DataTable3_5  ;; 0x400ff080
   \   00000038   0x.... 0x....      BL       LPLD_GPIO_Input_b
   \   0000003C   0x2800             CMP      R0,#+0
   \   0000003E   0xD0F8             BEQ.N    ??Parameter_Debug_3
    130                              
    131                              if(Debug_Page_Slt <= Debug_Page_Numlimit)
   \   00000040   0x.... 0x....      LDR.W    R0,??DataTable3_2
   \   00000044   0xF990 0x0000      LDRSB    R0,[R0, #+0]
   \   00000048   0x2806             CMP      R0,#+6
   \   0000004A   0xDA06             BGE.N    ??Parameter_Debug_2
    132                                Debug_Page_Slt++;
   \   0000004C   0x.... 0x....      LDR.W    R0,??DataTable3_2
   \   00000050   0x7800             LDRB     R0,[R0, #+0]
   \   00000052   0x1C40             ADDS     R0,R0,#+1
   \   00000054   0x.... 0x....      LDR.W    R1,??DataTable3_2
   \   00000058   0x7008             STRB     R0,[R1, #+0]
    133                           }
    134                         
    135                         EnableInterrupts;
   \                     ??Parameter_Debug_2: (+1)
   \   0000005A   0xB662             CPSIE    I
    136                      }
    137                      
    138                      //--------------减1页----------------
    139                      if(Key_Down == Press)
   \                     ??Parameter_Debug_1: (+1)
   \   0000005C   0x210E             MOVS     R1,#+14
   \   0000005E   0x.... 0x....      LDR.W    R0,??DataTable3_5  ;; 0x400ff080
   \   00000062   0x.... 0x....      BL       LPLD_GPIO_Input_b
   \   00000066   0x2800             CMP      R0,#+0
   \   00000068   0xD11F             BNE.N    ??Parameter_Debug_0
    140                      {
    141                         DisableInterrupts;
   \   0000006A   0xB672             CPSID    I
    142                         
    143                         LPLD_LPTMR_DelayMs(10);
   \   0000006C   0x200A             MOVS     R0,#+10
   \   0000006E   0x.... 0x....      BL       LPLD_LPTMR_DelayMs
    144                         
    145                         if(Key_Down == Press)
   \   00000072   0x210E             MOVS     R1,#+14
   \   00000074   0x.... 0x....      LDR.W    R0,??DataTable3_5  ;; 0x400ff080
   \   00000078   0x.... 0x....      BL       LPLD_GPIO_Input_b
   \   0000007C   0x2800             CMP      R0,#+0
   \   0000007E   0xD113             BNE.N    ??Parameter_Debug_4
    146                           {
    147                              while(Key_Down == Press);
   \                     ??Parameter_Debug_5: (+1)
   \   00000080   0x210E             MOVS     R1,#+14
   \   00000082   0x.... 0x....      LDR.W    R0,??DataTable3_5  ;; 0x400ff080
   \   00000086   0x.... 0x....      BL       LPLD_GPIO_Input_b
   \   0000008A   0x2800             CMP      R0,#+0
   \   0000008C   0xD0F8             BEQ.N    ??Parameter_Debug_5
    148                              
    149                              if(Debug_Page_Slt > 1)
   \   0000008E   0x.... 0x....      LDR.W    R0,??DataTable3_2
   \   00000092   0xF990 0x0000      LDRSB    R0,[R0, #+0]
   \   00000096   0x2802             CMP      R0,#+2
   \   00000098   0xDB06             BLT.N    ??Parameter_Debug_4
    150                                Debug_Page_Slt--;
   \   0000009A   0x.... 0x....      LDR.W    R0,??DataTable3_2
   \   0000009E   0x7800             LDRB     R0,[R0, #+0]
   \   000000A0   0x1E40             SUBS     R0,R0,#+1
   \   000000A2   0x.... 0x....      LDR.W    R1,??DataTable3_2
   \   000000A6   0x7008             STRB     R0,[R1, #+0]
    151                           }
    152                         
    153                         EnableInterrupts;
   \                     ??Parameter_Debug_4: (+1)
   \   000000A8   0xB662             CPSIE    I
    154                      }
    155                  
    156                  }
    157                  
    158                  //-------------进入调参--------------
    159                  if(Debug_Para_Slt == 0)
   \                     ??Parameter_Debug_0: (+1)
   \   000000AA   0x.... 0x....      LDR.W    R0,??DataTable3_4
   \   000000AE   0xF990 0x0000      LDRSB    R0,[R0, #+0]
   \   000000B2   0x2800             CMP      R0,#+0
   \   000000B4   0xD132             BNE.N    ??Parameter_Debug_6
    160                  if(Key_Plus==Press || Key_Minus==Press)
   \   000000B6   0x2101             MOVS     R1,#+1
   \   000000B8   0x.... 0x....      LDR.W    R0,??DataTable3_1  ;; 0x400ff0c0
   \   000000BC   0x.... 0x....      BL       LPLD_GPIO_Input_b
   \   000000C0   0x2800             CMP      R0,#+0
   \   000000C2   0xD006             BEQ.N    ??Parameter_Debug_7
   \   000000C4   0x2103             MOVS     R1,#+3
   \   000000C6   0x.... 0x....      LDR.W    R0,??DataTable3_1  ;; 0x400ff0c0
   \   000000CA   0x.... 0x....      BL       LPLD_GPIO_Input_b
   \   000000CE   0x2800             CMP      R0,#+0
   \   000000D0   0xD124             BNE.N    ??Parameter_Debug_6
    161                  {
    162                     DisableInterrupts;
   \                     ??Parameter_Debug_7: (+1)
   \   000000D2   0xB672             CPSID    I
    163                     
    164                     LPLD_LPTMR_DelayMs(10);
   \   000000D4   0x200A             MOVS     R0,#+10
   \   000000D6   0x.... 0x....      BL       LPLD_LPTMR_DelayMs
    165                     
    166                     if(Key_Plus==Press || Key_Minus==Press)
   \   000000DA   0x2101             MOVS     R1,#+1
   \   000000DC   0x....             LDR.N    R0,??DataTable3_1  ;; 0x400ff0c0
   \   000000DE   0x.... 0x....      BL       LPLD_GPIO_Input_b
   \   000000E2   0x2800             CMP      R0,#+0
   \   000000E4   0xD005             BEQ.N    ??Parameter_Debug_8
   \   000000E6   0x2103             MOVS     R1,#+3
   \   000000E8   0x....             LDR.N    R0,??DataTable3_1  ;; 0x400ff0c0
   \   000000EA   0x.... 0x....      BL       LPLD_GPIO_Input_b
   \   000000EE   0x2800             CMP      R0,#+0
   \   000000F0   0xD113             BNE.N    ??Parameter_Debug_9
    167                       {
    168                          while(Key_Plus==Press || Key_Minus==Press);
   \                     ??Parameter_Debug_8: (+1)
   \   000000F2   0x2101             MOVS     R1,#+1
   \   000000F4   0x....             LDR.N    R0,??DataTable3_1  ;; 0x400ff0c0
   \   000000F6   0x.... 0x....      BL       LPLD_GPIO_Input_b
   \   000000FA   0x2800             CMP      R0,#+0
   \   000000FC   0xD0F9             BEQ.N    ??Parameter_Debug_8
   \   000000FE   0x2103             MOVS     R1,#+3
   \   00000100   0x....             LDR.N    R0,??DataTable3_1  ;; 0x400ff0c0
   \   00000102   0x.... 0x....      BL       LPLD_GPIO_Input_b
   \   00000106   0x2800             CMP      R0,#+0
   \   00000108   0xD0F3             BEQ.N    ??Parameter_Debug_8
    169                          
    170                          if(Debug_Para_Slt == 0)
   \   0000010A   0x....             LDR.N    R0,??DataTable3_4
   \   0000010C   0xF990 0x0000      LDRSB    R0,[R0, #+0]
   \   00000110   0x2800             CMP      R0,#+0
   \   00000112   0xD102             BNE.N    ??Parameter_Debug_9
    171                            Debug_Para_Slt = 1;                
   \   00000114   0x2001             MOVS     R0,#+1
   \   00000116   0x....             LDR.N    R1,??DataTable3_4
   \   00000118   0x7008             STRB     R0,[R1, #+0]
    172                       }
    173                     EnableInterrupts;
   \                     ??Parameter_Debug_9: (+1)
   \   0000011A   0xB662             CPSIE    I
    174                  }
    175                  
    176                  //------------选择参数---------------
    177                  if(Debug_Para_Slt != 0)
   \                     ??Parameter_Debug_6: (+1)
   \   0000011C   0x....             LDR.N    R0,??DataTable3_4
   \   0000011E   0xF990 0x0000      LDRSB    R0,[R0, #+0]
   \   00000122   0x2800             CMP      R0,#+0
   \   00000124   0xD041             BEQ.N    ??Parameter_Debug_10
    178                  {
    179                      //参数位置+
    180                      if(Key_Up == Press)
   \   00000126   0x210F             MOVS     R1,#+15
   \   00000128   0x....             LDR.N    R0,??DataTable3_5  ;; 0x400ff080
   \   0000012A   0x.... 0x....      BL       LPLD_GPIO_Input_b
   \   0000012E   0x2800             CMP      R0,#+0
   \   00000130   0xD11A             BNE.N    ??Parameter_Debug_11
    181                      {
    182                         DisableInterrupts;
   \   00000132   0xB672             CPSID    I
    183                         
    184                         LPLD_LPTMR_DelayMs(10);
   \   00000134   0x200A             MOVS     R0,#+10
   \   00000136   0x.... 0x....      BL       LPLD_LPTMR_DelayMs
    185                         
    186                         if(Key_Up == Press)
   \   0000013A   0x210F             MOVS     R1,#+15
   \   0000013C   0x....             LDR.N    R0,??DataTable3_5  ;; 0x400ff080
   \   0000013E   0x.... 0x....      BL       LPLD_GPIO_Input_b
   \   00000142   0x2800             CMP      R0,#+0
   \   00000144   0xD10F             BNE.N    ??Parameter_Debug_12
    187                           {
    188                              if(Debug_Para_Slt < Para_NumLimit)
   \   00000146   0x....             LDR.N    R0,??DataTable3_4
   \   00000148   0xF990 0x0000      LDRSB    R0,[R0, #+0]
   \   0000014C   0x2806             CMP      R0,#+6
   \   0000014E   0xDA04             BGE.N    ??Parameter_Debug_13
    189                                Debug_Para_Slt++;                
   \   00000150   0x....             LDR.N    R0,??DataTable3_4
   \   00000152   0x7800             LDRB     R0,[R0, #+0]
   \   00000154   0x1C40             ADDS     R0,R0,#+1
   \   00000156   0x....             LDR.N    R1,??DataTable3_4
   \   00000158   0x7008             STRB     R0,[R1, #+0]
    190          
    191                              while(Key_Up == Press);                    
   \                     ??Parameter_Debug_13: (+1)
   \   0000015A   0x210F             MOVS     R1,#+15
   \   0000015C   0x....             LDR.N    R0,??DataTable3_5  ;; 0x400ff080
   \   0000015E   0x.... 0x....      BL       LPLD_GPIO_Input_b
   \   00000162   0x2800             CMP      R0,#+0
   \   00000164   0xD0F9             BEQ.N    ??Parameter_Debug_13
    192                           }  
    193                         EnableInterrupts;
   \                     ??Parameter_Debug_12: (+1)
   \   00000166   0xB662             CPSIE    I
    194                      }
    195          
    196                      //参数位置-            
    197                      if(Key_Down == Press)
   \                     ??Parameter_Debug_11: (+1)
   \   00000168   0x210E             MOVS     R1,#+14
   \   0000016A   0x....             LDR.N    R0,??DataTable3_5  ;; 0x400ff080
   \   0000016C   0x.... 0x....      BL       LPLD_GPIO_Input_b
   \   00000170   0x2800             CMP      R0,#+0
   \   00000172   0xD11A             BNE.N    ??Parameter_Debug_10
    198                      {
    199                         DisableInterrupts;
   \   00000174   0xB672             CPSID    I
    200                         
    201                         LPLD_LPTMR_DelayMs(10);
   \   00000176   0x200A             MOVS     R0,#+10
   \   00000178   0x.... 0x....      BL       LPLD_LPTMR_DelayMs
    202                         
    203                         if(Key_Down == Press)
   \   0000017C   0x210E             MOVS     R1,#+14
   \   0000017E   0x....             LDR.N    R0,??DataTable3_5  ;; 0x400ff080
   \   00000180   0x.... 0x....      BL       LPLD_GPIO_Input_b
   \   00000184   0x2800             CMP      R0,#+0
   \   00000186   0xD10F             BNE.N    ??Parameter_Debug_14
    204                           {
    205                              if(Debug_Para_Slt > 1)
   \   00000188   0x....             LDR.N    R0,??DataTable3_4
   \   0000018A   0xF990 0x0000      LDRSB    R0,[R0, #+0]
   \   0000018E   0x2802             CMP      R0,#+2
   \   00000190   0xDB04             BLT.N    ??Parameter_Debug_15
    206                                Debug_Para_Slt--;      
   \   00000192   0x....             LDR.N    R0,??DataTable3_4
   \   00000194   0x7800             LDRB     R0,[R0, #+0]
   \   00000196   0x1E40             SUBS     R0,R0,#+1
   \   00000198   0x....             LDR.N    R1,??DataTable3_4
   \   0000019A   0x7008             STRB     R0,[R1, #+0]
    207                              
    208                              while(Key_Down == Press);
   \                     ??Parameter_Debug_15: (+1)
   \   0000019C   0x210E             MOVS     R1,#+14
   \   0000019E   0x....             LDR.N    R0,??DataTable3_5  ;; 0x400ff080
   \   000001A0   0x.... 0x....      BL       LPLD_GPIO_Input_b
   \   000001A4   0x2800             CMP      R0,#+0
   \   000001A6   0xD0F9             BEQ.N    ??Parameter_Debug_15
    209                           }  
    210                         EnableInterrupts;
   \                     ??Parameter_Debug_14: (+1)
   \   000001A8   0xB662             CPSIE    I
    211                      }
    212                     
    213                  }
    214          
    215                  //------------参数调节---------------
    216                  if(Debug_Para_Slt != 0)
   \                     ??Parameter_Debug_10: (+1)
   \   000001AA   0x....             LDR.N    R0,??DataTable3_4
   \   000001AC   0xF990 0x0000      LDRSB    R0,[R0, #+0]
   \   000001B0   0x2800             CMP      R0,#+0
   \   000001B2   0xF000 0x80D7      BEQ.W    ??Parameter_Debug_16
    217                  {
    218                    //--------参数加----------
    219                    if(Key_Plus == Press)
   \   000001B6   0x2101             MOVS     R1,#+1
   \   000001B8   0x....             LDR.N    R0,??DataTable3_1  ;; 0x400ff0c0
   \   000001BA   0x.... 0x....      BL       LPLD_GPIO_Input_b
   \   000001BE   0x2800             CMP      R0,#+0
   \   000001C0   0xD162             BNE.N    ??Parameter_Debug_17
    220                    {
    221                        DisableInterrupts;
   \   000001C2   0xB672             CPSID    I
    222                        
    223                        LPLD_LPTMR_DelayMs(10);
   \   000001C4   0x200A             MOVS     R0,#+10
   \   000001C6   0x.... 0x....      BL       LPLD_LPTMR_DelayMs
    224                        
    225                        switch(Debug_Page_Slt)
   \   000001CA   0x....             LDR.N    R0,??DataTable3_2
   \   000001CC   0xF990 0x0000      LDRSB    R0,[R0, #+0]
   \   000001D0   0x2801             CMP      R0,#+1
   \   000001D2   0xD006             BEQ.N    ??Parameter_Debug_18
   \   000001D4   0xD351             BCC.N    ??Parameter_Debug_19
   \   000001D6   0x2803             CMP      R0,#+3
   \   000001D8   0xD029             BEQ.N    ??Parameter_Debug_20
   \   000001DA   0xD315             BCC.N    ??Parameter_Debug_21
   \   000001DC   0x2804             CMP      R0,#+4
   \   000001DE   0xD039             BEQ.N    ??Parameter_Debug_22
   \   000001E0   0xE04B             B.N      ??Parameter_Debug_19
    226                        {
    227                           //------第一页参数---------
    228                           case 1:
    229                           {
    230                              switch(Debug_Para_Slt)
   \                     ??Parameter_Debug_18: (+1)
   \   000001E2   0x....             LDR.N    R0,??DataTable3_4
   \   000001E4   0xF990 0x0000      LDRSB    R0,[R0, #+0]
   \   000001E8   0x2801             CMP      R0,#+1
   \   000001EA   0xD007             BEQ.N    ??Parameter_Debug_23
   \   000001EC   0xD30B             BCC.N    ??Parameter_Debug_24
   \   000001EE   0x2803             CMP      R0,#+3
   \   000001F0   0xD006             BEQ.N    ??Parameter_Debug_25
   \   000001F2   0xD304             BCC.N    ??Parameter_Debug_26
   \   000001F4   0x2805             CMP      R0,#+5
   \   000001F6   0xD005             BEQ.N    ??Parameter_Debug_27
   \   000001F8   0xD303             BCC.N    ??Parameter_Debug_28
   \   000001FA   0xE004             B.N      ??Parameter_Debug_24
    231                              { 
    232                                 case 1:  
    233                                 {
    234                                 }
    235                                 
    236                                 break; 
   \                     ??Parameter_Debug_23: (+1)
   \   000001FC   0xE003             B.N      ??Parameter_Debug_29
    237                                 
    238                                 case 2:      break;
   \                     ??Parameter_Debug_26: (+1)
   \   000001FE   0xE002             B.N      ??Parameter_Debug_29
    239                                 
    240                                 case 3:      break;  
   \                     ??Parameter_Debug_25: (+1)
   \   00000200   0xE001             B.N      ??Parameter_Debug_29
    241                                 
    242                                 case 4:      break;
   \                     ??Parameter_Debug_28: (+1)
   \   00000202   0xE000             B.N      ??Parameter_Debug_29
    243                               
    244                                 case 5:      break;                
   \                     ??Parameter_Debug_27: (+1)
   \   00000204   0xE7FF             B.N      ??Parameter_Debug_29
    245                                 
    246                                 default:     break; 
    247                              }
    248                           }
    249                           break;
   \                     ??Parameter_Debug_24: (+1)
   \                     ??Parameter_Debug_29: (+1)
   \   00000206   0xE038             B.N      ??Parameter_Debug_30
    250          
    251                           //------第二页参数---------               
    252                           case 2:
    253                           {
    254                              switch(Debug_Para_Slt)
   \                     ??Parameter_Debug_21: (+1)
   \   00000208   0x....             LDR.N    R0,??DataTable3_4
   \   0000020A   0xF990 0x0000      LDRSB    R0,[R0, #+0]
   \   0000020E   0x2801             CMP      R0,#+1
   \   00000210   0xD007             BEQ.N    ??Parameter_Debug_31
   \   00000212   0xD30B             BCC.N    ??Parameter_Debug_32
   \   00000214   0x2803             CMP      R0,#+3
   \   00000216   0xD006             BEQ.N    ??Parameter_Debug_33
   \   00000218   0xD304             BCC.N    ??Parameter_Debug_34
   \   0000021A   0x2805             CMP      R0,#+5
   \   0000021C   0xD005             BEQ.N    ??Parameter_Debug_35
   \   0000021E   0xD303             BCC.N    ??Parameter_Debug_36
   \   00000220   0xE004             B.N      ??Parameter_Debug_32
    255                              {
    256                                 case 1:      break;     
   \                     ??Parameter_Debug_31: (+1)
   \   00000222   0xE003             B.N      ??Parameter_Debug_37
    257                                 case 2:      break;
   \                     ??Parameter_Debug_34: (+1)
   \   00000224   0xE002             B.N      ??Parameter_Debug_37
    258                                 case 3:      break;     
   \                     ??Parameter_Debug_33: (+1)
   \   00000226   0xE001             B.N      ??Parameter_Debug_37
    259                                 case 4:      break;     
   \                     ??Parameter_Debug_36: (+1)
   \   00000228   0xE000             B.N      ??Parameter_Debug_37
    260                                 case 5:      break;     
   \                     ??Parameter_Debug_35: (+1)
   \   0000022A   0xE7FF             B.N      ??Parameter_Debug_37
    261                                 default:     break; 
    262                              }
    263                           }
    264                           break;
   \                     ??Parameter_Debug_32: (+1)
   \                     ??Parameter_Debug_37: (+1)
   \   0000022C   0xE025             B.N      ??Parameter_Debug_30
    265          
    266                           //------第三页参数---------                              
    267                           case 3:
    268                           {
    269                              switch(Debug_Para_Slt)
   \                     ??Parameter_Debug_20: (+1)
   \   0000022E   0x....             LDR.N    R0,??DataTable3_4
   \   00000230   0xF990 0x0000      LDRSB    R0,[R0, #+0]
   \   00000234   0x2801             CMP      R0,#+1
   \   00000236   0xD007             BEQ.N    ??Parameter_Debug_38
   \   00000238   0xD30B             BCC.N    ??Parameter_Debug_39
   \   0000023A   0x2803             CMP      R0,#+3
   \   0000023C   0xD006             BEQ.N    ??Parameter_Debug_40
   \   0000023E   0xD304             BCC.N    ??Parameter_Debug_41
   \   00000240   0x2805             CMP      R0,#+5
   \   00000242   0xD005             BEQ.N    ??Parameter_Debug_42
   \   00000244   0xD303             BCC.N    ??Parameter_Debug_43
   \   00000246   0xE004             B.N      ??Parameter_Debug_39
    270                              {
    271                                 case 1:      break;     
   \                     ??Parameter_Debug_38: (+1)
   \   00000248   0xE003             B.N      ??Parameter_Debug_44
    272                                 case 2:      break;
   \                     ??Parameter_Debug_41: (+1)
   \   0000024A   0xE002             B.N      ??Parameter_Debug_44
    273                                 case 3:      break;     
   \                     ??Parameter_Debug_40: (+1)
   \   0000024C   0xE001             B.N      ??Parameter_Debug_44
    274                                 case 4:      break;     
   \                     ??Parameter_Debug_43: (+1)
   \   0000024E   0xE000             B.N      ??Parameter_Debug_44
    275                                 case 5:      break;     
   \                     ??Parameter_Debug_42: (+1)
   \   00000250   0xE7FF             B.N      ??Parameter_Debug_44
    276                                 default:     break; 
    277                              }
    278                           }
    279                           break;
   \                     ??Parameter_Debug_39: (+1)
   \                     ??Parameter_Debug_44: (+1)
   \   00000252   0xE012             B.N      ??Parameter_Debug_30
    280          
    281                           //------第四页参数---------                                             
    282                           case 4:
    283                           {
    284                              switch(Debug_Para_Slt)
   \                     ??Parameter_Debug_22: (+1)
   \   00000254   0x....             LDR.N    R0,??DataTable3_4
   \   00000256   0xF990 0x0000      LDRSB    R0,[R0, #+0]
   \   0000025A   0x2801             CMP      R0,#+1
   \   0000025C   0xD007             BEQ.N    ??Parameter_Debug_45
   \   0000025E   0xD30B             BCC.N    ??Parameter_Debug_46
   \   00000260   0x2803             CMP      R0,#+3
   \   00000262   0xD006             BEQ.N    ??Parameter_Debug_47
   \   00000264   0xD304             BCC.N    ??Parameter_Debug_48
   \   00000266   0x2805             CMP      R0,#+5
   \   00000268   0xD005             BEQ.N    ??Parameter_Debug_49
   \   0000026A   0xD303             BCC.N    ??Parameter_Debug_50
   \   0000026C   0xE004             B.N      ??Parameter_Debug_46
    285                              {
    286                                 case 1:      break;     
   \                     ??Parameter_Debug_45: (+1)
   \   0000026E   0xE003             B.N      ??Parameter_Debug_51
    287                                 case 2:      break;
   \                     ??Parameter_Debug_48: (+1)
   \   00000270   0xE002             B.N      ??Parameter_Debug_51
    288                                 case 3:      break;     
   \                     ??Parameter_Debug_47: (+1)
   \   00000272   0xE001             B.N      ??Parameter_Debug_51
    289                                 case 4:      break;     
   \                     ??Parameter_Debug_50: (+1)
   \   00000274   0xE000             B.N      ??Parameter_Debug_51
    290                                 case 5:      break;     
   \                     ??Parameter_Debug_49: (+1)
   \   00000276   0xE7FF             B.N      ??Parameter_Debug_51
    291                                 default:     break; 
    292                              }
    293                           }
    294                           break;
   \                     ??Parameter_Debug_46: (+1)
   \                     ??Parameter_Debug_51: (+1)
   \   00000278   0xE7FF             B.N      ??Parameter_Debug_30
    295                                            
    296                           default:
    297                           break;
    298                        }    
    299                       
    300                        while(Key_Plus == Press);                 
   \                     ??Parameter_Debug_19: (+1)
   \                     ??Parameter_Debug_30: (+1)
   \   0000027A   0x2101             MOVS     R1,#+1
   \   0000027C   0x....             LDR.N    R0,??DataTable3_1  ;; 0x400ff0c0
   \   0000027E   0x.... 0x....      BL       LPLD_GPIO_Input_b
   \   00000282   0x2800             CMP      R0,#+0
   \   00000284   0xD0F9             BEQ.N    ??Parameter_Debug_30
    301                       
    302                        EnableInterrupts;
   \   00000286   0xB662             CPSIE    I
    303                    }
    304          
    305                    //--------参数减----------
    306                    if(Key_Minus == Press)
   \                     ??Parameter_Debug_17: (+1)
   \   00000288   0x2103             MOVS     R1,#+3
   \   0000028A   0x....             LDR.N    R0,??DataTable3_1  ;; 0x400ff0c0
   \   0000028C   0x.... 0x....      BL       LPLD_GPIO_Input_b
   \   00000290   0x2800             CMP      R0,#+0
   \   00000292   0xD167             BNE.N    ??Parameter_Debug_16
    307                    {
    308                        DisableInterrupts;
   \   00000294   0xB672             CPSID    I
    309                        
    310                        LPLD_LPTMR_DelayMs(10);
   \   00000296   0x200A             MOVS     R0,#+10
   \   00000298   0x.... 0x....      BL       LPLD_LPTMR_DelayMs
    311                        
    312                        switch(Debug_Page_Slt)
   \   0000029C   0x....             LDR.N    R0,??DataTable3_2
   \   0000029E   0xF990 0x0000      LDRSB    R0,[R0, #+0]
   \   000002A2   0x2801             CMP      R0,#+1
   \   000002A4   0xD006             BEQ.N    ??Parameter_Debug_52
   \   000002A6   0xD356             BCC.N    ??Parameter_Debug_53
   \   000002A8   0x2803             CMP      R0,#+3
   \   000002AA   0xD02E             BEQ.N    ??Parameter_Debug_54
   \   000002AC   0xD31A             BCC.N    ??Parameter_Debug_55
   \   000002AE   0x2804             CMP      R0,#+4
   \   000002B0   0xD03E             BEQ.N    ??Parameter_Debug_56
   \   000002B2   0xE050             B.N      ??Parameter_Debug_53
    313                        {
    314                           //------第一页参数---------
    315                           case 1:
    316                           {
    317                              switch(Debug_Para_Slt)
   \                     ??Parameter_Debug_52: (+1)
   \   000002B4   0x....             LDR.N    R0,??DataTable3_4
   \   000002B6   0xF990 0x0000      LDRSB    R0,[R0, #+0]
   \   000002BA   0x2801             CMP      R0,#+1
   \   000002BC   0xD007             BEQ.N    ??Parameter_Debug_57
   \   000002BE   0xD310             BCC.N    ??Parameter_Debug_58
   \   000002C0   0x2803             CMP      R0,#+3
   \   000002C2   0xD00B             BEQ.N    ??Parameter_Debug_59
   \   000002C4   0xD309             BCC.N    ??Parameter_Debug_60
   \   000002C6   0x2805             CMP      R0,#+5
   \   000002C8   0xD00A             BEQ.N    ??Parameter_Debug_61
   \   000002CA   0xD308             BCC.N    ??Parameter_Debug_62
   \   000002CC   0xE009             B.N      ??Parameter_Debug_58
    318                              { 
    319                                 case 1:   text1 -= 10;   break;     
   \                     ??Parameter_Debug_57: (+1)
   \   000002CE   0x....             LDR.N    R0,??DataTable3_6
   \   000002D0   0x6800             LDR      R0,[R0, #+0]
   \   000002D2   0x380A             SUBS     R0,R0,#+10
   \   000002D4   0x....             LDR.N    R1,??DataTable3_6
   \   000002D6   0x6008             STR      R0,[R1, #+0]
   \   000002D8   0xE003             B.N      ??Parameter_Debug_63
    320                                 case 2:      break;
   \                     ??Parameter_Debug_60: (+1)
   \   000002DA   0xE002             B.N      ??Parameter_Debug_63
    321                                 case 3:      break;     
   \                     ??Parameter_Debug_59: (+1)
   \   000002DC   0xE001             B.N      ??Parameter_Debug_63
    322                                 case 4:      break;     
   \                     ??Parameter_Debug_62: (+1)
   \   000002DE   0xE000             B.N      ??Parameter_Debug_63
    323                                 case 5:      break;     
   \                     ??Parameter_Debug_61: (+1)
   \   000002E0   0xE7FF             B.N      ??Parameter_Debug_63
    324                                 default:     break; 
    325                              }
    326                           }
    327                           break;
   \                     ??Parameter_Debug_58: (+1)
   \                     ??Parameter_Debug_63: (+1)
   \   000002E2   0xE038             B.N      ??Parameter_Debug_64
    328          
    329                           //------第二页参数---------               
    330                           case 2:
    331                           {
    332                              switch(Debug_Para_Slt)
   \                     ??Parameter_Debug_55: (+1)
   \   000002E4   0x....             LDR.N    R0,??DataTable3_4
   \   000002E6   0xF990 0x0000      LDRSB    R0,[R0, #+0]
   \   000002EA   0x2801             CMP      R0,#+1
   \   000002EC   0xD007             BEQ.N    ??Parameter_Debug_65
   \   000002EE   0xD30B             BCC.N    ??Parameter_Debug_66
   \   000002F0   0x2803             CMP      R0,#+3
   \   000002F2   0xD006             BEQ.N    ??Parameter_Debug_67
   \   000002F4   0xD304             BCC.N    ??Parameter_Debug_68
   \   000002F6   0x2805             CMP      R0,#+5
   \   000002F8   0xD005             BEQ.N    ??Parameter_Debug_69
   \   000002FA   0xD303             BCC.N    ??Parameter_Debug_70
   \   000002FC   0xE004             B.N      ??Parameter_Debug_66
    333                              {
    334                                 case 1:      break;     
   \                     ??Parameter_Debug_65: (+1)
   \   000002FE   0xE003             B.N      ??Parameter_Debug_71
    335                                 case 2:      break;
   \                     ??Parameter_Debug_68: (+1)
   \   00000300   0xE002             B.N      ??Parameter_Debug_71
    336                                 case 3:      break;     
   \                     ??Parameter_Debug_67: (+1)
   \   00000302   0xE001             B.N      ??Parameter_Debug_71
    337                                 case 4:      break;     
   \                     ??Parameter_Debug_70: (+1)
   \   00000304   0xE000             B.N      ??Parameter_Debug_71
    338                                 case 5:      break;     
   \                     ??Parameter_Debug_69: (+1)
   \   00000306   0xE7FF             B.N      ??Parameter_Debug_71
    339                                 default:     break; 
    340                              }
    341                           }
    342                           break;
   \                     ??Parameter_Debug_66: (+1)
   \                     ??Parameter_Debug_71: (+1)
   \   00000308   0xE025             B.N      ??Parameter_Debug_64
    343          
    344                           //------第三页参数---------                              
    345                           case 3:
    346                           {
    347                              switch(Debug_Para_Slt)
   \                     ??Parameter_Debug_54: (+1)
   \   0000030A   0x....             LDR.N    R0,??DataTable3_4
   \   0000030C   0xF990 0x0000      LDRSB    R0,[R0, #+0]
   \   00000310   0x2801             CMP      R0,#+1
   \   00000312   0xD007             BEQ.N    ??Parameter_Debug_72
   \   00000314   0xD30B             BCC.N    ??Parameter_Debug_73
   \   00000316   0x2803             CMP      R0,#+3
   \   00000318   0xD006             BEQ.N    ??Parameter_Debug_74
   \   0000031A   0xD304             BCC.N    ??Parameter_Debug_75
   \   0000031C   0x2805             CMP      R0,#+5
   \   0000031E   0xD005             BEQ.N    ??Parameter_Debug_76
   \   00000320   0xD303             BCC.N    ??Parameter_Debug_77
   \   00000322   0xE004             B.N      ??Parameter_Debug_73
    348                              {
    349                                 case 1:      break;     
   \                     ??Parameter_Debug_72: (+1)
   \   00000324   0xE003             B.N      ??Parameter_Debug_78
    350                                 case 2:      break;
   \                     ??Parameter_Debug_75: (+1)
   \   00000326   0xE002             B.N      ??Parameter_Debug_78
    351                                 case 3:      break;     
   \                     ??Parameter_Debug_74: (+1)
   \   00000328   0xE001             B.N      ??Parameter_Debug_78
    352                                 case 4:      break;     
   \                     ??Parameter_Debug_77: (+1)
   \   0000032A   0xE000             B.N      ??Parameter_Debug_78
    353                                 case 5:      break;     
   \                     ??Parameter_Debug_76: (+1)
   \   0000032C   0xE7FF             B.N      ??Parameter_Debug_78
    354                                 default:     break; 
    355                              }
    356                           }
    357                           break;
   \                     ??Parameter_Debug_73: (+1)
   \                     ??Parameter_Debug_78: (+1)
   \   0000032E   0xE012             B.N      ??Parameter_Debug_64
    358          
    359                           //------第四页参数---------                                             
    360                           case 4:
    361                           {
    362                              switch(Debug_Para_Slt)
   \                     ??Parameter_Debug_56: (+1)
   \   00000330   0x....             LDR.N    R0,??DataTable3_4
   \   00000332   0xF990 0x0000      LDRSB    R0,[R0, #+0]
   \   00000336   0x2801             CMP      R0,#+1
   \   00000338   0xD007             BEQ.N    ??Parameter_Debug_79
   \   0000033A   0xD30B             BCC.N    ??Parameter_Debug_80
   \   0000033C   0x2803             CMP      R0,#+3
   \   0000033E   0xD006             BEQ.N    ??Parameter_Debug_81
   \   00000340   0xD304             BCC.N    ??Parameter_Debug_82
   \   00000342   0x2805             CMP      R0,#+5
   \   00000344   0xD005             BEQ.N    ??Parameter_Debug_83
   \   00000346   0xD303             BCC.N    ??Parameter_Debug_84
   \   00000348   0xE004             B.N      ??Parameter_Debug_80
    363                              {
    364                                 case 1:      break;     
   \                     ??Parameter_Debug_79: (+1)
   \   0000034A   0xE003             B.N      ??Parameter_Debug_85
    365                                 case 2:      break;
   \                     ??Parameter_Debug_82: (+1)
   \   0000034C   0xE002             B.N      ??Parameter_Debug_85
    366                                 case 3:      break;     
   \                     ??Parameter_Debug_81: (+1)
   \   0000034E   0xE001             B.N      ??Parameter_Debug_85
    367                                 case 4:      break;     
   \                     ??Parameter_Debug_84: (+1)
   \   00000350   0xE000             B.N      ??Parameter_Debug_85
    368                                 case 5:      break;     
   \                     ??Parameter_Debug_83: (+1)
   \   00000352   0xE7FF             B.N      ??Parameter_Debug_85
    369                                 default:     break; 
    370                              }
    371                           }
    372                           break;
   \                     ??Parameter_Debug_80: (+1)
   \                     ??Parameter_Debug_85: (+1)
   \   00000354   0xE7FF             B.N      ??Parameter_Debug_64
    373                                            
    374                           default:
    375                           break;
    376                        }    
    377                       
    378                        while(Key_Minus == Press);                 
   \                     ??Parameter_Debug_53: (+1)
   \                     ??Parameter_Debug_64: (+1)
   \   00000356   0x2103             MOVS     R1,#+3
   \   00000358   0x....             LDR.N    R0,??DataTable3_1  ;; 0x400ff0c0
   \   0000035A   0x.... 0x....      BL       LPLD_GPIO_Input_b
   \   0000035E   0x2800             CMP      R0,#+0
   \   00000360   0xD0F9             BEQ.N    ??Parameter_Debug_64
    379                       
    380                        EnableInterrupts;
   \   00000362   0xB662             CPSIE    I
    381                    }
    382          
    383                  }
    384          }
   \                     ??Parameter_Debug_16: (+1)
   \   00000364   0xBD01             POP      {R0,PC}          ;; return

   \                                 In section .text, align 4, keep-with-next
   \                     ??DataTable3:
   \   00000000   0x........         DC32     ShowOrDebug

   \                                 In section .text, align 4, keep-with-next
   \                     ??DataTable3_1:
   \   00000000   0x400FF0C0         DC32     0x400ff0c0

   \                                 In section .text, align 4, keep-with-next
   \                     ??DataTable3_2:
   \   00000000   0x........         DC32     Debug_Page_Slt

   \                                 In section .text, align 4, keep-with-next
   \                     ??DataTable3_3:
   \   00000000   0x........         DC32     Show_Page_Slt

   \                                 In section .text, align 4, keep-with-next
   \                     ??DataTable3_4:
   \   00000000   0x........         DC32     Debug_Para_Slt

   \                                 In section .text, align 4, keep-with-next
   \                     ??DataTable3_5:
   \   00000000   0x400FF080         DC32     0x400ff080

   \                                 In section .text, align 4, keep-with-next
   \                     ??DataTable3_6:
   \   00000000   0x........         DC32     text1
    385          
    386          
    387          

   Maximum stack usage in bytes:

   .cstack Function
   ------- --------
       8   Keyboard
         8   -> Parameter_Debug
         8   -> Parameter_Show
         8   -> Show_Or_Debug
       8   Parameter_Debug
         8   -> LPLD_GPIO_Input_b
         8   -> LPLD_LPTMR_DelayMs
       8   Parameter_Show
         8   -> LPLD_GPIO_Input_b
         8   -> LPLD_LPTMR_DelayMs
       8   Show_Or_Debug
         8   -> LPLD_GPIO_Input_b
         8   -> LPLD_LPTMR_DelayMs


   Section sizes:

   Bytes  Function/Label
   -----  --------------
       4  ??DataTable3
       4  ??DataTable3_1
       4  ??DataTable3_2
       4  ??DataTable3_3
       4  ??DataTable3_4
       4  ??DataTable3_5
       4  ??DataTable3_6
       1  Debug_Page_Slt
       1  Debug_Para_Slt
      36  Keyboard
     870  Parameter_Debug
     180  Parameter_Show
       1  ShowOrDebug
     124  Show_Or_Debug
       1  Show_Page_Slt
       4  text1
       4  text2

 
     2 bytes in section .bss
    10 bytes in section .data
 1 238 bytes in section .text
 
 1 238 bytes of CODE memory
    12 bytes of DATA memory

Errors: none
Warnings: none
