###############################################################################
#
# IAR ANSI C/C++ Compiler V7.20.2.7424/W32 for ARM        06/Jul/2017  20:47:56
# Copyright 1999-2014 IAR Systems AB.
#
#    Cpu mode     =  thumb
#    Endian       =  little
#    Source file  =  
#        C:\Users\lenovo\Desktop\17ÖÇÄÜ³µÊ¡Èü\LPLD_OSKinetis_V3\project\chase_after£¨ÍêÕû³ÌĞò£©\app\SEEKFREE_L3G4200D.c
#    Command line =  
#        C:\Users\lenovo\Desktop\17ÖÇÄÜ³µÊ¡Èü\LPLD_OSKinetis_V3\project\chase_after£¨ÍêÕû³ÌĞò£©\app\SEEKFREE_L3G4200D.c
#        -D LPLD_K60 -D USE_K60F12 -lCN
#        C:\Users\lenovo\Desktop\17ÖÇÄÜ³µÊ¡Èü\LPLD_OSKinetis_V3\project\chase_after£¨ÍêÕû³ÌĞò£©\iar\FLASH\List\
#        -lB
#        C:\Users\lenovo\Desktop\17ÖÇÄÜ³µÊ¡Èü\LPLD_OSKinetis_V3\project\chase_after£¨ÍêÕû³ÌĞò£©\iar\FLASH\List\
#        -o
#        C:\Users\lenovo\Desktop\17ÖÇÄÜ³µÊ¡Èü\LPLD_OSKinetis_V3\project\chase_after£¨ÍêÕû³ÌĞò£©\iar\FLASH\Obj\
#        --no_cse --no_unroll --no_inline --no_code_motion --no_tbaa
#        --no_clustering --no_scheduling --debug --endian=little
#        --cpu=Cortex-M4F -e --fpu=None --dlib_config
#        D:\IAR\arm\INC\c\DLib_Config_Normal.h -I
#        C:\Users\lenovo\Desktop\17ÖÇÄÜ³µÊ¡Èü\LPLD_OSKinetis_V3\project\chase_after£¨ÍêÕû³ÌĞò£©\iar\..\app\
#        -I
#        C:\Users\lenovo\Desktop\17ÖÇÄÜ³µÊ¡Èü\LPLD_OSKinetis_V3\project\chase_after£¨ÍêÕû³ÌĞò£©\iar\..\..\..\lib\CPU\
#        -I
#        C:\Users\lenovo\Desktop\17ÖÇÄÜ³µÊ¡Èü\LPLD_OSKinetis_V3\project\chase_after£¨ÍêÕû³ÌĞò£©\iar\..\..\..\lib\common\
#        -I
#        C:\Users\lenovo\Desktop\17ÖÇÄÜ³µÊ¡Èü\LPLD_OSKinetis_V3\project\chase_after£¨ÍêÕû³ÌĞò£©\iar\..\..\..\lib\LPLD\
#        -I
#        C:\Users\lenovo\Desktop\17ÖÇÄÜ³µÊ¡Èü\LPLD_OSKinetis_V3\project\chase_after£¨ÍêÕû³ÌĞò£©\iar\..\..\..\lib\LPLD\HW\
#        -I
#        C:\Users\lenovo\Desktop\17ÖÇÄÜ³µÊ¡Èü\LPLD_OSKinetis_V3\project\chase_after£¨ÍêÕû³ÌĞò£©\iar\..\..\..\lib\LPLD\DEV\
#        -I
#        C:\Users\lenovo\Desktop\17ÖÇÄÜ³µÊ¡Èü\LPLD_OSKinetis_V3\project\chase_after£¨ÍêÕû³ÌĞò£©\iar\..\..\..\lib\LPLD\FUNC\
#        -I
#        C:\Users\lenovo\Desktop\17ÖÇÄÜ³µÊ¡Èü\LPLD_OSKinetis_V3\project\chase_after£¨ÍêÕû³ÌĞò£©\iar\..\..\..\lib\uCOS-II\Ports\
#        -I
#        C:\Users\lenovo\Desktop\17ÖÇÄÜ³µÊ¡Èü\LPLD_OSKinetis_V3\project\chase_after£¨ÍêÕû³ÌĞò£©\iar\..\..\..\lib\uCOS-II\Source\
#        -I
#        C:\Users\lenovo\Desktop\17ÖÇÄÜ³µÊ¡Èü\LPLD_OSKinetis_V3\project\chase_after£¨ÍêÕû³ÌĞò£©\iar\..\..\..\lib\FatFs\
#        -I
#        C:\Users\lenovo\Desktop\17ÖÇÄÜ³µÊ¡Èü\LPLD_OSKinetis_V3\project\chase_after£¨ÍêÕû³ÌĞò£©\iar\..\..\..\lib\FatFs\option\
#        -I
#        C:\Users\lenovo\Desktop\17ÖÇÄÜ³µÊ¡Èü\LPLD_OSKinetis_V3\project\chase_after£¨ÍêÕû³ÌĞò£©\iar\..\..\..\lib\USB\common\
#        -I
#        C:\Users\lenovo\Desktop\17ÖÇÄÜ³µÊ¡Èü\LPLD_OSKinetis_V3\project\chase_after£¨ÍêÕû³ÌĞò£©\iar\..\..\..\lib\USB\driver\
#        -I
#        C:\Users\lenovo\Desktop\17ÖÇÄÜ³µÊ¡Èü\LPLD_OSKinetis_V3\project\chase_after£¨ÍêÕû³ÌĞò£©\iar\..\..\..\lib\USB\descriptor\
#        -I
#        C:\Users\lenovo\Desktop\17ÖÇÄÜ³µÊ¡Èü\LPLD_OSKinetis_V3\project\chase_after£¨ÍêÕû³ÌĞò£©\iar\..\..\..\lib\USB\class\
#        -Ol -I D:\IAR\arm\CMSIS\Include\ -D ARM_MATH_CM4
#    List file    =  
#        C:\Users\lenovo\Desktop\17ÖÇÄÜ³µÊ¡Èü\LPLD_OSKinetis_V3\project\chase_after£¨ÍêÕû³ÌĞò£©\iar\FLASH\List\SEEKFREE_L3G4200D.lst
#    Object file  =  
#        C:\Users\lenovo\Desktop\17ÖÇÄÜ³µÊ¡Èü\LPLD_OSKinetis_V3\project\chase_after£¨ÍêÕû³ÌĞò£©\iar\FLASH\Obj\SEEKFREE_L3G4200D.o
#
###############################################################################

C:\Users\lenovo\Desktop\17ÖÇÄÜ³µÊ¡Èü\LPLD_OSKinetis_V3\project\chase_after£¨ÍêÕû³ÌĞò£©\app\SEEKFREE_L3G4200D.c
      1          /*********************************************************************************************************************
      2           *-+ COPYRIGHT NOTICE
      3           * Copyright (c) 2016,é€é£ç§‘æŠ€
      4           * All rights reserved.
      5           * æŠ€æœ¯è®¨è®ºQQç¾¤ï¼š179029047
      6           *
      7           * ä»¥ä¸‹æ‰€æœ‰å†…å®¹ç‰ˆæƒå‡å±é€é£ç§‘æŠ€æ‰€æœ‰ï¼Œæœªç»å…è®¸ä¸å¾—ç”¨äºå•†ä¸šç”¨é€”ï¼Œ
      8           * æ¬¢è¿å„ä½ä½¿ç”¨å¹¶ä¼ æ’­æœ¬ç¨‹åºï¼Œä¿®æ”¹å†…å®¹æ—¶å¿…é¡»ä¿ç•™é€é£ç§‘æŠ€çš„ç‰ˆæƒå£°æ˜ã€‚
      9           *
     10           * @file       		SEEKFREE_L3G4200D.c
     11           * @brief      		L3G4200Då‡½æ•°åº“
     12           * @company	   		æˆéƒ½é€é£ç§‘æŠ€æœ‰é™å…¬å¸
     13           * @author     		Go For It(1325536866)
     14           * @version    		v1.0
     15           * @Software 		IAR 7.2 or MDK 5.17
     16           * @Target core		MK60DN512VLL10
     17           * @Taobao   		https://seekfree.taobao.com/
     18           * @date       		2016-02-25
     19           * @note	
     20          					L3G4200Dæ¥çº¿å®šä¹‰
     21          					------------------------------------ 
     22          						SDA                 C17
     23          						SCL                 C16
     24          					------------------------------------ 
     25           ********************************************************************************************************************/
     26                                                            
     27          #include "Includes.h"
     28          
     29          

   \                                 In section .bss, align 2
     30          int16 gyro_x = 0, gyro_y = 0, gyro_z = 0;
   \                     gyro_x:
   \   00000000                      DS8 2

   \                                 In section .bss, align 2
   \                     gyro_y:
   \   00000000                      DS8 2

   \                                 In section .bss, align 2
   \                     gyro_z:
   \   00000000                      DS8 2

   \                                 In section .bss, align 4
     31          int angle_pitch, angle_yaw, angle_roll;
   \                     angle_pitch:
   \   00000000                      DS8 4

   \                                 In section .bss, align 4
   \                     angle_yaw:
   \   00000000                      DS8 4

   \                                 In section .bss, align 4
   \                     angle_roll:
   \   00000000                      DS8 4

   \                                 In section .bss, align 1
     32          uint8 Temperature = 0;
   \                     Temperature:
   \   00000000                      DS8 1
     33          
     34          extern int Count;
     35          
     36          
     37          
     38          //-------------------------------------------------------------------------------------------------------------------
     39          //  @brief      åˆå§‹åŒ–L3G4200Dé™€èºä»ª
     40          //  @param      NULL
     41          //  @return     void						
     42          //  @since      v1.0
     43          //  Sample usage:				è°ƒç”¨è¯¥å‡½æ•°å‰ï¼Œè¯·å…ˆè°ƒç”¨æ¨¡æ‹ŸIICçš„åˆå§‹åŒ–
     44          //-------------------------------------------------------------------------------------------------------------------

   \                                 In section .text, align 2, keep-with-next
     45          void InitL3G4200D(void)
     46          {
   \                     InitL3G4200D: (+1)
   \   00000000   0xB580             PUSH     {R7,LR}
     47              simiic_write_reg(L3G4200_DEV_ADD, CTRL_REG1_4200, 0x8f);   //
   \   00000002   0x228F             MOVS     R2,#+143
   \   00000004   0x2120             MOVS     R1,#+32
   \   00000006   0x2069             MOVS     R0,#+105
   \   00000008   0x.... 0x....      BL       simiic_write_reg
     48              simiic_write_reg(L3G4200_DEV_ADD, CTRL_REG2_4200, 0x00);   //00
   \   0000000C   0x2200             MOVS     R2,#+0
   \   0000000E   0x2121             MOVS     R1,#+33
   \   00000010   0x2069             MOVS     R0,#+105
   \   00000012   0x.... 0x....      BL       simiic_write_reg
     49              simiic_write_reg(L3G4200_DEV_ADD, CTRL_REG3_4200, 0x08);   //
   \   00000016   0x2208             MOVS     R2,#+8
   \   00000018   0x2122             MOVS     R1,#+34
   \   0000001A   0x2069             MOVS     R0,#+105
   \   0000001C   0x.... 0x....      BL       simiic_write_reg
     50              simiic_write_reg(L3G4200_DEV_ADD, CTRL_REG4_4200, 0x30);   //+-2000dps
   \   00000020   0x2230             MOVS     R2,#+48
   \   00000022   0x2123             MOVS     R1,#+35
   \   00000024   0x2069             MOVS     R0,#+105
   \   00000026   0x.... 0x....      BL       simiic_write_reg
     51              simiic_write_reg(L3G4200_DEV_ADD, CTRL_REG5_4200, 0x00);
   \   0000002A   0x2200             MOVS     R2,#+0
   \   0000002C   0x2124             MOVS     R1,#+36
   \   0000002E   0x2069             MOVS     R0,#+105
   \   00000030   0x.... 0x....      BL       simiic_write_reg
     52              Temperature = simiic_read_reg(L3G4200_DEV_ADD, OUT_TEMP_4200, IIC);
   \   00000034   0x2200             MOVS     R2,#+0
   \   00000036   0x2126             MOVS     R1,#+38
   \   00000038   0x2069             MOVS     R0,#+105
   \   0000003A   0x.... 0x....      BL       simiic_read_reg
   \   0000003E   0x....             LDR.N    R1,??DataTable1
   \   00000040   0x7008             STRB     R0,[R1, #+0]
     53          }
   \   00000042   0xBD01             POP      {R0,PC}          ;; return
     54          
     55          //-------------------------------------------------------------------------------------------------------------------
     56          //  @brief      è·å–L3G4200Dé™€èºä»ªæ•°æ®
     57          //  @param      NULL
     58          //  @return     void						
     59          //  @since      v1.0
     60          //  Sample usage:				æ‰§è¡Œè¯¥å‡½æ•°åï¼Œç›´æ¥æŸ¥çœ‹å¯¹åº”çš„å˜é‡å³å¯
     61          //-------------------------------------------------------------------------------------------------------------------

   \                                 In section .text, align 2, keep-with-next
     62          void get_l3g4200d(void)
     63          {
   \                     get_l3g4200d: (+1)
   \   00000000   0xE92D 0x43F8      PUSH     {R3-R9,LR}
     64              uint8 gx=0, gy=0, gz=0;
   \   00000004   0x2400             MOVS     R4,#+0
   \   00000006   0x2500             MOVS     R5,#+0
   \   00000008   0x2600             MOVS     R6,#+0
     65              uint16 wgx=0, wgy=0, wgz=0;
   \   0000000A   0x2700             MOVS     R7,#+0
   \   0000000C   0xF05F 0x0800      MOVS     R8,#+0
   \   00000010   0xF05F 0x0900      MOVS     R9,#+0
     66          
     67              if( simiic_read_reg(L3G4200_DEV_ADD, STATUS_REG_4200, IIC)&0x80 )//æŸ¥çœ‹æ•°æ®æ˜¯å¦å‡†å¤‡å¥½äº†ã€‚å¦‚æœæ²¡æœ‰å‡†å¤‡å¥½ï¼Œè¯»å–åˆ™å¯èƒ½è¯»å–åˆ°é”™è¯¯æ•°æ®ã€‚è¯»å–é¢‘ç‡æœ€å¥½æ˜¯é«˜äºæ•°æ®è¾“å‡ºé¢‘ç‡
   \   00000014   0x2200             MOVS     R2,#+0
   \   00000016   0x2127             MOVS     R1,#+39
   \   00000018   0x2069             MOVS     R0,#+105
   \   0000001A   0x.... 0x....      BL       simiic_read_reg
   \   0000001E   0x0600             LSLS     R0,R0,#+24
   \   00000020   0xD530             BPL.N    ??get_l3g4200d_0
     68              {
     69          //        wgx = simiic_read_reg(L3G4200_DEV_ADD, OUT_X_H_4200, IIC);
     70          //		gx = simiic_read_reg(L3G4200_DEV_ADD, OUT_X_L_4200, IIC);
     71          //        gyro_x = (wgx<<8) + gx;
     72          //        gyro_x >>= 3;
     73          
     74          //        wgz = simiic_read_reg(L3G4200_DEV_ADD, OUT_Y_H_4200, IIC);
     75          //		gz = simiic_read_reg(L3G4200_DEV_ADD, OUT_Y_L_4200, IIC);
     76          //        gyro_z = (wgz<<8) + gz;
     77          //        gyro_z >>= 3;
     78          //
     79                  wgy = simiic_read_reg(L3G4200_DEV_ADD, OUT_Z_H_4200, IIC);
   \   00000022   0x2200             MOVS     R2,#+0
   \   00000024   0x212D             MOVS     R1,#+45
   \   00000026   0x2069             MOVS     R0,#+105
   \   00000028   0x.... 0x....      BL       simiic_read_reg
   \   0000002C   0x4680             MOV      R8,R0
     80          		gy = simiic_read_reg(L3G4200_DEV_ADD, OUT_Z_L_4200, IIC);
   \   0000002E   0x2200             MOVS     R2,#+0
   \   00000030   0x212C             MOVS     R1,#+44
   \   00000032   0x2069             MOVS     R0,#+105
   \   00000034   0x.... 0x....      BL       simiic_read_reg
   \   00000038   0x0005             MOVS     R5,R0
     81                  gyro_y = (wgy<<8) + gy;
   \   0000003A   0xFA1F 0xF888      UXTH     R8,R8            ;; ZeroExt  R8,R8,#+16,#+16
   \   0000003E   0xEA5F 0x2008      LSLS     R0,R8,#+8
   \   00000042   0xFA50 0xF085      UXTAB    R0,R0,R5
   \   00000046   0x....             LDR.N    R1,??DataTable1_1
   \   00000048   0x8008             STRH     R0,[R1, #+0]
     82                  gyro_y >>= 3;
   \   0000004A   0x....             LDR.N    R0,??DataTable1_1
   \   0000004C   0xF9B0 0x0000      LDRSH    R0,[R0, #+0]
   \   00000050   0xB200             SXTH     R0,R0            ;; SignExt  R0,R0,#+16,#+16
   \   00000052   0x10C0             ASRS     R0,R0,#+3
   \   00000054   0x....             LDR.N    R1,??DataTable1_1
   \   00000056   0x8008             STRH     R0,[R1, #+0]
     83                          
     84                  angle_pitch += gyro_y;
   \   00000058   0x....             LDR.N    R0,??DataTable1_2
   \   0000005A   0x6800             LDR      R0,[R0, #+0]
   \   0000005C   0x....             LDR.N    R1,??DataTable1_1
   \   0000005E   0xF9B1 0x1000      LDRSH    R1,[R1, #+0]
   \   00000062   0x1840             ADDS     R0,R0,R1
   \   00000064   0x....             LDR.N    R1,??DataTable1_2
   \   00000066   0x6008             STR      R0,[R1, #+0]
     85                  if(Count%100 == 0)
   \   00000068   0x2064             MOVS     R0,#+100
   \   0000006A   0x....             LDR.N    R1,??DataTable1_3
   \   0000006C   0x6809             LDR      R1,[R1, #+0]
   \   0000006E   0x....             LDR.N    R2,??DataTable1_3
   \   00000070   0x6812             LDR      R2,[R2, #+0]
   \   00000072   0xFB92 0xF2F0      SDIV     R2,R2,R0
   \   00000076   0xFB00 0x1012      MLS      R0,R0,R2,R1
   \   0000007A   0x2800             CMP      R0,#+0
   \   0000007C   0xD102             BNE.N    ??get_l3g4200d_0
     86                     angle_pitch = 0;
   \   0000007E   0x2000             MOVS     R0,#+0
   \   00000080   0x....             LDR.N    R1,??DataTable1_2
   \   00000082   0x6008             STR      R0,[R1, #+0]
     87                  
     88              }
     89          }
   \                     ??get_l3g4200d_0: (+1)
   \   00000084   0xE8BD 0x83F1      POP      {R0,R4-R9,PC}    ;; return

   \                                 In section .text, align 4, keep-with-next
   \                     ??DataTable1:
   \   00000000   0x........         DC32     Temperature

   \                                 In section .text, align 4, keep-with-next
   \                     ??DataTable1_1:
   \   00000000   0x........         DC32     gyro_y

   \                                 In section .text, align 4, keep-with-next
   \                     ??DataTable1_2:
   \   00000000   0x........         DC32     angle_pitch

   \                                 In section .text, align 4, keep-with-next
   \                     ??DataTable1_3:
   \   00000000   0x........         DC32     Count

   Maximum stack usage in bytes:

   .cstack Function
   ------- --------
       8   InitL3G4200D
         8   -> simiic_read_reg
         8   -> simiic_write_reg
      32   get_l3g4200d
        32   -> simiic_read_reg


   Section sizes:

   Bytes  Function/Label
   -----  --------------
       4  ??DataTable1
       4  ??DataTable1_1
       4  ??DataTable1_2
       4  ??DataTable1_3
      68  InitL3G4200D
       1  Temperature
       4  angle_pitch
       4  angle_roll
       4  angle_yaw
     136  get_l3g4200d
       2  gyro_x
       2  gyro_y
       2  gyro_z

 
  19 bytes in section .bss
 220 bytes in section .text
 
 220 bytes of CODE memory
  19 bytes of DATA memory

Errors: none
Warnings: 4
