###############################################################################
#
# IAR ANSI C/C++ Compiler V7.20.2.7424/W32 for ARM        10/Jul/2017  21:37:35
# Copyright 1999-2014 IAR Systems AB.
#
#    Cpu mode     =  thumb
#    Endian       =  little
#    Source file  =  
#        C:\Users\lenovo\Desktop\17智能车省赛\LPLD_OSKinetis_V3\project\chase_after（完整程序）\app\Spd_PID.c
#    Command line =  
#        C:\Users\lenovo\Desktop\17智能车省赛\LPLD_OSKinetis_V3\project\chase_after（完整程序）\app\Spd_PID.c
#        -D LPLD_K60 -D USE_K60F12 -lCN
#        C:\Users\lenovo\Desktop\17智能车省赛\LPLD_OSKinetis_V3\project\chase_after（完整程序）\iar\FLASH\List\
#        -lB
#        C:\Users\lenovo\Desktop\17智能车省赛\LPLD_OSKinetis_V3\project\chase_after（完整程序）\iar\FLASH\List\
#        -o
#        C:\Users\lenovo\Desktop\17智能车省赛\LPLD_OSKinetis_V3\project\chase_after（完整程序）\iar\FLASH\Obj\
#        --no_cse --no_unroll --no_inline --no_code_motion --no_tbaa
#        --no_clustering --no_scheduling --debug --endian=little
#        --cpu=Cortex-M4F -e --fpu=None --dlib_config
#        D:\IAR\arm\INC\c\DLib_Config_Normal.h -I
#        C:\Users\lenovo\Desktop\17智能车省赛\LPLD_OSKinetis_V3\project\chase_after（完整程序）\iar\..\app\
#        -I
#        C:\Users\lenovo\Desktop\17智能车省赛\LPLD_OSKinetis_V3\project\chase_after（完整程序）\iar\..\..\..\lib\CPU\
#        -I
#        C:\Users\lenovo\Desktop\17智能车省赛\LPLD_OSKinetis_V3\project\chase_after（完整程序）\iar\..\..\..\lib\common\
#        -I
#        C:\Users\lenovo\Desktop\17智能车省赛\LPLD_OSKinetis_V3\project\chase_after（完整程序）\iar\..\..\..\lib\LPLD\
#        -I
#        C:\Users\lenovo\Desktop\17智能车省赛\LPLD_OSKinetis_V3\project\chase_after（完整程序）\iar\..\..\..\lib\LPLD\HW\
#        -I
#        C:\Users\lenovo\Desktop\17智能车省赛\LPLD_OSKinetis_V3\project\chase_after（完整程序）\iar\..\..\..\lib\LPLD\DEV\
#        -I
#        C:\Users\lenovo\Desktop\17智能车省赛\LPLD_OSKinetis_V3\project\chase_after（完整程序）\iar\..\..\..\lib\LPLD\FUNC\
#        -I
#        C:\Users\lenovo\Desktop\17智能车省赛\LPLD_OSKinetis_V3\project\chase_after（完整程序）\iar\..\..\..\lib\uCOS-II\Ports\
#        -I
#        C:\Users\lenovo\Desktop\17智能车省赛\LPLD_OSKinetis_V3\project\chase_after（完整程序）\iar\..\..\..\lib\uCOS-II\Source\
#        -I
#        C:\Users\lenovo\Desktop\17智能车省赛\LPLD_OSKinetis_V3\project\chase_after（完整程序）\iar\..\..\..\lib\FatFs\
#        -I
#        C:\Users\lenovo\Desktop\17智能车省赛\LPLD_OSKinetis_V3\project\chase_after（完整程序）\iar\..\..\..\lib\FatFs\option\
#        -I
#        C:\Users\lenovo\Desktop\17智能车省赛\LPLD_OSKinetis_V3\project\chase_after（完整程序）\iar\..\..\..\lib\USB\common\
#        -I
#        C:\Users\lenovo\Desktop\17智能车省赛\LPLD_OSKinetis_V3\project\chase_after（完整程序）\iar\..\..\..\lib\USB\driver\
#        -I
#        C:\Users\lenovo\Desktop\17智能车省赛\LPLD_OSKinetis_V3\project\chase_after（完整程序）\iar\..\..\..\lib\USB\descriptor\
#        -I
#        C:\Users\lenovo\Desktop\17智能车省赛\LPLD_OSKinetis_V3\project\chase_after（完整程序）\iar\..\..\..\lib\USB\class\
#        -Ol -I D:\IAR\arm\CMSIS\Include\ -D ARM_MATH_CM4
#    List file    =  
#        C:\Users\lenovo\Desktop\17智能车省赛\LPLD_OSKinetis_V3\project\chase_after（完整程序）\iar\FLASH\List\Spd_PID.lst
#    Object file  =  
#        C:\Users\lenovo\Desktop\17智能车省赛\LPLD_OSKinetis_V3\project\chase_after（完整程序）\iar\FLASH\Obj\Spd_PID.o
#
###############################################################################

C:\Users\lenovo\Desktop\17智能车省赛\LPLD_OSKinetis_V3\project\chase_after（完整程序）\app\Spd_PID.c
      1          #include "Includes.h"
      2          
      3          extern float percent_ahead;
      4          extern float percent_behind;
      5          extern uint8  trend;
      6          extern uint8  Flag_Follow;
      7          extern uint8  OverTake;
      8          extern uint8  Family_Status;
      9          extern uint8  Case1_Behind_IslandStop;
     10          extern uint8  Flag_Island;
     11          extern uint8  Flag_Ramp;
     12          extern uint8  Flag_Stop;
     13          extern uint8  Turn_Around;
     14          extern uint8  final;
     15          extern uint8  final_Last;
     16          extern uint8  Flag_Island;
     17          extern uint8  Flag_Island_Last;
     18          extern uint8 Spd_Switch;
     19          extern uint8 Case2_Ahead_KeepSide; 
     20          extern long int IslandIn_Distance;
     21          extern int Mixed_Distance;
     22          extern int Derivative_Error;
     23          extern int EnterCurve_SumDis;
     24          extern int EnterStrai_SumDis;
     25          extern int EnterStrai_SumDis_Last;
     26          extern int TurnSwitch_Distance;
     27          extern int Grid_Distance;
     28          extern int Grid_Error;
     29          extern int Grid_Error_Last;
     30          extern int Grid_Error_Last2;
     31          extern int Grid_Error_Last3;
     32          extern int Ud,Ud_error,Ud_Last;
     33          extern int Rudder_Mid;
     34          extern int Pre_Error[];
     35          extern int peak[];
     36          extern int Error;
     37          extern int Distance;
     38          extern int Flag_Island_Confirm;
     39          extern int Flag_Island_Confirm_Last;
     40          extern long int IslandAdmit_Distance; 
     41          extern int IslandAdmit_Distance_Last; 
     42          extern long int Sum_Distance;
     43          extern int Stop_Distance;
     44          extern int Count;
     45          extern uint8 OverTake_CrossRoad;
     46          extern uint8 Case3_Ahead_Stop;
     47          extern uint8 Case3_Behind_Pass;
     48          extern uint8 AheadStop_BehindAccel;
     49          extern struct Rudder Angle;
     50          extern struct Speed Spd;
     51          

   \                                 In section .data, align 4
     52          float Kq=0.1, Kd1=30, Kd2=40;
   \                     Kq:
   \   00000000   0x3DCCCCCD         DC32 3DCCCCCDH

   \                                 In section .data, align 4
   \                     Kd1:
   \   00000000   0x41F00000         DC32 41F00000H

   \                                 In section .data, align 4
   \                     Kd2:
   \   00000000   0x42200000         DC32 42200000H
     53          
     54          /*
     55          Function：老大PIDT
     56          Return：Null
     57          */

   \                                 In section .text, align 2, keep-with-next
     58          void Elder_Spd_Ctrl()
     59          {
   \                     Elder_Spd_Ctrl: (+1)
   \   00000000   0xB570             PUSH     {R4-R6,LR}
     60            //变量更新
     61            Spd.error = Spd.target - Spd.feedback;
   \   00000002   0x.... 0x....      LDR.W    R0,??DataTable4
   \   00000006   0x6800             LDR      R0,[R0, #+0]
   \   00000008   0x.... 0x....      LDR.W    R1,??DataTable4
   \   0000000C   0x6989             LDR      R1,[R1, #+24]
   \   0000000E   0x1A40             SUBS     R0,R0,R1
   \   00000010   0x.... 0x....      LDR.W    R1,??DataTable4
   \   00000014   0x60C8             STR      R0,[R1, #+12]
     62            Spd.drror = Spd.error - Spd.error_last;
   \   00000016   0x.... 0x....      LDR.W    R0,??DataTable4
   \   0000001A   0x68C0             LDR      R0,[R0, #+12]
   \   0000001C   0x.... 0x....      LDR.W    R1,??DataTable4
   \   00000020   0x6909             LDR      R1,[R1, #+16]
   \   00000022   0x1A40             SUBS     R0,R0,R1
   \   00000024   0x.... 0x....      LDR.W    R1,??DataTable4
   \   00000028   0x6148             STR      R0,[R1, #+20]
     63            Spd.tag_error = (int)(Spd.target-Spd.preTarget[7]);
   \   0000002A   0x.... 0x....      LDR.W    R0,??DataTable4
   \   0000002E   0x6800             LDR      R0,[R0, #+0]
   \   00000030   0x.... 0x....      BL       __aeabi_i2f
   \   00000034   0x.... 0x....      LDR.W    R1,??DataTable4
   \   00000038   0x6FC9             LDR      R1,[R1, #+124]
   \   0000003A   0x.... 0x....      BL       __aeabi_fsub
   \   0000003E   0x.... 0x....      BL       __aeabi_f2iz
   \   00000042   0x.... 0x....      LDR.W    R1,??DataTable4
   \   00000046   0x6088             STR      R0,[R1, #+8]
     64            
     65            
     66            Ud = (int)(Kq*Ud + (1-Kq)*Spd.error + Kq*Kd1*Spd.drror);  
   \   00000048   0x.... 0x....      LDR.W    R0,??DataTable4_1
   \   0000004C   0x6800             LDR      R0,[R0, #+0]
   \   0000004E   0x.... 0x....      BL       __aeabi_i2f
   \   00000052   0x.... 0x....      LDR.W    R1,??DataTable4_2
   \   00000056   0x6809             LDR      R1,[R1, #+0]
   \   00000058   0x.... 0x....      BL       __aeabi_fmul
   \   0000005C   0x0004             MOVS     R4,R0
   \   0000005E   0xF05F 0x507E      MOVS     R0,#+1065353216
   \   00000062   0x.... 0x....      LDR.W    R1,??DataTable4_2
   \   00000066   0x6809             LDR      R1,[R1, #+0]
   \   00000068   0x.... 0x....      BL       __aeabi_fsub
   \   0000006C   0x0005             MOVS     R5,R0
   \   0000006E   0x.... 0x....      LDR.W    R0,??DataTable4
   \   00000072   0x68C0             LDR      R0,[R0, #+12]
   \   00000074   0x.... 0x....      BL       __aeabi_i2f
   \   00000078   0x0029             MOVS     R1,R5
   \   0000007A   0x.... 0x....      BL       __aeabi_fmul
   \   0000007E   0x0021             MOVS     R1,R4
   \   00000080   0x.... 0x....      BL       __aeabi_fadd
   \   00000084   0x0004             MOVS     R4,R0
   \   00000086   0x.... 0x....      LDR.W    R0,??DataTable4_2
   \   0000008A   0x6801             LDR      R1,[R0, #+0]
   \   0000008C   0x.... 0x....      LDR.W    R0,??DataTable4_3
   \   00000090   0x6800             LDR      R0,[R0, #+0]
   \   00000092   0x.... 0x....      BL       __aeabi_fmul
   \   00000096   0x0005             MOVS     R5,R0
   \   00000098   0x.... 0x....      LDR.W    R0,??DataTable4
   \   0000009C   0x6940             LDR      R0,[R0, #+20]
   \   0000009E   0x.... 0x....      BL       __aeabi_i2f
   \   000000A2   0x0029             MOVS     R1,R5
   \   000000A4   0x.... 0x....      BL       __aeabi_fmul
   \   000000A8   0x0021             MOVS     R1,R4
   \   000000AA   0x.... 0x....      BL       __aeabi_fadd
   \   000000AE   0x.... 0x....      BL       __aeabi_f2iz
   \   000000B2   0x.... 0x....      LDR.W    R1,??DataTable4_1
   \   000000B6   0x6008             STR      R0,[R1, #+0]
     67            if(Ud > 250)   Ud = 250;
   \   000000B8   0x.... 0x....      LDR.W    R0,??DataTable4_1
   \   000000BC   0x6800             LDR      R0,[R0, #+0]
   \   000000BE   0x28FB             CMP      R0,#+251
   \   000000C0   0xDB04             BLT.N    ??Elder_Spd_Ctrl_0
   \   000000C2   0x20FA             MOVS     R0,#+250
   \   000000C4   0x.... 0x....      LDR.W    R1,??DataTable4_1
   \   000000C8   0x6008             STR      R0,[R1, #+0]
   \   000000CA   0xE00A             B.N      ??Elder_Spd_Ctrl_1
     68            else if(Ud < -250)  Ud = -250; 
   \                     ??Elder_Spd_Ctrl_0: (+1)
   \   000000CC   0x.... 0x....      LDR.W    R0,??DataTable4_1
   \   000000D0   0x6800             LDR      R0,[R0, #+0]
   \   000000D2   0xF110 0x0FFA      CMN      R0,#+250
   \   000000D6   0xDA04             BGE.N    ??Elder_Spd_Ctrl_1
   \   000000D8   0xF07F 0x00F9      MVNS     R0,#+249
   \   000000DC   0x.... 0x....      LDR.W    R1,??DataTable4_1
   \   000000E0   0x6008             STR      R0,[R1, #+0]
     69            
     70            Ud_error = Ud - Ud_Last;
   \                     ??Elder_Spd_Ctrl_1: (+1)
   \   000000E2   0x.... 0x....      LDR.W    R0,??DataTable4_1
   \   000000E6   0x6800             LDR      R0,[R0, #+0]
   \   000000E8   0x.... 0x....      LDR.W    R1,??DataTable4_4
   \   000000EC   0x6809             LDR      R1,[R1, #+0]
   \   000000EE   0x1A40             SUBS     R0,R0,R1
   \   000000F0   0x.... 0x....      LDR.W    R1,??DataTable4_5
   \   000000F4   0x6008             STR      R0,[R1, #+0]
     71            Ud_Last = Ud;
   \   000000F6   0x.... 0x....      LDR.W    R0,??DataTable4_1
   \   000000FA   0x6800             LDR      R0,[R0, #+0]
   \   000000FC   0x.... 0x....      LDR.W    R1,??DataTable4_4
   \   00000100   0x6008             STR      R0,[R1, #+0]
     72            
     73            for(int i=0; i<9; i++)
   \   00000102   0x2000             MOVS     R0,#+0
   \   00000104   0xE00A             B.N      ??Elder_Spd_Ctrl_2
     74               Spd.pre_feedback[i] = Spd.pre_feedback[i+1];
   \                     ??Elder_Spd_Ctrl_3: (+1)
   \   00000106   0x.... 0x....      LDR.W    R1,??DataTable4
   \   0000010A   0xEB11 0x0180      ADDS     R1,R1,R0, LSL #+2
   \   0000010E   0x6AC9             LDR      R1,[R1, #+44]
   \   00000110   0x.... 0x....      LDR.W    R2,??DataTable4
   \   00000114   0xEB12 0x0280      ADDS     R2,R2,R0, LSL #+2
   \   00000118   0x6291             STR      R1,[R2, #+40]
   \   0000011A   0x1C40             ADDS     R0,R0,#+1
   \                     ??Elder_Spd_Ctrl_2: (+1)
   \   0000011C   0x2809             CMP      R0,#+9
   \   0000011E   0xDBF2             BLT.N    ??Elder_Spd_Ctrl_3
     75            Spd.pre_feedback[9] = Spd.feedback;
   \   00000120   0x.... 0x....      LDR.W    R0,??DataTable4
   \   00000124   0x6980             LDR      R0,[R0, #+24]
   \   00000126   0x.... 0x....      LDR.W    R1,??DataTable4
   \   0000012A   0x64C8             STR      R0,[R1, #+76]
     76            for(int i=0; i<9; i++)
   \   0000012C   0x2000             MOVS     R0,#+0
   \   0000012E   0xE00A             B.N      ??Elder_Spd_Ctrl_4
     77               Spd.preTarget[i] = Spd.preTarget[i+1];
   \                     ??Elder_Spd_Ctrl_5: (+1)
   \   00000130   0x.... 0x....      LDR.W    R1,??DataTable4
   \   00000134   0xEB11 0x0180      ADDS     R1,R1,R0, LSL #+2
   \   00000138   0x6E49             LDR      R1,[R1, #+100]
   \   0000013A   0x.... 0x....      LDR.W    R2,??DataTable4
   \   0000013E   0xEB12 0x0280      ADDS     R2,R2,R0, LSL #+2
   \   00000142   0x6611             STR      R1,[R2, #+96]
   \   00000144   0x1C40             ADDS     R0,R0,#+1
   \                     ??Elder_Spd_Ctrl_4: (+1)
   \   00000146   0x2809             CMP      R0,#+9
   \   00000148   0xDBF2             BLT.N    ??Elder_Spd_Ctrl_5
     78            
     79            Spd.preTarget[9] = Spd.target;
   \   0000014A   0x.... 0x....      LDR.W    R0,??DataTable4
   \   0000014E   0x6800             LDR      R0,[R0, #+0]
   \   00000150   0x.... 0x....      BL       __aeabi_i2f
   \   00000154   0x.... 0x....      LDR.W    R1,??DataTable4
   \   00000158   0xF8C1 0x0084      STR      R0,[R1, #+132]
     80            Spd.error_last = Spd.error;
   \   0000015C   0x.... 0x....      LDR.W    R0,??DataTable4
   \   00000160   0x68C0             LDR      R0,[R0, #+12]
   \   00000162   0x.... 0x....      LDR.W    R1,??DataTable4
   \   00000166   0x6108             STR      R0,[R1, #+16]
     81           
     82            //PID
     83            float P_Max=30,P_Min=12;
   \   00000168   0x.... 0x....      LDR.W    R5,??DataTable4_6  ;; 0x41f00000
   \   0000016C   0x.... 0x....      LDR.W    R4,??DataTable4_7  ;; 0x41400000
     84            Spd.P = P_Min + ((P_Max-P_Min)*Spd.error)/130;
   \   00000170   0x0028             MOVS     R0,R5
   \   00000172   0x0021             MOVS     R1,R4
   \   00000174   0x.... 0x....      BL       __aeabi_fsub
   \   00000178   0x0006             MOVS     R6,R0
   \   0000017A   0x.... 0x....      LDR.W    R0,??DataTable4
   \   0000017E   0x68C0             LDR      R0,[R0, #+12]
   \   00000180   0x.... 0x....      BL       __aeabi_i2f
   \   00000184   0x0031             MOVS     R1,R6
   \   00000186   0x.... 0x....      BL       __aeabi_fmul
   \   0000018A   0x.... 0x....      LDR.W    R1,??DataTable4_8  ;; 0x43020000
   \   0000018E   0x.... 0x....      BL       __aeabi_fdiv
   \   00000192   0x0021             MOVS     R1,R4
   \   00000194   0x.... 0x....      BL       __aeabi_fadd
   \   00000198   0x.... 0x....      LDR.W    R1,??DataTable4
   \   0000019C   0x6508             STR      R0,[R1, #+80]
     85            if(Spd.P > P_Max)      Spd.P = P_Max;  
   \   0000019E   0x0028             MOVS     R0,R5
   \   000001A0   0x.... 0x....      LDR.W    R1,??DataTable4
   \   000001A4   0x6D09             LDR      R1,[R1, #+80]
   \   000001A6   0x.... 0x....      BL       __aeabi_cfcmple
   \   000001AA   0xD202             BCS.N    ??Elder_Spd_Ctrl_6
   \   000001AC   0x.... 0x....      LDR.W    R0,??DataTable4
   \   000001B0   0x6505             STR      R5,[R0, #+80]
     86            if(Spd.P < P_Min)      Spd.P = P_Min;  
   \                     ??Elder_Spd_Ctrl_6: (+1)
   \   000001B2   0x.... 0x....      LDR.W    R0,??DataTable4
   \   000001B6   0x6D00             LDR      R0,[R0, #+80]
   \   000001B8   0x0021             MOVS     R1,R4
   \   000001BA   0x.... 0x....      BL       __aeabi_cfcmple
   \   000001BE   0xD202             BCS.N    ??Elder_Spd_Ctrl_7
   \   000001C0   0x.... 0x....      LDR.W    R0,??DataTable4
   \   000001C4   0x6504             STR      R4,[R0, #+80]
     87            
     88            Spd.P = 18;
   \                     ??Elder_Spd_Ctrl_7: (+1)
   \   000001C6   0x.... 0x....      LDR.W    R0,??DataTable4_9  ;; 0x41900000
   \   000001CA   0x.... 0x....      LDR.W    R1,??DataTable4
   \   000001CE   0x6508             STR      R0,[R1, #+80]
     89            Spd.I = 4;
   \   000001D0   0xF05F 0x4081      MOVS     R0,#+1082130432
   \   000001D4   0x.... 0x....      LDR.W    R1,??DataTable4
   \   000001D8   0x6548             STR      R0,[R1, #+84]
     90            
     91            //直道超车缓减速
     92            if(Case2_Ahead_KeepSide == 1)
   \   000001DA   0x.... 0x....      LDR.W    R0,??DataTable4_10
   \   000001DE   0x7800             LDRB     R0,[R0, #+0]
   \   000001E0   0x2801             CMP      R0,#+1
   \   000001E2   0xD109             BNE.N    ??Elder_Spd_Ctrl_8
     93              {
     94                Spd.P = 30;
   \   000001E4   0x.... 0x....      LDR.W    R0,??DataTable4_6  ;; 0x41f00000
   \   000001E8   0x.... 0x....      LDR.W    R1,??DataTable4
   \   000001EC   0x6508             STR      R0,[R1, #+80]
     95                Spd.I = 10;    
   \   000001EE   0x.... 0x....      LDR.W    R0,??DataTable4_11  ;; 0x41200000
   \   000001F2   0x.... 0x....      LDR.W    R1,??DataTable4
   \   000001F6   0x6548             STR      R0,[R1, #+84]
     96              }
     97            
     98            //猛减速
     99            if(Spd.target == 0)
   \                     ??Elder_Spd_Ctrl_8: (+1)
   \   000001F8   0x.... 0x....      LDR.W    R0,??DataTable4
   \   000001FC   0x6800             LDR      R0,[R0, #+0]
   \   000001FE   0x2800             CMP      R0,#+0
   \   00000200   0xD109             BNE.N    ??Elder_Spd_Ctrl_9
    100              {
    101                Spd.P = 10;
   \   00000202   0x.... 0x....      LDR.W    R0,??DataTable4_11  ;; 0x41200000
   \   00000206   0x.... 0x....      LDR.W    R1,??DataTable4
   \   0000020A   0x6508             STR      R0,[R1, #+80]
    102                Spd.I = 3;    
   \   0000020C   0x.... 0x....      LDR.W    R0,??DataTable4_12  ;; 0x40400000
   \   00000210   0x.... 0x....      LDR.W    R1,??DataTable4
   \   00000214   0x6548             STR      R0,[R1, #+84]
    103              }
    104          
    105              if(Flag_Island_Confirm!=0 || final!=0 || Flag_Island!=0 || AheadStop_BehindAccel==1)
   \                     ??Elder_Spd_Ctrl_9: (+1)
   \   00000216   0x.... 0x....      LDR.W    R0,??DataTable4_13
   \   0000021A   0x6800             LDR      R0,[R0, #+0]
   \   0000021C   0x2800             CMP      R0,#+0
   \   0000021E   0xD10E             BNE.N    ??Elder_Spd_Ctrl_10
   \   00000220   0x.... 0x....      LDR.W    R0,??DataTable4_14
   \   00000224   0x7800             LDRB     R0,[R0, #+0]
   \   00000226   0x2800             CMP      R0,#+0
   \   00000228   0xD109             BNE.N    ??Elder_Spd_Ctrl_10
   \   0000022A   0x.... 0x....      LDR.W    R0,??DataTable4_15
   \   0000022E   0x7800             LDRB     R0,[R0, #+0]
   \   00000230   0x2800             CMP      R0,#+0
   \   00000232   0xD104             BNE.N    ??Elder_Spd_Ctrl_10
   \   00000234   0x.... 0x....      LDR.W    R0,??DataTable4_16
   \   00000238   0x7800             LDRB     R0,[R0, #+0]
   \   0000023A   0x2801             CMP      R0,#+1
   \   0000023C   0xD109             BNE.N    ??Elder_Spd_Ctrl_11
    106              {
    107                Spd.P = 40;
   \                     ??Elder_Spd_Ctrl_10: (+1)
   \   0000023E   0x.... 0x....      LDR.W    R0,??DataTable4_17  ;; 0x42200000
   \   00000242   0x.... 0x....      LDR.W    R1,??DataTable4
   \   00000246   0x6508             STR      R0,[R1, #+80]
    108                Spd.I = 5;      
   \   00000248   0x.... 0x....      LDR.W    R0,??DataTable4_18  ;; 0x40a00000
   \   0000024C   0x.... 0x....      LDR.W    R1,??DataTable4
   \   00000250   0x6548             STR      R0,[R1, #+84]
    109              }
    110          
    111            Spd.MotorPWM += Spd.I*Ud + Spd.P*Ud_error + Spd.T*Spd.tag_error;;
   \                     ??Elder_Spd_Ctrl_11: (+1)
   \   00000252   0x.... 0x....      LDR.W    R0,??DataTable4
   \   00000256   0xF8D0 0x0088      LDR      R0,[R0, #+136]
   \   0000025A   0x.... 0x....      BL       __aeabi_i2f
   \   0000025E   0x0004             MOVS     R4,R0
   \   00000260   0x.... 0x....      LDR.W    R0,??DataTable4_1
   \   00000264   0x6800             LDR      R0,[R0, #+0]
   \   00000266   0x.... 0x....      BL       __aeabi_i2f
   \   0000026A   0x.... 0x....      LDR.W    R1,??DataTable4
   \   0000026E   0x6D49             LDR      R1,[R1, #+84]
   \   00000270   0x.... 0x....      BL       __aeabi_fmul
   \   00000274   0x0005             MOVS     R5,R0
   \   00000276   0x.... 0x....      LDR.W    R0,??DataTable4_5
   \   0000027A   0x6800             LDR      R0,[R0, #+0]
   \   0000027C   0x.... 0x....      BL       __aeabi_i2f
   \   00000280   0x.... 0x....      LDR.W    R1,??DataTable4
   \   00000284   0x6D09             LDR      R1,[R1, #+80]
   \   00000286   0x.... 0x....      BL       __aeabi_fmul
   \   0000028A   0x0029             MOVS     R1,R5
   \   0000028C   0x.... 0x....      BL       __aeabi_fadd
   \   00000290   0x0005             MOVS     R5,R0
   \   00000292   0x.... 0x....      LDR.W    R0,??DataTable4
   \   00000296   0x6880             LDR      R0,[R0, #+8]
   \   00000298   0x.... 0x....      BL       __aeabi_i2f
   \   0000029C   0x.... 0x....      LDR.W    R1,??DataTable4
   \   000002A0   0x6DC9             LDR      R1,[R1, #+92]
   \   000002A2   0x.... 0x....      BL       __aeabi_fmul
   \   000002A6   0x0029             MOVS     R1,R5
   \   000002A8   0x.... 0x....      BL       __aeabi_fadd
   \   000002AC   0x0021             MOVS     R1,R4
   \   000002AE   0x.... 0x....      BL       __aeabi_fadd
   \   000002B2   0x.... 0x....      BL       __aeabi_f2iz
   \   000002B6   0x.... 0x....      LDR.W    R1,??DataTable4
   \   000002BA   0xF8C1 0x0088      STR      R0,[R1, #+136]
    112            
    113             //输出限幅        
    114            if(AheadStop_BehindAccel == 1)
   \   000002BE   0x.... 0x....      LDR.W    R0,??DataTable4_16
   \   000002C2   0x7800             LDRB     R0,[R0, #+0]
   \   000002C4   0x2801             CMP      R0,#+1
   \   000002C6   0xD11D             BNE.N    ??Elder_Spd_Ctrl_12
    115              {
    116                 if(Spd.MotorPWM > 9000)
   \   000002C8   0x.... 0x....      LDR.W    R0,??DataTable4
   \   000002CC   0xF8D0 0x0088      LDR      R0,[R0, #+136]
   \   000002D0   0xF242 0x3129      MOVW     R1,#+9001
   \   000002D4   0x4288             CMP      R0,R1
   \   000002D6   0xDB06             BLT.N    ??Elder_Spd_Ctrl_13
    117                   Spd.MotorPWM = 9000;
   \   000002D8   0xF242 0x3028      MOVW     R0,#+9000
   \   000002DC   0x.... 0x....      LDR.W    R1,??DataTable4
   \   000002E0   0xF8C1 0x0088      STR      R0,[R1, #+136]
   \   000002E4   0xE02B             B.N      ??Elder_Spd_Ctrl_14
    118                 else if(Spd.MotorPWM<-9900 )
   \                     ??Elder_Spd_Ctrl_13: (+1)
   \   000002E6   0x.... 0x....      LDR.W    R0,??DataTable4
   \   000002EA   0xF8D0 0x0088      LDR      R0,[R0, #+136]
   \   000002EE   0x.... 0x....      LDR.W    R1,??DataTable4_19  ;; 0xffffd954
   \   000002F2   0x4288             CMP      R0,R1
   \   000002F4   0xDA23             BGE.N    ??Elder_Spd_Ctrl_14
    119                   Spd.MotorPWM = -9900;  
   \   000002F6   0x.... 0x....      LDR.W    R0,??DataTable4_19  ;; 0xffffd954
   \   000002FA   0x.... 0x....      LDR.W    R1,??DataTable4
   \   000002FE   0xF8C1 0x0088      STR      R0,[R1, #+136]
   \   00000302   0xE01C             B.N      ??Elder_Spd_Ctrl_14
    120              }
    121            else
    122              {
    123                 if(Spd.MotorPWM > 7000)
   \                     ??Elder_Spd_Ctrl_12: (+1)
   \   00000304   0x.... 0x....      LDR.W    R0,??DataTable4
   \   00000308   0xF8D0 0x0088      LDR      R0,[R0, #+136]
   \   0000030C   0xF641 0x3159      MOVW     R1,#+7001
   \   00000310   0x4288             CMP      R0,R1
   \   00000312   0xDB06             BLT.N    ??Elder_Spd_Ctrl_15
    124                   Spd.MotorPWM = 7000;
   \   00000314   0xF641 0x3058      MOVW     R0,#+7000
   \   00000318   0x.... 0x....      LDR.W    R1,??DataTable4
   \   0000031C   0xF8C1 0x0088      STR      R0,[R1, #+136]
   \   00000320   0xE00D             B.N      ??Elder_Spd_Ctrl_14
    125                 else if(Spd.MotorPWM<-7000 )
   \                     ??Elder_Spd_Ctrl_15: (+1)
   \   00000322   0x.... 0x....      LDR.W    R0,??DataTable4
   \   00000326   0xF8D0 0x0088      LDR      R0,[R0, #+136]
   \   0000032A   0x.... 0x....      LDR.W    R1,??DataTable4_20  ;; 0xffffe4a8
   \   0000032E   0x4288             CMP      R0,R1
   \   00000330   0xDA05             BGE.N    ??Elder_Spd_Ctrl_14
    126                   Spd.MotorPWM = -7000;  
   \   00000332   0x.... 0x....      LDR.W    R0,??DataTable4_20  ;; 0xffffe4a8
   \   00000336   0x.... 0x....      LDR.W    R1,??DataTable4
   \   0000033A   0xF8C1 0x0088      STR      R0,[R1, #+136]
    127              }
    128          }
   \                     ??Elder_Spd_Ctrl_14: (+1)
   \   0000033E   0xBD70             POP      {R4-R6,PC}       ;; return
    129          
    130          
    131          /*
    132          Function：老二PIDT
    133          Return：Null
    134          */

   \                                 In section .text, align 2, keep-with-next
    135          void Younger_Spd_Ctrl()
    136          {    
   \                     Younger_Spd_Ctrl: (+1)
   \   00000000   0xB538             PUSH     {R3-R5,LR}
    137            //变量更新
    138            Spd.error = Spd.target - Spd.feedback;
   \   00000002   0x.... 0x....      LDR.W    R0,??DataTable4
   \   00000006   0x6800             LDR      R0,[R0, #+0]
   \   00000008   0x.... 0x....      LDR.W    R1,??DataTable4
   \   0000000C   0x6989             LDR      R1,[R1, #+24]
   \   0000000E   0x1A40             SUBS     R0,R0,R1
   \   00000010   0x.... 0x....      LDR.W    R1,??DataTable4
   \   00000014   0x60C8             STR      R0,[R1, #+12]
    139            Spd.drror = Spd.error - Spd.error_last;
   \   00000016   0x.... 0x....      LDR.W    R0,??DataTable4
   \   0000001A   0x68C0             LDR      R0,[R0, #+12]
   \   0000001C   0x.... 0x....      LDR.W    R1,??DataTable4
   \   00000020   0x6909             LDR      R1,[R1, #+16]
   \   00000022   0x1A40             SUBS     R0,R0,R1
   \   00000024   0x.... 0x....      LDR.W    R1,??DataTable4
   \   00000028   0x6148             STR      R0,[R1, #+20]
    140            Spd.tag_error = (int)(Spd.target-Spd.preTarget[2]);
   \   0000002A   0x.... 0x....      LDR.W    R0,??DataTable4
   \   0000002E   0x6800             LDR      R0,[R0, #+0]
   \   00000030   0x.... 0x....      BL       __aeabi_i2f
   \   00000034   0x.... 0x....      LDR.W    R1,??DataTable4
   \   00000038   0x6E89             LDR      R1,[R1, #+104]
   \   0000003A   0x.... 0x....      BL       __aeabi_fsub
   \   0000003E   0x.... 0x....      BL       __aeabi_f2iz
   \   00000042   0x.... 0x....      LDR.W    R1,??DataTable4
   \   00000046   0x6088             STR      R0,[R1, #+8]
    141            
    142            Ud = (int)(Kq*Ud + (1-Kq)*Spd.error + Kq*Kd2*Spd.drror);  
   \   00000048   0x.... 0x....      LDR.W    R0,??DataTable4_1
   \   0000004C   0x6800             LDR      R0,[R0, #+0]
   \   0000004E   0x.... 0x....      BL       __aeabi_i2f
   \   00000052   0x.... 0x....      LDR.W    R1,??DataTable4_2
   \   00000056   0x6809             LDR      R1,[R1, #+0]
   \   00000058   0x.... 0x....      BL       __aeabi_fmul
   \   0000005C   0x0004             MOVS     R4,R0
   \   0000005E   0xF05F 0x507E      MOVS     R0,#+1065353216
   \   00000062   0x.... 0x....      LDR.W    R1,??DataTable4_2
   \   00000066   0x6809             LDR      R1,[R1, #+0]
   \   00000068   0x.... 0x....      BL       __aeabi_fsub
   \   0000006C   0x0005             MOVS     R5,R0
   \   0000006E   0x.... 0x....      LDR.W    R0,??DataTable4
   \   00000072   0x68C0             LDR      R0,[R0, #+12]
   \   00000074   0x.... 0x....      BL       __aeabi_i2f
   \   00000078   0x0029             MOVS     R1,R5
   \   0000007A   0x.... 0x....      BL       __aeabi_fmul
   \   0000007E   0x0021             MOVS     R1,R4
   \   00000080   0x.... 0x....      BL       __aeabi_fadd
   \   00000084   0x0004             MOVS     R4,R0
   \   00000086   0x.... 0x....      LDR.W    R0,??DataTable4_2
   \   0000008A   0x6801             LDR      R1,[R0, #+0]
   \   0000008C   0x.... 0x....      LDR.W    R0,??DataTable4_21
   \   00000090   0x6800             LDR      R0,[R0, #+0]
   \   00000092   0x.... 0x....      BL       __aeabi_fmul
   \   00000096   0x0005             MOVS     R5,R0
   \   00000098   0x.... 0x....      LDR.W    R0,??DataTable4
   \   0000009C   0x6940             LDR      R0,[R0, #+20]
   \   0000009E   0x.... 0x....      BL       __aeabi_i2f
   \   000000A2   0x0029             MOVS     R1,R5
   \   000000A4   0x.... 0x....      BL       __aeabi_fmul
   \   000000A8   0x0021             MOVS     R1,R4
   \   000000AA   0x.... 0x....      BL       __aeabi_fadd
   \   000000AE   0x.... 0x....      BL       __aeabi_f2iz
   \   000000B2   0x.... 0x....      LDR.W    R1,??DataTable4_1
   \   000000B6   0x6008             STR      R0,[R1, #+0]
    143            if(Ud > 250)   Ud = 250;
   \   000000B8   0x.... 0x....      LDR.W    R0,??DataTable4_1
   \   000000BC   0x6800             LDR      R0,[R0, #+0]
   \   000000BE   0x28FB             CMP      R0,#+251
   \   000000C0   0xDB04             BLT.N    ??Younger_Spd_Ctrl_0
   \   000000C2   0x20FA             MOVS     R0,#+250
   \   000000C4   0x.... 0x....      LDR.W    R1,??DataTable4_1
   \   000000C8   0x6008             STR      R0,[R1, #+0]
   \   000000CA   0xE00A             B.N      ??Younger_Spd_Ctrl_1
    144            else if(Ud < -250)  Ud = -250; 
   \                     ??Younger_Spd_Ctrl_0: (+1)
   \   000000CC   0x.... 0x....      LDR.W    R0,??DataTable4_1
   \   000000D0   0x6800             LDR      R0,[R0, #+0]
   \   000000D2   0xF110 0x0FFA      CMN      R0,#+250
   \   000000D6   0xDA04             BGE.N    ??Younger_Spd_Ctrl_1
   \   000000D8   0xF07F 0x00F9      MVNS     R0,#+249
   \   000000DC   0x.... 0x....      LDR.W    R1,??DataTable4_1
   \   000000E0   0x6008             STR      R0,[R1, #+0]
    145            
    146            Ud_error = Ud - Ud_Last;
   \                     ??Younger_Spd_Ctrl_1: (+1)
   \   000000E2   0x.... 0x....      LDR.W    R0,??DataTable4_1
   \   000000E6   0x6800             LDR      R0,[R0, #+0]
   \   000000E8   0x.... 0x....      LDR.W    R1,??DataTable4_4
   \   000000EC   0x6809             LDR      R1,[R1, #+0]
   \   000000EE   0x1A40             SUBS     R0,R0,R1
   \   000000F0   0x.... 0x....      LDR.W    R1,??DataTable4_5
   \   000000F4   0x6008             STR      R0,[R1, #+0]
    147            Ud_Last = Ud;
   \   000000F6   0x.... 0x....      LDR.W    R0,??DataTable4_1
   \   000000FA   0x6800             LDR      R0,[R0, #+0]
   \   000000FC   0x.... 0x....      LDR.W    R1,??DataTable4_4
   \   00000100   0x6008             STR      R0,[R1, #+0]
    148            
    149            for(int i=0; i<9; i++)
   \   00000102   0x2000             MOVS     R0,#+0
   \   00000104   0xE00A             B.N      ??Younger_Spd_Ctrl_2
    150               Spd.pre_feedback[i] = Spd.pre_feedback[i+1];
   \                     ??Younger_Spd_Ctrl_3: (+1)
   \   00000106   0x.... 0x....      LDR.W    R1,??DataTable4
   \   0000010A   0xEB11 0x0180      ADDS     R1,R1,R0, LSL #+2
   \   0000010E   0x6AC9             LDR      R1,[R1, #+44]
   \   00000110   0x.... 0x....      LDR.W    R2,??DataTable4
   \   00000114   0xEB12 0x0280      ADDS     R2,R2,R0, LSL #+2
   \   00000118   0x6291             STR      R1,[R2, #+40]
   \   0000011A   0x1C40             ADDS     R0,R0,#+1
   \                     ??Younger_Spd_Ctrl_2: (+1)
   \   0000011C   0x2809             CMP      R0,#+9
   \   0000011E   0xDBF2             BLT.N    ??Younger_Spd_Ctrl_3
    151            Spd.pre_feedback[9] = Spd.feedback;
   \   00000120   0x.... 0x....      LDR.W    R0,??DataTable4
   \   00000124   0x6980             LDR      R0,[R0, #+24]
   \   00000126   0x.... 0x....      LDR.W    R1,??DataTable4
   \   0000012A   0x64C8             STR      R0,[R1, #+76]
    152            for(int i=0; i<9; i++)
   \   0000012C   0x2000             MOVS     R0,#+0
   \   0000012E   0xE00A             B.N      ??Younger_Spd_Ctrl_4
    153               Spd.preTarget[i] = Spd.preTarget[i+1];
   \                     ??Younger_Spd_Ctrl_5: (+1)
   \   00000130   0x.... 0x....      LDR.W    R1,??DataTable4
   \   00000134   0xEB11 0x0180      ADDS     R1,R1,R0, LSL #+2
   \   00000138   0x6E49             LDR      R1,[R1, #+100]
   \   0000013A   0x.... 0x....      LDR.W    R2,??DataTable4
   \   0000013E   0xEB12 0x0280      ADDS     R2,R2,R0, LSL #+2
   \   00000142   0x6611             STR      R1,[R2, #+96]
   \   00000144   0x1C40             ADDS     R0,R0,#+1
   \                     ??Younger_Spd_Ctrl_4: (+1)
   \   00000146   0x2809             CMP      R0,#+9
   \   00000148   0xDBF2             BLT.N    ??Younger_Spd_Ctrl_5
    154            
    155            Spd.preTarget[9] = Spd.target;
   \   0000014A   0x.... 0x....      LDR.W    R0,??DataTable4
   \   0000014E   0x6800             LDR      R0,[R0, #+0]
   \   00000150   0x.... 0x....      BL       __aeabi_i2f
   \   00000154   0x....             LDR.N    R1,??DataTable4
   \   00000156   0xF8C1 0x0084      STR      R0,[R1, #+132]
    156            Spd.error_last = Spd.error;
   \   0000015A   0x....             LDR.N    R0,??DataTable4
   \   0000015C   0x68C0             LDR      R0,[R0, #+12]
   \   0000015E   0x....             LDR.N    R1,??DataTable4
   \   00000160   0x6108             STR      R0,[R1, #+16]
    157           
    158            //PID
    159            Spd.P = 15;
   \   00000162   0x.... 0x....      LDR.W    R0,??DataTable4_22  ;; 0x41700000
   \   00000166   0x....             LDR.N    R1,??DataTable4
   \   00000168   0x6508             STR      R0,[R1, #+80]
    160            Spd.I = 5;
   \   0000016A   0x.... 0x....      LDR.W    R0,??DataTable4_18  ;; 0x40a00000
   \   0000016E   0x....             LDR.N    R1,??DataTable4
   \   00000170   0x6548             STR      R0,[R1, #+84]
    161            Spd.T = 0;
   \   00000172   0x2000             MOVS     R0,#+0
   \   00000174   0x....             LDR.N    R1,??DataTable4
   \   00000176   0x65C8             STR      R0,[R1, #+92]
    162            
    163            if(Spd.error < 0)
   \   00000178   0x....             LDR.N    R0,??DataTable4
   \   0000017A   0x68C0             LDR      R0,[R0, #+12]
   \   0000017C   0x2800             CMP      R0,#+0
   \   0000017E   0xD50D             BPL.N    ??Younger_Spd_Ctrl_6
    164                Spd.P *= 1.2;
   \   00000180   0x....             LDR.N    R0,??DataTable4
   \   00000182   0x6D00             LDR      R0,[R0, #+80]
   \   00000184   0x.... 0x....      BL       __aeabi_f2d
   \   00000188   0xF05F 0x3233      MOVS     R2,#+858993459
   \   0000018C   0x.... 0x....      LDR.W    R3,??DataTable4_23  ;; 0x3ff33333
   \   00000190   0x.... 0x....      BL       __aeabi_dmul
   \   00000194   0x.... 0x....      BL       __aeabi_d2f
   \   00000198   0x....             LDR.N    R1,??DataTable4
   \   0000019A   0x6508             STR      R0,[R1, #+80]
    165            
    166            //直道超车缓减速
    167            if(Case2_Ahead_KeepSide == 1)
   \                     ??Younger_Spd_Ctrl_6: (+1)
   \   0000019C   0x....             LDR.N    R0,??DataTable4_10
   \   0000019E   0x7800             LDRB     R0,[R0, #+0]
   \   000001A0   0x2801             CMP      R0,#+1
   \   000001A2   0xD105             BNE.N    ??Younger_Spd_Ctrl_7
    168              {
    169                Spd.P = 30;
   \   000001A4   0x....             LDR.N    R0,??DataTable4_6  ;; 0x41f00000
   \   000001A6   0x....             LDR.N    R1,??DataTable4
   \   000001A8   0x6508             STR      R0,[R1, #+80]
    170                Spd.I = 10;    
   \   000001AA   0x....             LDR.N    R0,??DataTable4_11  ;; 0x41200000
   \   000001AC   0x....             LDR.N    R1,??DataTable4
   \   000001AE   0x6548             STR      R0,[R1, #+84]
    171              }
    172            
    173            //停车猛减速
    174            if(Spd.target == 0)
   \                     ??Younger_Spd_Ctrl_7: (+1)
   \   000001B0   0x....             LDR.N    R0,??DataTable4
   \   000001B2   0x6800             LDR      R0,[R0, #+0]
   \   000001B4   0x2800             CMP      R0,#+0
   \   000001B6   0xD105             BNE.N    ??Younger_Spd_Ctrl_8
    175              {
    176                Spd.P = 10;
   \   000001B8   0x....             LDR.N    R0,??DataTable4_11  ;; 0x41200000
   \   000001BA   0x....             LDR.N    R1,??DataTable4
   \   000001BC   0x6508             STR      R0,[R1, #+80]
    177                Spd.I = 3;    
   \   000001BE   0x....             LDR.N    R0,??DataTable4_12  ;; 0x40400000
   \   000001C0   0x....             LDR.N    R1,??DataTable4
   \   000001C2   0x6548             STR      R0,[R1, #+84]
    178              }
    179              
    180            //环岛猛减速
    181            if(Flag_Island_Confirm!=0 || final!=0 || Flag_Island!=0 || AheadStop_BehindAccel==1)
   \                     ??Younger_Spd_Ctrl_8: (+1)
   \   000001C4   0x....             LDR.N    R0,??DataTable4_13
   \   000001C6   0x6800             LDR      R0,[R0, #+0]
   \   000001C8   0x2800             CMP      R0,#+0
   \   000001CA   0xD10B             BNE.N    ??Younger_Spd_Ctrl_9
   \   000001CC   0x....             LDR.N    R0,??DataTable4_14
   \   000001CE   0x7800             LDRB     R0,[R0, #+0]
   \   000001D0   0x2800             CMP      R0,#+0
   \   000001D2   0xD107             BNE.N    ??Younger_Spd_Ctrl_9
   \   000001D4   0x....             LDR.N    R0,??DataTable4_15
   \   000001D6   0x7800             LDRB     R0,[R0, #+0]
   \   000001D8   0x2800             CMP      R0,#+0
   \   000001DA   0xD103             BNE.N    ??Younger_Spd_Ctrl_9
   \   000001DC   0x....             LDR.N    R0,??DataTable4_16
   \   000001DE   0x7800             LDRB     R0,[R0, #+0]
   \   000001E0   0x2801             CMP      R0,#+1
   \   000001E2   0xD105             BNE.N    ??Younger_Spd_Ctrl_10
    182              {
    183                Spd.P = 50;
   \                     ??Younger_Spd_Ctrl_9: (+1)
   \   000001E4   0x....             LDR.N    R0,??DataTable4_24  ;; 0x42480000
   \   000001E6   0x....             LDR.N    R1,??DataTable4
   \   000001E8   0x6508             STR      R0,[R1, #+80]
    184                Spd.I = 3;      
   \   000001EA   0x....             LDR.N    R0,??DataTable4_12  ;; 0x40400000
   \   000001EC   0x....             LDR.N    R1,??DataTable4
   \   000001EE   0x6548             STR      R0,[R1, #+84]
    185              }
    186            
    187            Spd.MotorPWM += Spd.I*Ud + Spd.P*Ud_error + Spd.T*Spd.tag_error;
   \                     ??Younger_Spd_Ctrl_10: (+1)
   \   000001F0   0x....             LDR.N    R0,??DataTable4
   \   000001F2   0xF8D0 0x0088      LDR      R0,[R0, #+136]
   \   000001F6   0x.... 0x....      BL       __aeabi_i2f
   \   000001FA   0x0004             MOVS     R4,R0
   \   000001FC   0x....             LDR.N    R0,??DataTable4_1
   \   000001FE   0x6800             LDR      R0,[R0, #+0]
   \   00000200   0x.... 0x....      BL       __aeabi_i2f
   \   00000204   0x....             LDR.N    R1,??DataTable4
   \   00000206   0x6D49             LDR      R1,[R1, #+84]
   \   00000208   0x.... 0x....      BL       __aeabi_fmul
   \   0000020C   0x0005             MOVS     R5,R0
   \   0000020E   0x....             LDR.N    R0,??DataTable4_5
   \   00000210   0x6800             LDR      R0,[R0, #+0]
   \   00000212   0x.... 0x....      BL       __aeabi_i2f
   \   00000216   0x....             LDR.N    R1,??DataTable4
   \   00000218   0x6D09             LDR      R1,[R1, #+80]
   \   0000021A   0x.... 0x....      BL       __aeabi_fmul
   \   0000021E   0x0029             MOVS     R1,R5
   \   00000220   0x.... 0x....      BL       __aeabi_fadd
   \   00000224   0x0005             MOVS     R5,R0
   \   00000226   0x....             LDR.N    R0,??DataTable4
   \   00000228   0x6880             LDR      R0,[R0, #+8]
   \   0000022A   0x.... 0x....      BL       __aeabi_i2f
   \   0000022E   0x....             LDR.N    R1,??DataTable4
   \   00000230   0x6DC9             LDR      R1,[R1, #+92]
   \   00000232   0x.... 0x....      BL       __aeabi_fmul
   \   00000236   0x0029             MOVS     R1,R5
   \   00000238   0x.... 0x....      BL       __aeabi_fadd
   \   0000023C   0x0021             MOVS     R1,R4
   \   0000023E   0x.... 0x....      BL       __aeabi_fadd
   \   00000242   0x.... 0x....      BL       __aeabi_f2iz
   \   00000246   0x....             LDR.N    R1,??DataTable4
   \   00000248   0xF8C1 0x0088      STR      R0,[R1, #+136]
    188            
    189            
    190             //输出限幅         
    191            if(AheadStop_BehindAccel == 1)
   \   0000024C   0x....             LDR.N    R0,??DataTable4_16
   \   0000024E   0x7800             LDRB     R0,[R0, #+0]
   \   00000250   0x2801             CMP      R0,#+1
   \   00000252   0xD117             BNE.N    ??Younger_Spd_Ctrl_11
    192              {
    193                 if(Spd.MotorPWM > 9000)
   \   00000254   0x....             LDR.N    R0,??DataTable4
   \   00000256   0xF8D0 0x0088      LDR      R0,[R0, #+136]
   \   0000025A   0xF242 0x3129      MOVW     R1,#+9001
   \   0000025E   0x4288             CMP      R0,R1
   \   00000260   0xDB05             BLT.N    ??Younger_Spd_Ctrl_12
    194                   Spd.MotorPWM = 9000;
   \   00000262   0xF242 0x3028      MOVW     R0,#+9000
   \   00000266   0x....             LDR.N    R1,??DataTable4
   \   00000268   0xF8C1 0x0088      STR      R0,[R1, #+136]
   \   0000026C   0xE021             B.N      ??Younger_Spd_Ctrl_13
    195                 else if(Spd.MotorPWM<-9900 )
   \                     ??Younger_Spd_Ctrl_12: (+1)
   \   0000026E   0x....             LDR.N    R0,??DataTable4
   \   00000270   0xF8D0 0x0088      LDR      R0,[R0, #+136]
   \   00000274   0x....             LDR.N    R1,??DataTable4_19  ;; 0xffffd954
   \   00000276   0x4288             CMP      R0,R1
   \   00000278   0xDA1B             BGE.N    ??Younger_Spd_Ctrl_13
    196                   Spd.MotorPWM = -9900;  
   \   0000027A   0x....             LDR.N    R0,??DataTable4_19  ;; 0xffffd954
   \   0000027C   0x....             LDR.N    R1,??DataTable4
   \   0000027E   0xF8C1 0x0088      STR      R0,[R1, #+136]
   \   00000282   0xE016             B.N      ??Younger_Spd_Ctrl_13
    197              }
    198            else
    199              {
    200                 if(Spd.MotorPWM > 6000)
   \                     ??Younger_Spd_Ctrl_11: (+1)
   \   00000284   0x....             LDR.N    R0,??DataTable4
   \   00000286   0xF8D0 0x0088      LDR      R0,[R0, #+136]
   \   0000028A   0xF241 0x7171      MOVW     R1,#+6001
   \   0000028E   0x4288             CMP      R0,R1
   \   00000290   0xDB05             BLT.N    ??Younger_Spd_Ctrl_14
    201                   Spd.MotorPWM = 6000;
   \   00000292   0xF241 0x7070      MOVW     R0,#+6000
   \   00000296   0x....             LDR.N    R1,??DataTable4
   \   00000298   0xF8C1 0x0088      STR      R0,[R1, #+136]
   \   0000029C   0xE009             B.N      ??Younger_Spd_Ctrl_13
    202                 else if(Spd.MotorPWM<-7000 )
   \                     ??Younger_Spd_Ctrl_14: (+1)
   \   0000029E   0x....             LDR.N    R0,??DataTable4
   \   000002A0   0xF8D0 0x0088      LDR      R0,[R0, #+136]
   \   000002A4   0x....             LDR.N    R1,??DataTable4_20  ;; 0xffffe4a8
   \   000002A6   0x4288             CMP      R0,R1
   \   000002A8   0xDA03             BGE.N    ??Younger_Spd_Ctrl_13
    203                   Spd.MotorPWM = -7000;  
   \   000002AA   0x....             LDR.N    R0,??DataTable4_20  ;; 0xffffe4a8
   \   000002AC   0x....             LDR.N    R1,??DataTable4
   \   000002AE   0xF8C1 0x0088      STR      R0,[R1, #+136]
    204              }
    205          }
   \                     ??Younger_Spd_Ctrl_13: (+1)
   \   000002B2   0xBD31             POP      {R0,R4,R5,PC}    ;; return
    206          
    207          
    208          /*
    209          Function：output the PWM
    210          Return：Null
    211          */

   \                                 In section .text, align 2, keep-with-next
    212          void Motor_Output()
    213          {
   \                     Motor_Output: (+1)
   \   00000000   0xB580             PUSH     {R7,LR}
    214            if( Spd.target==0 && Spd.feedback<(30-20*(Family_Status)) ) 
   \   00000002   0x....             LDR.N    R0,??DataTable4
   \   00000004   0x6800             LDR      R0,[R0, #+0]
   \   00000006   0x2800             CMP      R0,#+0
   \   00000008   0xD112             BNE.N    ??Motor_Output_0
   \   0000000A   0x....             LDR.N    R0,??DataTable4
   \   0000000C   0x6980             LDR      R0,[R0, #+24]
   \   0000000E   0x....             LDR.N    R1,??DataTable4_25
   \   00000010   0x7809             LDRB     R1,[R1, #+0]
   \   00000012   0x2214             MOVS     R2,#+20
   \   00000014   0x4351             MULS     R1,R2,R1
   \   00000016   0xF1D1 0x011E      RSBS     R1,R1,#+30
   \   0000001A   0x4288             CMP      R0,R1
   \   0000001C   0xDA08             BGE.N    ??Motor_Output_0
    215                if(Spd.MotorPWM < 0) 
   \   0000001E   0x....             LDR.N    R0,??DataTable4
   \   00000020   0xF8D0 0x0088      LDR      R0,[R0, #+136]
   \   00000024   0x2800             CMP      R0,#+0
   \   00000026   0xD503             BPL.N    ??Motor_Output_0
    216                     Spd.MotorPWM = 0;  
   \   00000028   0x2000             MOVS     R0,#+0
   \   0000002A   0x....             LDR.N    R1,??DataTable4
   \   0000002C   0xF8C1 0x0088      STR      R0,[R1, #+136]
    217              
    218             if(Spd.MotorPWM > 0)
   \                     ??Motor_Output_0: (+1)
   \   00000030   0x....             LDR.N    R0,??DataTable4
   \   00000032   0xF8D0 0x0088      LDR      R0,[R0, #+136]
   \   00000036   0x2801             CMP      R0,#+1
   \   00000038   0xDB0C             BLT.N    ??Motor_Output_1
    219              { 
    220                 LPLD_FTM_PWM_ChangeDuty(FTM0, FTM_Ch1, 0);
   \   0000003A   0x2200             MOVS     R2,#+0
   \   0000003C   0x2101             MOVS     R1,#+1
   \   0000003E   0x....             LDR.N    R0,??DataTable4_26  ;; 0x40038000
   \   00000040   0x.... 0x....      BL       LPLD_FTM_PWM_ChangeDuty
    221                 LPLD_FTM_PWM_ChangeDuty(FTM0, FTM_Ch2, Spd.MotorPWM );    
   \   00000044   0x....             LDR.N    R0,??DataTable4
   \   00000046   0xF8D0 0x2088      LDR      R2,[R0, #+136]
   \   0000004A   0x2102             MOVS     R1,#+2
   \   0000004C   0x....             LDR.N    R0,??DataTable4_26  ;; 0x40038000
   \   0000004E   0x.... 0x....      BL       LPLD_FTM_PWM_ChangeDuty
   \   00000052   0xE012             B.N      ??Motor_Output_2
    222              }
    223             else
    224              {
    225                 LPLD_FTM_PWM_ChangeDuty(FTM0, FTM_Ch1, (int)(fabs(Spd.MotorPWM)));
   \                     ??Motor_Output_1: (+1)
   \   00000054   0x....             LDR.N    R0,??DataTable4
   \   00000056   0xF8D0 0x0088      LDR      R0,[R0, #+136]
   \   0000005A   0x.... 0x....      BL       __aeabi_i2d
   \   0000005E   0xF031 0x4100      BICS     R1,R1,#0x80000000
   \   00000062   0x.... 0x....      BL       __aeabi_d2iz
   \   00000066   0x0002             MOVS     R2,R0
   \   00000068   0x2101             MOVS     R1,#+1
   \   0000006A   0x....             LDR.N    R0,??DataTable4_26  ;; 0x40038000
   \   0000006C   0x.... 0x....      BL       LPLD_FTM_PWM_ChangeDuty
    226                 LPLD_FTM_PWM_ChangeDuty(FTM0, FTM_Ch2, 0);    
   \   00000070   0x2200             MOVS     R2,#+0
   \   00000072   0x2102             MOVS     R1,#+2
   \   00000074   0x....             LDR.N    R0,??DataTable4_26  ;; 0x40038000
   \   00000076   0x.... 0x....      BL       LPLD_FTM_PWM_ChangeDuty
    227              }
    228          }
   \                     ??Motor_Output_2: (+1)
   \   0000007A   0xBD01             POP      {R0,PC}          ;; return
    229          
    230          
    231          /*
    232          Function：Sample the speed
    233          Return：Null
    234          */

   \                                 In section .text, align 2, keep-with-next
    235          void Spd_Get()
    236          {  
   \                     Spd_Get: (+1)
   \   00000000   0xB510             PUSH     {R4,LR}
    237            Spd.feedback = LPLD_FTM_GetCounter(FTM1); 
   \   00000002   0x....             LDR.N    R0,??DataTable4_27  ;; 0x40039000
   \   00000004   0x.... 0x....      BL       LPLD_FTM_GetCounter
   \   00000008   0x....             LDR.N    R1,??DataTable4
   \   0000000A   0x6188             STR      R0,[R1, #+24]
    238            
    239            if(Spd.feedback<40000 && Spd.feedback >= 0)
   \   0000000C   0x....             LDR.N    R0,??DataTable4
   \   0000000E   0x6980             LDR      R0,[R0, #+24]
   \   00000010   0x1E00             SUBS     R0,R0,#+0
   \   00000012   0xF649 0x4140      MOVW     R1,#+40000
   \   00000016   0x4288             CMP      R0,R1
   \   00000018   0xD205             BCS.N    ??Spd_Get_0
    240               Spd.feedback = -Spd.feedback;
   \   0000001A   0x....             LDR.N    R0,??DataTable4
   \   0000001C   0x6980             LDR      R0,[R0, #+24]
   \   0000001E   0x4240             RSBS     R0,R0,#+0
   \   00000020   0x....             LDR.N    R1,??DataTable4
   \   00000022   0x6188             STR      R0,[R1, #+24]
   \   00000024   0xE010             B.N      ??Spd_Get_1
    241            else if(Spd.feedback>40000 && Spd.feedback<65536)
   \                     ??Spd_Get_0: (+1)
   \   00000026   0x....             LDR.N    R0,??DataTable4
   \   00000028   0x6980             LDR      R0,[R0, #+24]
   \   0000002A   0xF649 0x4141      MOVW     R1,#+40001
   \   0000002E   0x1A40             SUBS     R0,R0,R1
   \   00000030   0xF246 0x31BF      MOVW     R1,#+25535
   \   00000034   0x4288             CMP      R0,R1
   \   00000036   0xD207             BCS.N    ??Spd_Get_1
    242               Spd.feedback = 65535 - LPLD_FTM_GetCounter(FTM1); 
   \   00000038   0xF64F 0x74FF      MOVW     R4,#+65535
   \   0000003C   0x....             LDR.N    R0,??DataTable4_27  ;; 0x40039000
   \   0000003E   0x.... 0x....      BL       LPLD_FTM_GetCounter
   \   00000042   0x1A20             SUBS     R0,R4,R0
   \   00000044   0x....             LDR.N    R1,??DataTable4
   \   00000046   0x6188             STR      R0,[R1, #+24]
    243            
    244            if( fabs(Spd.feedback-Spd.feedback_last) > 10000)
   \                     ??Spd_Get_1: (+1)
   \   00000048   0x....             LDR.N    R0,??DataTable4
   \   0000004A   0x6980             LDR      R0,[R0, #+24]
   \   0000004C   0x....             LDR.N    R1,??DataTable4
   \   0000004E   0x69C9             LDR      R1,[R1, #+28]
   \   00000050   0x1A40             SUBS     R0,R0,R1
   \   00000052   0x.... 0x....      BL       __aeabi_i2d
   \   00000056   0xF031 0x4100      BICS     R1,R1,#0x80000000
   \   0000005A   0x2201             MOVS     R2,#+1
   \   0000005C   0x....             LDR.N    R3,??DataTable4_28  ;; 0x40c38800
   \   0000005E   0x.... 0x....      BL       __aeabi_cdrcmple
   \   00000062   0xD803             BHI.N    ??Spd_Get_2
    245              Spd.feedback = Spd.feedback_last;   
   \   00000064   0x....             LDR.N    R0,??DataTable4
   \   00000066   0x69C0             LDR      R0,[R0, #+28]
   \   00000068   0x....             LDR.N    R1,??DataTable4
   \   0000006A   0x6188             STR      R0,[R1, #+24]
    246            Spd.feedback_last = Spd.feedback;  
   \                     ??Spd_Get_2: (+1)
   \   0000006C   0x....             LDR.N    R0,??DataTable4
   \   0000006E   0x6980             LDR      R0,[R0, #+24]
   \   00000070   0x....             LDR.N    R1,??DataTable4
   \   00000072   0x61C8             STR      R0,[R1, #+28]
    247          
    248            Spd.feedback /= Measuring_Scale;  
   \   00000074   0x....             LDR.N    R0,??DataTable4
   \   00000076   0x6980             LDR      R0,[R0, #+24]
   \   00000078   0x.... 0x....      BL       __aeabi_i2d
   \   0000007C   0x....             LDR.N    R2,??DataTable4_29  ;; 0xc28f5c29
   \   0000007E   0x....             LDR.N    R3,??DataTable4_30  ;; 0x400228f5
   \   00000080   0x.... 0x....      BL       __aeabi_ddiv
   \   00000084   0x.... 0x....      BL       __aeabi_d2iz
   \   00000088   0x....             LDR.N    R1,??DataTable4
   \   0000008A   0x6188             STR      R0,[R1, #+24]
    249              
    250            //防撞停车
    251          //  if(Flag_Island_Confirm==0 && final==0 && Flag_Island==0)
    252          //    if(Sum_Distance > 1000*100)
    253          //      if(Spd.feedback <= 10)
    254          //        Stop_Distance = 300*100;
    255          //
    256            Spd_Filter();
   \   0000008C   0x.... 0x....      BL       Spd_Filter
    257            
    258            LPLD_FTM_ClearCounter(FTM1);     
   \   00000090   0x....             LDR.N    R0,??DataTable4_27  ;; 0x40039000
   \   00000092   0x.... 0x....      BL       LPLD_FTM_ClearCounter
    259          }
   \   00000096   0xBD10             POP      {R4,PC}          ;; return
    260          
    261          
    262          /*
    263          function：filter the Spd.feedback
    264          return：Null
    265          */

   \                                 In section .bss, align 4
    266          float  k;            //k表示卡尔曼增益，K值越大表示此次预测值越接近于测量值，越小表示越接近于上一次的预测值
   \                     k:
   \   00000000                      DS8 4

   \                                 In section .bss, align 4
    267          float  p = 0;        //P值大小可表示收敛速度，越大收敛越快
   \                     p:
   \   00000000                      DS8 4

   \                                 In section .data, align 4
    268          float  Q = 0.05;     //Q和R代表了对预测数据的信任度，Q越大则越相信测量值，R越大则越相信预测值 
   \                     Q:
   \   00000000   0x3D4CCCCD         DC32 3D4CCCCDH

   \                                 In section .data, align 4
    269          float  R = 2.5;      //感觉就是Q太大的话延时小但杂波会增多，R太大就会有滞后。                     
   \                     R:
   \   00000000   0x40200000         DC32 40200000H

   \                                 In section .text, align 2, keep-with-next
    270          void Spd_Filter()
    271          {
   \                     Spd_Filter: (+1)
   \   00000000   0xB510             PUSH     {R4,LR}
    272             p = p+Q;        
   \   00000002   0x....             LDR.N    R0,??DataTable4_31
   \   00000004   0x6801             LDR      R1,[R0, #+0]
   \   00000006   0x....             LDR.N    R0,??DataTable4_32
   \   00000008   0x6800             LDR      R0,[R0, #+0]
   \   0000000A   0x.... 0x....      BL       __aeabi_fadd
   \   0000000E   0x....             LDR.N    R1,??DataTable4_31
   \   00000010   0x6008             STR      R0,[R1, #+0]
    273             k = p/(p+R);    
   \   00000012   0x....             LDR.N    R0,??DataTable4_31
   \   00000014   0x6801             LDR      R1,[R0, #+0]
   \   00000016   0x....             LDR.N    R0,??DataTable4_33
   \   00000018   0x6800             LDR      R0,[R0, #+0]
   \   0000001A   0x.... 0x....      BL       __aeabi_fadd
   \   0000001E   0x0001             MOVS     R1,R0
   \   00000020   0x....             LDR.N    R0,??DataTable4_31
   \   00000022   0x6800             LDR      R0,[R0, #+0]
   \   00000024   0x.... 0x....      BL       __aeabi_fdiv
   \   00000028   0x....             LDR.N    R1,??DataTable4_34
   \   0000002A   0x6008             STR      R0,[R1, #+0]
    274             Spd.filter = (int) ( Spd.filter + k*(Spd.feedback - Spd.filter) );  
   \   0000002C   0x....             LDR.N    R0,??DataTable4
   \   0000002E   0x6A40             LDR      R0,[R0, #+36]
   \   00000030   0x.... 0x....      BL       __aeabi_i2f
   \   00000034   0x0004             MOVS     R4,R0
   \   00000036   0x....             LDR.N    R0,??DataTable4
   \   00000038   0x6980             LDR      R0,[R0, #+24]
   \   0000003A   0x....             LDR.N    R1,??DataTable4
   \   0000003C   0x6A49             LDR      R1,[R1, #+36]
   \   0000003E   0x1A40             SUBS     R0,R0,R1
   \   00000040   0x.... 0x....      BL       __aeabi_i2f
   \   00000044   0x....             LDR.N    R1,??DataTable4_34
   \   00000046   0x6809             LDR      R1,[R1, #+0]
   \   00000048   0x.... 0x....      BL       __aeabi_fmul
   \   0000004C   0x0021             MOVS     R1,R4
   \   0000004E   0x.... 0x....      BL       __aeabi_fadd
   \   00000052   0x.... 0x....      BL       __aeabi_f2iz
   \   00000056   0x....             LDR.N    R1,??DataTable4
   \   00000058   0x6248             STR      R0,[R1, #+36]
    275             p = (1-k)*p;   
   \   0000005A   0xF05F 0x507E      MOVS     R0,#+1065353216
   \   0000005E   0x....             LDR.N    R1,??DataTable4_34
   \   00000060   0x6809             LDR      R1,[R1, #+0]
   \   00000062   0x.... 0x....      BL       __aeabi_fsub
   \   00000066   0x....             LDR.N    R1,??DataTable4_31
   \   00000068   0x6809             LDR      R1,[R1, #+0]
   \   0000006A   0x.... 0x....      BL       __aeabi_fmul
   \   0000006E   0x....             LDR.N    R1,??DataTable4_31
   \   00000070   0x6008             STR      R0,[R1, #+0]
    276             Spd.feedback = Spd.filter;
   \   00000072   0x....             LDR.N    R0,??DataTable4
   \   00000074   0x6A40             LDR      R0,[R0, #+36]
   \   00000076   0x....             LDR.N    R1,??DataTable4
   \   00000078   0x6188             STR      R0,[R1, #+24]
    277          }
   \   0000007A   0xBD10             POP      {R4,PC}          ;; return

   \                                 In section .text, align 4, keep-with-next
   \                     ??DataTable4:
   \   00000000   0x........         DC32     Spd

   \                                 In section .text, align 4, keep-with-next
   \                     ??DataTable4_1:
   \   00000000   0x........         DC32     Ud

   \                                 In section .text, align 4, keep-with-next
   \                     ??DataTable4_2:
   \   00000000   0x........         DC32     Kq

   \                                 In section .text, align 4, keep-with-next
   \                     ??DataTable4_3:
   \   00000000   0x........         DC32     Kd1

   \                                 In section .text, align 4, keep-with-next
   \                     ??DataTable4_4:
   \   00000000   0x........         DC32     Ud_Last

   \                                 In section .text, align 4, keep-with-next
   \                     ??DataTable4_5:
   \   00000000   0x........         DC32     Ud_error

   \                                 In section .text, align 4, keep-with-next
   \                     ??DataTable4_6:
   \   00000000   0x41F00000         DC32     0x41f00000

   \                                 In section .text, align 4, keep-with-next
   \                     ??DataTable4_7:
   \   00000000   0x41400000         DC32     0x41400000

   \                                 In section .text, align 4, keep-with-next
   \                     ??DataTable4_8:
   \   00000000   0x43020000         DC32     0x43020000

   \                                 In section .text, align 4, keep-with-next
   \                     ??DataTable4_9:
   \   00000000   0x41900000         DC32     0x41900000

   \                                 In section .text, align 4, keep-with-next
   \                     ??DataTable4_10:
   \   00000000   0x........         DC32     Case2_Ahead_KeepSide

   \                                 In section .text, align 4, keep-with-next
   \                     ??DataTable4_11:
   \   00000000   0x41200000         DC32     0x41200000

   \                                 In section .text, align 4, keep-with-next
   \                     ??DataTable4_12:
   \   00000000   0x40400000         DC32     0x40400000

   \                                 In section .text, align 4, keep-with-next
   \                     ??DataTable4_13:
   \   00000000   0x........         DC32     Flag_Island_Confirm

   \                                 In section .text, align 4, keep-with-next
   \                     ??DataTable4_14:
   \   00000000   0x........         DC32     final

   \                                 In section .text, align 4, keep-with-next
   \                     ??DataTable4_15:
   \   00000000   0x........         DC32     Flag_Island

   \                                 In section .text, align 4, keep-with-next
   \                     ??DataTable4_16:
   \   00000000   0x........         DC32     AheadStop_BehindAccel

   \                                 In section .text, align 4, keep-with-next
   \                     ??DataTable4_17:
   \   00000000   0x42200000         DC32     0x42200000

   \                                 In section .text, align 4, keep-with-next
   \                     ??DataTable4_18:
   \   00000000   0x40A00000         DC32     0x40a00000

   \                                 In section .text, align 4, keep-with-next
   \                     ??DataTable4_19:
   \   00000000   0xFFFFD954         DC32     0xffffd954

   \                                 In section .text, align 4, keep-with-next
   \                     ??DataTable4_20:
   \   00000000   0xFFFFE4A8         DC32     0xffffe4a8

   \                                 In section .text, align 4, keep-with-next
   \                     ??DataTable4_21:
   \   00000000   0x........         DC32     Kd2

   \                                 In section .text, align 4, keep-with-next
   \                     ??DataTable4_22:
   \   00000000   0x41700000         DC32     0x41700000

   \                                 In section .text, align 4, keep-with-next
   \                     ??DataTable4_23:
   \   00000000   0x3FF33333         DC32     0x3ff33333

   \                                 In section .text, align 4, keep-with-next
   \                     ??DataTable4_24:
   \   00000000   0x42480000         DC32     0x42480000

   \                                 In section .text, align 4, keep-with-next
   \                     ??DataTable4_25:
   \   00000000   0x........         DC32     Family_Status

   \                                 In section .text, align 4, keep-with-next
   \                     ??DataTable4_26:
   \   00000000   0x40038000         DC32     0x40038000

   \                                 In section .text, align 4, keep-with-next
   \                     ??DataTable4_27:
   \   00000000   0x40039000         DC32     0x40039000

   \                                 In section .text, align 4, keep-with-next
   \                     ??DataTable4_28:
   \   00000000   0x40C38800         DC32     0x40c38800

   \                                 In section .text, align 4, keep-with-next
   \                     ??DataTable4_29:
   \   00000000   0xC28F5C29         DC32     0xc28f5c29

   \                                 In section .text, align 4, keep-with-next
   \                     ??DataTable4_30:
   \   00000000   0x400228F5         DC32     0x400228f5

   \                                 In section .text, align 4, keep-with-next
   \                     ??DataTable4_31:
   \   00000000   0x........         DC32     p

   \                                 In section .text, align 4, keep-with-next
   \                     ??DataTable4_32:
   \   00000000   0x........         DC32     Q

   \                                 In section .text, align 4, keep-with-next
   \                     ??DataTable4_33:
   \   00000000   0x........         DC32     R

   \                                 In section .text, align 4, keep-with-next
   \                     ??DataTable4_34:
   \   00000000   0x........         DC32     k

   Maximum stack usage in bytes:

   .cstack Function
   ------- --------
      16   Elder_Spd_Ctrl
        16   -> __aeabi_f2iz
        16   -> __aeabi_fadd
        16   -> __aeabi_fdiv
        16   -> __aeabi_fmul
        16   -> __aeabi_fsub
        16   -> __aeabi_i2f
        16 __aeabi_cfcmple
       8   Motor_Output
         8   -> LPLD_FTM_PWM_ChangeDuty
         8   -> __aeabi_d2iz
         8   -> __aeabi_i2d
       8   Spd_Filter
         8   -> __aeabi_f2iz
         8   -> __aeabi_fadd
         8   -> __aeabi_fdiv
         8   -> __aeabi_fmul
         8   -> __aeabi_fsub
         8   -> __aeabi_i2f
       8   Spd_Get
         8   -> LPLD_FTM_ClearCounter
         8   -> LPLD_FTM_GetCounter
         8   -> Spd_Filter
         8   -> __aeabi_d2iz
         8   -> __aeabi_ddiv
         8   -> __aeabi_i2d
         8 __aeabi_cdrcmple
      16   Younger_Spd_Ctrl
        16   -> __aeabi_d2f
        16   -> __aeabi_dmul
        16   -> __aeabi_f2d
        16   -> __aeabi_f2iz
        16   -> __aeabi_fadd
        16   -> __aeabi_fmul
        16   -> __aeabi_fsub
        16   -> __aeabi_i2f


   Section sizes:

   Bytes  Function/Label
   -----  --------------
       4  ??DataTable4
       4  ??DataTable4_1
       4  ??DataTable4_10
       4  ??DataTable4_11
       4  ??DataTable4_12
       4  ??DataTable4_13
       4  ??DataTable4_14
       4  ??DataTable4_15
       4  ??DataTable4_16
       4  ??DataTable4_17
       4  ??DataTable4_18
       4  ??DataTable4_19
       4  ??DataTable4_2
       4  ??DataTable4_20
       4  ??DataTable4_21
       4  ??DataTable4_22
       4  ??DataTable4_23
       4  ??DataTable4_24
       4  ??DataTable4_25
       4  ??DataTable4_26
       4  ??DataTable4_27
       4  ??DataTable4_28
       4  ??DataTable4_29
       4  ??DataTable4_3
       4  ??DataTable4_30
       4  ??DataTable4_31
       4  ??DataTable4_32
       4  ??DataTable4_33
       4  ??DataTable4_34
       4  ??DataTable4_4
       4  ??DataTable4_5
       4  ??DataTable4_6
       4  ??DataTable4_7
       4  ??DataTable4_8
       4  ??DataTable4_9
     832  Elder_Spd_Ctrl
       4  Kd1
       4  Kd2
       4  Kq
     124  Motor_Output
       4  Q
       4  R
     124  Spd_Filter
     152  Spd_Get
     692  Younger_Spd_Ctrl
       4  k
       4  p

 
     8 bytes in section .bss
    20 bytes in section .data
 2 064 bytes in section .text
 
 2 064 bytes of CODE memory
    28 bytes of DATA memory

Errors: none
Warnings: none
