###############################################################################
#
# IAR ANSI C/C++ Compiler V7.20.2.7424/W32 for ARM        10/Jul/2017  21:37:35
# Copyright 1999-2014 IAR Systems AB.
#
#    Cpu mode     =  thumb
#    Endian       =  little
#    Source file  =  
#        C:\Users\lenovo\Desktop\17智能车省赛\LPLD_OSKinetis_V3\project\chase_after（完整程序）\app\Ultra_Distance.c
#    Command line =  
#        C:\Users\lenovo\Desktop\17智能车省赛\LPLD_OSKinetis_V3\project\chase_after（完整程序）\app\Ultra_Distance.c
#        -D LPLD_K60 -D USE_K60F12 -lCN
#        C:\Users\lenovo\Desktop\17智能车省赛\LPLD_OSKinetis_V3\project\chase_after（完整程序）\iar\FLASH\List\
#        -lB
#        C:\Users\lenovo\Desktop\17智能车省赛\LPLD_OSKinetis_V3\project\chase_after（完整程序）\iar\FLASH\List\
#        -o
#        C:\Users\lenovo\Desktop\17智能车省赛\LPLD_OSKinetis_V3\project\chase_after（完整程序）\iar\FLASH\Obj\
#        --no_cse --no_unroll --no_inline --no_code_motion --no_tbaa
#        --no_clustering --no_scheduling --debug --endian=little
#        --cpu=Cortex-M4F -e --fpu=None --dlib_config
#        D:\IAR\arm\INC\c\DLib_Config_Normal.h -I
#        C:\Users\lenovo\Desktop\17智能车省赛\LPLD_OSKinetis_V3\project\chase_after（完整程序）\iar\..\app\
#        -I
#        C:\Users\lenovo\Desktop\17智能车省赛\LPLD_OSKinetis_V3\project\chase_after（完整程序）\iar\..\..\..\lib\CPU\
#        -I
#        C:\Users\lenovo\Desktop\17智能车省赛\LPLD_OSKinetis_V3\project\chase_after（完整程序）\iar\..\..\..\lib\common\
#        -I
#        C:\Users\lenovo\Desktop\17智能车省赛\LPLD_OSKinetis_V3\project\chase_after（完整程序）\iar\..\..\..\lib\LPLD\
#        -I
#        C:\Users\lenovo\Desktop\17智能车省赛\LPLD_OSKinetis_V3\project\chase_after（完整程序）\iar\..\..\..\lib\LPLD\HW\
#        -I
#        C:\Users\lenovo\Desktop\17智能车省赛\LPLD_OSKinetis_V3\project\chase_after（完整程序）\iar\..\..\..\lib\LPLD\DEV\
#        -I
#        C:\Users\lenovo\Desktop\17智能车省赛\LPLD_OSKinetis_V3\project\chase_after（完整程序）\iar\..\..\..\lib\LPLD\FUNC\
#        -I
#        C:\Users\lenovo\Desktop\17智能车省赛\LPLD_OSKinetis_V3\project\chase_after（完整程序）\iar\..\..\..\lib\uCOS-II\Ports\
#        -I
#        C:\Users\lenovo\Desktop\17智能车省赛\LPLD_OSKinetis_V3\project\chase_after（完整程序）\iar\..\..\..\lib\uCOS-II\Source\
#        -I
#        C:\Users\lenovo\Desktop\17智能车省赛\LPLD_OSKinetis_V3\project\chase_after（完整程序）\iar\..\..\..\lib\FatFs\
#        -I
#        C:\Users\lenovo\Desktop\17智能车省赛\LPLD_OSKinetis_V3\project\chase_after（完整程序）\iar\..\..\..\lib\FatFs\option\
#        -I
#        C:\Users\lenovo\Desktop\17智能车省赛\LPLD_OSKinetis_V3\project\chase_after（完整程序）\iar\..\..\..\lib\USB\common\
#        -I
#        C:\Users\lenovo\Desktop\17智能车省赛\LPLD_OSKinetis_V3\project\chase_after（完整程序）\iar\..\..\..\lib\USB\driver\
#        -I
#        C:\Users\lenovo\Desktop\17智能车省赛\LPLD_OSKinetis_V3\project\chase_after（完整程序）\iar\..\..\..\lib\USB\descriptor\
#        -I
#        C:\Users\lenovo\Desktop\17智能车省赛\LPLD_OSKinetis_V3\project\chase_after（完整程序）\iar\..\..\..\lib\USB\class\
#        -Ol -I D:\IAR\arm\CMSIS\Include\ -D ARM_MATH_CM4
#    List file    =  
#        C:\Users\lenovo\Desktop\17智能车省赛\LPLD_OSKinetis_V3\project\chase_after（完整程序）\iar\FLASH\List\Ultra_Distance.lst
#    Object file  =  
#        C:\Users\lenovo\Desktop\17智能车省赛\LPLD_OSKinetis_V3\project\chase_after（完整程序）\iar\FLASH\Obj\Ultra_Distance.o
#
###############################################################################

C:\Users\lenovo\Desktop\17智能车省赛\LPLD_OSKinetis_V3\project\chase_after（完整程序）\app\Ultra_Distance.c
      1          #include "Includes.h"
      2          

   \                                 In section .data, align 2
      3          uint16 Ultra_Distance_Unfilter = 50;
   \                     Ultra_Distance_Unfilter:
   \   00000000   0x0032             DC16 50

   \                                 In section .bss, align 4
      4          uint16 Pre_Ultra_Distance[10] = {0};
   \                     Pre_Ultra_Distance:
   \   00000000                      DS8 20

   \                                 In section .bss, align 1
      5          uint8 Spd_Set_ZeroStart = 0;
   \                     Spd_Set_ZeroStart:
   \   00000000                      DS8 1

   \                                 In section .bss, align 1
      6          uint8  Flag_Turn;
   \                     Flag_Turn:
   \   00000000                      DS8 1

   \                                 In section .bss, align 4
      7          int   Ultra_Count;
   \                     Ultra_Count:
   \   00000000                      DS8 4

   \                                 In section .bss, align 4
      8          int   Ultra_Count_Last, Ultra_Count_Last2, Ultra_Count_Last3;
   \                     Ultra_Count_Last:
   \   00000000                      DS8 4

   \                                 In section .bss, align 4
   \                     Ultra_Count_Last2:
   \   00000000                      DS8 4

   \                                 In section .bss, align 4
   \                     Ultra_Count_Last3:
   \   00000000                      DS8 4
      9          extern int Count;
     10          extern int Stop_Distance;
     11          extern uint8 Turn_Around;
     12          extern uint8 Flag_Island;
     13          extern uint8 OverTake_Island;
     14          extern uint8 Case1_Behind_IslandFollow;
     15          extern uint8 Case1_Behind_IslandStart;
     16          extern uint8 OverTake_Straight;
     17          extern uint8 Case2_Ahead_KeepSide;  
     18          extern uint8 Case2_Behind_KeepSide;
     19          extern uint32 Case2_Behind_SwitchDis;
     20          extern uint8 Behind_LeaveIsland_ChaseFlag;
     21          extern uint8 SendCommand;
     22          extern uint8 AheadStop_BehindStop;
     23          extern struct Speed Spd;
     24          
     25          

   \                                 In section .text, align 2, keep-with-next
     26          void UltraDis_Measure()
     27          {
   \                     UltraDis_Measure: (+1)
   \   00000000   0xB580             PUSH     {R7,LR}
     28             if(HC_Echo == 1)
   \   00000002   0x210A             MOVS     R1,#+10
   \   00000004   0x....             LDR.N    R0,??DataTable1  ;; 0x400ff000
   \   00000006   0x.... 0x....      BL       LPLD_GPIO_Input_b
   \   0000000A   0x2801             CMP      R0,#+1
   \   0000000C   0xD110             BNE.N    ??UltraDis_Measure_0
     29               {
     30                  PIT->CHANNEL[1].TCTRL &= ~PIT_TCTRL_TEN_MASK;//停止定时器
   \   0000000E   0x....             LDR.N    R0,??DataTable1_1  ;; 0x40037118
   \   00000010   0x6800             LDR      R0,[R0, #+0]
   \   00000012   0x0840             LSRS     R0,R0,#+1
   \   00000014   0x0040             LSLS     R0,R0,#+1
   \   00000016   0x....             LDR.N    R1,??DataTable1_1  ;; 0x40037118
   \   00000018   0x6008             STR      R0,[R1, #+0]
     31                  PIT->CHANNEL[1].LDVAL  = 0XFFFFFFFF;     //加载定时器值
   \   0000001A   0xF05F 0x30FF      MOVS     R0,#-1
   \   0000001E   0x....             LDR.N    R1,??DataTable1_2  ;; 0x40037110
   \   00000020   0x6008             STR      R0,[R1, #+0]
     32                  PIT->CHANNEL[1].TCTRL |= PIT_TCTRL_TEN_MASK;  //使能定时器
   \   00000022   0x....             LDR.N    R0,??DataTable1_1  ;; 0x40037118
   \   00000024   0x6800             LDR      R0,[R0, #+0]
   \   00000026   0xF050 0x0001      ORRS     R0,R0,#0x1
   \   0000002A   0x....             LDR.N    R1,??DataTable1_1  ;; 0x40037118
   \   0000002C   0x6008             STR      R0,[R1, #+0]
   \   0000002E   0xE06F             B.N      ??UltraDis_Measure_1
     33               }
     34             else 
     35               {
     36                  Ultra_Count_Last3 = Ultra_Count_Last2;
   \                     ??UltraDis_Measure_0: (+1)
   \   00000030   0x....             LDR.N    R0,??DataTable1_3
   \   00000032   0x6800             LDR      R0,[R0, #+0]
   \   00000034   0x....             LDR.N    R1,??DataTable1_4
   \   00000036   0x6008             STR      R0,[R1, #+0]
     37                  Ultra_Count_Last2 = Ultra_Count_Last;
   \   00000038   0x....             LDR.N    R0,??DataTable1_5
   \   0000003A   0x6800             LDR      R0,[R0, #+0]
   \   0000003C   0x....             LDR.N    R1,??DataTable1_3
   \   0000003E   0x6008             STR      R0,[R1, #+0]
     38                  Ultra_Count_Last = Ultra_Count;
   \   00000040   0x....             LDR.N    R0,??DataTable1_6
   \   00000042   0x6800             LDR      R0,[R0, #+0]
   \   00000044   0x....             LDR.N    R1,??DataTable1_5
   \   00000046   0x6008             STR      R0,[R1, #+0]
     39                  Ultra_Count = Count;
   \   00000048   0x....             LDR.N    R0,??DataTable1_7
   \   0000004A   0x6800             LDR      R0,[R0, #+0]
   \   0000004C   0x....             LDR.N    R1,??DataTable1_6
   \   0000004E   0x6008             STR      R0,[R1, #+0]
     40                          
     41                  Ultra_Distance_Unfilter = (0xFFFFFFFF - PIT->CHANNEL[1].CVAL)/1200;
   \   00000050   0xF05F 0x30FF      MOVS     R0,#-1
   \   00000054   0x....             LDR.N    R1,??DataTable1_8  ;; 0x40037114
   \   00000056   0x6809             LDR      R1,[R1, #+0]
   \   00000058   0x1A40             SUBS     R0,R0,R1
   \   0000005A   0xF44F 0x6196      MOV      R1,#+1200
   \   0000005E   0xFBB0 0xF0F1      UDIV     R0,R0,R1
   \   00000062   0x....             LDR.N    R1,??DataTable1_9
   \   00000064   0x8008             STRH     R0,[R1, #+0]
     42          
     43                          
     44                  //----Case2（直道超车）的情况下，改变两车之间的前后状态----//  
     45                  if(OverTake_Straight == Yes)
   \   00000066   0x....             LDR.N    R0,??DataTable1_10
   \   00000068   0x7800             LDRB     R0,[R0, #+0]
   \   0000006A   0x2801             CMP      R0,#+1
   \   0000006C   0xD127             BNE.N    ??UltraDis_Measure_2
     46                      //切换前后车条件之一：前车接收到超声波信号
     47                      if(Turn_Around==0 && Ultra_Count-Ultra_Count_Last3<15)
   \   0000006E   0x....             LDR.N    R0,??DataTable1_11
   \   00000070   0x7800             LDRB     R0,[R0, #+0]
   \   00000072   0x2800             CMP      R0,#+0
   \   00000074   0xD123             BNE.N    ??UltraDis_Measure_2
   \   00000076   0x....             LDR.N    R0,??DataTable1_6
   \   00000078   0x6800             LDR      R0,[R0, #+0]
   \   0000007A   0x....             LDR.N    R1,??DataTable1_4
   \   0000007C   0x6809             LDR      R1,[R1, #+0]
   \   0000007E   0x1A40             SUBS     R0,R0,R1
   \   00000080   0x280F             CMP      R0,#+15
   \   00000082   0xDA1C             BGE.N    ??UltraDis_Measure_2
     48                        if(Count>50 && Spd.target==0) 
   \   00000084   0x....             LDR.N    R0,??DataTable1_7
   \   00000086   0x6800             LDR      R0,[R0, #+0]
   \   00000088   0x2833             CMP      R0,#+51
   \   0000008A   0xDB18             BLT.N    ??UltraDis_Measure_2
   \   0000008C   0x....             LDR.N    R0,??DataTable1_12
   \   0000008E   0x6800             LDR      R0,[R0, #+0]
   \   00000090   0x2800             CMP      R0,#+0
   \   00000092   0xD114             BNE.N    ??UltraDis_Measure_2
     49                          {
     50                            if(Case2_Ahead_KeepSide == 1)
   \   00000094   0x....             LDR.N    R0,??DataTable1_13
   \   00000096   0x7800             LDRB     R0,[R0, #+0]
   \   00000098   0x2801             CMP      R0,#+1
   \   0000009A   0xD110             BNE.N    ??UltraDis_Measure_2
     51                              if(Ultra_Distance_Unfilter>60 && Ultra_Distance_Unfilter<290)
   \   0000009C   0x....             LDR.N    R0,??DataTable1_9
   \   0000009E   0x8800             LDRH     R0,[R0, #+0]
   \   000000A0   0x383D             SUBS     R0,R0,#+61
   \   000000A2   0x28E5             CMP      R0,#+229
   \   000000A4   0xD20B             BCS.N    ??UltraDis_Measure_2
     52                                {
     53                                   Turn_Around = 1;
   \   000000A6   0x2001             MOVS     R0,#+1
   \   000000A8   0x....             LDR.N    R1,??DataTable1_11
   \   000000AA   0x7008             STRB     R0,[R1, #+0]
     54                                   SendCommand = Case2_SwitchTurn; 
   \   000000AC   0x2068             MOVS     R0,#+104
   \   000000AE   0x....             LDR.N    R1,??DataTable1_14
   \   000000B0   0x7008             STRB     R0,[R1, #+0]
     55                                   Case2_Ahead_KeepSide = 0;
   \   000000B2   0x2000             MOVS     R0,#+0
   \   000000B4   0x....             LDR.N    R1,??DataTable1_13
   \   000000B6   0x7008             STRB     R0,[R1, #+0]
     56                                   Case2_Behind_KeepSide = 0;
   \   000000B8   0x2000             MOVS     R0,#+0
   \   000000BA   0x....             LDR.N    R1,??DataTable1_15
   \   000000BC   0x7008             STRB     R0,[R1, #+0]
     57                                }               
     58                          }   
     59                  
     60                  //----Case1（换岛超车）的情况下，后车清除环岛等待标志----//
     61                  if(Turn_Around==1 && Flag_Island==0)
   \                     ??UltraDis_Measure_2: (+1)
   \   000000BE   0x....             LDR.N    R0,??DataTable1_11
   \   000000C0   0x7800             LDRB     R0,[R0, #+0]
   \   000000C2   0x2801             CMP      R0,#+1
   \   000000C4   0xD10E             BNE.N    ??UltraDis_Measure_3
   \   000000C6   0x....             LDR.N    R0,??DataTable1_16
   \   000000C8   0x7800             LDRB     R0,[R0, #+0]
   \   000000CA   0x2800             CMP      R0,#+0
   \   000000CC   0xD10A             BNE.N    ??UltraDis_Measure_3
     62                    if(Behind_LeaveIsland_ChaseFlag == 1)
   \   000000CE   0x....             LDR.N    R0,??DataTable1_17
   \   000000D0   0x7800             LDRB     R0,[R0, #+0]
   \   000000D2   0x2801             CMP      R0,#+1
   \   000000D4   0xD106             BNE.N    ??UltraDis_Measure_3
     63                      if(Ultra_Distance_Unfilter < 120)
   \   000000D6   0x....             LDR.N    R0,??DataTable1_9
   \   000000D8   0x8800             LDRH     R0,[R0, #+0]
   \   000000DA   0x2878             CMP      R0,#+120
   \   000000DC   0xDA02             BGE.N    ??UltraDis_Measure_3
     64                          Behind_LeaveIsland_ChaseFlag = 0;
   \   000000DE   0x2000             MOVS     R0,#+0
   \   000000E0   0x....             LDR.N    R1,??DataTable1_17
   \   000000E2   0x7008             STRB     R0,[R1, #+0]
     65                   
     66                  //---------------停车情况下，后车紧急刹车----------------//
     67                  if(AheadStop_BehindStop == 1)
   \                     ??UltraDis_Measure_3: (+1)
   \   000000E4   0x....             LDR.N    R0,??DataTable1_18
   \   000000E6   0x7800             LDRB     R0,[R0, #+0]
   \   000000E8   0x2801             CMP      R0,#+1
   \   000000EA   0xD10B             BNE.N    ??UltraDis_Measure_4
     68                    if(Turn_Around == 1)
   \   000000EC   0x....             LDR.N    R0,??DataTable1_11
   \   000000EE   0x7800             LDRB     R0,[R0, #+0]
   \   000000F0   0x2801             CMP      R0,#+1
   \   000000F2   0xD107             BNE.N    ??UltraDis_Measure_4
     69                       if(Ultra_Distance_Unfilter < 200)
   \   000000F4   0x....             LDR.N    R0,??DataTable1_9
   \   000000F6   0x8800             LDRH     R0,[R0, #+0]
   \   000000F8   0x28C8             CMP      R0,#+200
   \   000000FA   0xDA03             BGE.N    ??UltraDis_Measure_4
     70                          Stop_Distance = 10*100;
   \   000000FC   0xF44F 0x707A      MOV      R0,#+1000
   \   00000100   0x....             LDR.N    R1,??DataTable1_19
   \   00000102   0x6008             STR      R0,[R1, #+0]
     71                      
     72                  PIT->CHANNEL[1].TCTRL  &= ~PIT_TCTRL_TEN_MASK;//停止定时器
   \                     ??UltraDis_Measure_4: (+1)
   \   00000104   0x....             LDR.N    R0,??DataTable1_1  ;; 0x40037118
   \   00000106   0x6800             LDR      R0,[R0, #+0]
   \   00000108   0x0840             LSRS     R0,R0,#+1
   \   0000010A   0x0040             LSLS     R0,R0,#+1
   \   0000010C   0x....             LDR.N    R1,??DataTable1_1  ;; 0x40037118
   \   0000010E   0x6008             STR      R0,[R1, #+0]
     73               }
     74             
     75             UltraDis_Filter();
   \                     ??UltraDis_Measure_1: (+1)
   \   00000110   0x.... 0x....      BL       UltraDis_Filter
     76                 
     77             LPLD_GPIO_ClearIntFlag(PORTA);
   \   00000114   0xF05F 0x30FF      MOVS     R0,#-1
   \   00000118   0x....             LDR.N    R1,??DataTable1_20  ;; 0x400490a0
   \   0000011A   0x6008             STR      R0,[R1, #+0]
     78          }
   \   0000011C   0xBD01             POP      {R0,PC}          ;; return
     79          
     80          

   \                                 In section .text, align 2, keep-with-next
     81          void UltraDis_Filter()
     82          {
     83             //--超声波距离限幅--//
     84             if(Ultra_Distance_Unfilter < 10)
   \                     UltraDis_Filter: (+1)
   \   00000000   0x....             LDR.N    R0,??DataTable1_9
   \   00000002   0x8800             LDRH     R0,[R0, #+0]
   \   00000004   0x280A             CMP      R0,#+10
   \   00000006   0xDA02             BGE.N    ??UltraDis_Filter_0
     85                  Ultra_Distance_Unfilter = 10;
   \   00000008   0x200A             MOVS     R0,#+10
   \   0000000A   0x....             LDR.N    R1,??DataTable1_9
   \   0000000C   0x8008             STRH     R0,[R1, #+0]
     86             if(Ultra_Distance_Unfilter > 300)
   \                     ??UltraDis_Filter_0: (+1)
   \   0000000E   0x....             LDR.N    R0,??DataTable1_9
   \   00000010   0x8800             LDRH     R0,[R0, #+0]
   \   00000012   0xF5B0 0x7F96      CMP      R0,#+300
   \   00000016   0xDD03             BLE.N    ??UltraDis_Filter_1
     87                  Ultra_Distance_Unfilter = 300;
   \   00000018   0xF44F 0x7096      MOV      R0,#+300
   \   0000001C   0x....             LDR.N    R1,??DataTable1_9
   \   0000001E   0x8008             STRH     R0,[R1, #+0]
     88          
     89             //--数组数据更新--//
     90             for(uint8 i=0; i<9; i++)
   \                     ??UltraDis_Filter_1: (+1)
   \   00000020   0x2000             MOVS     R0,#+0
   \   00000022   0xE009             B.N      ??UltraDis_Filter_2
     91                Pre_Ultra_Distance[i] = Pre_Ultra_Distance[i+1];
   \                     ??UltraDis_Filter_3: (+1)
   \   00000024   0x....             LDR.N    R1,??DataTable1_21
   \   00000026   0xB2C0             UXTB     R0,R0            ;; ZeroExt  R0,R0,#+24,#+24
   \   00000028   0xEB11 0x0140      ADDS     R1,R1,R0, LSL #+1
   \   0000002C   0x8849             LDRH     R1,[R1, #+2]
   \   0000002E   0x....             LDR.N    R2,??DataTable1_21
   \   00000030   0xB2C0             UXTB     R0,R0            ;; ZeroExt  R0,R0,#+24,#+24
   \   00000032   0xF822 0x1010      STRH     R1,[R2, R0, LSL #+1]
   \   00000036   0x1C40             ADDS     R0,R0,#+1
   \                     ??UltraDis_Filter_2: (+1)
   \   00000038   0xB2C0             UXTB     R0,R0            ;; ZeroExt  R0,R0,#+24,#+24
   \   0000003A   0x2809             CMP      R0,#+9
   \   0000003C   0xDBF2             BLT.N    ??UltraDis_Filter_3
     92             Pre_Ultra_Distance[9] = Ultra_Distance_Unfilter;   
   \   0000003E   0x....             LDR.N    R0,??DataTable1_9
   \   00000040   0x8800             LDRH     R0,[R0, #+0]
   \   00000042   0x....             LDR.N    R1,??DataTable1_21
   \   00000044   0x8248             STRH     R0,[R1, #+18]
     93          }
   \   00000046   0x4770             BX       LR               ;; return

   \                                 In section .text, align 4, keep-with-next
   \                     ??DataTable1:
   \   00000000   0x400FF000         DC32     0x400ff000

   \                                 In section .text, align 4, keep-with-next
   \                     ??DataTable1_1:
   \   00000000   0x40037118         DC32     0x40037118

   \                                 In section .text, align 4, keep-with-next
   \                     ??DataTable1_2:
   \   00000000   0x40037110         DC32     0x40037110

   \                                 In section .text, align 4, keep-with-next
   \                     ??DataTable1_3:
   \   00000000   0x........         DC32     Ultra_Count_Last2

   \                                 In section .text, align 4, keep-with-next
   \                     ??DataTable1_4:
   \   00000000   0x........         DC32     Ultra_Count_Last3

   \                                 In section .text, align 4, keep-with-next
   \                     ??DataTable1_5:
   \   00000000   0x........         DC32     Ultra_Count_Last

   \                                 In section .text, align 4, keep-with-next
   \                     ??DataTable1_6:
   \   00000000   0x........         DC32     Ultra_Count

   \                                 In section .text, align 4, keep-with-next
   \                     ??DataTable1_7:
   \   00000000   0x........         DC32     Count

   \                                 In section .text, align 4, keep-with-next
   \                     ??DataTable1_8:
   \   00000000   0x40037114         DC32     0x40037114

   \                                 In section .text, align 4, keep-with-next
   \                     ??DataTable1_9:
   \   00000000   0x........         DC32     Ultra_Distance_Unfilter

   \                                 In section .text, align 4, keep-with-next
   \                     ??DataTable1_10:
   \   00000000   0x........         DC32     OverTake_Straight

   \                                 In section .text, align 4, keep-with-next
   \                     ??DataTable1_11:
   \   00000000   0x........         DC32     Turn_Around

   \                                 In section .text, align 4, keep-with-next
   \                     ??DataTable1_12:
   \   00000000   0x........         DC32     Spd

   \                                 In section .text, align 4, keep-with-next
   \                     ??DataTable1_13:
   \   00000000   0x........         DC32     Case2_Ahead_KeepSide

   \                                 In section .text, align 4, keep-with-next
   \                     ??DataTable1_14:
   \   00000000   0x........         DC32     SendCommand

   \                                 In section .text, align 4, keep-with-next
   \                     ??DataTable1_15:
   \   00000000   0x........         DC32     Case2_Behind_KeepSide

   \                                 In section .text, align 4, keep-with-next
   \                     ??DataTable1_16:
   \   00000000   0x........         DC32     Flag_Island

   \                                 In section .text, align 4, keep-with-next
   \                     ??DataTable1_17:
   \   00000000   0x........         DC32     Behind_LeaveIsland_ChaseFlag

   \                                 In section .text, align 4, keep-with-next
   \                     ??DataTable1_18:
   \   00000000   0x........         DC32     AheadStop_BehindStop

   \                                 In section .text, align 4, keep-with-next
   \                     ??DataTable1_19:
   \   00000000   0x........         DC32     Stop_Distance

   \                                 In section .text, align 4, keep-with-next
   \                     ??DataTable1_20:
   \   00000000   0x400490A0         DC32     0x400490a0

   \                                 In section .text, align 4, keep-with-next
   \                     ??DataTable1_21:
   \   00000000   0x........         DC32     Pre_Ultra_Distance
     94          
     95          

   Maximum stack usage in bytes:

   .cstack Function
   ------- --------
       0   UltraDis_Filter
       8   UltraDis_Measure
         8   -> LPLD_GPIO_Input_b
         8   -> UltraDis_Filter


   Section sizes:

   Bytes  Function/Label
   -----  --------------
       4  ??DataTable1
       4  ??DataTable1_1
       4  ??DataTable1_10
       4  ??DataTable1_11
       4  ??DataTable1_12
       4  ??DataTable1_13
       4  ??DataTable1_14
       4  ??DataTable1_15
       4  ??DataTable1_16
       4  ??DataTable1_17
       4  ??DataTable1_18
       4  ??DataTable1_19
       4  ??DataTable1_2
       4  ??DataTable1_20
       4  ??DataTable1_21
       4  ??DataTable1_3
       4  ??DataTable1_4
       4  ??DataTable1_5
       4  ??DataTable1_6
       4  ??DataTable1_7
       4  ??DataTable1_8
       4  ??DataTable1_9
       1  Flag_Turn
      20  Pre_Ultra_Distance
       1  Spd_Set_ZeroStart
      72  UltraDis_Filter
     286  UltraDis_Measure
       4  Ultra_Count
       4  Ultra_Count_Last
       4  Ultra_Count_Last2
       4  Ultra_Count_Last3
       2  Ultra_Distance_Unfilter

 
  38 bytes in section .bss
   2 bytes in section .data
 446 bytes in section .text
 
 446 bytes of CODE memory
  40 bytes of DATA memory

Errors: none
Warnings: none
