###############################################################################
#
# IAR ANSI C/C++ Compiler V7.20.2.7424/W32 for ARM        01/Mar/2017  17:29:17
# Copyright 1999-2014 IAR Systems AB.
#
#    Cpu mode     =  thumb
#    Endian       =  little
#    Source file  =  
#        C:\Users\lenovo\Desktop\17智能车省赛\LPLD_OSKinetis_V3\project\chase_after合并程序(0228)\app\Chase_Distance.c
#    Command line =  
#        "C:\Users\lenovo\Desktop\17智能车省赛\LPLD_OSKinetis_V3\project\chase_after合并程序(0228)\app\Chase_Distance.c"
#        -D LPLD_K60 -D USE_K60F12 -lCN
#        "C:\Users\lenovo\Desktop\17智能车省赛\LPLD_OSKinetis_V3\project\chase_after合并程序(0228)\iar\BOOT\List\"
#        -lB
#        "C:\Users\lenovo\Desktop\17智能车省赛\LPLD_OSKinetis_V3\project\chase_after合并程序(0228)\iar\BOOT\List\"
#        -o
#        "C:\Users\lenovo\Desktop\17智能车省赛\LPLD_OSKinetis_V3\project\chase_after合并程序(0228)\iar\BOOT\Obj\"
#        --no_cse --no_unroll --no_inline --no_code_motion --no_tbaa
#        --no_clustering --no_scheduling --debug --endian=little
#        --cpu=Cortex-M4F -e --fpu=VFPv4_sp --dlib_config
#        D:\IAR\arm\INC\c\DLib_Config_Normal.h -I
#        "C:\Users\lenovo\Desktop\17智能车省赛\LPLD_OSKinetis_V3\project\chase_after合并程序(0228)\iar\..\app\"
#        -I
#        "C:\Users\lenovo\Desktop\17智能车省赛\LPLD_OSKinetis_V3\project\chase_after合并程序(0228)\iar\..\..\..\lib\CPU\"
#        -I
#        "C:\Users\lenovo\Desktop\17智能车省赛\LPLD_OSKinetis_V3\project\chase_after合并程序(0228)\iar\..\..\..\lib\common\"
#        -I
#        "C:\Users\lenovo\Desktop\17智能车省赛\LPLD_OSKinetis_V3\project\chase_after合并程序(0228)\iar\..\..\..\lib\LPLD\"
#        -I
#        "C:\Users\lenovo\Desktop\17智能车省赛\LPLD_OSKinetis_V3\project\chase_after合并程序(0228)\iar\..\..\..\lib\LPLD\HW\"
#        -I
#        "C:\Users\lenovo\Desktop\17智能车省赛\LPLD_OSKinetis_V3\project\chase_after合并程序(0228)\iar\..\..\..\lib\LPLD\DEV\"
#        -I
#        "C:\Users\lenovo\Desktop\17智能车省赛\LPLD_OSKinetis_V3\project\chase_after合并程序(0228)\iar\..\..\..\lib\LPLD\FUNC\"
#        -I
#        "C:\Users\lenovo\Desktop\17智能车省赛\LPLD_OSKinetis_V3\project\chase_after合并程序(0228)\iar\..\..\..\lib\uCOS-II\Ports\"
#        -I
#        "C:\Users\lenovo\Desktop\17智能车省赛\LPLD_OSKinetis_V3\project\chase_after合并程序(0228)\iar\..\..\..\lib\uCOS-II\Source\"
#        -I
#        "C:\Users\lenovo\Desktop\17智能车省赛\LPLD_OSKinetis_V3\project\chase_after合并程序(0228)\iar\..\..\..\lib\FatFs\"
#        -I
#        "C:\Users\lenovo\Desktop\17智能车省赛\LPLD_OSKinetis_V3\project\chase_after合并程序(0228)\iar\..\..\..\lib\FatFs\option\"
#        -I
#        "C:\Users\lenovo\Desktop\17智能车省赛\LPLD_OSKinetis_V3\project\chase_after合并程序(0228)\iar\..\..\..\lib\USB\common\"
#        -I
#        "C:\Users\lenovo\Desktop\17智能车省赛\LPLD_OSKinetis_V3\project\chase_after合并程序(0228)\iar\..\..\..\lib\USB\driver\"
#        -I
#        "C:\Users\lenovo\Desktop\17智能车省赛\LPLD_OSKinetis_V3\project\chase_after合并程序(0228)\iar\..\..\..\lib\USB\descriptor\"
#        -I
#        "C:\Users\lenovo\Desktop\17智能车省赛\LPLD_OSKinetis_V3\project\chase_after合并程序(0228)\iar\..\..\..\lib\USB\class\"
#        -Ol -I D:\IAR\arm\CMSIS\Include\ -D ARM_MATH_CM4
#    List file    =  
#        C:\Users\lenovo\Desktop\17智能车省赛\LPLD_OSKinetis_V3\project\chase_after合并程序(0228)\iar\BOOT\List\Chase_Distance.lst
#    Object file  =  
#        C:\Users\lenovo\Desktop\17智能车省赛\LPLD_OSKinetis_V3\project\chase_after合并程序(0228)\iar\BOOT\Obj\Chase_Distance.o
#
###############################################################################

C:\Users\lenovo\Desktop\17智能车省赛\LPLD_OSKinetis_V3\project\chase_after合并程序(0228)\app\Chase_Distance.c
      1          #include "Includes.h"
      2          

   \                                 In section .data, align 2
      3          uint16 Chase_Distance = 50;
   \                     Chase_Distance:
   \   00000000   0x0032             DC16 50

   \                                 In section .bss, align 4
      4          uint16 Pre_Chase_Distance[10] = {0};
   \                     Pre_Chase_Distance:
   \   00000000                      DS8 20

   \                                 In section .bss, align 1
      5          uint8 behind_start = 0;
   \                     behind_start:
   \   00000000                      DS8 1
      6          extern int Count;
      7          extern uint8 Turn_Around;
      8          
      9          

   \                                 In section .text, align 2, keep-with-next
     10          void Dis_measure()
     11          {
   \                     Dis_measure: (+1)
   \   00000000   0xB580             PUSH     {R7,LR}
     12            //后车通过超 声波测得距离值 
     13            if(Turn_Around == 1)  
   \   00000002   0x....             LDR.N    R0,??DataTable1
   \   00000004   0x7800             LDRB     R0,[R0, #+0]
   \   00000006   0x2801             CMP      R0,#+1
   \   00000008   0xD12D             BNE.N    ??Dis_measure_0
     14              {
     15                if(HC_Echo == 1)
   \   0000000A   0x210A             MOVS     R1,#+10
   \   0000000C   0x....             LDR.N    R0,??DataTable1_1  ;; 0x400ff000
   \   0000000E   0x.... 0x....      BL       LPLD_GPIO_Input_b
   \   00000012   0x2801             CMP      R0,#+1
   \   00000014   0xD110             BNE.N    ??Dis_measure_1
     16                  {
     17                    PIT->CHANNEL[1].TCTRL  &= ~PIT_TCTRL_TEN_MASK;//停止定时器
   \   00000016   0x....             LDR.N    R0,??DataTable1_2  ;; 0x40037118
   \   00000018   0x6800             LDR      R0,[R0, #+0]
   \   0000001A   0x0840             LSRS     R0,R0,#+1
   \   0000001C   0x0040             LSLS     R0,R0,#+1
   \   0000001E   0x....             LDR.N    R1,??DataTable1_2  ;; 0x40037118
   \   00000020   0x6008             STR      R0,[R1, #+0]
     18                    PIT->CHANNEL[1].LDVAL  = 0XFFFFFFFF;     //加载定时器值
   \   00000022   0xF05F 0x30FF      MOVS     R0,#-1
   \   00000026   0x....             LDR.N    R1,??DataTable1_3  ;; 0x40037110
   \   00000028   0x6008             STR      R0,[R1, #+0]
     19                    PIT->CHANNEL[1].TCTRL |= PIT_TCTRL_TEN_MASK;  //使能定时器
   \   0000002A   0x....             LDR.N    R0,??DataTable1_2  ;; 0x40037118
   \   0000002C   0x6800             LDR      R0,[R0, #+0]
   \   0000002E   0xF050 0x0001      ORRS     R0,R0,#0x1
   \   00000032   0x....             LDR.N    R1,??DataTable1_2  ;; 0x40037118
   \   00000034   0x6008             STR      R0,[R1, #+0]
   \   00000036   0xE010             B.N      ??Dis_measure_2
     20                  }
     21                else 
     22                  {
     23                    Chase_Distance = (0xFFFFFFFF - PIT->CHANNEL[1].CVAL)/1200 ;  
   \                     ??Dis_measure_1: (+1)
   \   00000038   0xF05F 0x30FF      MOVS     R0,#-1
   \   0000003C   0x....             LDR.N    R1,??DataTable1_4  ;; 0x40037114
   \   0000003E   0x6809             LDR      R1,[R1, #+0]
   \   00000040   0x1A40             SUBS     R0,R0,R1
   \   00000042   0xF44F 0x6196      MOV      R1,#+1200
   \   00000046   0xFBB0 0xF0F1      UDIV     R0,R0,R1
   \   0000004A   0x....             LDR.N    R1,??DataTable1_5
   \   0000004C   0x8008             STRH     R0,[R1, #+0]
     24                    PIT->CHANNEL[1].TCTRL  &= ~PIT_TCTRL_TEN_MASK;//停止定时器
   \   0000004E   0x....             LDR.N    R0,??DataTable1_2  ;; 0x40037118
   \   00000050   0x6800             LDR      R0,[R0, #+0]
   \   00000052   0x0840             LSRS     R0,R0,#+1
   \   00000054   0x0040             LSLS     R0,R0,#+1
   \   00000056   0x....             LDR.N    R1,??DataTable1_2  ;; 0x40037118
   \   00000058   0x6008             STR      R0,[R1, #+0]
     25                  }  
     26                ChaseDis_Filter();
   \                     ??Dis_measure_2: (+1)
   \   0000005A   0x.... 0x....      BL       ChaseDis_Filter
     27                LPLD_GPIO_ClearIntFlag(PORTE);
   \   0000005E   0xF05F 0x30FF      MOVS     R0,#-1
   \   00000062   0x....             LDR.N    R1,??DataTable1_6  ;; 0x4004d0a0
   \   00000064   0x6008             STR      R0,[R1, #+0]
     28              }
     29          }
   \                     ??Dis_measure_0: (+1)
   \   00000066   0xBD01             POP      {R0,PC}          ;; return
     30          
     31          

   \                                 In section .text, align 2, keep-with-next
     32          void ChaseDis_Filter()
     33          {
     34          //   if(Chase_Distance-Pre_Chase_Distance[9]<-35 && Chase_Distance <10)
     35          //      Chase_Distance = Pre_Chase_Distance[9];
     36          //   if(Chase_Distance-Pre_Chase_Distance[9]>100)
     37          //      Chase_Distance = Pre_Chase_Distance[9];
     38             
     39             
     40             for(uint8 i=0; i<9; i++)
   \                     ChaseDis_Filter: (+1)
   \   00000000   0x2000             MOVS     R0,#+0
   \   00000002   0xE009             B.N      ??ChaseDis_Filter_0
     41                Pre_Chase_Distance[i] = Pre_Chase_Distance[i+1];
   \                     ??ChaseDis_Filter_1: (+1)
   \   00000004   0x....             LDR.N    R1,??DataTable1_7
   \   00000006   0xB2C0             UXTB     R0,R0            ;; ZeroExt  R0,R0,#+24,#+24
   \   00000008   0xEB11 0x0140      ADDS     R1,R1,R0, LSL #+1
   \   0000000C   0x8849             LDRH     R1,[R1, #+2]
   \   0000000E   0x....             LDR.N    R2,??DataTable1_7
   \   00000010   0xB2C0             UXTB     R0,R0            ;; ZeroExt  R0,R0,#+24,#+24
   \   00000012   0xF822 0x1010      STRH     R1,[R2, R0, LSL #+1]
   \   00000016   0x1C40             ADDS     R0,R0,#+1
   \                     ??ChaseDis_Filter_0: (+1)
   \   00000018   0xB2C0             UXTB     R0,R0            ;; ZeroExt  R0,R0,#+24,#+24
   \   0000001A   0x2809             CMP      R0,#+9
   \   0000001C   0xDBF2             BLT.N    ??ChaseDis_Filter_1
     42             Pre_Chase_Distance[9] = Chase_Distance;  
   \   0000001E   0x....             LDR.N    R0,??DataTable1_5
   \   00000020   0x8800             LDRH     R0,[R0, #+0]
   \   00000022   0x....             LDR.N    R1,??DataTable1_7
   \   00000024   0x8248             STRH     R0,[R1, #+18]
     43          }
   \   00000026   0x4770             BX       LR               ;; return

   \                                 In section .text, align 4, keep-with-next
   \                     ??DataTable1:
   \   00000000   0x........         DC32     Turn_Around

   \                                 In section .text, align 4, keep-with-next
   \                     ??DataTable1_1:
   \   00000000   0x400FF000         DC32     0x400ff000

   \                                 In section .text, align 4, keep-with-next
   \                     ??DataTable1_2:
   \   00000000   0x40037118         DC32     0x40037118

   \                                 In section .text, align 4, keep-with-next
   \                     ??DataTable1_3:
   \   00000000   0x40037110         DC32     0x40037110

   \                                 In section .text, align 4, keep-with-next
   \                     ??DataTable1_4:
   \   00000000   0x40037114         DC32     0x40037114

   \                                 In section .text, align 4, keep-with-next
   \                     ??DataTable1_5:
   \   00000000   0x........         DC32     Chase_Distance

   \                                 In section .text, align 4, keep-with-next
   \                     ??DataTable1_6:
   \   00000000   0x4004D0A0         DC32     0x4004d0a0

   \                                 In section .text, align 4, keep-with-next
   \                     ??DataTable1_7:
   \   00000000   0x........         DC32     Pre_Chase_Distance
     44          
     45          

   Maximum stack usage in bytes:

   .cstack Function
   ------- --------
       0   ChaseDis_Filter
       8   Dis_measure
         8   -> ChaseDis_Filter
         8   -> LPLD_GPIO_Input_b


   Section sizes:

   Bytes  Function/Label
   -----  --------------
       4  ??DataTable1
       4  ??DataTable1_1
       4  ??DataTable1_2
       4  ??DataTable1_3
       4  ??DataTable1_4
       4  ??DataTable1_5
       4  ??DataTable1_6
       4  ??DataTable1_7
      40  ChaseDis_Filter
       2  Chase_Distance
     104  Dis_measure
      20  Pre_Chase_Distance
       1  behind_start

 
  21 bytes in section .bss
   2 bytes in section .data
 176 bytes in section .text
 
 176 bytes of CODE memory
  23 bytes of DATA memory

Errors: none
Warnings: none
