###############################################################################
#
# IAR ANSI C/C++ Compiler V7.20.2.7424/W32 for ARM        01/Mar/2017  22:00:35
# Copyright 1999-2014 IAR Systems AB.
#
#    Cpu mode     =  thumb
#    Endian       =  little
#    Source file  =  
#        C:\Users\lenovo\Desktop\17智能车省赛\LPLD_OSKinetis_V3\project\chase_after合并程序(0228)\app\Dis_Calc.c
#    Command line =  
#        "C:\Users\lenovo\Desktop\17智能车省赛\LPLD_OSKinetis_V3\project\chase_after合并程序(0228)\app\Dis_Calc.c"
#        -D LPLD_K60 -D USE_K60F12 -lCN
#        "C:\Users\lenovo\Desktop\17智能车省赛\LPLD_OSKinetis_V3\project\chase_after合并程序(0228)\iar\BOOT\List\"
#        -lB
#        "C:\Users\lenovo\Desktop\17智能车省赛\LPLD_OSKinetis_V3\project\chase_after合并程序(0228)\iar\BOOT\List\"
#        -o
#        "C:\Users\lenovo\Desktop\17智能车省赛\LPLD_OSKinetis_V3\project\chase_after合并程序(0228)\iar\BOOT\Obj\"
#        --no_cse --no_unroll --no_inline --no_code_motion --no_tbaa
#        --no_clustering --no_scheduling --debug --endian=little
#        --cpu=Cortex-M4F -e --fpu=VFPv4_sp --dlib_config
#        D:\IAR\arm\INC\c\DLib_Config_Normal.h -I
#        "C:\Users\lenovo\Desktop\17智能车省赛\LPLD_OSKinetis_V3\project\chase_after合并程序(0228)\iar\..\app\"
#        -I
#        "C:\Users\lenovo\Desktop\17智能车省赛\LPLD_OSKinetis_V3\project\chase_after合并程序(0228)\iar\..\..\..\lib\CPU\"
#        -I
#        "C:\Users\lenovo\Desktop\17智能车省赛\LPLD_OSKinetis_V3\project\chase_after合并程序(0228)\iar\..\..\..\lib\common\"
#        -I
#        "C:\Users\lenovo\Desktop\17智能车省赛\LPLD_OSKinetis_V3\project\chase_after合并程序(0228)\iar\..\..\..\lib\LPLD\"
#        -I
#        "C:\Users\lenovo\Desktop\17智能车省赛\LPLD_OSKinetis_V3\project\chase_after合并程序(0228)\iar\..\..\..\lib\LPLD\HW\"
#        -I
#        "C:\Users\lenovo\Desktop\17智能车省赛\LPLD_OSKinetis_V3\project\chase_after合并程序(0228)\iar\..\..\..\lib\LPLD\DEV\"
#        -I
#        "C:\Users\lenovo\Desktop\17智能车省赛\LPLD_OSKinetis_V3\project\chase_after合并程序(0228)\iar\..\..\..\lib\LPLD\FUNC\"
#        -I
#        "C:\Users\lenovo\Desktop\17智能车省赛\LPLD_OSKinetis_V3\project\chase_after合并程序(0228)\iar\..\..\..\lib\uCOS-II\Ports\"
#        -I
#        "C:\Users\lenovo\Desktop\17智能车省赛\LPLD_OSKinetis_V3\project\chase_after合并程序(0228)\iar\..\..\..\lib\uCOS-II\Source\"
#        -I
#        "C:\Users\lenovo\Desktop\17智能车省赛\LPLD_OSKinetis_V3\project\chase_after合并程序(0228)\iar\..\..\..\lib\FatFs\"
#        -I
#        "C:\Users\lenovo\Desktop\17智能车省赛\LPLD_OSKinetis_V3\project\chase_after合并程序(0228)\iar\..\..\..\lib\FatFs\option\"
#        -I
#        "C:\Users\lenovo\Desktop\17智能车省赛\LPLD_OSKinetis_V3\project\chase_after合并程序(0228)\iar\..\..\..\lib\USB\common\"
#        -I
#        "C:\Users\lenovo\Desktop\17智能车省赛\LPLD_OSKinetis_V3\project\chase_after合并程序(0228)\iar\..\..\..\lib\USB\driver\"
#        -I
#        "C:\Users\lenovo\Desktop\17智能车省赛\LPLD_OSKinetis_V3\project\chase_after合并程序(0228)\iar\..\..\..\lib\USB\descriptor\"
#        -I
#        "C:\Users\lenovo\Desktop\17智能车省赛\LPLD_OSKinetis_V3\project\chase_after合并程序(0228)\iar\..\..\..\lib\USB\class\"
#        -Ol -I D:\IAR\arm\CMSIS\Include\ -D ARM_MATH_CM4
#    List file    =  
#        C:\Users\lenovo\Desktop\17智能车省赛\LPLD_OSKinetis_V3\project\chase_after合并程序(0228)\iar\BOOT\List\Dis_Calc.lst
#    Object file  =  
#        C:\Users\lenovo\Desktop\17智能车省赛\LPLD_OSKinetis_V3\project\chase_after合并程序(0228)\iar\BOOT\Obj\Dis_Calc.o
#
###############################################################################

C:\Users\lenovo\Desktop\17智能车省赛\LPLD_OSKinetis_V3\project\chase_after合并程序(0228)\app\Dis_Calc.c
      1          #include "Includes.h"
      2          //变量定义与声明

   \                                 In section .bss, align 4
      3          uint8  sensor[7][SampleNum] = {0}; //电感的多个采样值
   \                     sensor:
   \   00000000                      DS8 352

   \                                 In section .bss, align 4
      4          int    peak[7] = {0}; //每个电感的峰峰值
   \                     peak:
   \   00000000                      DS8 28

   \                                 In section .bss, align 4
      5          int    E_Max[7] = {0};     //电感1，2，3最大电压值
   \                     E_Max:
   \   00000000                      DS8 28

   \                                 In section .bss, align 1
      6          uint8  Flag_Island = 0; //0:正常, 1:环岛内
   \                     Flag_Island:
   \   00000000                      DS8 1

   \                                 In section .bss, align 1
      7          uint8  Flag_Ramp = 0;   //0:正常，1:坡道
   \                     Flag_Ramp:
   \   00000000                      DS8 1

   \                                 In section .bss, align 1
      8          uint8  Flag_Island_Last = 0;
   \                     Flag_Island_Last:
   \   00000000                      DS8 1

   \                                 In section .bss, align 1
      9          uint8  Flag_Stop = 0;
   \                     Flag_Stop:
   \   00000000                      DS8 1

   \                                 In section .data, align 4
     10          int    Pre_Peak_Ramp[10] = {100};
   \                     Pre_Peak_Ramp:
   \   00000000   0x00000064         DC32 100, 0, 0, 0, 0, 0, 0, 0, 0, 0
   \              0x00000000   
   \              0x00000000   
   \              0x00000000   
   \              0x00000000   
   \              0x00000000   
   \              0x00000000   
   \              0x00000000   
   \              0x00000000   
   \              0x00000000   

   \                                 In section .bss, align 4
     11          int    Pre_Peak5[20];
   \                     Pre_Peak5:
   \   00000000                      DS8 80

   \                                 In section .bss, align 4
     12          int    Peak5_Filter ;
   \                     Peak5_Filter:
   \   00000000                      DS8 4

   \                                 In section .bss, align 4
     13          int    Pre_Peak6[20];
   \                     Pre_Peak6:
   \   00000000                      DS8 80

   \                                 In section .bss, align 4
     14          int    Peak6_Filter ;
   \                     Peak6_Filter:
   \   00000000                      DS8 4

   \                                 In section .bss, align 4
     15          int    Sum_Peak_Ramp = 0;
   \                     Sum_Peak_Ramp:
   \   00000000                      DS8 4

   \                                 In section .bss, align 4
     16          int    Distance_Ramp=0;
   \                     Distance_Ramp:
   \   00000000                      DS8 4

   \                                 In section .bss, align 4
     17          int    Pre_Distance[10] = {0};
   \                     Pre_Distance:
   \   00000000                      DS8 40

   \                                 In section .bss, align 4
     18          int    peak2;
   \                     peak2:
   \   00000000                      DS8 4

   \                                 In section .bss, align 4
     19          float  dis_sensor[5] = {0};  //每个电感到跑道中心的距离
   \                     dis_sensor:
   \   00000000                      DS8 20
     20          extern int Distance;
     21          extern int Flag_Island_Confirm;
     22          extern uint8 Turn_Around;
     23          extern uint8 Family_Status;
     24          extern uint8 final;
     25          extern struct Speed Spd;
     26          extern int Flag_Island_Confirm_Last;
     27          extern uint8 Flag_Island_Turn;
     28          
     29          //int Sensor_Parame =1300;
     30          //中断采值

   \                                 In section .text, align 2, keep-with-next
     31          void Dis_Calc()
     32          {
   \                     Dis_Calc: (+1)
   \   00000000   0xB580             PUSH     {R7,LR}
     33            ad_convert();
   \   00000002   0x.... 0x....      BL       ad_convert
     34            peak_calc();
   \   00000006   0x.... 0x....      BL       peak_calc
     35            Island_Judge();
   \   0000000A   0x.... 0x....      BL       Island_Judge
     36            Distance = (int)dis_calcu(); 
   \   0000000E   0x.... 0x....      BL       dis_calcu
   \   00000012   0xEEBD 0x0AC0      VCVT.S32.F32 S0,S0
   \   00000016   0x.... 0x....      LDR.W    R0,??DataTable5_2
   \   0000001A   0xED80 0x0A00      VSTR     S0,[R0, #0]
     37            Prevent_LostLine(); 
   \   0000001E   0x.... 0x....      BL       Prevent_LostLine
     38          }
   \   00000022   0xBD01             POP      {R0,PC}          ;; return
     39          
     40          
     41          //防丢线

   \                                 In section .text, align 2, keep-with-next
     42          void Prevent_LostLine()
     43          {
   \                     Prevent_LostLine: (+1)
   \   00000000   0xB580             PUSH     {R7,LR}
     44            //环岛外路径 防丢线
     45            if(fabs(Distance - Pre_Distance[9])>8 && Flag_Ramp==0
     46               && Flag_Island_Confirm==0 && Flag_Island==0 && final==0)//&& Flag_Ramp==0
   \   00000002   0x.... 0x....      LDR.W    R0,??DataTable5_2
   \   00000006   0x6800             LDR      R0,[R0, #+0]
   \   00000008   0x.... 0x....      LDR.W    R1,??DataTable5_3
   \   0000000C   0x6A49             LDR      R1,[R1, #+36]
   \   0000000E   0x1A40             SUBS     R0,R0,R1
   \   00000010   0x.... 0x....      BL       __aeabi_i2d
   \   00000014   0xF031 0x4100      BICS     R1,R1,#0x80000000
   \   00000018   0x2201             MOVS     R2,#+1
   \   0000001A   0x.... 0x....      LDR.W    R3,??DataTable5_4  ;; 0x40200000
   \   0000001E   0x.... 0x....      BL       __aeabi_cdrcmple
   \   00000022   0xD818             BHI.N    ??Prevent_LostLine_0
   \   00000024   0x.... 0x....      LDR.W    R0,??DataTable5_5
   \   00000028   0x7800             LDRB     R0,[R0, #+0]
   \   0000002A   0x.... 0x....      LDR.W    R1,??DataTable5_6
   \   0000002E   0x6809             LDR      R1,[R1, #+0]
   \   00000030   0x4308             ORRS     R0,R1,R0
   \   00000032   0x2800             CMP      R0,#+0
   \   00000034   0xD10F             BNE.N    ??Prevent_LostLine_0
   \   00000036   0x.... 0x....      LDR.W    R0,??DataTable5_7
   \   0000003A   0x7800             LDRB     R0,[R0, #+0]
   \   0000003C   0x2800             CMP      R0,#+0
   \   0000003E   0xD10A             BNE.N    ??Prevent_LostLine_0
   \   00000040   0x.... 0x....      LDR.W    R0,??DataTable5_8
   \   00000044   0x7800             LDRB     R0,[R0, #+0]
   \   00000046   0x2800             CMP      R0,#+0
   \   00000048   0xD105             BNE.N    ??Prevent_LostLine_0
     47               Distance = Pre_Distance[9];
   \   0000004A   0x.... 0x....      LDR.W    R0,??DataTable5_3
   \   0000004E   0x6A40             LDR      R0,[R0, #+36]
   \   00000050   0x.... 0x....      LDR.W    R1,??DataTable5_2
   \   00000054   0x6008             STR      R0,[R1, #+0]
     48            
     49            //环岛内路径 防丢线
     50          //  if(fabs(Distance- Pre_Distance[9])>15 && Flag_Ramp==0 && Flag_Island==1
     51          //      && Flag_Island_Confirm_Last==0)
     52          //     Distance = Pre_Distance[9];
     53          //  Flag_Island_Confirm_Last = Flag_Island_Confirm;
     54            
     55            Flag_Island_Last = Flag_Island;
   \                     ??Prevent_LostLine_0: (+1)
   \   00000056   0x.... 0x....      LDR.W    R0,??DataTable5_7
   \   0000005A   0x7800             LDRB     R0,[R0, #+0]
   \   0000005C   0x.... 0x....      LDR.W    R1,??DataTable5_9
   \   00000060   0x7008             STRB     R0,[R1, #+0]
     56            for(uint8 i=0; i<9; i++)
   \   00000062   0x2000             MOVS     R0,#+0
   \   00000064   0xE00B             B.N      ??Prevent_LostLine_1
     57               Pre_Distance[i] = Pre_Distance[i+1];
   \                     ??Prevent_LostLine_2: (+1)
   \   00000066   0x.... 0x....      LDR.W    R1,??DataTable5_3
   \   0000006A   0xB2C0             UXTB     R0,R0            ;; ZeroExt  R0,R0,#+24,#+24
   \   0000006C   0xEB11 0x0180      ADDS     R1,R1,R0, LSL #+2
   \   00000070   0x6849             LDR      R1,[R1, #+4]
   \   00000072   0x.... 0x....      LDR.W    R2,??DataTable5_3
   \   00000076   0xB2C0             UXTB     R0,R0            ;; ZeroExt  R0,R0,#+24,#+24
   \   00000078   0xF842 0x1020      STR      R1,[R2, R0, LSL #+2]
   \   0000007C   0x1C40             ADDS     R0,R0,#+1
   \                     ??Prevent_LostLine_1: (+1)
   \   0000007E   0xB2C0             UXTB     R0,R0            ;; ZeroExt  R0,R0,#+24,#+24
   \   00000080   0x2809             CMP      R0,#+9
   \   00000082   0xDBF0             BLT.N    ??Prevent_LostLine_2
     58            Pre_Distance[9] = Distance;
   \   00000084   0x.... 0x....      LDR.W    R0,??DataTable5_2
   \   00000088   0x6800             LDR      R0,[R0, #+0]
   \   0000008A   0x.... 0x....      LDR.W    R1,??DataTable5_3
   \   0000008E   0x6248             STR      R0,[R1, #+36]
     59          }
   \   00000090   0xBD01             POP      {R0,PC}          ;; return
     60          
     61          //开机采值

   \                                 In section .text, align 2, keep-with-next
     62          void Set_SensorPara()
     63          {
   \                     Set_SensorPara: (+1)
   \   00000000   0xB510             PUSH     {R4,LR}
     64            //解算峰峰值
     65            //采值
     66            for(uint16 i=0; i<SampleNum; i++)
   \   00000002   0x2400             MOVS     R4,#+0
   \   00000004   0xE04D             B.N      ??Set_SensorPara_0
     67             {
     68                  sensor[0][i] = LPLD_ADC_Get(ADC1, AD12);
   \                     ??Set_SensorPara_1: (+1)
   \   00000006   0x210C             MOVS     R1,#+12
   \   00000008   0x.... 0x....      LDR.W    R0,??DataTable5_10  ;; 0x400bb000
   \   0000000C   0x.... 0x....      BL       LPLD_ADC_Get
   \   00000010   0x.... 0x....      LDR.W    R1,??DataTable5_11
   \   00000014   0xB2A4             UXTH     R4,R4            ;; ZeroExt  R4,R4,#+16,#+16
   \   00000016   0x5460             STRB     R0,[R4, R1]
     69                  sensor[1][i] = LPLD_ADC_Get(ADC1, AD15);
   \   00000018   0x210F             MOVS     R1,#+15
   \   0000001A   0x.... 0x....      LDR.W    R0,??DataTable5_10  ;; 0x400bb000
   \   0000001E   0x.... 0x....      BL       LPLD_ADC_Get
   \   00000022   0x.... 0x....      LDR.W    R1,??DataTable5_11
   \   00000026   0xB2A4             UXTH     R4,R4            ;; ZeroExt  R4,R4,#+16,#+16
   \   00000028   0x1861             ADDS     R1,R4,R1
   \   0000002A   0xF881 0x0032      STRB     R0,[R1, #+50]
     70                  sensor[2][i] = LPLD_ADC_Get(ADC1, AD14); 
   \   0000002E   0x210E             MOVS     R1,#+14
   \   00000030   0x.... 0x....      LDR.W    R0,??DataTable5_10  ;; 0x400bb000
   \   00000034   0x.... 0x....      BL       LPLD_ADC_Get
   \   00000038   0x.... 0x....      LDR.W    R1,??DataTable5_11
   \   0000003C   0xB2A4             UXTH     R4,R4            ;; ZeroExt  R4,R4,#+16,#+16
   \   0000003E   0x1861             ADDS     R1,R4,R1
   \   00000040   0xF881 0x0064      STRB     R0,[R1, #+100]
     71                  sensor[3][i] = LPLD_ADC_Get(ADC1, AD10);
   \   00000044   0x210A             MOVS     R1,#+10
   \   00000046   0x.... 0x....      LDR.W    R0,??DataTable5_10  ;; 0x400bb000
   \   0000004A   0x.... 0x....      BL       LPLD_ADC_Get
   \   0000004E   0x.... 0x....      LDR.W    R1,??DataTable5_11
   \   00000052   0xB2A4             UXTH     R4,R4            ;; ZeroExt  R4,R4,#+16,#+16
   \   00000054   0x1861             ADDS     R1,R4,R1
   \   00000056   0xF881 0x0096      STRB     R0,[R1, #+150]
     72                  sensor[4][i] = LPLD_ADC_Get(ADC1, AD11);
   \   0000005A   0x210B             MOVS     R1,#+11
   \   0000005C   0x.... 0x....      LDR.W    R0,??DataTable5_10  ;; 0x400bb000
   \   00000060   0x.... 0x....      BL       LPLD_ADC_Get
   \   00000064   0x.... 0x....      LDR.W    R1,??DataTable5_11
   \   00000068   0xB2A4             UXTH     R4,R4            ;; ZeroExt  R4,R4,#+16,#+16
   \   0000006A   0x1861             ADDS     R1,R4,R1
   \   0000006C   0xF881 0x00C8      STRB     R0,[R1, #+200]
     73                  sensor[5][i] = LPLD_ADC_Get(ADC1, AD13);
   \   00000070   0x210D             MOVS     R1,#+13
   \   00000072   0x.... 0x....      LDR.W    R0,??DataTable5_10  ;; 0x400bb000
   \   00000076   0x.... 0x....      BL       LPLD_ADC_Get
   \   0000007A   0x.... 0x....      LDR.W    R1,??DataTable5_11
   \   0000007E   0xB2A4             UXTH     R4,R4            ;; ZeroExt  R4,R4,#+16,#+16
   \   00000080   0x1861             ADDS     R1,R4,R1
   \   00000082   0xF881 0x00FA      STRB     R0,[R1, #+250]
     74                  sensor[6][i] = LPLD_ADC_Get(ADC1, AD8);
   \   00000086   0x2108             MOVS     R1,#+8
   \   00000088   0x.... 0x....      LDR.W    R0,??DataTable5_10  ;; 0x400bb000
   \   0000008C   0x.... 0x....      BL       LPLD_ADC_Get
   \   00000090   0x.... 0x....      LDR.W    R1,??DataTable5_11
   \   00000094   0xB2A4             UXTH     R4,R4            ;; ZeroExt  R4,R4,#+16,#+16
   \   00000096   0x1861             ADDS     R1,R4,R1
   \   00000098   0xF881 0x012C      STRB     R0,[R1, #+300]
     75                  sensor_delay();
   \   0000009C   0x.... 0x....      BL       sensor_delay
     76             } 
   \   000000A0   0x1C64             ADDS     R4,R4,#+1
   \                     ??Set_SensorPara_0: (+1)
   \   000000A2   0xB2A4             UXTH     R4,R4            ;; ZeroExt  R4,R4,#+16,#+16
   \   000000A4   0x2C32             CMP      R4,#+50
   \   000000A6   0xDBAE             BLT.N    ??Set_SensorPara_1
     77            peak[0] = CalcMaxToMin(sensor[0]);
   \   000000A8   0x.... 0x....      LDR.W    R0,??DataTable5_11
   \   000000AC   0x.... 0x....      BL       CalcMaxToMin
   \   000000B0   0x.... 0x....      LDR.W    R1,??DataTable5_12
   \   000000B4   0x6008             STR      R0,[R1, #+0]
     78            peak[1] = CalcMaxToMin(sensor[1]);
   \   000000B6   0x.... 0x....      LDR.W    R0,??DataTable5_13
   \   000000BA   0x.... 0x....      BL       CalcMaxToMin
   \   000000BE   0x.... 0x....      LDR.W    R1,??DataTable5_12
   \   000000C2   0x6048             STR      R0,[R1, #+4]
     79            peak[2] = CalcMaxToMin(sensor[2]);
   \   000000C4   0x.... 0x....      LDR.W    R0,??DataTable5_14
   \   000000C8   0x.... 0x....      BL       CalcMaxToMin
   \   000000CC   0x.... 0x....      LDR.W    R1,??DataTable5_12
   \   000000D0   0x6088             STR      R0,[R1, #+8]
     80            peak[3] = CalcMaxToMin(sensor[3]);
   \   000000D2   0x.... 0x....      LDR.W    R0,??DataTable5_15
   \   000000D6   0x.... 0x....      BL       CalcMaxToMin
   \   000000DA   0x.... 0x....      LDR.W    R1,??DataTable5_12
   \   000000DE   0x60C8             STR      R0,[R1, #+12]
     81            peak[4] = CalcMaxToMin(sensor[4]);
   \   000000E0   0x.... 0x....      LDR.W    R0,??DataTable5_16
   \   000000E4   0x.... 0x....      BL       CalcMaxToMin
   \   000000E8   0x.... 0x....      LDR.W    R1,??DataTable5_12
   \   000000EC   0x6108             STR      R0,[R1, #+16]
     82            peak[5] = CalcMaxToMin(sensor[5]);
   \   000000EE   0x.... 0x....      LDR.W    R0,??DataTable5_17
   \   000000F2   0x.... 0x....      BL       CalcMaxToMin
   \   000000F6   0x.... 0x....      LDR.W    R1,??DataTable5_12
   \   000000FA   0x6148             STR      R0,[R1, #+20]
     83            peak[6] = CalcMaxToMin(sensor[6]);
   \   000000FC   0x.... 0x....      LDR.W    R0,??DataTable5_18
   \   00000100   0x.... 0x....      BL       CalcMaxToMin
   \   00000104   0x.... 0x....      LDR.W    R1,??DataTable5_12
   \   00000108   0x6188             STR      R0,[R1, #+24]
     84            E_Max[0] = peak[0];
   \   0000010A   0x.... 0x....      LDR.W    R0,??DataTable5_12
   \   0000010E   0x6800             LDR      R0,[R0, #+0]
   \   00000110   0x.... 0x....      LDR.W    R1,??DataTable5_19
   \   00000114   0x6008             STR      R0,[R1, #+0]
     85            E_Max[1] = (int)(peak[1]*1.67);
   \   00000116   0x.... 0x....      LDR.W    R0,??DataTable5_12
   \   0000011A   0x6840             LDR      R0,[R0, #+4]
   \   0000011C   0x.... 0x....      BL       __aeabi_i2d
   \   00000120   0x.... 0x....      LDR.W    R2,??DataTable5_20  ;; 0xeb851eb8
   \   00000124   0x.... 0x....      LDR.W    R3,??DataTable5_21  ;; 0x3ffab851
   \   00000128   0x.... 0x....      BL       __aeabi_dmul
   \   0000012C   0x.... 0x....      BL       __aeabi_d2iz
   \   00000130   0x.... 0x....      LDR.W    R1,??DataTable5_19
   \   00000134   0x6048             STR      R0,[R1, #+4]
     86            E_Max[2] = peak[2];
   \   00000136   0x.... 0x....      LDR.W    R0,??DataTable5_12
   \   0000013A   0x6880             LDR      R0,[R0, #+8]
   \   0000013C   0x.... 0x....      LDR.W    R1,??DataTable5_19
   \   00000140   0x6088             STR      R0,[R1, #+8]
     87            E_Max[3] = (int)(peak[3]*1.67);
   \   00000142   0x.... 0x....      LDR.W    R0,??DataTable5_12
   \   00000146   0x68C0             LDR      R0,[R0, #+12]
   \   00000148   0x.... 0x....      BL       __aeabi_i2d
   \   0000014C   0x.... 0x....      LDR.W    R2,??DataTable5_20  ;; 0xeb851eb8
   \   00000150   0x.... 0x....      LDR.W    R3,??DataTable5_21  ;; 0x3ffab851
   \   00000154   0x.... 0x....      BL       __aeabi_dmul
   \   00000158   0x.... 0x....      BL       __aeabi_d2iz
   \   0000015C   0x.... 0x....      LDR.W    R1,??DataTable5_19
   \   00000160   0x60C8             STR      R0,[R1, #+12]
     88            E_Max[4] = peak[4];
   \   00000162   0x.... 0x....      LDR.W    R0,??DataTable5_12
   \   00000166   0x6900             LDR      R0,[R0, #+16]
   \   00000168   0x.... 0x....      LDR.W    R1,??DataTable5_19
   \   0000016C   0x6108             STR      R0,[R1, #+16]
     89            E_Max[5] = peak[5];
   \   0000016E   0x.... 0x....      LDR.W    R0,??DataTable5_12
   \   00000172   0x6940             LDR      R0,[R0, #+20]
   \   00000174   0x.... 0x....      LDR.W    R1,??DataTable5_19
   \   00000178   0x6148             STR      R0,[R1, #+20]
     90            E_Max[6] = peak[6];
   \   0000017A   0x.... 0x....      LDR.W    R0,??DataTable5_12
   \   0000017E   0x6980             LDR      R0,[R0, #+24]
   \   00000180   0x.... 0x....      LDR.W    R1,??DataTable5_19
   \   00000184   0x6188             STR      R0,[R1, #+24]
     91          }
   \   00000186   0xBD10             POP      {R4,PC}          ;; return
     92          
     93          

   \                                 In section .text, align 2, keep-with-next
     94          void ad_convert()
     95          {
   \                     ad_convert: (+1)
   \   00000000   0xB510             PUSH     {R4,LR}
     96            uint16 i;
     97            //0 pte0 1 pte1 2 empty 3 pte2 4 ptc8  
     98            //ADC1的A通道：PTE0~PTE3(AD4~AD7) 
     99              for(i=0; i<SampleNum; i++)
   \   00000002   0x2400             MOVS     R4,#+0
   \   00000004   0xE04B             B.N      ??ad_convert_0
    100                {
    101                  sensor[0][i] = LPLD_ADC_Get(ADC1, AD12);
   \                     ??ad_convert_1: (+1)
   \   00000006   0x210C             MOVS     R1,#+12
   \   00000008   0x.... 0x....      LDR.W    R0,??DataTable5_10  ;; 0x400bb000
   \   0000000C   0x.... 0x....      BL       LPLD_ADC_Get
   \   00000010   0x.... 0x....      LDR.W    R1,??DataTable5_11
   \   00000014   0xB2A4             UXTH     R4,R4            ;; ZeroExt  R4,R4,#+16,#+16
   \   00000016   0x5460             STRB     R0,[R4, R1]
    102                  sensor[1][i] = LPLD_ADC_Get(ADC1, AD15);
   \   00000018   0x210F             MOVS     R1,#+15
   \   0000001A   0x.... 0x....      LDR.W    R0,??DataTable5_10  ;; 0x400bb000
   \   0000001E   0x.... 0x....      BL       LPLD_ADC_Get
   \   00000022   0x.... 0x....      LDR.W    R1,??DataTable5_11
   \   00000026   0xB2A4             UXTH     R4,R4            ;; ZeroExt  R4,R4,#+16,#+16
   \   00000028   0x1861             ADDS     R1,R4,R1
   \   0000002A   0xF881 0x0032      STRB     R0,[R1, #+50]
    103                  sensor[2][i] = LPLD_ADC_Get(ADC1, AD14); 
   \   0000002E   0x210E             MOVS     R1,#+14
   \   00000030   0x.... 0x....      LDR.W    R0,??DataTable5_10  ;; 0x400bb000
   \   00000034   0x.... 0x....      BL       LPLD_ADC_Get
   \   00000038   0x.... 0x....      LDR.W    R1,??DataTable5_11
   \   0000003C   0xB2A4             UXTH     R4,R4            ;; ZeroExt  R4,R4,#+16,#+16
   \   0000003E   0x1861             ADDS     R1,R4,R1
   \   00000040   0xF881 0x0064      STRB     R0,[R1, #+100]
    104                  sensor[3][i] = LPLD_ADC_Get(ADC1, AD10);
   \   00000044   0x210A             MOVS     R1,#+10
   \   00000046   0x.... 0x....      LDR.W    R0,??DataTable5_10  ;; 0x400bb000
   \   0000004A   0x.... 0x....      BL       LPLD_ADC_Get
   \   0000004E   0x.... 0x....      LDR.W    R1,??DataTable5_11
   \   00000052   0xB2A4             UXTH     R4,R4            ;; ZeroExt  R4,R4,#+16,#+16
   \   00000054   0x1861             ADDS     R1,R4,R1
   \   00000056   0xF881 0x0096      STRB     R0,[R1, #+150]
    105                  sensor[4][i] = LPLD_ADC_Get(ADC1, AD11);
   \   0000005A   0x210B             MOVS     R1,#+11
   \   0000005C   0x.... 0x....      LDR.W    R0,??DataTable5_10  ;; 0x400bb000
   \   00000060   0x.... 0x....      BL       LPLD_ADC_Get
   \   00000064   0x.... 0x....      LDR.W    R1,??DataTable5_11
   \   00000068   0xB2A4             UXTH     R4,R4            ;; ZeroExt  R4,R4,#+16,#+16
   \   0000006A   0x1861             ADDS     R1,R4,R1
   \   0000006C   0xF881 0x00C8      STRB     R0,[R1, #+200]
    106                  sensor[5][i] = LPLD_ADC_Get(ADC1, AD13);
   \   00000070   0x210D             MOVS     R1,#+13
   \   00000072   0x.... 0x....      LDR.W    R0,??DataTable5_10  ;; 0x400bb000
   \   00000076   0x.... 0x....      BL       LPLD_ADC_Get
   \   0000007A   0x.... 0x....      LDR.W    R1,??DataTable5_11
   \   0000007E   0xB2A4             UXTH     R4,R4            ;; ZeroExt  R4,R4,#+16,#+16
   \   00000080   0x1861             ADDS     R1,R4,R1
   \   00000082   0xF881 0x00FA      STRB     R0,[R1, #+250]
    107                  sensor[6][i] = LPLD_ADC_Get(ADC1, AD8);
   \   00000086   0x2108             MOVS     R1,#+8
   \   00000088   0x.... 0x....      LDR.W    R0,??DataTable5_10  ;; 0x400bb000
   \   0000008C   0x.... 0x....      BL       LPLD_ADC_Get
   \   00000090   0x.... 0x....      LDR.W    R1,??DataTable5_11
   \   00000094   0xB2A4             UXTH     R4,R4            ;; ZeroExt  R4,R4,#+16,#+16
   \   00000096   0x1861             ADDS     R1,R4,R1
   \   00000098   0xF881 0x012C      STRB     R0,[R1, #+300]
    108                }   
   \   0000009C   0x1C64             ADDS     R4,R4,#+1
   \                     ??ad_convert_0: (+1)
   \   0000009E   0xB2A4             UXTH     R4,R4            ;; ZeroExt  R4,R4,#+16,#+16
   \   000000A0   0x2C32             CMP      R4,#+50
   \   000000A2   0xDBB0             BLT.N    ??ad_convert_1
    109          }
   \   000000A4   0xBD10             POP      {R4,PC}          ;; return
    110          

   \                                 In section .data, align 4
    111          float  g1 = 0.1;
   \                     g1:
   \   00000000   0x3DCCCCCD         DC32 3DCCCCCDH

   \                                 In section .data, align 4
    112          float  g2 = 0.3;
   \                     g2:
   \   00000000   0x3E99999A         DC32 3E99999AH

   \                                 In section .text, align 2, keep-with-next
    113          void peak_calc()
    114          {
   \                     peak_calc: (+1)
   \   00000000   0xB538             PUSH     {R3-R5,LR}
    115            uint8 i;
    116            
    117            for(i=0; i<7; i++)
   \   00000002   0x2400             MOVS     R4,#+0
   \   00000004   0xE00D             B.N      ??peak_calc_0
    118              peak[i] = CalcMaxToMin(sensor[i]);
   \                     ??peak_calc_1: (+1)
   \   00000006   0x.... 0x....      LDR.W    R0,??DataTable5_11
   \   0000000A   0xB2E4             UXTB     R4,R4            ;; ZeroExt  R4,R4,#+24,#+24
   \   0000000C   0x2132             MOVS     R1,#+50
   \   0000000E   0xFB01 0x0004      MLA      R0,R1,R4,R0
   \   00000012   0x.... 0x....      BL       CalcMaxToMin
   \   00000016   0x.... 0x....      LDR.W    R1,??DataTable5_12
   \   0000001A   0xB2E4             UXTB     R4,R4            ;; ZeroExt  R4,R4,#+24,#+24
   \   0000001C   0xF841 0x0024      STR      R0,[R1, R4, LSL #+2]
   \   00000020   0x1C64             ADDS     R4,R4,#+1
   \                     ??peak_calc_0: (+1)
   \   00000022   0xB2E4             UXTB     R4,R4            ;; ZeroExt  R4,R4,#+24,#+24
   \   00000024   0x2C07             CMP      R4,#+7
   \   00000026   0xDBEE             BLT.N    ??peak_calc_1
    119            
    120            //peak5, peak6归一化 
    121             peak[5] = (uint8)(peak[5]/(E_Max[5]*1.0) * 100);   
   \   00000028   0x.... 0x....      LDR.W    R0,??DataTable5_12
   \   0000002C   0x6940             LDR      R0,[R0, #+20]
   \   0000002E   0x.... 0x....      BL       __aeabi_i2d
   \   00000032   0x0004             MOVS     R4,R0
   \   00000034   0x000D             MOVS     R5,R1
   \   00000036   0x.... 0x....      LDR.W    R0,??DataTable5_19
   \   0000003A   0x6940             LDR      R0,[R0, #+20]
   \   0000003C   0x.... 0x....      BL       __aeabi_i2d
   \   00000040   0x2200             MOVS     R2,#+0
   \   00000042   0x.... 0x....      LDR.W    R3,??DataTable5_22  ;; 0x3ff00000
   \   00000046   0x.... 0x....      BL       __aeabi_dmul
   \   0000004A   0x0002             MOVS     R2,R0
   \   0000004C   0x000B             MOVS     R3,R1
   \   0000004E   0x0020             MOVS     R0,R4
   \   00000050   0x0029             MOVS     R1,R5
   \   00000052   0x.... 0x....      BL       __aeabi_ddiv
   \   00000056   0x2200             MOVS     R2,#+0
   \   00000058   0x.... 0x....      LDR.W    R3,??DataTable5_23  ;; 0x40590000
   \   0000005C   0x.... 0x....      BL       __aeabi_dmul
   \   00000060   0x.... 0x....      BL       __aeabi_d2iz
   \   00000064   0xB2C0             UXTB     R0,R0            ;; ZeroExt  R0,R0,#+24,#+24
   \   00000066   0x.... 0x....      LDR.W    R1,??DataTable5_12
   \   0000006A   0x6148             STR      R0,[R1, #+20]
    122             peak[6] = (uint8)(peak[6]/(E_Max[6]*1.0) * 100); 
   \   0000006C   0x.... 0x....      LDR.W    R0,??DataTable5_12
   \   00000070   0x6980             LDR      R0,[R0, #+24]
   \   00000072   0x.... 0x....      BL       __aeabi_i2d
   \   00000076   0x0004             MOVS     R4,R0
   \   00000078   0x000D             MOVS     R5,R1
   \   0000007A   0x.... 0x....      LDR.W    R0,??DataTable5_19
   \   0000007E   0x6980             LDR      R0,[R0, #+24]
   \   00000080   0x.... 0x....      BL       __aeabi_i2d
   \   00000084   0x2200             MOVS     R2,#+0
   \   00000086   0x.... 0x....      LDR.W    R3,??DataTable5_22  ;; 0x3ff00000
   \   0000008A   0x.... 0x....      BL       __aeabi_dmul
   \   0000008E   0x0002             MOVS     R2,R0
   \   00000090   0x000B             MOVS     R3,R1
   \   00000092   0x0020             MOVS     R0,R4
   \   00000094   0x0029             MOVS     R1,R5
   \   00000096   0x.... 0x....      BL       __aeabi_ddiv
   \   0000009A   0x2200             MOVS     R2,#+0
   \   0000009C   0x.... 0x....      LDR.W    R3,??DataTable5_23  ;; 0x40590000
   \   000000A0   0x.... 0x....      BL       __aeabi_dmul
   \   000000A4   0x.... 0x....      BL       __aeabi_d2iz
   \   000000A8   0xB2C0             UXTB     R0,R0            ;; ZeroExt  R0,R0,#+24,#+24
   \   000000AA   0x.... 0x....      LDR.W    R1,??DataTable5_12
   \   000000AE   0x6188             STR      R0,[R1, #+24]
    123            
    124             Pre_Peak5[1] = (int)(g1*peak[5] + (1-g1)*Pre_Peak5[0]);
   \   000000B0   0x.... 0x....      LDR.W    R0,??DataTable5_12
   \   000000B4   0xED90 0x0A05      VLDR     S0,[R0, #+20]
   \   000000B8   0xEEB8 0x0AC0      VCVT.F32.S32 S0,S0
   \   000000BC   0x.... 0x....      LDR.W    R0,??DataTable5_24
   \   000000C0   0xEDD0 0x0A00      VLDR     S1,[R0, #0]
   \   000000C4   0xEE20 0x0A20      VMUL.F32 S0,S0,S1
   \   000000C8   0xEEF7 0x0A00      VMOV.F32 S1,#1.0
   \   000000CC   0x.... 0x....      LDR.W    R0,??DataTable5_24
   \   000000D0   0xED90 0x1A00      VLDR     S2,[R0, #0]
   \   000000D4   0xEE70 0x0AC1      VSUB.F32 S1,S1,S2
   \   000000D8   0x.... 0x....      LDR.W    R0,??DataTable5_25
   \   000000DC   0xED90 0x1A00      VLDR     S2,[R0, #0]
   \   000000E0   0xEEB8 0x1AC1      VCVT.F32.S32 S2,S2
   \   000000E4   0xEE00 0x0A81      VMLA.F32 S0,S1,S2
   \   000000E8   0xEEBD 0x0AC0      VCVT.S32.F32 S0,S0
   \   000000EC   0x.... 0x....      LDR.W    R0,??DataTable5_25
   \   000000F0   0xED80 0x0A01      VSTR     S0,[R0, #+4]
    125             Pre_Peak5[0] = Pre_Peak5[1];
   \   000000F4   0x.... 0x....      LDR.W    R0,??DataTable5_25
   \   000000F8   0x6840             LDR      R0,[R0, #+4]
   \   000000FA   0x.... 0x....      LDR.W    R1,??DataTable5_25
   \   000000FE   0x6008             STR      R0,[R1, #+0]
    126             peak[5] = Pre_Peak5[1];
   \   00000100   0x.... 0x....      LDR.W    R0,??DataTable5_25
   \   00000104   0x6840             LDR      R0,[R0, #+4]
   \   00000106   0x.... 0x....      LDR.W    R1,??DataTable5_12
   \   0000010A   0x6148             STR      R0,[R1, #+20]
    127             
    128             Pre_Peak6[1] = (int)(g1*peak[6] + (1-g1)*Pre_Peak6[0]);
   \   0000010C   0x.... 0x....      LDR.W    R0,??DataTable5_12
   \   00000110   0xED90 0x0A06      VLDR     S0,[R0, #+24]
   \   00000114   0xEEB8 0x0AC0      VCVT.F32.S32 S0,S0
   \   00000118   0x.... 0x....      LDR.W    R0,??DataTable5_24
   \   0000011C   0xEDD0 0x0A00      VLDR     S1,[R0, #0]
   \   00000120   0xEE20 0x0A20      VMUL.F32 S0,S0,S1
   \   00000124   0xEEF7 0x0A00      VMOV.F32 S1,#1.0
   \   00000128   0x.... 0x....      LDR.W    R0,??DataTable5_24
   \   0000012C   0xED90 0x1A00      VLDR     S2,[R0, #0]
   \   00000130   0xEE70 0x0AC1      VSUB.F32 S1,S1,S2
   \   00000134   0x.... 0x....      LDR.W    R0,??DataTable5_26
   \   00000138   0xED90 0x1A00      VLDR     S2,[R0, #0]
   \   0000013C   0xEEB8 0x1AC1      VCVT.F32.S32 S2,S2
   \   00000140   0xEE00 0x0A81      VMLA.F32 S0,S1,S2
   \   00000144   0xEEBD 0x0AC0      VCVT.S32.F32 S0,S0
   \   00000148   0x.... 0x....      LDR.W    R0,??DataTable5_26
   \   0000014C   0xED80 0x0A01      VSTR     S0,[R0, #+4]
    129             Pre_Peak6[0] = Pre_Peak6[1];
   \   00000150   0x.... 0x....      LDR.W    R0,??DataTable5_26
   \   00000154   0x6840             LDR      R0,[R0, #+4]
   \   00000156   0x.... 0x....      LDR.W    R1,??DataTable5_26
   \   0000015A   0x6008             STR      R0,[R1, #+0]
    130             peak[6] = Pre_Peak6[1];
   \   0000015C   0x.... 0x....      LDR.W    R0,??DataTable5_26
   \   00000160   0x6840             LDR      R0,[R0, #+4]
   \   00000162   0x.... 0x....      LDR.W    R1,??DataTable5_12
   \   00000166   0x6188             STR      R0,[R1, #+24]
    131             
    132            //PEAK2归一化   
    133            peak[2] = (uint8)(peak[2]/(E_Max[2]*1.0) * 100); 
   \   00000168   0x.... 0x....      LDR.W    R0,??DataTable5_12
   \   0000016C   0x6880             LDR      R0,[R0, #+8]
   \   0000016E   0x.... 0x....      BL       __aeabi_i2d
   \   00000172   0x0004             MOVS     R4,R0
   \   00000174   0x000D             MOVS     R5,R1
   \   00000176   0x.... 0x....      LDR.W    R0,??DataTable5_19
   \   0000017A   0x6880             LDR      R0,[R0, #+8]
   \   0000017C   0x.... 0x....      BL       __aeabi_i2d
   \   00000180   0x2200             MOVS     R2,#+0
   \   00000182   0x.... 0x....      LDR.W    R3,??DataTable5_22  ;; 0x3ff00000
   \   00000186   0x.... 0x....      BL       __aeabi_dmul
   \   0000018A   0x0002             MOVS     R2,R0
   \   0000018C   0x000B             MOVS     R3,R1
   \   0000018E   0x0020             MOVS     R0,R4
   \   00000190   0x0029             MOVS     R1,R5
   \   00000192   0x.... 0x....      BL       __aeabi_ddiv
   \   00000196   0x2200             MOVS     R2,#+0
   \   00000198   0x.... 0x....      LDR.W    R3,??DataTable5_23  ;; 0x40590000
   \   0000019C   0x.... 0x....      BL       __aeabi_dmul
   \   000001A0   0x.... 0x....      BL       __aeabi_d2iz
   \   000001A4   0xB2C0             UXTB     R0,R0            ;; ZeroExt  R0,R0,#+24,#+24
   \   000001A6   0x.... 0x....      LDR.W    R1,??DataTable5_12
   \   000001AA   0x6088             STR      R0,[R1, #+8]
    134            
    135            //进坡道
    136            for(i=0;i<4;i++)
   \   000001AC   0x2400             MOVS     R4,#+0
   \   000001AE   0xE00B             B.N      ??peak_calc_2
    137               Pre_Peak_Ramp[i] = Pre_Peak_Ramp[i+1];
   \                     ??peak_calc_3: (+1)
   \   000001B0   0x.... 0x....      LDR.W    R0,??DataTable5_27
   \   000001B4   0xB2E4             UXTB     R4,R4            ;; ZeroExt  R4,R4,#+24,#+24
   \   000001B6   0xEB10 0x0084      ADDS     R0,R0,R4, LSL #+2
   \   000001BA   0x6840             LDR      R0,[R0, #+4]
   \   000001BC   0x.... 0x....      LDR.W    R1,??DataTable5_27
   \   000001C0   0xB2E4             UXTB     R4,R4            ;; ZeroExt  R4,R4,#+24,#+24
   \   000001C2   0xF841 0x0024      STR      R0,[R1, R4, LSL #+2]
   \   000001C6   0x1C64             ADDS     R4,R4,#+1
   \                     ??peak_calc_2: (+1)
   \   000001C8   0xB2E4             UXTB     R4,R4            ;; ZeroExt  R4,R4,#+24,#+24
   \   000001CA   0x2C04             CMP      R4,#+4
   \   000001CC   0xDBF0             BLT.N    ??peak_calc_3
    138            Pre_Peak_Ramp[4] = peak[2];
   \   000001CE   0x.... 0x....      LDR.W    R0,??DataTable5_12
   \   000001D2   0x6880             LDR      R0,[R0, #+8]
   \   000001D4   0x.... 0x....      LDR.W    R1,??DataTable5_27
   \   000001D8   0x6108             STR      R0,[R1, #+16]
    139            Sum_Peak_Ramp = 0;
   \   000001DA   0x2000             MOVS     R0,#+0
   \   000001DC   0x.... 0x....      LDR.W    R1,??DataTable5_28
   \   000001E0   0x6008             STR      R0,[R1, #+0]
    140            
    141            for(i=0;i<5;i++)
   \   000001E2   0x2400             MOVS     R4,#+0
   \   000001E4   0xE00C             B.N      ??peak_calc_4
    142               Sum_Peak_Ramp += Pre_Peak_Ramp[i]; 
   \                     ??peak_calc_5: (+1)
   \   000001E6   0x.... 0x....      LDR.W    R0,??DataTable5_28
   \   000001EA   0x6800             LDR      R0,[R0, #+0]
   \   000001EC   0x.... 0x....      LDR.W    R1,??DataTable5_27
   \   000001F0   0xB2E4             UXTB     R4,R4            ;; ZeroExt  R4,R4,#+24,#+24
   \   000001F2   0xF851 0x1024      LDR      R1,[R1, R4, LSL #+2]
   \   000001F6   0x1808             ADDS     R0,R1,R0
   \   000001F8   0x.... 0x....      LDR.W    R1,??DataTable5_28
   \   000001FC   0x6008             STR      R0,[R1, #+0]
   \   000001FE   0x1C64             ADDS     R4,R4,#+1
   \                     ??peak_calc_4: (+1)
   \   00000200   0xB2E4             UXTB     R4,R4            ;; ZeroExt  R4,R4,#+24,#+24
   \   00000202   0x2C05             CMP      R4,#+5
   \   00000204   0xDBEF             BLT.N    ??peak_calc_5
    143            
    144            if(Flag_Ramp==0 && peak[2]>130)
   \   00000206   0x.... 0x....      LDR.W    R0,??DataTable5_5
   \   0000020A   0x7800             LDRB     R0,[R0, #+0]
   \   0000020C   0x2800             CMP      R0,#+0
   \   0000020E   0xD108             BNE.N    ??peak_calc_6
   \   00000210   0x.... 0x....      LDR.W    R0,??DataTable5_12
   \   00000214   0x6880             LDR      R0,[R0, #+8]
   \   00000216   0x2883             CMP      R0,#+131
   \   00000218   0xDB03             BLT.N    ??peak_calc_6
    145              Flag_Ramp = 1;
   \   0000021A   0x2001             MOVS     R0,#+1
   \   0000021C   0x.... 0x....      LDR.W    R1,??DataTable5_5
   \   00000220   0x7008             STRB     R0,[R1, #+0]
    146            
    147            if(peak[3]>150 || peak[1]>150)
   \                     ??peak_calc_6: (+1)
   \   00000222   0x.... 0x....      LDR.W    R0,??DataTable5_12
   \   00000226   0x68C0             LDR      R0,[R0, #+12]
   \   00000228   0x2897             CMP      R0,#+151
   \   0000022A   0xDA04             BGE.N    ??peak_calc_7
   \   0000022C   0x.... 0x....      LDR.W    R0,??DataTable5_12
   \   00000230   0x6840             LDR      R0,[R0, #+4]
   \   00000232   0x2897             CMP      R0,#+151
   \   00000234   0xDB03             BLT.N    ??peak_calc_8
    148              Flag_Ramp = 2; 
   \                     ??peak_calc_7: (+1)
   \   00000236   0x2002             MOVS     R0,#+2
   \   00000238   0x.... 0x....      LDR.W    R1,??DataTable5_5
   \   0000023C   0x7008             STRB     R0,[R1, #+0]
    149            
    150            if(peak2>80 && Flag_Ramp==2)
   \                     ??peak_calc_8: (+1)
   \   0000023E   0x.... 0x....      LDR.W    R0,??DataTable5_29
   \   00000242   0x6800             LDR      R0,[R0, #+0]
   \   00000244   0x2851             CMP      R0,#+81
   \   00000246   0xDB08             BLT.N    ??peak_calc_9
   \   00000248   0x.... 0x....      LDR.W    R0,??DataTable5_5
   \   0000024C   0x7800             LDRB     R0,[R0, #+0]
   \   0000024E   0x2802             CMP      R0,#+2
   \   00000250   0xD103             BNE.N    ??peak_calc_9
    151              Flag_Ramp = 1;
   \   00000252   0x2001             MOVS     R0,#+1
   \   00000254   0x.... 0x....      LDR.W    R1,??DataTable5_5
   \   00000258   0x7008             STRB     R0,[R1, #+0]
    152            
    153            peak2 = peak[2];
   \                     ??peak_calc_9: (+1)
   \   0000025A   0x.... 0x....      LDR.W    R0,??DataTable5_12
   \   0000025E   0x6880             LDR      R0,[R0, #+8]
   \   00000260   0x.... 0x....      LDR.W    R1,??DataTable5_29
   \   00000264   0x6008             STR      R0,[R1, #+0]
    154            //peak2限幅
    155            if(peak[2] > 100)
   \   00000266   0x.... 0x....      LDR.W    R0,??DataTable5_12
   \   0000026A   0x6880             LDR      R0,[R0, #+8]
   \   0000026C   0x2865             CMP      R0,#+101
   \   0000026E   0xDB02             BLT.N    ??peak_calc_10
    156              peak[2] = 100; 
   \   00000270   0x2064             MOVS     R0,#+100
   \   00000272   0x....             LDR.N    R1,??DataTable5_12
   \   00000274   0x6088             STR      R0,[R1, #+8]
    157            
    158            //peak1, peak3归一化 
    159            peak[1] = (uint8)(peak[1]/(E_Max[1]*1.0) * 100);   
   \                     ??peak_calc_10: (+1)
   \   00000276   0x....             LDR.N    R0,??DataTable5_12
   \   00000278   0x6840             LDR      R0,[R0, #+4]
   \   0000027A   0x.... 0x....      BL       __aeabi_i2d
   \   0000027E   0x0004             MOVS     R4,R0
   \   00000280   0x000D             MOVS     R5,R1
   \   00000282   0x.... 0x....      LDR.W    R0,??DataTable5_19
   \   00000286   0x6840             LDR      R0,[R0, #+4]
   \   00000288   0x.... 0x....      BL       __aeabi_i2d
   \   0000028C   0x2200             MOVS     R2,#+0
   \   0000028E   0x.... 0x....      LDR.W    R3,??DataTable5_22  ;; 0x3ff00000
   \   00000292   0x.... 0x....      BL       __aeabi_dmul
   \   00000296   0x0002             MOVS     R2,R0
   \   00000298   0x000B             MOVS     R3,R1
   \   0000029A   0x0020             MOVS     R0,R4
   \   0000029C   0x0029             MOVS     R1,R5
   \   0000029E   0x.... 0x....      BL       __aeabi_ddiv
   \   000002A2   0x2200             MOVS     R2,#+0
   \   000002A4   0x....             LDR.N    R3,??DataTable5_23  ;; 0x40590000
   \   000002A6   0x.... 0x....      BL       __aeabi_dmul
   \   000002AA   0x.... 0x....      BL       __aeabi_d2iz
   \   000002AE   0xB2C0             UXTB     R0,R0            ;; ZeroExt  R0,R0,#+24,#+24
   \   000002B0   0x....             LDR.N    R1,??DataTable5_12
   \   000002B2   0x6048             STR      R0,[R1, #+4]
    160            peak[3] = (uint8)(peak[3]/(E_Max[3]*1.0) * 100);  
   \   000002B4   0x....             LDR.N    R0,??DataTable5_12
   \   000002B6   0x68C0             LDR      R0,[R0, #+12]
   \   000002B8   0x.... 0x....      BL       __aeabi_i2d
   \   000002BC   0x0004             MOVS     R4,R0
   \   000002BE   0x000D             MOVS     R5,R1
   \   000002C0   0x....             LDR.N    R0,??DataTable5_19
   \   000002C2   0x68C0             LDR      R0,[R0, #+12]
   \   000002C4   0x.... 0x....      BL       __aeabi_i2d
   \   000002C8   0x2200             MOVS     R2,#+0
   \   000002CA   0x....             LDR.N    R3,??DataTable5_22  ;; 0x3ff00000
   \   000002CC   0x.... 0x....      BL       __aeabi_dmul
   \   000002D0   0x0002             MOVS     R2,R0
   \   000002D2   0x000B             MOVS     R3,R1
   \   000002D4   0x0020             MOVS     R0,R4
   \   000002D6   0x0029             MOVS     R1,R5
   \   000002D8   0x.... 0x....      BL       __aeabi_ddiv
   \   000002DC   0x2200             MOVS     R2,#+0
   \   000002DE   0x....             LDR.N    R3,??DataTable5_23  ;; 0x40590000
   \   000002E0   0x.... 0x....      BL       __aeabi_dmul
   \   000002E4   0x.... 0x....      BL       __aeabi_d2iz
   \   000002E8   0xB2C0             UXTB     R0,R0            ;; ZeroExt  R0,R0,#+24,#+24
   \   000002EA   0x....             LDR.N    R1,??DataTable5_12
   \   000002EC   0x60C8             STR      R0,[R1, #+12]
    161          
    162            //下坡道 
    163            if(Flag_Ramp != 0){
   \   000002EE   0x....             LDR.N    R0,??DataTable5_5
   \   000002F0   0x7800             LDRB     R0,[R0, #+0]
   \   000002F2   0x2800             CMP      R0,#+0
   \   000002F4   0xD01C             BEQ.N    ??peak_calc_11
    164              Distance_Ramp += Spd.feedback/Measuring_Scale; 
   \   000002F6   0x....             LDR.N    R0,??DataTable5_30
   \   000002F8   0x6800             LDR      R0,[R0, #+0]
   \   000002FA   0x.... 0x....      BL       __aeabi_i2d
   \   000002FE   0x0004             MOVS     R4,R0
   \   00000300   0x000D             MOVS     R5,R1
   \   00000302   0x....             LDR.N    R0,??DataTable5_31
   \   00000304   0x69C0             LDR      R0,[R0, #+28]
   \   00000306   0x.... 0x....      BL       __aeabi_i2d
   \   0000030A   0x....             LDR.N    R2,??DataTable5_32  ;; 0xcccccccd
   \   0000030C   0x....             LDR.N    R3,??DataTable5_33  ;; 0x4012cccc
   \   0000030E   0x.... 0x....      BL       __aeabi_ddiv
   \   00000312   0x0022             MOVS     R2,R4
   \   00000314   0x002B             MOVS     R3,R5
   \   00000316   0x.... 0x....      BL       __aeabi_dadd
   \   0000031A   0x.... 0x....      BL       __aeabi_d2iz
   \   0000031E   0x....             LDR.N    R1,??DataTable5_30
   \   00000320   0x6008             STR      R0,[R1, #+0]
    165             if(peak[2] <= 50)  peak[2] = 50;
   \   00000322   0x....             LDR.N    R0,??DataTable5_12
   \   00000324   0x6880             LDR      R0,[R0, #+8]
   \   00000326   0x2833             CMP      R0,#+51
   \   00000328   0xDA02             BGE.N    ??peak_calc_11
   \   0000032A   0x2032             MOVS     R0,#+50
   \   0000032C   0x....             LDR.N    R1,??DataTable5_12
   \   0000032E   0x6088             STR      R0,[R1, #+8]
    166            }
    167            if(Flag_Ramp!=0 && Distance_Ramp>250*100)
   \                     ??peak_calc_11: (+1)
   \   00000330   0x....             LDR.N    R0,??DataTable5_5
   \   00000332   0x7800             LDRB     R0,[R0, #+0]
   \   00000334   0x2800             CMP      R0,#+0
   \   00000336   0xD00B             BEQ.N    ??peak_calc_12
   \   00000338   0x....             LDR.N    R0,??DataTable5_30
   \   0000033A   0x6800             LDR      R0,[R0, #+0]
   \   0000033C   0xF246 0x11A9      MOVW     R1,#+25001
   \   00000340   0x4288             CMP      R0,R1
   \   00000342   0xDB05             BLT.N    ??peak_calc_12
    168             {
    169               Flag_Ramp = 0;
   \   00000344   0x2000             MOVS     R0,#+0
   \   00000346   0x....             LDR.N    R1,??DataTable5_5
   \   00000348   0x7008             STRB     R0,[R1, #+0]
    170               Distance_Ramp = 0; 
   \   0000034A   0x2000             MOVS     R0,#+0
   \   0000034C   0x....             LDR.N    R1,??DataTable5_30
   \   0000034E   0x6008             STR      R0,[R1, #+0]
    171             }
    172            
    173            //坡道LED标志
    174            if(Flag_Ramp == 1)
   \                     ??peak_calc_12: (+1)
   \   00000350   0x....             LDR.N    R0,??DataTable5_5
   \   00000352   0x7800             LDRB     R0,[R0, #+0]
   \   00000354   0x2801             CMP      R0,#+1
   \   00000356   0xD10F             BNE.N    ??peak_calc_13
    175              {
    176                 LPLD_GPIO_Output_b(PTD, 5, 1); 
   \   00000358   0x2201             MOVS     R2,#+1
   \   0000035A   0x2105             MOVS     R1,#+5
   \   0000035C   0x....             LDR.N    R0,??DataTable5_34  ;; 0x400ff0c0
   \   0000035E   0x.... 0x....      BL       LPLD_GPIO_Output_b
    177                 LPLD_GPIO_Output_b(PTD, 2, 0); 
   \   00000362   0x2200             MOVS     R2,#+0
   \   00000364   0x2102             MOVS     R1,#+2
   \   00000366   0x....             LDR.N    R0,??DataTable5_34  ;; 0x400ff0c0
   \   00000368   0x.... 0x....      BL       LPLD_GPIO_Output_b
    178                 LPLD_GPIO_Output_b(PTD, 4, 0); 
   \   0000036C   0x2200             MOVS     R2,#+0
   \   0000036E   0x2104             MOVS     R1,#+4
   \   00000370   0x....             LDR.N    R0,??DataTable5_34  ;; 0x400ff0c0
   \   00000372   0x.... 0x....      BL       LPLD_GPIO_Output_b
   \   00000376   0xE022             B.N      ??peak_calc_14
    179              }
    180            else if(Flag_Ramp == 2)
   \                     ??peak_calc_13: (+1)
   \   00000378   0x....             LDR.N    R0,??DataTable5_5
   \   0000037A   0x7800             LDRB     R0,[R0, #+0]
   \   0000037C   0x2802             CMP      R0,#+2
   \   0000037E   0xD10F             BNE.N    ??peak_calc_15
    181              {
    182                 LPLD_GPIO_Output_b(PTD, 2, 1); 
   \   00000380   0x2201             MOVS     R2,#+1
   \   00000382   0x2102             MOVS     R1,#+2
   \   00000384   0x....             LDR.N    R0,??DataTable5_34  ;; 0x400ff0c0
   \   00000386   0x.... 0x....      BL       LPLD_GPIO_Output_b
    183                 LPLD_GPIO_Output_b(PTD, 4, 1); 
   \   0000038A   0x2201             MOVS     R2,#+1
   \   0000038C   0x2104             MOVS     R1,#+4
   \   0000038E   0x....             LDR.N    R0,??DataTable5_34  ;; 0x400ff0c0
   \   00000390   0x.... 0x....      BL       LPLD_GPIO_Output_b
    184                 LPLD_GPIO_Output_b(PTD, 5, 1);   
   \   00000394   0x2201             MOVS     R2,#+1
   \   00000396   0x2105             MOVS     R1,#+5
   \   00000398   0x....             LDR.N    R0,??DataTable5_34  ;; 0x400ff0c0
   \   0000039A   0x.... 0x....      BL       LPLD_GPIO_Output_b
   \   0000039E   0xE00E             B.N      ??peak_calc_14
    185              }
    186            else
    187              {
    188                 LPLD_GPIO_Output_b(PTD, 2, 0); 
   \                     ??peak_calc_15: (+1)
   \   000003A0   0x2200             MOVS     R2,#+0
   \   000003A2   0x2102             MOVS     R1,#+2
   \   000003A4   0x....             LDR.N    R0,??DataTable5_34  ;; 0x400ff0c0
   \   000003A6   0x.... 0x....      BL       LPLD_GPIO_Output_b
    189                 LPLD_GPIO_Output_b(PTD, 4, 0); 
   \   000003AA   0x2200             MOVS     R2,#+0
   \   000003AC   0x2104             MOVS     R1,#+4
   \   000003AE   0x....             LDR.N    R0,??DataTable5_34  ;; 0x400ff0c0
   \   000003B0   0x.... 0x....      BL       LPLD_GPIO_Output_b
    190                 LPLD_GPIO_Output_b(PTD, 5, 0);   
   \   000003B4   0x2200             MOVS     R2,#+0
   \   000003B6   0x2105             MOVS     R1,#+5
   \   000003B8   0x....             LDR.N    R0,??DataTable5_34  ;; 0x400ff0c0
   \   000003BA   0x.... 0x....      BL       LPLD_GPIO_Output_b
    191              }
    192          
    193            //   if(Flag_Ramp == 1)
    194          //      {
    195          //        LPLD_GPIO_Output_b(PTE, 26, 0);   
    196          //        LPLD_GPIO_Output_b(PTA, 17, 0);   
    197          //        LPLD_GPIO_Output_b(PTD, 15, 0);   
    198          //        LPLD_GPIO_Output_b(PTC, 0, 0);   
    199          //      }
    200          //     else 
    201          //      {
    202          //        LPLD_GPIO_Output_b(PTE, 26, 1);   
    203          //        LPLD_GPIO_Output_b(PTA, 17, 1);   
    204          //        LPLD_GPIO_Output_b(PTD, 15, 1);   
    205          //        LPLD_GPIO_Output_b(PTC, 0, 1);   
    206          //      }
    207          }
   \                     ??peak_calc_14: (+1)
   \   000003BE   0xBD31             POP      {R0,R4,R5,PC}    ;; return
    208          
    209          

   \                                 In section .text, align 2, keep-with-next
    210          uint8 CalcMaxToMin(uint8 data[SampleNum]) 
    211          {
   \                     CalcMaxToMin: (+1)
   \   00000000   0xB410             PUSH     {R4}
    212              uint8 Max = 0;
   \   00000002   0x2100             MOVS     R1,#+0
    213              uint8 Min = 0;
   \   00000004   0x2200             MOVS     R2,#+0
    214              uint16 i = 0;
   \   00000006   0x2300             MOVS     R3,#+0
    215              Max = data[0];
   \   00000008   0x7804             LDRB     R4,[R0, #+0]
   \   0000000A   0x0021             MOVS     R1,R4
    216              Min = data[0];
   \   0000000C   0x7804             LDRB     R4,[R0, #+0]
   \   0000000E   0x0022             MOVS     R2,R4
    217              
    218              for(i=0; i<SampleNum; i++) 
   \   00000010   0x2400             MOVS     R4,#+0
   \   00000012   0x0023             MOVS     R3,R4
   \   00000014   0xE00E             B.N      ??CalcMaxToMin_0
    219              {
    220                if(data[i] > Max)   Max = data[i];
   \                     ??CalcMaxToMin_1: (+1)
   \   00000016   0xB29B             UXTH     R3,R3            ;; ZeroExt  R3,R3,#+16,#+16
   \   00000018   0x5C1C             LDRB     R4,[R3, R0]
   \   0000001A   0xB2C9             UXTB     R1,R1            ;; ZeroExt  R1,R1,#+24,#+24
   \   0000001C   0x42A1             CMP      R1,R4
   \   0000001E   0xD201             BCS.N    ??CalcMaxToMin_2
   \   00000020   0xB29B             UXTH     R3,R3            ;; ZeroExt  R3,R3,#+16,#+16
   \   00000022   0x5C19             LDRB     R1,[R3, R0]
    221                if(data[i] < Min)   Min = data[i];
   \                     ??CalcMaxToMin_2: (+1)
   \   00000024   0xB29B             UXTH     R3,R3            ;; ZeroExt  R3,R3,#+16,#+16
   \   00000026   0x5C1C             LDRB     R4,[R3, R0]
   \   00000028   0xB2D2             UXTB     R2,R2            ;; ZeroExt  R2,R2,#+24,#+24
   \   0000002A   0x4294             CMP      R4,R2
   \   0000002C   0xD201             BCS.N    ??CalcMaxToMin_3
   \   0000002E   0xB29B             UXTH     R3,R3            ;; ZeroExt  R3,R3,#+16,#+16
   \   00000030   0x5C1A             LDRB     R2,[R3, R0]
    222              }
   \                     ??CalcMaxToMin_3: (+1)
   \   00000032   0x1C5B             ADDS     R3,R3,#+1
   \                     ??CalcMaxToMin_0: (+1)
   \   00000034   0xB29B             UXTH     R3,R3            ;; ZeroExt  R3,R3,#+16,#+16
   \   00000036   0x2B32             CMP      R3,#+50
   \   00000038   0xDBED             BLT.N    ??CalcMaxToMin_1
    223              return Max-Min;
   \   0000003A   0x1A88             SUBS     R0,R1,R2
   \   0000003C   0xB2C0             UXTB     R0,R0            ;; ZeroExt  R0,R0,#+24,#+24
   \   0000003E   0xBC10             POP      {R4}
   \   00000040   0x4770             BX       LR               ;; return
    224          } 
    225            
    226            

   \                                 In section .text, align 4, keep-with-next
    227          float dis_calcu()
    228          {
   \                     dis_calcu: (+1)
   \   00000000   0xB570             PUSH     {R4-R6,LR}
    229             float  dis_all;
    230             int peak2;
    231             
    232              peak2 = peak[2];
   \   00000002   0x....             LDR.N    R0,??DataTable5_12
   \   00000004   0x6886             LDR      R6,[R0, #+8]
    233              peak2 = (int)(-0.004105*peak2*peak2 + 1.025*peak2 + 39.2);
   \   00000006   0x0030             MOVS     R0,R6
   \   00000008   0x.... 0x....      BL       __aeabi_i2d
   \   0000000C   0x....             LDR.N    R2,??DataTable5_35  ;; 0x8c0053e3
   \   0000000E   0x....             LDR.N    R3,??DataTable5_36  ;; 0xbf70d067
   \   00000010   0x.... 0x....      BL       __aeabi_dmul
   \   00000014   0x0004             MOVS     R4,R0
   \   00000016   0x000D             MOVS     R5,R1
   \   00000018   0x0030             MOVS     R0,R6
   \   0000001A   0x.... 0x....      BL       __aeabi_i2d
   \   0000001E   0x0022             MOVS     R2,R4
   \   00000020   0x002B             MOVS     R3,R5
   \   00000022   0x.... 0x....      BL       __aeabi_dmul
   \   00000026   0x0004             MOVS     R4,R0
   \   00000028   0x000D             MOVS     R5,R1
   \   0000002A   0x0030             MOVS     R0,R6
   \   0000002C   0x.... 0x....      BL       __aeabi_i2d
   \   00000030   0xF05F 0x3266      MOVS     R2,#+1717986918
   \   00000034   0x....             LDR.N    R3,??DataTable5_37  ;; 0x3ff06666
   \   00000036   0x.... 0x....      BL       __aeabi_dmul
   \   0000003A   0x0022             MOVS     R2,R4
   \   0000003C   0x002B             MOVS     R3,R5
   \   0000003E   0x.... 0x....      BL       __aeabi_dadd
   \   00000042   0x....             LDR.N    R2,??DataTable5_38  ;; 0x9999999a
   \   00000044   0x....             LDR.N    R3,??DataTable5_39  ;; 0x40439999
   \   00000046   0x.... 0x....      BL       __aeabi_dadd
   \   0000004A   0x.... 0x....      BL       __aeabi_d2iz
   \   0000004E   0x0006             MOVS     R6,R0
    234              
    235              //环岛处理   
    236             if(Flag_Island == 1)
   \   00000050   0x....             LDR.N    R0,??DataTable5_7
   \   00000052   0x7800             LDRB     R0,[R0, #+0]
   \   00000054   0x2801             CMP      R0,#+1
   \   00000056   0xD127             BNE.N    ??dis_calcu_0
    237              {
    238                peak2 = 2*peak[2];
   \   00000058   0x....             LDR.N    R0,??DataTable5_12
   \   0000005A   0x6880             LDR      R0,[R0, #+8]
   \   0000005C   0x0046             LSLS     R6,R0,#+1
    239                peak2 = (int)(-0.004105*peak2*peak2 + 1.025*peak2 + 39.2);
   \   0000005E   0x0030             MOVS     R0,R6
   \   00000060   0x.... 0x....      BL       __aeabi_i2d
   \   00000064   0x....             LDR.N    R2,??DataTable5_35  ;; 0x8c0053e3
   \   00000066   0x....             LDR.N    R3,??DataTable5_36  ;; 0xbf70d067
   \   00000068   0x.... 0x....      BL       __aeabi_dmul
   \   0000006C   0x0004             MOVS     R4,R0
   \   0000006E   0x000D             MOVS     R5,R1
   \   00000070   0x0030             MOVS     R0,R6
   \   00000072   0x.... 0x....      BL       __aeabi_i2d
   \   00000076   0x0022             MOVS     R2,R4
   \   00000078   0x002B             MOVS     R3,R5
   \   0000007A   0x.... 0x....      BL       __aeabi_dmul
   \   0000007E   0x0004             MOVS     R4,R0
   \   00000080   0x000D             MOVS     R5,R1
   \   00000082   0x0030             MOVS     R0,R6
   \   00000084   0x.... 0x....      BL       __aeabi_i2d
   \   00000088   0xF05F 0x3266      MOVS     R2,#+1717986918
   \   0000008C   0x....             LDR.N    R3,??DataTable5_37  ;; 0x3ff06666
   \   0000008E   0x.... 0x....      BL       __aeabi_dmul
   \   00000092   0x0022             MOVS     R2,R4
   \   00000094   0x002B             MOVS     R3,R5
   \   00000096   0x.... 0x....      BL       __aeabi_dadd
   \   0000009A   0x....             LDR.N    R2,??DataTable5_38  ;; 0x9999999a
   \   0000009C   0x....             LDR.N    R3,??DataTable5_39  ;; 0x40439999
   \   0000009E   0x.... 0x....      BL       __aeabi_dadd
   \   000000A2   0x.... 0x....      BL       __aeabi_d2iz
   \   000000A6   0x0006             MOVS     R6,R0
    240              }
    241             if(peak2 > 100)
   \                     ??dis_calcu_0: (+1)
   \   000000A8   0x2E65             CMP      R6,#+101
   \   000000AA   0xDB00             BLT.N    ??dis_calcu_1
    242               peak2 = 100;
   \   000000AC   0x2664             MOVS     R6,#+100
    243             
    244             dis_sensor[2] = (float)( (10000)/(peak2*peak2*1.0) -1);
   \                     ??dis_calcu_1: (+1)
   \   000000AE   0xFB06 0xF006      MUL      R0,R6,R6
   \   000000B2   0x.... 0x....      BL       __aeabi_i2d
   \   000000B6   0x2200             MOVS     R2,#+0
   \   000000B8   0x....             LDR.N    R3,??DataTable5_22  ;; 0x3ff00000
   \   000000BA   0x.... 0x....      BL       __aeabi_dmul
   \   000000BE   0x0002             MOVS     R2,R0
   \   000000C0   0x000B             MOVS     R3,R1
   \   000000C2   0x2000             MOVS     R0,#+0
   \   000000C4   0x....             LDR.N    R1,??DataTable5_40  ;; 0x40c38800
   \   000000C6   0x.... 0x....      BL       __aeabi_ddiv
   \   000000CA   0x2200             MOVS     R2,#+0
   \   000000CC   0x....             LDR.N    R3,??DataTable5_41  ;; 0xbff00000
   \   000000CE   0x.... 0x....      BL       __aeabi_dadd
   \   000000D2   0x.... 0x....      BL       __aeabi_d2f
   \   000000D6   0x....             LDR.N    R1,??DataTable5_42
   \   000000D8   0x6088             STR      R0,[R1, #+8]
    245             dis_all = Sensor_Height*sqrt(dis_sensor[2]);
   \   000000DA   0x....             LDR.N    R0,??DataTable5_42
   \   000000DC   0x6880             LDR      R0,[R0, #+8]
   \   000000DE   0x.... 0x....      BL       __aeabi_f2d
   \   000000E2   0xEC41 0x0B10      VMOV     D0,R0,R1
   \   000000E6   0x.... 0x....      BL       sqrt
   \   000000EA   0xEC53 0x2B10      VMOV     R2,R3,D0
   \   000000EE   0x2000             MOVS     R0,#+0
   \   000000F0   0x....             LDR.N    R1,??DataTable5_43  ;; 0x40270000
   \   000000F2   0x.... 0x....      BL       __aeabi_dmul
   \   000000F6   0x.... 0x....      BL       __aeabi_d2f
   \   000000FA   0xEE00 0x0A10      VMOV     S0,R0
    246                 
    247             if(peak[1] > peak[3])
   \   000000FE   0x....             LDR.N    R0,??DataTable5_12
   \   00000100   0x68C0             LDR      R0,[R0, #+12]
   \   00000102   0x....             LDR.N    R1,??DataTable5_12
   \   00000104   0x6849             LDR      R1,[R1, #+4]
   \   00000106   0x4288             CMP      R0,R1
   \   00000108   0xDB01             BLT.N    ??dis_calcu_2
    248                  dis_all = dis_all;
    249                else 
    250                  dis_all = -dis_all;  
   \                     ??dis_calcu_3: (+1)
   \   0000010A   0xEEB1 0x0A40      VNEG.F32 S0,S0
    251                    
    252             if(dis_all > Distance_Limit)
   \                     ??dis_calcu_2: (+1)
   \   0000010E   0xEDDF 0x....      VLDR.W   S1,??DataTable5  ;; 0x41a00001
   \   00000112   0xEEB4 0x0A60      VCMP.F32 S0,S1
   \   00000116   0xEEF1 0xFA10      FMSTAT   
   \   0000011A   0xDB02             BLT.N    ??dis_calcu_4
    253                dis_all = Distance_Limit;
   \   0000011C   0xEEB3 0x0A04      VMOV.F32 S0,#20.0
   \   00000120   0xE008             B.N      ??dis_calcu_5
    254             else if(dis_all < -Distance_Limit)
   \                     ??dis_calcu_4: (+1)
   \   00000122   0xEEFB 0x0A04      VMOV.F32 S1,#-20.0
   \   00000126   0xEEB4 0x0A60      VCMP.F32 S0,S1
   \   0000012A   0xEEF1 0xFA10      FMSTAT   
   \   0000012E   0xD501             BPL.N    ??dis_calcu_5
    255                dis_all = -Distance_Limit;
   \   00000130   0xEEBB 0x0A04      VMOV.F32 S0,#-20.0
    256             
    257             //后车刚进入环岛，直走一段距离，确保传感器进入环岛内
    258             if(Flag_Island_Confirm<Confirm_First*100 && Flag_Island_Confirm>0)
   \                     ??dis_calcu_5: (+1)
   \   00000134   0x....             LDR.N    R0,??DataTable5_6
   \   00000136   0x6800             LDR      R0,[R0, #+0]
   \   00000138   0x1E40             SUBS     R0,R0,#+1
   \   0000013A   0xF240 0x51DB      MOVW     R1,#+1499
   \   0000013E   0x4288             CMP      R0,R1
   \   00000140   0xD201             BCS.N    ??dis_calcu_6
    259                dis_all = 0;
   \   00000142   0xED9F 0x....      VLDR.W   S0,??DataTable5_1  ;; 0x0
    260                
    261             //后车进入环岛后打死
    262             if(( Flag_Island_Confirm>=Confirm_First*100||final==1) && Turn_Around==1)
   \                     ??dis_calcu_6: (+1)
   \   00000146   0x....             LDR.N    R0,??DataTable5_6
   \   00000148   0x6800             LDR      R0,[R0, #+0]
   \   0000014A   0xF240 0x51DC      MOVW     R1,#+1500
   \   0000014E   0x4288             CMP      R0,R1
   \   00000150   0xDA03             BGE.N    ??dis_calcu_7
   \   00000152   0x....             LDR.N    R0,??DataTable5_8
   \   00000154   0x7800             LDRB     R0,[R0, #+0]
   \   00000156   0x2801             CMP      R0,#+1
   \   00000158   0xD110             BNE.N    ??dis_calcu_8
   \                     ??dis_calcu_7: (+1)
   \   0000015A   0x....             LDR.N    R0,??DataTable5_44
   \   0000015C   0x7800             LDRB     R0,[R0, #+0]
   \   0000015E   0x2801             CMP      R0,#+1
   \   00000160   0xD10C             BNE.N    ??dis_calcu_8
    263             {
    264                if(Flag_Island_Turn == 10)
   \   00000162   0x....             LDR.N    R0,??DataTable5_45
   \   00000164   0x7800             LDRB     R0,[R0, #+0]
   \   00000166   0x280A             CMP      R0,#+10
   \   00000168   0xD102             BNE.N    ??dis_calcu_9
    265                  dis_all = -Distance_Limit;
   \   0000016A   0xEEBB 0x0A04      VMOV.F32 S0,#-20.0
   \   0000016E   0xE005             B.N      ??dis_calcu_8
    266                else if(Flag_Island_Turn == 11)
   \                     ??dis_calcu_9: (+1)
   \   00000170   0x....             LDR.N    R0,??DataTable5_45
   \   00000172   0x7800             LDRB     R0,[R0, #+0]
   \   00000174   0x280B             CMP      R0,#+11
   \   00000176   0xD101             BNE.N    ??dis_calcu_8
    267                  dis_all =  Distance_Limit;
   \   00000178   0xEEB3 0x0A04      VMOV.F32 S0,#20.0
    268             }
    269             
    270             return dis_all;
   \                     ??dis_calcu_8: (+1)
   \   0000017C   0xBD70             POP      {R4-R6,PC}       ;; return
    271          }
    272          
    273          
    274          

   \                                 In section .text, align 2, keep-with-next
    275          void sensor_delay()
    276          {
    277            int i;
    278            for(i=0; i<100; i++);
   \                     sensor_delay: (+1)
   \   00000000   0x2000             MOVS     R0,#+0
   \   00000002   0xE000             B.N      ??sensor_delay_0
   \                     ??sensor_delay_1: (+1)
   \   00000004   0x1C40             ADDS     R0,R0,#+1
   \                     ??sensor_delay_0: (+1)
   \   00000006   0x2864             CMP      R0,#+100
   \   00000008   0xDBFC             BLT.N    ??sensor_delay_1
    279          }
   \   0000000A   0x4770             BX       LR               ;; return

   \                                 In section .text, align 4, keep-with-next
   \                     ??DataTable5:
   \   00000000   0x41A00001         DC32     0x41a00001

   \                                 In section .text, align 4, keep-with-next
   \                     ??DataTable5_1:
   \   00000000   0x00000000         DC32     0x0

   \                                 In section .text, align 4, keep-with-next
   \                     ??DataTable5_2:
   \   00000000   0x........         DC32     Distance

   \                                 In section .text, align 4, keep-with-next
   \                     ??DataTable5_3:
   \   00000000   0x........         DC32     Pre_Distance

   \                                 In section .text, align 4, keep-with-next
   \                     ??DataTable5_4:
   \   00000000   0x40200000         DC32     0x40200000

   \                                 In section .text, align 4, keep-with-next
   \                     ??DataTable5_5:
   \   00000000   0x........         DC32     Flag_Ramp

   \                                 In section .text, align 4, keep-with-next
   \                     ??DataTable5_6:
   \   00000000   0x........         DC32     Flag_Island_Confirm

   \                                 In section .text, align 4, keep-with-next
   \                     ??DataTable5_7:
   \   00000000   0x........         DC32     Flag_Island

   \                                 In section .text, align 4, keep-with-next
   \                     ??DataTable5_8:
   \   00000000   0x........         DC32     final

   \                                 In section .text, align 4, keep-with-next
   \                     ??DataTable5_9:
   \   00000000   0x........         DC32     Flag_Island_Last

   \                                 In section .text, align 4, keep-with-next
   \                     ??DataTable5_10:
   \   00000000   0x400BB000         DC32     0x400bb000

   \                                 In section .text, align 4, keep-with-next
   \                     ??DataTable5_11:
   \   00000000   0x........         DC32     sensor

   \                                 In section .text, align 4, keep-with-next
   \                     ??DataTable5_12:
   \   00000000   0x........         DC32     peak

   \                                 In section .text, align 4, keep-with-next
   \                     ??DataTable5_13:
   \   00000000   0x........         DC32     sensor+0x32

   \                                 In section .text, align 4, keep-with-next
   \                     ??DataTable5_14:
   \   00000000   0x........         DC32     sensor+0x64

   \                                 In section .text, align 4, keep-with-next
   \                     ??DataTable5_15:
   \   00000000   0x........         DC32     sensor+0x96

   \                                 In section .text, align 4, keep-with-next
   \                     ??DataTable5_16:
   \   00000000   0x........         DC32     sensor+0xC8

   \                                 In section .text, align 4, keep-with-next
   \                     ??DataTable5_17:
   \   00000000   0x........         DC32     sensor+0xFA

   \                                 In section .text, align 4, keep-with-next
   \                     ??DataTable5_18:
   \   00000000   0x........         DC32     sensor+0x12C

   \                                 In section .text, align 4, keep-with-next
   \                     ??DataTable5_19:
   \   00000000   0x........         DC32     E_Max

   \                                 In section .text, align 4, keep-with-next
   \                     ??DataTable5_20:
   \   00000000   0xEB851EB8         DC32     0xeb851eb8

   \                                 In section .text, align 4, keep-with-next
   \                     ??DataTable5_21:
   \   00000000   0x3FFAB851         DC32     0x3ffab851

   \                                 In section .text, align 4, keep-with-next
   \                     ??DataTable5_22:
   \   00000000   0x3FF00000         DC32     0x3ff00000

   \                                 In section .text, align 4, keep-with-next
   \                     ??DataTable5_23:
   \   00000000   0x40590000         DC32     0x40590000

   \                                 In section .text, align 4, keep-with-next
   \                     ??DataTable5_24:
   \   00000000   0x........         DC32     g1

   \                                 In section .text, align 4, keep-with-next
   \                     ??DataTable5_25:
   \   00000000   0x........         DC32     Pre_Peak5

   \                                 In section .text, align 4, keep-with-next
   \                     ??DataTable5_26:
   \   00000000   0x........         DC32     Pre_Peak6

   \                                 In section .text, align 4, keep-with-next
   \                     ??DataTable5_27:
   \   00000000   0x........         DC32     Pre_Peak_Ramp

   \                                 In section .text, align 4, keep-with-next
   \                     ??DataTable5_28:
   \   00000000   0x........         DC32     Sum_Peak_Ramp

   \                                 In section .text, align 4, keep-with-next
   \                     ??DataTable5_29:
   \   00000000   0x........         DC32     peak2

   \                                 In section .text, align 4, keep-with-next
   \                     ??DataTable5_30:
   \   00000000   0x........         DC32     Distance_Ramp

   \                                 In section .text, align 4, keep-with-next
   \                     ??DataTable5_31:
   \   00000000   0x........         DC32     Spd

   \                                 In section .text, align 4, keep-with-next
   \                     ??DataTable5_32:
   \   00000000   0xCCCCCCCD         DC32     0xcccccccd

   \                                 In section .text, align 4, keep-with-next
   \                     ??DataTable5_33:
   \   00000000   0x4012CCCC         DC32     0x4012cccc

   \                                 In section .text, align 4, keep-with-next
   \                     ??DataTable5_34:
   \   00000000   0x400FF0C0         DC32     0x400ff0c0

   \                                 In section .text, align 4, keep-with-next
   \                     ??DataTable5_35:
   \   00000000   0x8C0053E3         DC32     0x8c0053e3

   \                                 In section .text, align 4, keep-with-next
   \                     ??DataTable5_36:
   \   00000000   0xBF70D067         DC32     0xbf70d067

   \                                 In section .text, align 4, keep-with-next
   \                     ??DataTable5_37:
   \   00000000   0x3FF06666         DC32     0x3ff06666

   \                                 In section .text, align 4, keep-with-next
   \                     ??DataTable5_38:
   \   00000000   0x9999999A         DC32     0x9999999a

   \                                 In section .text, align 4, keep-with-next
   \                     ??DataTable5_39:
   \   00000000   0x40439999         DC32     0x40439999

   \                                 In section .text, align 4, keep-with-next
   \                     ??DataTable5_40:
   \   00000000   0x40C38800         DC32     0x40c38800

   \                                 In section .text, align 4, keep-with-next
   \                     ??DataTable5_41:
   \   00000000   0xBFF00000         DC32     0xbff00000

   \                                 In section .text, align 4, keep-with-next
   \                     ??DataTable5_42:
   \   00000000   0x........         DC32     dis_sensor

   \                                 In section .text, align 4, keep-with-next
   \                     ??DataTable5_43:
   \   00000000   0x40270000         DC32     0x40270000

   \                                 In section .text, align 4, keep-with-next
   \                     ??DataTable5_44:
   \   00000000   0x........         DC32     Turn_Around

   \                                 In section .text, align 4, keep-with-next
   \                     ??DataTable5_45:
   \   00000000   0x........         DC32     Flag_Island_Turn
    280          
    281          

   Maximum stack usage in bytes:

   .cstack Function
   ------- --------
       4   CalcMaxToMin
       8   Dis_Calc
         8   -> Island_Judge
         8   -> Prevent_LostLine
         8   -> ad_convert
         8   -> dis_calcu
         8   -> peak_calc
       8   Prevent_LostLine
         8   -> __aeabi_i2d
         8 __aeabi_cdrcmple
       8   Set_SensorPara
         8   -> CalcMaxToMin
         8   -> LPLD_ADC_Get
         8   -> __aeabi_d2iz
         8   -> __aeabi_dmul
         8   -> __aeabi_i2d
         8   -> sensor_delay
       8   ad_convert
         8   -> LPLD_ADC_Get
      16   dis_calcu
        16   -> __aeabi_d2f
        16   -> __aeabi_d2iz
        16   -> __aeabi_dadd
        16   -> __aeabi_ddiv
        16   -> __aeabi_dmul
        16   -> __aeabi_f2d
        16   -> __aeabi_i2d
        16   -> sqrt
      16   peak_calc
        16   -> CalcMaxToMin
        16   -> LPLD_GPIO_Output_b
        16   -> __aeabi_d2iz
        16   -> __aeabi_dadd
        16   -> __aeabi_ddiv
        16   -> __aeabi_dmul
        16   -> __aeabi_i2d
       0   sensor_delay


   Section sizes:

   Bytes  Function/Label
   -----  --------------
       4  ??DataTable5
       4  ??DataTable5_1
       4  ??DataTable5_10
       4  ??DataTable5_11
       4  ??DataTable5_12
       4  ??DataTable5_13
       4  ??DataTable5_14
       4  ??DataTable5_15
       4  ??DataTable5_16
       4  ??DataTable5_17
       4  ??DataTable5_18
       4  ??DataTable5_19
       4  ??DataTable5_2
       4  ??DataTable5_20
       4  ??DataTable5_21
       4  ??DataTable5_22
       4  ??DataTable5_23
       4  ??DataTable5_24
       4  ??DataTable5_25
       4  ??DataTable5_26
       4  ??DataTable5_27
       4  ??DataTable5_28
       4  ??DataTable5_29
       4  ??DataTable5_3
       4  ??DataTable5_30
       4  ??DataTable5_31
       4  ??DataTable5_32
       4  ??DataTable5_33
       4  ??DataTable5_34
       4  ??DataTable5_35
       4  ??DataTable5_36
       4  ??DataTable5_37
       4  ??DataTable5_38
       4  ??DataTable5_39
       4  ??DataTable5_4
       4  ??DataTable5_40
       4  ??DataTable5_41
       4  ??DataTable5_42
       4  ??DataTable5_43
       4  ??DataTable5_44
       4  ??DataTable5_45
       4  ??DataTable5_5
       4  ??DataTable5_6
       4  ??DataTable5_7
       4  ??DataTable5_8
       4  ??DataTable5_9
      66  CalcMaxToMin
      36  Dis_Calc
       4  Distance_Ramp
      28  E_Max
       1  Flag_Island
       1  Flag_Island_Last
       1  Flag_Ramp
       1  Flag_Stop
       4  Peak5_Filter
       4  Peak6_Filter
      40  Pre_Distance
      80  Pre_Peak5
      80  Pre_Peak6
      40  Pre_Peak_Ramp
     146  Prevent_LostLine
     392  Set_SensorPara
       4  Sum_Peak_Ramp
     166  ad_convert
     382  dis_calcu
      20  dis_sensor
       4  g1
       4  g2
      28  peak
       4  peak2
     960  peak_calc
     352  sensor
      12  sensor_delay

 
   652 bytes in section .bss
    48 bytes in section .data
 2 344 bytes in section .text
 
 2 344 bytes of CODE memory
   700 bytes of DATA memory

Errors: none
Warnings: none
