###############################################################################
#
# IAR ANSI C/C++ Compiler V7.20.2.7424/W32 for ARM        01/Mar/2017  22:00:37
# Copyright 1999-2014 IAR Systems AB.
#
#    Cpu mode     =  thumb
#    Endian       =  little
#    Source file  =  
#        C:\Users\lenovo\Desktop\17智能车省赛\LPLD_OSKinetis_V3\project\chase_after合并程序(0228)\app\Island_Judge.c
#    Command line =  
#        "C:\Users\lenovo\Desktop\17智能车省赛\LPLD_OSKinetis_V3\project\chase_after合并程序(0228)\app\Island_Judge.c"
#        -D LPLD_K60 -D USE_K60F12 -lCN
#        "C:\Users\lenovo\Desktop\17智能车省赛\LPLD_OSKinetis_V3\project\chase_after合并程序(0228)\iar\BOOT\List\"
#        -lB
#        "C:\Users\lenovo\Desktop\17智能车省赛\LPLD_OSKinetis_V3\project\chase_after合并程序(0228)\iar\BOOT\List\"
#        -o
#        "C:\Users\lenovo\Desktop\17智能车省赛\LPLD_OSKinetis_V3\project\chase_after合并程序(0228)\iar\BOOT\Obj\"
#        --no_cse --no_unroll --no_inline --no_code_motion --no_tbaa
#        --no_clustering --no_scheduling --debug --endian=little
#        --cpu=Cortex-M4F -e --fpu=VFPv4_sp --dlib_config
#        D:\IAR\arm\INC\c\DLib_Config_Normal.h -I
#        "C:\Users\lenovo\Desktop\17智能车省赛\LPLD_OSKinetis_V3\project\chase_after合并程序(0228)\iar\..\app\"
#        -I
#        "C:\Users\lenovo\Desktop\17智能车省赛\LPLD_OSKinetis_V3\project\chase_after合并程序(0228)\iar\..\..\..\lib\CPU\"
#        -I
#        "C:\Users\lenovo\Desktop\17智能车省赛\LPLD_OSKinetis_V3\project\chase_after合并程序(0228)\iar\..\..\..\lib\common\"
#        -I
#        "C:\Users\lenovo\Desktop\17智能车省赛\LPLD_OSKinetis_V3\project\chase_after合并程序(0228)\iar\..\..\..\lib\LPLD\"
#        -I
#        "C:\Users\lenovo\Desktop\17智能车省赛\LPLD_OSKinetis_V3\project\chase_after合并程序(0228)\iar\..\..\..\lib\LPLD\HW\"
#        -I
#        "C:\Users\lenovo\Desktop\17智能车省赛\LPLD_OSKinetis_V3\project\chase_after合并程序(0228)\iar\..\..\..\lib\LPLD\DEV\"
#        -I
#        "C:\Users\lenovo\Desktop\17智能车省赛\LPLD_OSKinetis_V3\project\chase_after合并程序(0228)\iar\..\..\..\lib\LPLD\FUNC\"
#        -I
#        "C:\Users\lenovo\Desktop\17智能车省赛\LPLD_OSKinetis_V3\project\chase_after合并程序(0228)\iar\..\..\..\lib\uCOS-II\Ports\"
#        -I
#        "C:\Users\lenovo\Desktop\17智能车省赛\LPLD_OSKinetis_V3\project\chase_after合并程序(0228)\iar\..\..\..\lib\uCOS-II\Source\"
#        -I
#        "C:\Users\lenovo\Desktop\17智能车省赛\LPLD_OSKinetis_V3\project\chase_after合并程序(0228)\iar\..\..\..\lib\FatFs\"
#        -I
#        "C:\Users\lenovo\Desktop\17智能车省赛\LPLD_OSKinetis_V3\project\chase_after合并程序(0228)\iar\..\..\..\lib\FatFs\option\"
#        -I
#        "C:\Users\lenovo\Desktop\17智能车省赛\LPLD_OSKinetis_V3\project\chase_after合并程序(0228)\iar\..\..\..\lib\USB\common\"
#        -I
#        "C:\Users\lenovo\Desktop\17智能车省赛\LPLD_OSKinetis_V3\project\chase_after合并程序(0228)\iar\..\..\..\lib\USB\driver\"
#        -I
#        "C:\Users\lenovo\Desktop\17智能车省赛\LPLD_OSKinetis_V3\project\chase_after合并程序(0228)\iar\..\..\..\lib\USB\descriptor\"
#        -I
#        "C:\Users\lenovo\Desktop\17智能车省赛\LPLD_OSKinetis_V3\project\chase_after合并程序(0228)\iar\..\..\..\lib\USB\class\"
#        -Ol -I D:\IAR\arm\CMSIS\Include\ -D ARM_MATH_CM4
#    List file    =  
#        C:\Users\lenovo\Desktop\17智能车省赛\LPLD_OSKinetis_V3\project\chase_after合并程序(0228)\iar\BOOT\List\Island_Judge.lst
#    Object file  =  
#        C:\Users\lenovo\Desktop\17智能车省赛\LPLD_OSKinetis_V3\project\chase_after合并程序(0228)\iar\BOOT\Obj\Island_Judge.o
#
###############################################################################

C:\Users\lenovo\Desktop\17智能车省赛\LPLD_OSKinetis_V3\project\chase_after合并程序(0228)\app\Island_Judge.c
      1          #include "Includes.h"
      2          
      3          extern uint8 Flag_Ramp;
      4          extern int peak[];
      5          extern int Pre_Peak5[];
      6          extern uint8 Flag_Island;
      7          extern uint8 Turn_Around;
      8          extern struct Speed Spd;
      9          extern uint8  Flag_Island_Last;
     10          extern int Distance;
     11          extern int Count;

   \                                 In section .bss, align 4
     12          int Distance_Island;
   \                     Distance_Island:
   \   00000000                      DS8 4
     13          extern int Pre_Distance[];

   \                                 In section .bss, align 4
     14          int Sum_Distance_Island_Stright;
   \                     Sum_Distance_Island_Stright:
   \   00000000                      DS8 4

   \                                 In section .bss, align 4
     15          int Flag_Island_Confirm = 0;
   \                     Flag_Island_Confirm:
   \   00000000                      DS8 4

   \                                 In section .bss, align 4
     16          int Flag_Island_Confirm_Last = 0;
   \                     Flag_Island_Confirm_Last:
   \   00000000                      DS8 4

   \                                 In section .bss, align 4
     17          int trendSum_Peak1[2];
   \                     trendSum_Peak1:
   \   00000000                      DS8 8

   \                                 In section .bss, align 4
     18          int trendSum_Peak3[2];
   \                     trendSum_Peak3:
   \   00000000                      DS8 8

   \                                 In section .bss, align 4
     19          int Pre_Peak1[6];
   \                     Pre_Peak1:
   \   00000000                      DS8 24

   \                                 In section .bss, align 4
     20          int Pre_Peak3[6];
   \                     Pre_Peak3:
   \   00000000                      DS8 24

   \                                 In section .bss, align 4
     21          int Admit_Dis_EnterIsland = 0;   //后车可以识别环岛的距离
   \                     Admit_Dis_EnterIsland:
   \   00000000                      DS8 4

   \                                 In section .bss, align 4
     22          int IslandTurn_Distance = 0;   //前车进入环岛后，用于判断转向的距离
   \                     IslandTurn_Distance:
   \   00000000                      DS8 4

   \                                 In section .bss, align 4
     23          int IslandGap_Distance = 0;
   \                     IslandGap_Distance:
   \   00000000                      DS8 4

   \                                 In section .bss, align 1
     24          uint8 final = 0;
   \                     final:
   \   00000000                      DS8 1

   \                                 In section .bss, align 1
     25          uint8 Flag_Island_Turn = 0;
   \                     Flag_Island_Turn:
   \   00000000                      DS8 1
     26          

   \                                 In section .bss, align 4
     27          int m;
   \                     m:
   \   00000000                      DS8 4

   \                                 In section .text, align 4, keep-with-next
     28          void Island_Judge()
     29          {       
   \                     Island_Judge: (+1)
   \   00000000   0xB570             PUSH     {R4-R6,LR}
     30            Sum_Distance_Island_Stright = 0;
   \   00000002   0x2000             MOVS     R0,#+0
   \   00000004   0xF8DF 0x1528      LDR.W    R1,??Island_Judge_0
   \   00000008   0x6008             STR      R0,[R1, #+0]
     31            for(uint8 i=0; i<10; i++)
   \   0000000A   0x2600             MOVS     R6,#+0
   \   0000000C   0xE019             B.N      ??Island_Judge_1
     32              Sum_Distance_Island_Stright += fabs(Pre_Distance[i]);
   \                     ??Island_Judge_2: (+1)
   \   0000000E   0xF8DF 0x0520      LDR.W    R0,??Island_Judge_0
   \   00000012   0x6800             LDR      R0,[R0, #+0]
   \   00000014   0x.... 0x....      BL       __aeabi_i2d
   \   00000018   0x0004             MOVS     R4,R0
   \   0000001A   0x000D             MOVS     R5,R1
   \   0000001C   0xF8DF 0x0514      LDR.W    R0,??Island_Judge_0+0x4
   \   00000020   0xB2F6             UXTB     R6,R6            ;; ZeroExt  R6,R6,#+24,#+24
   \   00000022   0xF850 0x0026      LDR      R0,[R0, R6, LSL #+2]
   \   00000026   0x.... 0x....      BL       __aeabi_i2d
   \   0000002A   0xF031 0x4100      BICS     R1,R1,#0x80000000
   \   0000002E   0x0022             MOVS     R2,R4
   \   00000030   0x002B             MOVS     R3,R5
   \   00000032   0x.... 0x....      BL       __aeabi_dadd
   \   00000036   0x.... 0x....      BL       __aeabi_d2iz
   \   0000003A   0xF8DF 0x14F4      LDR.W    R1,??Island_Judge_0
   \   0000003E   0x6008             STR      R0,[R1, #+0]
   \   00000040   0x1C76             ADDS     R6,R6,#+1
   \                     ??Island_Judge_1: (+1)
   \   00000042   0xB2F6             UXTB     R6,R6            ;; ZeroExt  R6,R6,#+24,#+24
   \   00000044   0x2E0A             CMP      R6,#+10
   \   00000046   0xDBE2             BLT.N    ??Island_Judge_2
     33            
     34            /************************进环岛***************************************/
     35              //环岛第一步
     36              if(    fabs(peak[2])>30
     37                  && fabs(peak[2])<80
     38                  && peak[0]>15 
     39                  && peak[0]<50
     40                  && peak[4]>15  
     41                  && peak[4]<50 
     42                  && fabs(peak[1]-peak[3])<30
     43                  && peak[1]<70
     44                  && peak[3]<70
     45                  && (peak[5]>80 || peak[6]>80)      
     46                  && (peak[5]+peak[6]>140)  
     47                  && Flag_Ramp==0
     48                  && Flag_Island_Confirm==0
     49                  && Sum_Distance_Island_Stright < 25
     50                  && IslandGap_Distance == 0
     51                )
   \   00000048   0xF8DF 0x04EC      LDR.W    R0,??Island_Judge_0+0x8
   \   0000004C   0x6880             LDR      R0,[R0, #+8]
   \   0000004E   0x.... 0x....      BL       __aeabi_i2d
   \   00000052   0xF031 0x4100      BICS     R1,R1,#0x80000000
   \   00000056   0x2201             MOVS     R2,#+1
   \   00000058   0xF8DF 0x34E0      LDR.W    R3,??Island_Judge_0+0xC  ;; 0x403e0000
   \   0000005C   0x.... 0x....      BL       __aeabi_cdrcmple
   \   00000060   0xD873             BHI.N    ??Island_Judge_3
   \   00000062   0xF8DF 0x04D4      LDR.W    R0,??Island_Judge_0+0x8
   \   00000066   0x6880             LDR      R0,[R0, #+8]
   \   00000068   0x.... 0x....      BL       __aeabi_i2d
   \   0000006C   0xF031 0x4100      BICS     R1,R1,#0x80000000
   \   00000070   0x2200             MOVS     R2,#+0
   \   00000072   0xF8DF 0x34CC      LDR.W    R3,??Island_Judge_0+0x10  ;; 0x40540000
   \   00000076   0x.... 0x....      BL       __aeabi_cdcmple
   \   0000007A   0xD266             BCS.N    ??Island_Judge_3
   \   0000007C   0xF8DF 0x04B8      LDR.W    R0,??Island_Judge_0+0x8
   \   00000080   0x6800             LDR      R0,[R0, #+0]
   \   00000082   0x3810             SUBS     R0,R0,#+16
   \   00000084   0x2822             CMP      R0,#+34
   \   00000086   0xD260             BCS.N    ??Island_Judge_3
   \   00000088   0xF8DF 0x04AC      LDR.W    R0,??Island_Judge_0+0x8
   \   0000008C   0x6900             LDR      R0,[R0, #+16]
   \   0000008E   0x3810             SUBS     R0,R0,#+16
   \   00000090   0x2822             CMP      R0,#+34
   \   00000092   0xD25A             BCS.N    ??Island_Judge_3
   \   00000094   0xF8DF 0x04A0      LDR.W    R0,??Island_Judge_0+0x8
   \   00000098   0x6840             LDR      R0,[R0, #+4]
   \   0000009A   0xF8DF 0x149C      LDR.W    R1,??Island_Judge_0+0x8
   \   0000009E   0x68C9             LDR      R1,[R1, #+12]
   \   000000A0   0x1A40             SUBS     R0,R0,R1
   \   000000A2   0x.... 0x....      BL       __aeabi_i2d
   \   000000A6   0xF031 0x4100      BICS     R1,R1,#0x80000000
   \   000000AA   0x2200             MOVS     R2,#+0
   \   000000AC   0xF8DF 0x348C      LDR.W    R3,??Island_Judge_0+0xC  ;; 0x403e0000
   \   000000B0   0x.... 0x....      BL       __aeabi_cdcmple
   \   000000B4   0xD249             BCS.N    ??Island_Judge_3
   \   000000B6   0xF8DF 0x0480      LDR.W    R0,??Island_Judge_0+0x8
   \   000000BA   0x6840             LDR      R0,[R0, #+4]
   \   000000BC   0x2846             CMP      R0,#+70
   \   000000BE   0xDA44             BGE.N    ??Island_Judge_3
   \   000000C0   0xF8DF 0x0474      LDR.W    R0,??Island_Judge_0+0x8
   \   000000C4   0x68C0             LDR      R0,[R0, #+12]
   \   000000C6   0x2846             CMP      R0,#+70
   \   000000C8   0xDA3F             BGE.N    ??Island_Judge_3
   \   000000CA   0xF8DF 0x046C      LDR.W    R0,??Island_Judge_0+0x8
   \   000000CE   0x6940             LDR      R0,[R0, #+20]
   \   000000D0   0x2851             CMP      R0,#+81
   \   000000D2   0xDA04             BGE.N    ??Island_Judge_4
   \   000000D4   0xF8DF 0x0460      LDR.W    R0,??Island_Judge_0+0x8
   \   000000D8   0x6980             LDR      R0,[R0, #+24]
   \   000000DA   0x2851             CMP      R0,#+81
   \   000000DC   0xDB35             BLT.N    ??Island_Judge_3
   \                     ??Island_Judge_4: (+1)
   \   000000DE   0xF8DF 0x0458      LDR.W    R0,??Island_Judge_0+0x8
   \   000000E2   0x6940             LDR      R0,[R0, #+20]
   \   000000E4   0xF8DF 0x1450      LDR.W    R1,??Island_Judge_0+0x8
   \   000000E8   0x6989             LDR      R1,[R1, #+24]
   \   000000EA   0x1808             ADDS     R0,R1,R0
   \   000000EC   0x288D             CMP      R0,#+141
   \   000000EE   0xDB2C             BLT.N    ??Island_Judge_3
   \   000000F0   0xF8DF 0x0450      LDR.W    R0,??Island_Judge_0+0x14
   \   000000F4   0x7800             LDRB     R0,[R0, #+0]
   \   000000F6   0xF8DF 0x1450      LDR.W    R1,??Island_Judge_0+0x18
   \   000000FA   0x6809             LDR      R1,[R1, #+0]
   \   000000FC   0x4308             ORRS     R0,R1,R0
   \   000000FE   0x2800             CMP      R0,#+0
   \   00000100   0xD123             BNE.N    ??Island_Judge_3
   \   00000102   0xF8DF 0x042C      LDR.W    R0,??Island_Judge_0
   \   00000106   0x6800             LDR      R0,[R0, #+0]
   \   00000108   0x2819             CMP      R0,#+25
   \   0000010A   0xDA1E             BGE.N    ??Island_Judge_3
   \   0000010C   0xF8DF 0x043C      LDR.W    R0,??Island_Judge_0+0x1C
   \   00000110   0x6800             LDR      R0,[R0, #+0]
   \   00000112   0x2800             CMP      R0,#+0
   \   00000114   0xD119             BNE.N    ??Island_Judge_3
     52                  {
     53                      //只有当前车进入环岛后，后车才能在一定距离内识别环岛
     54                      if(Turn_Around == 1)
   \   00000116   0xF8DF 0x0438      LDR.W    R0,??Island_Judge_0+0x20
   \   0000011A   0x7800             LDRB     R0,[R0, #+0]
   \   0000011C   0x2801             CMP      R0,#+1
   \   0000011E   0xD10A             BNE.N    ??Island_Judge_5
     55                        {
     56                          if(Admit_Dis_EnterIsland != 0)
   \   00000120   0xF8DF 0x0430      LDR.W    R0,??Island_Judge_0+0x24
   \   00000124   0x6800             LDR      R0,[R0, #+0]
   \   00000126   0x2800             CMP      R0,#+0
   \   00000128   0xD00F             BEQ.N    ??Island_Judge_3
     57                            Flag_Island_Confirm = (Confirm_First-10)*100;
   \   0000012A   0xF44F 0x70FA      MOV      R0,#+500
   \   0000012E   0xF8DF 0x1418      LDR.W    R1,??Island_Judge_0+0x18
   \   00000132   0x6008             STR      R0,[R1, #+0]
   \   00000134   0xE009             B.N      ??Island_Judge_3
     58                        }
     59                      //前车进入环岛后，发送信号给后车，用于：1.后车减速, 2.允许后车识别环岛
     60                      else
     61                        {
     62                          LPLD_UART_PutChar(UART4, 5);   //"5"表示：1.后车减速, 2.允许后车识别环岛
   \                     ??Island_Judge_5: (+1)
   \   00000136   0x2105             MOVS     R1,#+5
   \   00000138   0xF8DF 0x041C      LDR.W    R0,??Island_Judge_0+0x28  ;; 0x400ea000
   \   0000013C   0x.... 0x....      BL       LPLD_UART_PutChar
     63                          Flag_Island_Confirm = Confirm_First*100;   
   \   00000140   0xF240 0x50DC      MOVW     R0,#+1500
   \   00000144   0xF8DF 0x1400      LDR.W    R1,??Island_Judge_0+0x18
   \   00000148   0x6008             STR      R0,[R1, #+0]
     64                        }
     65                  }
     66              
     67          
     68              //环岛第二步  
     69              if(    Flag_Island_Confirm>Confirm_Second*100 
     70                  && peak[2]<60 && peak[1]<60 && peak[3]<60 && peak[0]<70 && peak[4]<70)
   \                     ??Island_Judge_3: (+1)
   \   0000014A   0xF8DF 0x03FC      LDR.W    R0,??Island_Judge_0+0x18
   \   0000014E   0x6800             LDR      R0,[R0, #+0]
   \   00000150   0xF640 0x51AD      MOVW     R1,#+3501
   \   00000154   0x4288             CMP      R0,R1
   \   00000156   0xDB1C             BLT.N    ??Island_Judge_6
   \   00000158   0xF8DF 0x03DC      LDR.W    R0,??Island_Judge_0+0x8
   \   0000015C   0x6880             LDR      R0,[R0, #+8]
   \   0000015E   0x283C             CMP      R0,#+60
   \   00000160   0xDA17             BGE.N    ??Island_Judge_6
   \   00000162   0xF8DF 0x03D4      LDR.W    R0,??Island_Judge_0+0x8
   \   00000166   0x6840             LDR      R0,[R0, #+4]
   \   00000168   0x283C             CMP      R0,#+60
   \   0000016A   0xDA12             BGE.N    ??Island_Judge_6
   \   0000016C   0xF8DF 0x03C8      LDR.W    R0,??Island_Judge_0+0x8
   \   00000170   0x68C0             LDR      R0,[R0, #+12]
   \   00000172   0x283C             CMP      R0,#+60
   \   00000174   0xDA0D             BGE.N    ??Island_Judge_6
   \   00000176   0xF8DF 0x03C0      LDR.W    R0,??Island_Judge_0+0x8
   \   0000017A   0x6800             LDR      R0,[R0, #+0]
   \   0000017C   0x2846             CMP      R0,#+70
   \   0000017E   0xDA08             BGE.N    ??Island_Judge_6
   \   00000180   0xF8DF 0x03B4      LDR.W    R0,??Island_Judge_0+0x8
   \   00000184   0x6900             LDR      R0,[R0, #+16]
   \   00000186   0x2846             CMP      R0,#+70
   \   00000188   0xDA03             BGE.N    ??Island_Judge_6
     71                  final = 1;
   \   0000018A   0x2001             MOVS     R0,#+1
   \   0000018C   0xF8DF 0x13CC      LDR.W    R1,??Island_Judge_0+0x2C
   \   00000190   0x7008             STRB     R0,[R1, #+0]
     72              
     73              if( Flag_Island_Confirm > Confirm_Second*100 )
   \                     ??Island_Judge_6: (+1)
   \   00000192   0xF8DF 0x03B4      LDR.W    R0,??Island_Judge_0+0x18
   \   00000196   0x6800             LDR      R0,[R0, #+0]
   \   00000198   0xF640 0x51AD      MOVW     R1,#+3501
   \   0000019C   0x4288             CMP      R0,R1
   \   0000019E   0xDB03             BLT.N    ??Island_Judge_7
     74                Flag_Island_Confirm = 0;
   \   000001A0   0x2000             MOVS     R0,#+0
   \   000001A2   0xF8DF 0x13A4      LDR.W    R1,??Island_Judge_0+0x18
   \   000001A6   0x6008             STR      R0,[R1, #+0]
     75                 
     76              if(Flag_Island_Confirm != 0)
   \                     ??Island_Judge_7: (+1)
   \   000001A8   0xF8DF 0x039C      LDR.W    R0,??Island_Judge_0+0x18
   \   000001AC   0x6800             LDR      R0,[R0, #+0]
   \   000001AE   0x2800             CMP      R0,#+0
   \   000001B0   0xD01A             BEQ.N    ??Island_Judge_8
     77                Flag_Island_Confirm += Spd.feedback/Measuring_Scale;
   \   000001B2   0xF8DF 0x0394      LDR.W    R0,??Island_Judge_0+0x18
   \   000001B6   0x6800             LDR      R0,[R0, #+0]
   \   000001B8   0x.... 0x....      BL       __aeabi_i2d
   \   000001BC   0x0004             MOVS     R4,R0
   \   000001BE   0x000D             MOVS     R5,R1
   \   000001C0   0xF8DF 0x039C      LDR.W    R0,??Island_Judge_0+0x30
   \   000001C4   0x69C0             LDR      R0,[R0, #+28]
   \   000001C6   0x.... 0x....      BL       __aeabi_i2d
   \   000001CA   0xF8DF 0x2398      LDR.W    R2,??Island_Judge_0+0x34  ;; 0xcccccccd
   \   000001CE   0xF8DF 0x3398      LDR.W    R3,??Island_Judge_0+0x38  ;; 0x4012cccc
   \   000001D2   0x.... 0x....      BL       __aeabi_ddiv
   \   000001D6   0x0022             MOVS     R2,R4
   \   000001D8   0x002B             MOVS     R3,R5
   \   000001DA   0x.... 0x....      BL       __aeabi_dadd
   \   000001DE   0x.... 0x....      BL       __aeabi_d2iz
   \   000001E2   0xF8DF 0x1364      LDR.W    R1,??Island_Judge_0+0x18
   \   000001E6   0x6008             STR      R0,[R1, #+0]
     78              
     79              
     80              //环岛第三步  
     81              for(uint8 i=0; i<5; i++)
   \                     ??Island_Judge_8: (+1)
   \   000001E8   0x2000             MOVS     R0,#+0
   \   000001EA   0xE016             B.N      ??Island_Judge_9
     82                {
     83                  Pre_Peak1[i] = Pre_Peak1[i+1];
   \                     ??Island_Judge_10: (+1)
   \   000001EC   0xF8DF 0x137C      LDR.W    R1,??Island_Judge_0+0x3C
   \   000001F0   0xB2C0             UXTB     R0,R0            ;; ZeroExt  R0,R0,#+24,#+24
   \   000001F2   0xEB11 0x0180      ADDS     R1,R1,R0, LSL #+2
   \   000001F6   0x6849             LDR      R1,[R1, #+4]
   \   000001F8   0xF8DF 0x2370      LDR.W    R2,??Island_Judge_0+0x3C
   \   000001FC   0xB2C0             UXTB     R0,R0            ;; ZeroExt  R0,R0,#+24,#+24
   \   000001FE   0xF842 0x1020      STR      R1,[R2, R0, LSL #+2]
     84                  Pre_Peak3[i] = Pre_Peak3[i+1];
   \   00000202   0xF8DF 0x136C      LDR.W    R1,??Island_Judge_0+0x40
   \   00000206   0xB2C0             UXTB     R0,R0            ;; ZeroExt  R0,R0,#+24,#+24
   \   00000208   0xEB11 0x0180      ADDS     R1,R1,R0, LSL #+2
   \   0000020C   0x6849             LDR      R1,[R1, #+4]
   \   0000020E   0xF8DF 0x2360      LDR.W    R2,??Island_Judge_0+0x40
   \   00000212   0xB2C0             UXTB     R0,R0            ;; ZeroExt  R0,R0,#+24,#+24
   \   00000214   0xF842 0x1020      STR      R1,[R2, R0, LSL #+2]
     85                }
   \   00000218   0x1C40             ADDS     R0,R0,#+1
   \                     ??Island_Judge_9: (+1)
   \   0000021A   0xB2C0             UXTB     R0,R0            ;; ZeroExt  R0,R0,#+24,#+24
   \   0000021C   0x2805             CMP      R0,#+5
   \   0000021E   0xDBE5             BLT.N    ??Island_Judge_10
     86              Pre_Peak1[5] = peak[1];
   \   00000220   0xF8DF 0x0314      LDR.W    R0,??Island_Judge_0+0x8
   \   00000224   0x6840             LDR      R0,[R0, #+4]
   \   00000226   0xF8DF 0x1344      LDR.W    R1,??Island_Judge_0+0x3C
   \   0000022A   0x6148             STR      R0,[R1, #+20]
     87              Pre_Peak3[5] = peak[3];
   \   0000022C   0xF8DF 0x0308      LDR.W    R0,??Island_Judge_0+0x8
   \   00000230   0x68C0             LDR      R0,[R0, #+12]
   \   00000232   0xF8DF 0x133C      LDR.W    R1,??Island_Judge_0+0x40
   \   00000236   0x6148             STR      R0,[R1, #+20]
     88              
     89              trendSum_Peak1[1] = Pre_Peak1[3] + Pre_Peak1[4] + Pre_Peak1[5];
   \   00000238   0xF8DF 0x0330      LDR.W    R0,??Island_Judge_0+0x3C
   \   0000023C   0x68C0             LDR      R0,[R0, #+12]
   \   0000023E   0xF8DF 0x132C      LDR.W    R1,??Island_Judge_0+0x3C
   \   00000242   0x6909             LDR      R1,[R1, #+16]
   \   00000244   0x1808             ADDS     R0,R1,R0
   \   00000246   0xF8DF 0x1324      LDR.W    R1,??Island_Judge_0+0x3C
   \   0000024A   0x6949             LDR      R1,[R1, #+20]
   \   0000024C   0x1808             ADDS     R0,R1,R0
   \   0000024E   0xF8DF 0x1324      LDR.W    R1,??Island_Judge_0+0x44
   \   00000252   0x6048             STR      R0,[R1, #+4]
     90              trendSum_Peak1[0] = Pre_Peak1[0] + Pre_Peak1[1] + Pre_Peak1[2];
   \   00000254   0xF8DF 0x0314      LDR.W    R0,??Island_Judge_0+0x3C
   \   00000258   0x6800             LDR      R0,[R0, #+0]
   \   0000025A   0xF8DF 0x1310      LDR.W    R1,??Island_Judge_0+0x3C
   \   0000025E   0x6849             LDR      R1,[R1, #+4]
   \   00000260   0x1808             ADDS     R0,R1,R0
   \   00000262   0xF8DF 0x1308      LDR.W    R1,??Island_Judge_0+0x3C
   \   00000266   0x6889             LDR      R1,[R1, #+8]
   \   00000268   0x1808             ADDS     R0,R1,R0
   \   0000026A   0xF8DF 0x1308      LDR.W    R1,??Island_Judge_0+0x44
   \   0000026E   0x6008             STR      R0,[R1, #+0]
     91              trendSum_Peak3[1] = Pre_Peak3[3] + Pre_Peak3[4] + Pre_Peak3[5];
   \   00000270   0xF8DF 0x02FC      LDR.W    R0,??Island_Judge_0+0x40
   \   00000274   0x68C0             LDR      R0,[R0, #+12]
   \   00000276   0xF8DF 0x12F8      LDR.W    R1,??Island_Judge_0+0x40
   \   0000027A   0x6909             LDR      R1,[R1, #+16]
   \   0000027C   0x1808             ADDS     R0,R1,R0
   \   0000027E   0xF8DF 0x12F0      LDR.W    R1,??Island_Judge_0+0x40
   \   00000282   0x6949             LDR      R1,[R1, #+20]
   \   00000284   0x1808             ADDS     R0,R1,R0
   \   00000286   0xF8DF 0x12F0      LDR.W    R1,??Island_Judge_0+0x48
   \   0000028A   0x6048             STR      R0,[R1, #+4]
     92              trendSum_Peak3[0] = Pre_Peak3[0] + Pre_Peak3[1] + Pre_Peak3[2];
   \   0000028C   0x48B8             LDR.N    R0,??Island_Judge_0+0x40
   \   0000028E   0x6800             LDR      R0,[R0, #+0]
   \   00000290   0x49B7             LDR.N    R1,??Island_Judge_0+0x40
   \   00000292   0x6849             LDR      R1,[R1, #+4]
   \   00000294   0x1808             ADDS     R0,R1,R0
   \   00000296   0x49B6             LDR.N    R1,??Island_Judge_0+0x40
   \   00000298   0x6889             LDR      R1,[R1, #+8]
   \   0000029A   0x1808             ADDS     R0,R1,R0
   \   0000029C   0x49B6             LDR.N    R1,??Island_Judge_0+0x48
   \   0000029E   0x6008             STR      R0,[R1, #+0]
     93              
     94              if(final==1 && Flag_Island_Last==0)
   \   000002A0   0x48AE             LDR.N    R0,??Island_Judge_0+0x2C
   \   000002A2   0x7800             LDRB     R0,[R0, #+0]
   \   000002A4   0x2801             CMP      R0,#+1
   \   000002A6   0xD137             BNE.N    ??Island_Judge_11
   \   000002A8   0x48B4             LDR.N    R0,??Island_Judge_0+0x4C
   \   000002AA   0x7800             LDRB     R0,[R0, #+0]
   \   000002AC   0x2800             CMP      R0,#+0
   \   000002AE   0xD133             BNE.N    ??Island_Judge_11
     95                {
     96                  if( peak[2]>25 && (trendSum_Peak1[1]-trendSum_Peak1[0]<=0 || trendSum_Peak3[1]-trendSum_Peak3[0]<=0) 
     97                    &&peak[5]<120 && peak[6]<120 && peak[0]<70 && peak[4]<70)
   \   000002B0   0x48A1             LDR.N    R0,??Island_Judge_0+0x8
   \   000002B2   0x6880             LDR      R0,[R0, #+8]
   \   000002B4   0x281A             CMP      R0,#+26
   \   000002B6   0xDB2F             BLT.N    ??Island_Judge_11
   \   000002B8   0x48AE             LDR.N    R0,??Island_Judge_0+0x44
   \   000002BA   0x6840             LDR      R0,[R0, #+4]
   \   000002BC   0x49AD             LDR.N    R1,??Island_Judge_0+0x44
   \   000002BE   0x6809             LDR      R1,[R1, #+0]
   \   000002C0   0x1A40             SUBS     R0,R0,R1
   \   000002C2   0x2801             CMP      R0,#+1
   \   000002C4   0xDB06             BLT.N    ??Island_Judge_12
   \   000002C6   0x48AC             LDR.N    R0,??Island_Judge_0+0x48
   \   000002C8   0x6840             LDR      R0,[R0, #+4]
   \   000002CA   0x49AB             LDR.N    R1,??Island_Judge_0+0x48
   \   000002CC   0x6809             LDR      R1,[R1, #+0]
   \   000002CE   0x1A40             SUBS     R0,R0,R1
   \   000002D0   0x2801             CMP      R0,#+1
   \   000002D2   0xDA21             BGE.N    ??Island_Judge_11
   \                     ??Island_Judge_12: (+1)
   \   000002D4   0x4898             LDR.N    R0,??Island_Judge_0+0x8
   \   000002D6   0x6940             LDR      R0,[R0, #+20]
   \   000002D8   0x2878             CMP      R0,#+120
   \   000002DA   0xDA1D             BGE.N    ??Island_Judge_11
   \   000002DC   0x4896             LDR.N    R0,??Island_Judge_0+0x8
   \   000002DE   0x6980             LDR      R0,[R0, #+24]
   \   000002E0   0x2878             CMP      R0,#+120
   \   000002E2   0xDA19             BGE.N    ??Island_Judge_11
   \   000002E4   0x4894             LDR.N    R0,??Island_Judge_0+0x8
   \   000002E6   0x6800             LDR      R0,[R0, #+0]
   \   000002E8   0x2846             CMP      R0,#+70
   \   000002EA   0xDA15             BGE.N    ??Island_Judge_11
   \   000002EC   0x4892             LDR.N    R0,??Island_Judge_0+0x8
   \   000002EE   0x6900             LDR      R0,[R0, #+16]
   \   000002F0   0x2846             CMP      R0,#+70
   \   000002F2   0xDA11             BGE.N    ??Island_Judge_11
     98                  {
     99                    Flag_Island = 1;
   \   000002F4   0x2001             MOVS     R0,#+1
   \   000002F6   0x49A2             LDR.N    R1,??Island_Judge_0+0x50
   \   000002F8   0x7008             STRB     R0,[R1, #+0]
    100                    final = 0;
   \   000002FA   0x2000             MOVS     R0,#+0
   \   000002FC   0x4997             LDR.N    R1,??Island_Judge_0+0x2C
   \   000002FE   0x7008             STRB     R0,[R1, #+0]
    101                    Flag_Island_Confirm = 0;
   \   00000300   0x2000             MOVS     R0,#+0
   \   00000302   0x4991             LDR.N    R1,??Island_Judge_0+0x18
   \   00000304   0x6008             STR      R0,[R1, #+0]
    102                    IslandGap_Distance = 10*100;
   \   00000306   0xF44F 0x707A      MOV      R0,#+1000
   \   0000030A   0x4990             LDR.N    R1,??Island_Judge_0+0x1C
   \   0000030C   0x6008             STR      R0,[R1, #+0]
    103                    m++;
   \   0000030E   0x489D             LDR.N    R0,??Island_Judge_0+0x54
   \   00000310   0x6800             LDR      R0,[R0, #+0]
   \   00000312   0x1C40             ADDS     R0,R0,#+1
   \   00000314   0x499B             LDR.N    R1,??Island_Judge_0+0x54
   \   00000316   0x6008             STR      R0,[R1, #+0]
    104                  }
    105                }
    106             
    107              if(IslandGap_Distance != 0)
   \                     ??Island_Judge_11: (+1)
   \   00000318   0x488C             LDR.N    R0,??Island_Judge_0+0x1C
   \   0000031A   0x6800             LDR      R0,[R0, #+0]
   \   0000031C   0x2800             CMP      R0,#+0
   \   0000031E   0xD015             BEQ.N    ??Island_Judge_13
    108                 IslandGap_Distance += Spd.feedback/Measuring_Scale;
   \   00000320   0x488A             LDR.N    R0,??Island_Judge_0+0x1C
   \   00000322   0x6800             LDR      R0,[R0, #+0]
   \   00000324   0x.... 0x....      BL       __aeabi_i2d
   \   00000328   0x0004             MOVS     R4,R0
   \   0000032A   0x000D             MOVS     R5,R1
   \   0000032C   0x488C             LDR.N    R0,??Island_Judge_0+0x30
   \   0000032E   0x69C0             LDR      R0,[R0, #+28]
   \   00000330   0x.... 0x....      BL       __aeabi_i2d
   \   00000334   0x4A8B             LDR.N    R2,??Island_Judge_0+0x34  ;; 0xcccccccd
   \   00000336   0x4B8C             LDR.N    R3,??Island_Judge_0+0x38  ;; 0x4012cccc
   \   00000338   0x.... 0x....      BL       __aeabi_ddiv
   \   0000033C   0x0022             MOVS     R2,R4
   \   0000033E   0x002B             MOVS     R3,R5
   \   00000340   0x.... 0x....      BL       __aeabi_dadd
   \   00000344   0x.... 0x....      BL       __aeabi_d2iz
   \   00000348   0x4980             LDR.N    R1,??Island_Judge_0+0x1C
   \   0000034A   0x6008             STR      R0,[R1, #+0]
    109              if(IslandGap_Distance > 300*100)
   \                     ??Island_Judge_13: (+1)
   \   0000034C   0x487F             LDR.N    R0,??Island_Judge_0+0x1C
   \   0000034E   0x6800             LDR      R0,[R0, #+0]
   \   00000350   0xF247 0x5131      MOVW     R1,#+30001
   \   00000354   0x4288             CMP      R0,R1
   \   00000356   0xDB02             BLT.N    ??Island_Judge_14
    110                 IslandGap_Distance = 0;
   \   00000358   0x2000             MOVS     R0,#+0
   \   0000035A   0x497C             LDR.N    R1,??Island_Judge_0+0x1C
   \   0000035C   0x6008             STR      R0,[R1, #+0]
    111            /*********************************环岛内******************************/
    112                 if( Flag_Island_Confirm!=0 || final==1)
   \                     ??Island_Judge_14: (+1)
   \   0000035E   0x487A             LDR.N    R0,??Island_Judge_0+0x18
   \   00000360   0x6800             LDR      R0,[R0, #+0]
   \   00000362   0x2800             CMP      R0,#+0
   \   00000364   0xD103             BNE.N    ??Island_Judge_15
   \   00000366   0x487D             LDR.N    R0,??Island_Judge_0+0x2C
   \   00000368   0x7800             LDRB     R0,[R0, #+0]
   \   0000036A   0x2801             CMP      R0,#+1
   \   0000036C   0xD106             BNE.N    ??Island_Judge_16
    113                    IslandTurn_Distance += Distance;
   \                     ??Island_Judge_15: (+1)
   \   0000036E   0x4886             LDR.N    R0,??Island_Judge_0+0x58
   \   00000370   0x6800             LDR      R0,[R0, #+0]
   \   00000372   0x4986             LDR.N    R1,??Island_Judge_0+0x5C
   \   00000374   0x6809             LDR      R1,[R1, #+0]
   \   00000376   0x1808             ADDS     R0,R1,R0
   \   00000378   0x4983             LDR.N    R1,??Island_Judge_0+0x58
   \   0000037A   0x6008             STR      R0,[R1, #+0]
    114              
    115                 //前车变后车
    116                  if(Turn_Around==0 && Flag_Island==1 && Flag_Island_Last==0)
   \                     ??Island_Judge_16: (+1)
   \   0000037C   0x4874             LDR.N    R0,??Island_Judge_0+0x20
   \   0000037E   0x7800             LDRB     R0,[R0, #+0]
   \   00000380   0x2800             CMP      R0,#+0
   \   00000382   0xD12B             BNE.N    ??Island_Judge_17
   \   00000384   0x487E             LDR.N    R0,??Island_Judge_0+0x50
   \   00000386   0x7800             LDRB     R0,[R0, #+0]
   \   00000388   0x2801             CMP      R0,#+1
   \   0000038A   0xD127             BNE.N    ??Island_Judge_17
   \   0000038C   0x487B             LDR.N    R0,??Island_Judge_0+0x4C
   \   0000038E   0x7800             LDRB     R0,[R0, #+0]
   \   00000390   0x2800             CMP      R0,#+0
   \   00000392   0xD123             BNE.N    ??Island_Judge_17
    117                    {
    118                      //前车距离累加值大于零，左转
    119                      if(IslandTurn_Distance>0)
   \   00000394   0x487C             LDR.N    R0,??Island_Judge_0+0x58
   \   00000396   0x6800             LDR      R0,[R0, #+0]
   \   00000398   0x2801             CMP      R0,#+1
   \   0000039A   0xDB03             BLT.N    ??Island_Judge_18
    120                         Flag_Island_Turn = 11;
   \   0000039C   0x200B             MOVS     R0,#+11
   \   0000039E   0x497C             LDR.N    R1,??Island_Judge_0+0x60
   \   000003A0   0x7008             STRB     R0,[R1, #+0]
   \   000003A2   0xE002             B.N      ??Island_Judge_19
    121                      //前车距离累加值小于零，右转
    122                      else 
    123                         Flag_Island_Turn = 10;
   \                     ??Island_Judge_18: (+1)
   \   000003A4   0x200A             MOVS     R0,#+10
   \   000003A6   0x497A             LDR.N    R1,??Island_Judge_0+0x60
   \   000003A8   0x7008             STRB     R0,[R1, #+0]
    124                      
    125                      if(Flag_Island_Turn == 10)       //前车右转
   \                     ??Island_Judge_19: (+1)
   \   000003AA   0x4879             LDR.N    R0,??Island_Judge_0+0x60
   \   000003AC   0x7800             LDRB     R0,[R0, #+0]
   \   000003AE   0x280A             CMP      R0,#+10
   \   000003B0   0xD104             BNE.N    ??Island_Judge_20
    126                         LPLD_UART_PutChar(UART4, 11);    //令后车左转
   \   000003B2   0x210B             MOVS     R1,#+11
   \   000003B4   0x4868             LDR.N    R0,??Island_Judge_0+0x28  ;; 0x400ea000
   \   000003B6   0x.... 0x....      BL       LPLD_UART_PutChar
   \   000003BA   0xE007             B.N      ??Island_Judge_21
    127                      else if(Flag_Island_Turn == 11) //前车左转
   \                     ??Island_Judge_20: (+1)
   \   000003BC   0x4874             LDR.N    R0,??Island_Judge_0+0x60
   \   000003BE   0x7800             LDRB     R0,[R0, #+0]
   \   000003C0   0x280B             CMP      R0,#+11
   \   000003C2   0xD103             BNE.N    ??Island_Judge_21
    128                         LPLD_UART_PutChar(UART4, 10);    //令后车右转
   \   000003C4   0x210A             MOVS     R1,#+10
   \   000003C6   0x4864             LDR.N    R0,??Island_Judge_0+0x28  ;; 0x400ea000
   \   000003C8   0x.... 0x....      BL       LPLD_UART_PutChar
    129                        
    130                      Turn_Around = 1;
   \                     ??Island_Judge_21: (+1)
   \   000003CC   0x2001             MOVS     R0,#+1
   \   000003CE   0x4960             LDR.N    R1,??Island_Judge_0+0x20
   \   000003D0   0x7008             STRB     R0,[R1, #+0]
    131                      Distance_Island = 10*100;  
   \   000003D2   0xF44F 0x707A      MOV      R0,#+1000
   \   000003D6   0x496F             LDR.N    R1,??Island_Judge_0+0x64
   \   000003D8   0x6008             STR      R0,[R1, #+0]
   \   000003DA   0xE018             B.N      ??Island_Judge_22
    132                    }
    133              
    134                //后车变前车
    135                  else if (Turn_Around==1 && Flag_Island==1 && Flag_Island_Last==0)
   \                     ??Island_Judge_17: (+1)
   \   000003DC   0x485C             LDR.N    R0,??Island_Judge_0+0x20
   \   000003DE   0x7800             LDRB     R0,[R0, #+0]
   \   000003E0   0x2801             CMP      R0,#+1
   \   000003E2   0xD114             BNE.N    ??Island_Judge_22
   \   000003E4   0x4866             LDR.N    R0,??Island_Judge_0+0x50
   \   000003E6   0x7800             LDRB     R0,[R0, #+0]
   \   000003E8   0x2801             CMP      R0,#+1
   \   000003EA   0xD110             BNE.N    ??Island_Judge_22
   \   000003EC   0x4863             LDR.N    R0,??Island_Judge_0+0x4C
   \   000003EE   0x7800             LDRB     R0,[R0, #+0]
   \   000003F0   0x2800             CMP      R0,#+0
   \   000003F2   0xD10C             BNE.N    ??Island_Judge_22
    136                    {
    137                      Turn_Around = 0;
   \   000003F4   0x2000             MOVS     R0,#+0
   \   000003F6   0x4956             LDR.N    R1,??Island_Judge_0+0x20
   \   000003F8   0x7008             STRB     R0,[R1, #+0]
    138                      Admit_Dis_EnterIsland = 0;
   \   000003FA   0x2000             MOVS     R0,#+0
   \   000003FC   0x4955             LDR.N    R1,??Island_Judge_0+0x24
   \   000003FE   0x6008             STR      R0,[R1, #+0]
    139                      Flag_Island_Turn = 0;
   \   00000400   0x2000             MOVS     R0,#+0
   \   00000402   0x4963             LDR.N    R1,??Island_Judge_0+0x60
   \   00000404   0x7008             STRB     R0,[R1, #+0]
    140                      Distance_Island = 10*100;  
   \   00000406   0xF44F 0x707A      MOV      R0,#+1000
   \   0000040A   0x4962             LDR.N    R1,??Island_Judge_0+0x64
   \   0000040C   0x6008             STR      R0,[R1, #+0]
    141                    }
    142              
    143                //环岛内等待距离
    144                  if(Distance_Island != 0) 
   \                     ??Island_Judge_22: (+1)
   \   0000040E   0x4861             LDR.N    R0,??Island_Judge_0+0x64
   \   00000410   0x6800             LDR      R0,[R0, #+0]
   \   00000412   0x2800             CMP      R0,#+0
   \   00000414   0xD015             BEQ.N    ??Island_Judge_23
    145                     Distance_Island += Spd.feedback/Measuring_Scale;
   \   00000416   0x485F             LDR.N    R0,??Island_Judge_0+0x64
   \   00000418   0x6800             LDR      R0,[R0, #+0]
   \   0000041A   0x.... 0x....      BL       __aeabi_i2d
   \   0000041E   0x0004             MOVS     R4,R0
   \   00000420   0x000D             MOVS     R5,R1
   \   00000422   0x484F             LDR.N    R0,??Island_Judge_0+0x30
   \   00000424   0x69C0             LDR      R0,[R0, #+28]
   \   00000426   0x.... 0x....      BL       __aeabi_i2d
   \   0000042A   0x4A4E             LDR.N    R2,??Island_Judge_0+0x34  ;; 0xcccccccd
   \   0000042C   0x4B4E             LDR.N    R3,??Island_Judge_0+0x38  ;; 0x4012cccc
   \   0000042E   0x.... 0x....      BL       __aeabi_ddiv
   \   00000432   0x0022             MOVS     R2,R4
   \   00000434   0x002B             MOVS     R3,R5
   \   00000436   0x.... 0x....      BL       __aeabi_dadd
   \   0000043A   0x.... 0x....      BL       __aeabi_d2iz
   \   0000043E   0x4955             LDR.N    R1,??Island_Judge_0+0x64
   \   00000440   0x6008             STR      R0,[R1, #+0]
    146               
    147              
    148             /*******************************出环岛*******************************/
    149              //出环岛条件
    150              if(peak[1]>70 || peak[2]>70 || peak[3]>70 && Distance_Island>40*100)
   \                     ??Island_Judge_23: (+1)
   \   00000442   0x483D             LDR.N    R0,??Island_Judge_0+0x8
   \   00000444   0x6840             LDR      R0,[R0, #+4]
   \   00000446   0x2847             CMP      R0,#+71
   \   00000448   0xDA0C             BGE.N    ??Island_Judge_24
   \   0000044A   0x483B             LDR.N    R0,??Island_Judge_0+0x8
   \   0000044C   0x6880             LDR      R0,[R0, #+8]
   \   0000044E   0x2847             CMP      R0,#+71
   \   00000450   0xDA08             BGE.N    ??Island_Judge_24
   \   00000452   0x4839             LDR.N    R0,??Island_Judge_0+0x8
   \   00000454   0x68C0             LDR      R0,[R0, #+12]
   \   00000456   0x2847             CMP      R0,#+71
   \   00000458   0xDB11             BLT.N    ??Island_Judge_25
   \   0000045A   0x484E             LDR.N    R0,??Island_Judge_0+0x64
   \   0000045C   0x6800             LDR      R0,[R0, #+0]
   \   0000045E   0xF5B0 0x6F7A      CMP      R0,#+4000
   \   00000462   0xDD0C             BLE.N    ??Island_Judge_25
    151               {
    152                 if(Turn_Around == 1)
   \                     ??Island_Judge_24: (+1)
   \   00000464   0x483A             LDR.N    R0,??Island_Judge_0+0x20
   \   00000466   0x7800             LDRB     R0,[R0, #+0]
   \   00000468   0x2801             CMP      R0,#+1
   \   0000046A   0xD102             BNE.N    ??Island_Judge_26
    153                 final = 0;
   \   0000046C   0x2000             MOVS     R0,#+0
   \   0000046E   0x493B             LDR.N    R1,??Island_Judge_0+0x2C
   \   00000470   0x7008             STRB     R0,[R1, #+0]
    154                 Flag_Island = 0;
   \                     ??Island_Judge_26: (+1)
   \   00000472   0x2000             MOVS     R0,#+0
   \   00000474   0x4942             LDR.N    R1,??Island_Judge_0+0x50
   \   00000476   0x7008             STRB     R0,[R1, #+0]
    155                 Distance_Island = 0;
   \   00000478   0x2000             MOVS     R0,#+0
   \   0000047A   0x4946             LDR.N    R1,??Island_Judge_0+0x64
   \   0000047C   0x6008             STR      R0,[R1, #+0]
    156               }
    157              
    158               if(Flag_Island == 0 && Flag_Island_Last == 1 && Turn_Around == 0)
   \                     ??Island_Judge_25: (+1)
   \   0000047E   0x4840             LDR.N    R0,??Island_Judge_0+0x50
   \   00000480   0x7800             LDRB     R0,[R0, #+0]
   \   00000482   0x2800             CMP      R0,#+0
   \   00000484   0xD10C             BNE.N    ??Island_Judge_27
   \   00000486   0x483D             LDR.N    R0,??Island_Judge_0+0x4C
   \   00000488   0x7800             LDRB     R0,[R0, #+0]
   \   0000048A   0x2801             CMP      R0,#+1
   \   0000048C   0xD108             BNE.N    ??Island_Judge_27
   \   0000048E   0x4830             LDR.N    R0,??Island_Judge_0+0x20
   \   00000490   0x7800             LDRB     R0,[R0, #+0]
   \   00000492   0x2800             CMP      R0,#+0
   \   00000494   0xD104             BNE.N    ??Island_Judge_27
    159                  LPLD_UART_PutChar(UART4, Flag_Island);
   \   00000496   0x483A             LDR.N    R0,??Island_Judge_0+0x50
   \   00000498   0x7801             LDRB     R1,[R0, #+0]
   \   0000049A   0x482F             LDR.N    R0,??Island_Judge_0+0x28  ;; 0x400ea000
   \   0000049C   0x.... 0x....      BL       LPLD_UART_PutChar
    160                  
    161               if(Turn_Around == 0)
   \                     ??Island_Judge_27: (+1)
   \   000004A0   0x482B             LDR.N    R0,??Island_Judge_0+0x20
   \   000004A2   0x7800             LDRB     R0,[R0, #+0]
   \   000004A4   0x2800             CMP      R0,#+0
   \   000004A6   0xD114             BNE.N    ??Island_Judge_28
    162                {
    163                  LPLD_GPIO_Output_b(PTE, 26, 0);   
   \   000004A8   0x2200             MOVS     R2,#+0
   \   000004AA   0x211A             MOVS     R1,#+26
   \   000004AC   0x483A             LDR.N    R0,??Island_Judge_0+0x68  ;; 0x400ff100
   \   000004AE   0x.... 0x....      BL       LPLD_GPIO_Output_b
    164                  LPLD_GPIO_Output_b(PTA, 17, 1);   
   \   000004B2   0x2201             MOVS     R2,#+1
   \   000004B4   0x2111             MOVS     R1,#+17
   \   000004B6   0x4839             LDR.N    R0,??Island_Judge_0+0x6C  ;; 0x400ff000
   \   000004B8   0x.... 0x....      BL       LPLD_GPIO_Output_b
    165                  LPLD_GPIO_Output_b(PTD, 15, 1);   
   \   000004BC   0x2201             MOVS     R2,#+1
   \   000004BE   0x210F             MOVS     R1,#+15
   \   000004C0   0x4837             LDR.N    R0,??Island_Judge_0+0x70  ;; 0x400ff0c0
   \   000004C2   0x.... 0x....      BL       LPLD_GPIO_Output_b
    166                  LPLD_GPIO_Output_b(PTC, 0, 1);   
   \   000004C6   0x2201             MOVS     R2,#+1
   \   000004C8   0x2100             MOVS     R1,#+0
   \   000004CA   0x4836             LDR.N    R0,??Island_Judge_0+0x74  ;; 0x400ff080
   \   000004CC   0x.... 0x....      BL       LPLD_GPIO_Output_b
   \   000004D0   0xE02D             B.N      ??Island_Judge_29
    167                }
    168               else if(Count < 500)
   \                     ??Island_Judge_28: (+1)
   \   000004D2   0x4835             LDR.N    R0,??Island_Judge_0+0x78
   \   000004D4   0x6800             LDR      R0,[R0, #+0]
   \   000004D6   0xF5B0 0x7FFA      CMP      R0,#+500
   \   000004DA   0xDA14             BGE.N    ??Island_Judge_30
    169                {
    170                  LPLD_GPIO_Output_b(PTE, 26, 0);   
   \   000004DC   0x2200             MOVS     R2,#+0
   \   000004DE   0x211A             MOVS     R1,#+26
   \   000004E0   0x482D             LDR.N    R0,??Island_Judge_0+0x68  ;; 0x400ff100
   \   000004E2   0x.... 0x....      BL       LPLD_GPIO_Output_b
    171                  LPLD_GPIO_Output_b(PTA, 17, 0);   
   \   000004E6   0x2200             MOVS     R2,#+0
   \   000004E8   0x2111             MOVS     R1,#+17
   \   000004EA   0x482C             LDR.N    R0,??Island_Judge_0+0x6C  ;; 0x400ff000
   \   000004EC   0x.... 0x....      BL       LPLD_GPIO_Output_b
    172                  LPLD_GPIO_Output_b(PTD, 15, 0);   
   \   000004F0   0x2200             MOVS     R2,#+0
   \   000004F2   0x210F             MOVS     R1,#+15
   \   000004F4   0x482A             LDR.N    R0,??Island_Judge_0+0x70  ;; 0x400ff0c0
   \   000004F6   0x.... 0x....      BL       LPLD_GPIO_Output_b
    173                  LPLD_GPIO_Output_b(PTC, 0, 0);   
   \   000004FA   0x2200             MOVS     R2,#+0
   \   000004FC   0x2100             MOVS     R1,#+0
   \   000004FE   0x4829             LDR.N    R0,??Island_Judge_0+0x74  ;; 0x400ff080
   \   00000500   0x.... 0x....      BL       LPLD_GPIO_Output_b
   \   00000504   0xE013             B.N      ??Island_Judge_29
    174                }    
    175               else 
    176                {
    177                  LPLD_GPIO_Output_b(PTE, 26, 1);   
   \                     ??Island_Judge_30: (+1)
   \   00000506   0x2201             MOVS     R2,#+1
   \   00000508   0x211A             MOVS     R1,#+26
   \   0000050A   0x4823             LDR.N    R0,??Island_Judge_0+0x68  ;; 0x400ff100
   \   0000050C   0x.... 0x....      BL       LPLD_GPIO_Output_b
    178                  LPLD_GPIO_Output_b(PTA, 17, 1);   
   \   00000510   0x2201             MOVS     R2,#+1
   \   00000512   0x2111             MOVS     R1,#+17
   \   00000514   0x4821             LDR.N    R0,??Island_Judge_0+0x6C  ;; 0x400ff000
   \   00000516   0x.... 0x....      BL       LPLD_GPIO_Output_b
    179                  LPLD_GPIO_Output_b(PTD, 15, 1);   
   \   0000051A   0x2201             MOVS     R2,#+1
   \   0000051C   0x210F             MOVS     R1,#+15
   \   0000051E   0x4820             LDR.N    R0,??Island_Judge_0+0x70  ;; 0x400ff0c0
   \   00000520   0x.... 0x....      BL       LPLD_GPIO_Output_b
    180                  LPLD_GPIO_Output_b(PTC, 0, 1);   
   \   00000524   0x2201             MOVS     R2,#+1
   \   00000526   0x2100             MOVS     R1,#+0
   \   00000528   0x481E             LDR.N    R0,??Island_Judge_0+0x74  ;; 0x400ff080
   \   0000052A   0x.... 0x....      BL       LPLD_GPIO_Output_b
    181                }    
    182          
    183          }
   \                     ??Island_Judge_29: (+1)
   \   0000052E   0xBD70             POP      {R4-R6,PC}       ;; return
   \                     ??Island_Judge_0:
   \   00000530   0x........         DC32     Sum_Distance_Island_Stright
   \   00000534   0x........         DC32     Pre_Distance
   \   00000538   0x........         DC32     peak
   \   0000053C   0x403E0000         DC32     0x403e0000
   \   00000540   0x40540000         DC32     0x40540000
   \   00000544   0x........         DC32     Flag_Ramp
   \   00000548   0x........         DC32     Flag_Island_Confirm
   \   0000054C   0x........         DC32     IslandGap_Distance
   \   00000550   0x........         DC32     Turn_Around
   \   00000554   0x........         DC32     Admit_Dis_EnterIsland
   \   00000558   0x400EA000         DC32     0x400ea000
   \   0000055C   0x........         DC32     final
   \   00000560   0x........         DC32     Spd
   \   00000564   0xCCCCCCCD         DC32     0xcccccccd
   \   00000568   0x4012CCCC         DC32     0x4012cccc
   \   0000056C   0x........         DC32     Pre_Peak1
   \   00000570   0x........         DC32     Pre_Peak3
   \   00000574   0x........         DC32     trendSum_Peak1
   \   00000578   0x........         DC32     trendSum_Peak3
   \   0000057C   0x........         DC32     Flag_Island_Last
   \   00000580   0x........         DC32     Flag_Island
   \   00000584   0x........         DC32     m
   \   00000588   0x........         DC32     IslandTurn_Distance
   \   0000058C   0x........         DC32     Distance
   \   00000590   0x........         DC32     Flag_Island_Turn
   \   00000594   0x........         DC32     Distance_Island
   \   00000598   0x400FF100         DC32     0x400ff100
   \   0000059C   0x400FF000         DC32     0x400ff000
   \   000005A0   0x400FF0C0         DC32     0x400ff0c0
   \   000005A4   0x400FF080         DC32     0x400ff080
   \   000005A8   0x........         DC32     Count
    184          
    185          

   Maximum stack usage in bytes:

   .cstack Function
   ------- --------
      16   Island_Judge
        16   -> LPLD_GPIO_Output_b
        16   -> LPLD_UART_PutChar
        16   -> __aeabi_d2iz
        16   -> __aeabi_dadd
        16   -> __aeabi_ddiv
        16   -> __aeabi_i2d
        16 __aeabi_cdcmple
        16 __aeabi_cdrcmple


   Section sizes:

   Bytes  Function/Label
   -----  --------------
       4  Admit_Dis_EnterIsland
       4  Distance_Island
       4  Flag_Island_Confirm
       4  Flag_Island_Confirm_Last
       1  Flag_Island_Turn
       4  IslandGap_Distance
       4  IslandTurn_Distance
    1452  Island_Judge
      24  Pre_Peak1
      24  Pre_Peak3
       4  Sum_Distance_Island_Stright
       1  final
       4  m
       8  trendSum_Peak1
       8  trendSum_Peak3

 
    98 bytes in section .bss
 1 452 bytes in section .text
 
 1 452 bytes of CODE memory
    98 bytes of DATA memory

Errors: none
Warnings: none
