###############################################################################
#
# IAR ANSI C/C++ Compiler V7.20.2.7424/W32 for ARM        01/Mar/2017  22:00:38
# Copyright 1999-2014 IAR Systems AB.
#
#    Cpu mode     =  thumb
#    Endian       =  little
#    Source file  =  
#        C:\Users\lenovo\Desktop\17智能车省赛\LPLD_OSKinetis_V3\project\chase_after合并程序(0228)\app\Motor_Ctrl.c
#    Command line =  
#        "C:\Users\lenovo\Desktop\17智能车省赛\LPLD_OSKinetis_V3\project\chase_after合并程序(0228)\app\Motor_Ctrl.c"
#        -D LPLD_K60 -D USE_K60F12 -lCN
#        "C:\Users\lenovo\Desktop\17智能车省赛\LPLD_OSKinetis_V3\project\chase_after合并程序(0228)\iar\BOOT\List\"
#        -lB
#        "C:\Users\lenovo\Desktop\17智能车省赛\LPLD_OSKinetis_V3\project\chase_after合并程序(0228)\iar\BOOT\List\"
#        -o
#        "C:\Users\lenovo\Desktop\17智能车省赛\LPLD_OSKinetis_V3\project\chase_after合并程序(0228)\iar\BOOT\Obj\"
#        --no_cse --no_unroll --no_inline --no_code_motion --no_tbaa
#        --no_clustering --no_scheduling --debug --endian=little
#        --cpu=Cortex-M4F -e --fpu=VFPv4_sp --dlib_config
#        D:\IAR\arm\INC\c\DLib_Config_Normal.h -I
#        "C:\Users\lenovo\Desktop\17智能车省赛\LPLD_OSKinetis_V3\project\chase_after合并程序(0228)\iar\..\app\"
#        -I
#        "C:\Users\lenovo\Desktop\17智能车省赛\LPLD_OSKinetis_V3\project\chase_after合并程序(0228)\iar\..\..\..\lib\CPU\"
#        -I
#        "C:\Users\lenovo\Desktop\17智能车省赛\LPLD_OSKinetis_V3\project\chase_after合并程序(0228)\iar\..\..\..\lib\common\"
#        -I
#        "C:\Users\lenovo\Desktop\17智能车省赛\LPLD_OSKinetis_V3\project\chase_after合并程序(0228)\iar\..\..\..\lib\LPLD\"
#        -I
#        "C:\Users\lenovo\Desktop\17智能车省赛\LPLD_OSKinetis_V3\project\chase_after合并程序(0228)\iar\..\..\..\lib\LPLD\HW\"
#        -I
#        "C:\Users\lenovo\Desktop\17智能车省赛\LPLD_OSKinetis_V3\project\chase_after合并程序(0228)\iar\..\..\..\lib\LPLD\DEV\"
#        -I
#        "C:\Users\lenovo\Desktop\17智能车省赛\LPLD_OSKinetis_V3\project\chase_after合并程序(0228)\iar\..\..\..\lib\LPLD\FUNC\"
#        -I
#        "C:\Users\lenovo\Desktop\17智能车省赛\LPLD_OSKinetis_V3\project\chase_after合并程序(0228)\iar\..\..\..\lib\uCOS-II\Ports\"
#        -I
#        "C:\Users\lenovo\Desktop\17智能车省赛\LPLD_OSKinetis_V3\project\chase_after合并程序(0228)\iar\..\..\..\lib\uCOS-II\Source\"
#        -I
#        "C:\Users\lenovo\Desktop\17智能车省赛\LPLD_OSKinetis_V3\project\chase_after合并程序(0228)\iar\..\..\..\lib\FatFs\"
#        -I
#        "C:\Users\lenovo\Desktop\17智能车省赛\LPLD_OSKinetis_V3\project\chase_after合并程序(0228)\iar\..\..\..\lib\FatFs\option\"
#        -I
#        "C:\Users\lenovo\Desktop\17智能车省赛\LPLD_OSKinetis_V3\project\chase_after合并程序(0228)\iar\..\..\..\lib\USB\common\"
#        -I
#        "C:\Users\lenovo\Desktop\17智能车省赛\LPLD_OSKinetis_V3\project\chase_after合并程序(0228)\iar\..\..\..\lib\USB\driver\"
#        -I
#        "C:\Users\lenovo\Desktop\17智能车省赛\LPLD_OSKinetis_V3\project\chase_after合并程序(0228)\iar\..\..\..\lib\USB\descriptor\"
#        -I
#        "C:\Users\lenovo\Desktop\17智能车省赛\LPLD_OSKinetis_V3\project\chase_after合并程序(0228)\iar\..\..\..\lib\USB\class\"
#        -Ol -I D:\IAR\arm\CMSIS\Include\ -D ARM_MATH_CM4
#    List file    =  
#        C:\Users\lenovo\Desktop\17智能车省赛\LPLD_OSKinetis_V3\project\chase_after合并程序(0228)\iar\BOOT\List\Motor_Ctrl.lst
#    Object file  =  
#        C:\Users\lenovo\Desktop\17智能车省赛\LPLD_OSKinetis_V3\project\chase_after合并程序(0228)\iar\BOOT\Obj\Motor_Ctrl.o
#
###############################################################################

C:\Users\lenovo\Desktop\17智能车省赛\LPLD_OSKinetis_V3\project\chase_after合并程序(0228)\app\Motor_Ctrl.c
      1          #include "Includes.h"
      2          

   \                                 In section .bss, align 4
      3          int    DisError = 0;
   \                     DisError:
   \   00000000                      DS8 4

   \                                 In section .data, align 4
      4          int    trend = 2;
   \                     trend:
   \   00000000   0x00000002         DC32 2

   \                                 In section .bss, align 4
      5          int    Leave_trend = 0;
   \                     Leave_trend:
   \   00000000                      DS8 4

   \                                 In section .bss, align 4
      6          int    Flag_Out = 0;
   \                     Flag_Out:
   \   00000000                      DS8 4

   \                                 In section .bss, align 4
      7          int    Sum_Distance_EnterCurve = 0;
   \                     Sum_Distance_EnterCurve:
   \   00000000                      DS8 4

   \                                 In section .bss, align 4
      8          struct Speed Spd;
   \                     Spd:
   \   00000000                      DS8 140
      9          extern struct Rudder Angle;
     10          extern int Rudder_Mid;
     11          extern int Pre_Distance[];
     12          extern int Distance;
     13          extern int Flag_Island_Confirm;
     14          extern int Admit_Dis_EnterIsland; 
     15          extern uint16 Chase_Distance;
     16          extern uint8  Turn_Around;
     17          extern uint8  Family_Status;
     18          extern uint8  Flag_Island;
     19          extern uint8  Flag_Ramp;
     20          extern uint8  Flag_Stop;
     21          extern uint8 Turn_Around;
     22          extern uint8 final;
     23          extern uint16 Distance_Island;
     24          
     25          

   \                                 In section .text, align 2, keep-with-next
     26          void Motor_Ctrl()
     27          {  
   \                     Motor_Ctrl: (+1)
   \   00000000   0xB580             PUSH     {R7,LR}
     28            
     29             /***速度设置***/
     30             if(Turn_Around == 0)
   \   00000002   0x.... 0x....      LDR.W    R0,??DataTable5_2
   \   00000006   0x7800             LDRB     R0,[R0, #+0]
   \   00000008   0x2800             CMP      R0,#+0
   \   0000000A   0xD102             BNE.N    ??Motor_Ctrl_0
     31                Ahead_Spd_Set();   //前车速度设置
   \   0000000C   0x.... 0x....      BL       Ahead_Spd_Set
   \   00000010   0xE001             B.N      ??Motor_Ctrl_1
     32             else 
     33                Behind_Spd_Set();  //后车速度设置
   \                     ??Motor_Ctrl_0: (+1)
   \   00000012   0x.... 0x....      BL       Behind_Spd_Set
     34             
     35             /***PIDT控制***/
     36             if(Family_Status == 0)
   \                     ??Motor_Ctrl_1: (+1)
   \   00000016   0x.... 0x....      LDR.W    R0,??DataTable7
   \   0000001A   0x7800             LDRB     R0,[R0, #+0]
   \   0000001C   0x2800             CMP      R0,#+0
   \   0000001E   0xD102             BNE.N    ??Motor_Ctrl_2
     37                Elder_Spd_Ctrl();   //老大PIDT
   \   00000020   0x.... 0x....      BL       Elder_Spd_Ctrl
   \   00000024   0xE001             B.N      ??Motor_Ctrl_3
     38             else
     39                Younger_Spd_Ctrl(); //老二PIDT
   \                     ??Motor_Ctrl_2: (+1)
   \   00000026   0x.... 0x....      BL       Younger_Spd_Ctrl
     40            
     41             /***输出***/
     42             Motor_Output();
   \                     ??Motor_Ctrl_3: (+1)
   \   0000002A   0x.... 0x....      BL       Motor_Output
     43          }
   \   0000002E   0xBD01             POP      {R0,PC}          ;; return
     44          
     45          
     46          //前车速度设置

   \                                 In section .text, align 2, keep-with-next
     47          void Ahead_Spd_Set()
     48          {
   \                     Ahead_Spd_Set: (+1)
   \   00000000   0xB538             PUSH     {R3-R5,LR}
   \   00000002   0xED2D 0x8B02      VPUSH    {D8}
     49           /***************路径判断*****************/  
     50             DisError = (int)( fabs(Distance - Pre_Distance[5]) );
   \   00000006   0x.... 0x....      LDR.W    R0,??DataTable6
   \   0000000A   0x6800             LDR      R0,[R0, #+0]
   \   0000000C   0x.... 0x....      LDR.W    R1,??DataTable6_1
   \   00000010   0x6949             LDR      R1,[R1, #+20]
   \   00000012   0x1A40             SUBS     R0,R0,R1
   \   00000014   0x.... 0x....      BL       __aeabi_i2d
   \   00000018   0xF031 0x4100      BICS     R1,R1,#0x80000000
   \   0000001C   0x.... 0x....      BL       __aeabi_d2iz
   \   00000020   0x.... 0x....      LDR.W    R1,??DataTable6_2
   \   00000024   0x6008             STR      R0,[R1, #+0]
     51            
     52            //入弯
     53             if(DisError>=2 && fabs(Distance)-fabs(Pre_Distance[8])>0 && fabs(Distance)>2 && fabs(Distance)<20 && trend>0)
   \   00000026   0x.... 0x....      LDR.W    R0,??DataTable6_2
   \   0000002A   0x6800             LDR      R0,[R0, #+0]
   \   0000002C   0x2802             CMP      R0,#+2
   \   0000002E   0xDB41             BLT.N    ??Ahead_Spd_Set_0
   \   00000030   0x.... 0x....      LDR.W    R0,??DataTable6
   \   00000034   0x6800             LDR      R0,[R0, #+0]
   \   00000036   0x.... 0x....      BL       __aeabi_i2d
   \   0000003A   0xF031 0x4100      BICS     R1,R1,#0x80000000
   \   0000003E   0xEC41 0x0B18      VMOV     D8,R0,R1
   \   00000042   0x.... 0x....      LDR.W    R0,??DataTable6_1
   \   00000046   0x6A00             LDR      R0,[R0, #+32]
   \   00000048   0x.... 0x....      BL       __aeabi_i2d
   \   0000004C   0xF031 0x4100      BICS     R1,R1,#0x80000000
   \   00000050   0x0002             MOVS     R2,R0
   \   00000052   0x000B             MOVS     R3,R1
   \   00000054   0xEC51 0x0B18      VMOV     R0,R1,D8
   \   00000058   0x.... 0x....      BL       __aeabi_dsub
   \   0000005C   0x2200             MOVS     R2,#+0
   \   0000005E   0x2300             MOVS     R3,#+0
   \   00000060   0x.... 0x....      BL       __aeabi_cdrcmple
   \   00000064   0xD226             BCS.N    ??Ahead_Spd_Set_0
   \   00000066   0x.... 0x....      LDR.W    R0,??DataTable6
   \   0000006A   0x6800             LDR      R0,[R0, #+0]
   \   0000006C   0x.... 0x....      BL       __aeabi_i2d
   \   00000070   0xF031 0x4100      BICS     R1,R1,#0x80000000
   \   00000074   0x2201             MOVS     R2,#+1
   \   00000076   0xF05F 0x4380      MOVS     R3,#+1073741824
   \   0000007A   0x.... 0x....      BL       __aeabi_cdrcmple
   \   0000007E   0xD819             BHI.N    ??Ahead_Spd_Set_0
   \   00000080   0x.... 0x....      LDR.W    R0,??DataTable6
   \   00000084   0x6800             LDR      R0,[R0, #+0]
   \   00000086   0x.... 0x....      BL       __aeabi_i2d
   \   0000008A   0xF031 0x4100      BICS     R1,R1,#0x80000000
   \   0000008E   0x2200             MOVS     R2,#+0
   \   00000090   0x.... 0x....      LDR.W    R3,??DataTable6_3  ;; 0x40340000
   \   00000094   0x.... 0x....      BL       __aeabi_cdcmple
   \   00000098   0xD20C             BCS.N    ??Ahead_Spd_Set_0
   \   0000009A   0x.... 0x....      LDR.W    R0,??DataTable6_4
   \   0000009E   0x6800             LDR      R0,[R0, #+0]
   \   000000A0   0x2801             CMP      R0,#+1
   \   000000A2   0xDB07             BLT.N    ??Ahead_Spd_Set_0
     54              trend--;
   \   000000A4   0x.... 0x....      LDR.W    R0,??DataTable6_4
   \   000000A8   0x6800             LDR      R0,[R0, #+0]
   \   000000AA   0x1E40             SUBS     R0,R0,#+1
   \   000000AC   0x.... 0x....      LDR.W    R1,??DataTable6_4
   \   000000B0   0x6008             STR      R0,[R1, #+0]
   \   000000B2   0xE00B             B.N      ??Ahead_Spd_Set_1
     55             //弯内或直道
     56             else if(trend < 2)
   \                     ??Ahead_Spd_Set_0: (+1)
   \   000000B4   0x.... 0x....      LDR.W    R0,??DataTable6_4
   \   000000B8   0x6800             LDR      R0,[R0, #+0]
   \   000000BA   0x2802             CMP      R0,#+2
   \   000000BC   0xDA06             BGE.N    ??Ahead_Spd_Set_1
     57              trend++;
   \   000000BE   0x.... 0x....      LDR.W    R0,??DataTable6_4
   \   000000C2   0x6800             LDR      R0,[R0, #+0]
   \   000000C4   0x1C40             ADDS     R0,R0,#+1
   \   000000C6   0x.... 0x....      LDR.W    R1,??DataTable6_4
   \   000000CA   0x6008             STR      R0,[R1, #+0]
     58             
     59             if(Sum_Distance_EnterCurve != 0)
   \                     ??Ahead_Spd_Set_1: (+1)
   \   000000CC   0x.... 0x....      LDR.W    R0,??DataTable7_1
   \   000000D0   0x6800             LDR      R0,[R0, #+0]
   \   000000D2   0x2800             CMP      R0,#+0
   \   000000D4   0xD00D             BEQ.N    ??Ahead_Spd_Set_2
     60               Spd.target = 500 + (Sum_Distance_EnterCurve/100)*(600/Limit_Distance_EnterCurve);
   \   000000D6   0x.... 0x....      LDR.W    R0,??DataTable7_1
   \   000000DA   0x6800             LDR      R0,[R0, #+0]
   \   000000DC   0x2164             MOVS     R1,#+100
   \   000000DE   0xFB90 0xF0F1      SDIV     R0,R0,R1
   \   000000E2   0x2114             MOVS     R1,#+20
   \   000000E4   0x4348             MULS     R0,R1,R0
   \   000000E6   0xF510 0x70FA      ADDS     R0,R0,#+500
   \   000000EA   0x.... 0x....      LDR.W    R1,??DataTable7_2
   \   000000EE   0x6008             STR      R0,[R1, #+0]
   \   000000F0   0xE004             B.N      ??Ahead_Spd_Set_3
     61             else
     62                Spd.target = 1100;
   \                     ??Ahead_Spd_Set_2: (+1)
   \   000000F2   0xF240 0x404C      MOVW     R0,#+1100
   \   000000F6   0x.... 0x....      LDR.W    R1,??DataTable7_2
   \   000000FA   0x6008             STR      R0,[R1, #+0]
     63                  
     64             if(trend == 0)
   \                     ??Ahead_Spd_Set_3: (+1)
   \   000000FC   0x.... 0x....      LDR.W    R0,??DataTable6_4
   \   00000100   0x6800             LDR      R0,[R0, #+0]
   \   00000102   0x2800             CMP      R0,#+0
   \   00000104   0xD104             BNE.N    ??Ahead_Spd_Set_4
     65               Sum_Distance_EnterCurve = 5*100;
   \   00000106   0xF44F 0x70FA      MOV      R0,#+500
   \   0000010A   0x.... 0x....      LDR.W    R1,??DataTable7_1
   \   0000010E   0x6008             STR      R0,[R1, #+0]
     66             if(Sum_Distance_EnterCurve != 0)
   \                     ??Ahead_Spd_Set_4: (+1)
   \   00000110   0x.... 0x....      LDR.W    R0,??DataTable7_1
   \   00000114   0x6800             LDR      R0,[R0, #+0]
   \   00000116   0x2800             CMP      R0,#+0
   \   00000118   0xD01A             BEQ.N    ??Ahead_Spd_Set_5
     67               Sum_Distance_EnterCurve += Spd.feedback/Measuring_Scale;
   \   0000011A   0x.... 0x....      LDR.W    R0,??DataTable7_1
   \   0000011E   0x6800             LDR      R0,[R0, #+0]
   \   00000120   0x.... 0x....      BL       __aeabi_i2d
   \   00000124   0x0004             MOVS     R4,R0
   \   00000126   0x000D             MOVS     R5,R1
   \   00000128   0x.... 0x....      LDR.W    R0,??DataTable7_2
   \   0000012C   0x69C0             LDR      R0,[R0, #+28]
   \   0000012E   0x.... 0x....      BL       __aeabi_i2d
   \   00000132   0x.... 0x....      LDR.W    R2,??DataTable7_3  ;; 0xcccccccd
   \   00000136   0x.... 0x....      LDR.W    R3,??DataTable7_4  ;; 0x4012cccc
   \   0000013A   0x.... 0x....      BL       __aeabi_ddiv
   \   0000013E   0x0022             MOVS     R2,R4
   \   00000140   0x002B             MOVS     R3,R5
   \   00000142   0x.... 0x....      BL       __aeabi_dadd
   \   00000146   0x.... 0x....      BL       __aeabi_d2iz
   \   0000014A   0x.... 0x....      LDR.W    R1,??DataTable7_1
   \   0000014E   0x6008             STR      R0,[R1, #+0]
     68             
     69             if(Sum_Distance_EnterCurve > (Limit_Distance_EnterCurve + 5)*100)
   \                     ??Ahead_Spd_Set_5: (+1)
   \   00000150   0x.... 0x....      LDR.W    R0,??DataTable7_1
   \   00000154   0x6800             LDR      R0,[R0, #+0]
   \   00000156   0xF640 0x51AD      MOVW     R1,#+3501
   \   0000015A   0x4288             CMP      R0,R1
   \   0000015C   0xDB03             BLT.N    ??Ahead_Spd_Set_6
     70               Sum_Distance_EnterCurve = 0;   
   \   0000015E   0x2000             MOVS     R0,#+0
   \   00000160   0x.... 0x....      LDR.W    R1,??DataTable7_1
   \   00000164   0x6008             STR      R0,[R1, #+0]
     71             
     72            if(Spd.target > 1100)
   \                     ??Ahead_Spd_Set_6: (+1)
   \   00000166   0x.... 0x....      LDR.W    R0,??DataTable7_2
   \   0000016A   0x6800             LDR      R0,[R0, #+0]
   \   0000016C   0xF240 0x414D      MOVW     R1,#+1101
   \   00000170   0x4288             CMP      R0,R1
   \   00000172   0xDB04             BLT.N    ??Ahead_Spd_Set_7
     73              Spd.target = 1100;   
   \   00000174   0xF240 0x404C      MOVW     R0,#+1100
   \   00000178   0x.... 0x....      LDR.W    R1,??DataTable7_2
   \   0000017C   0x6008             STR      R0,[R1, #+0]
     74            if(Spd.target < 300)
   \                     ??Ahead_Spd_Set_7: (+1)
   \   0000017E   0x.... 0x....      LDR.W    R0,??DataTable7_2
   \   00000182   0x6800             LDR      R0,[R0, #+0]
   \   00000184   0xF5B0 0x7F96      CMP      R0,#+300
   \   00000188   0xDA04             BGE.N    ??Ahead_Spd_Set_8
     75              Spd.target = 300;
   \   0000018A   0xF44F 0x7096      MOV      R0,#+300
   \   0000018E   0x.... 0x....      LDR.W    R1,??DataTable7_2
   \   00000192   0x6008             STR      R0,[R1, #+0]
     76            
     77            Spd.target /= 1.2;
   \                     ??Ahead_Spd_Set_8: (+1)
   \   00000194   0x.... 0x....      LDR.W    R0,??DataTable7_2
   \   00000198   0x6800             LDR      R0,[R0, #+0]
   \   0000019A   0x.... 0x....      BL       __aeabi_i2d
   \   0000019E   0xF05F 0x3233      MOVS     R2,#+858993459
   \   000001A2   0x.... 0x....      LDR.W    R3,??DataTable7_5  ;; 0x3ff33333
   \   000001A6   0x.... 0x....      BL       __aeabi_ddiv
   \   000001AA   0x.... 0x....      BL       __aeabi_d2iz
   \   000001AE   0x.... 0x....      LDR.W    R1,??DataTable7_2
   \   000001B2   0x6008             STR      R0,[R1, #+0]
     78               
     79            /***********特殊路径速度***************/  
     80            //环岛内速度
     81            if( Flag_Island == 1)
   \   000001B4   0x.... 0x....      LDR.W    R0,??DataTable7_6
   \   000001B8   0x7800             LDRB     R0,[R0, #+0]
   \   000001BA   0x2801             CMP      R0,#+1
   \   000001BC   0xD104             BNE.N    ??Ahead_Spd_Set_9
     82               Spd.target = 600;
   \   000001BE   0xF44F 0x7016      MOV      R0,#+600
   \   000001C2   0x.... 0x....      LDR.W    R1,??DataTable7_2
   \   000001C6   0x6008             STR      R0,[R1, #+0]
     83            
     84            //进环岛速度
     85            if(final==1 || Flag_Island_Confirm!=0)
   \                     ??Ahead_Spd_Set_9: (+1)
   \   000001C8   0x.... 0x....      LDR.W    R0,??DataTable7_7
   \   000001CC   0x7800             LDRB     R0,[R0, #+0]
   \   000001CE   0x2801             CMP      R0,#+1
   \   000001D0   0xD004             BEQ.N    ??Ahead_Spd_Set_10
   \   000001D2   0x.... 0x....      LDR.W    R0,??DataTable7_8
   \   000001D6   0x6800             LDR      R0,[R0, #+0]
   \   000001D8   0x2800             CMP      R0,#+0
   \   000001DA   0xD004             BEQ.N    ??Ahead_Spd_Set_11
     86              Spd.target = 300;
   \                     ??Ahead_Spd_Set_10: (+1)
   \   000001DC   0xF44F 0x7096      MOV      R0,#+300
   \   000001E0   0x.... 0x....      LDR.W    R1,??DataTable7_2
   \   000001E4   0x6008             STR      R0,[R1, #+0]
     87            
     88            //坡道速度
     89            if(Flag_Ramp == 1)
   \                     ??Ahead_Spd_Set_11: (+1)
   \   000001E6   0x.... 0x....      LDR.W    R0,??DataTable7_9
   \   000001EA   0x7800             LDRB     R0,[R0, #+0]
   \   000001EC   0x2801             CMP      R0,#+1
   \   000001EE   0xD104             BNE.N    ??Ahead_Spd_Set_12
     90               Spd.target = 800;
   \   000001F0   0xF44F 0x7048      MOV      R0,#+800
   \   000001F4   0x.... 0x....      LDR.W    R1,??DataTable7_2
   \   000001F8   0x6008             STR      R0,[R1, #+0]
     91          }
   \                     ??Ahead_Spd_Set_12: (+1)
   \   000001FA   0xECBD 0x8B02      VPOP     {D8}
   \   000001FE   0xBD31             POP      {R0,R4,R5,PC}    ;; return
     92          
     93          
     94          //后车速度设置

   \                                 In section .text, align 4, keep-with-next
     95          void Behind_Spd_Set()
     96          { 
   \                     Behind_Spd_Set: (+1)
   \   00000000   0xB570             PUSH     {R4-R6,LR}
   \   00000002   0xED2D 0x8B02      VPUSH    {D8}
     97            /***************路径判断*****************/  
     98             DisError = (int)( fabs(Distance - Pre_Distance[5]) );
   \   00000006   0x.... 0x....      LDR.W    R0,??DataTable6
   \   0000000A   0x6800             LDR      R0,[R0, #+0]
   \   0000000C   0x.... 0x....      LDR.W    R1,??DataTable6_1
   \   00000010   0x6949             LDR      R1,[R1, #+20]
   \   00000012   0x1A40             SUBS     R0,R0,R1
   \   00000014   0x.... 0x....      BL       __aeabi_i2d
   \   00000018   0xF031 0x4100      BICS     R1,R1,#0x80000000
   \   0000001C   0x.... 0x....      BL       __aeabi_d2iz
   \   00000020   0x.... 0x....      LDR.W    R1,??DataTable6_2
   \   00000024   0x6008             STR      R0,[R1, #+0]
     99            
    100            //入弯
    101             if(DisError>=2 && fabs(Distance)-fabs(Pre_Distance[8])>0 && fabs(Distance)>2 && fabs(Distance)<20 && trend>0)
   \   00000026   0x.... 0x....      LDR.W    R0,??DataTable6_2
   \   0000002A   0x6800             LDR      R0,[R0, #+0]
   \   0000002C   0x2802             CMP      R0,#+2
   \   0000002E   0xDB41             BLT.N    ??Behind_Spd_Set_0
   \   00000030   0x.... 0x....      LDR.W    R0,??DataTable6
   \   00000034   0x6800             LDR      R0,[R0, #+0]
   \   00000036   0x.... 0x....      BL       __aeabi_i2d
   \   0000003A   0xF031 0x4100      BICS     R1,R1,#0x80000000
   \   0000003E   0xEC41 0x0B18      VMOV     D8,R0,R1
   \   00000042   0x.... 0x....      LDR.W    R0,??DataTable6_1
   \   00000046   0x6A00             LDR      R0,[R0, #+32]
   \   00000048   0x.... 0x....      BL       __aeabi_i2d
   \   0000004C   0xF031 0x4100      BICS     R1,R1,#0x80000000
   \   00000050   0x0002             MOVS     R2,R0
   \   00000052   0x000B             MOVS     R3,R1
   \   00000054   0xEC51 0x0B18      VMOV     R0,R1,D8
   \   00000058   0x.... 0x....      BL       __aeabi_dsub
   \   0000005C   0x2200             MOVS     R2,#+0
   \   0000005E   0x2300             MOVS     R3,#+0
   \   00000060   0x.... 0x....      BL       __aeabi_cdrcmple
   \   00000064   0xD226             BCS.N    ??Behind_Spd_Set_0
   \   00000066   0x.... 0x....      LDR.W    R0,??DataTable6
   \   0000006A   0x6800             LDR      R0,[R0, #+0]
   \   0000006C   0x.... 0x....      BL       __aeabi_i2d
   \   00000070   0xF031 0x4100      BICS     R1,R1,#0x80000000
   \   00000074   0x2201             MOVS     R2,#+1
   \   00000076   0xF05F 0x4380      MOVS     R3,#+1073741824
   \   0000007A   0x.... 0x....      BL       __aeabi_cdrcmple
   \   0000007E   0xD819             BHI.N    ??Behind_Spd_Set_0
   \   00000080   0x.... 0x....      LDR.W    R0,??DataTable6
   \   00000084   0x6800             LDR      R0,[R0, #+0]
   \   00000086   0x.... 0x....      BL       __aeabi_i2d
   \   0000008A   0xF031 0x4100      BICS     R1,R1,#0x80000000
   \   0000008E   0x2200             MOVS     R2,#+0
   \   00000090   0x.... 0x....      LDR.W    R3,??DataTable6_3  ;; 0x40340000
   \   00000094   0x.... 0x....      BL       __aeabi_cdcmple
   \   00000098   0xD20C             BCS.N    ??Behind_Spd_Set_0
   \   0000009A   0x.... 0x....      LDR.W    R0,??DataTable6_4
   \   0000009E   0x6800             LDR      R0,[R0, #+0]
   \   000000A0   0x2801             CMP      R0,#+1
   \   000000A2   0xDB07             BLT.N    ??Behind_Spd_Set_0
    102              trend--;
   \   000000A4   0x.... 0x....      LDR.W    R0,??DataTable6_4
   \   000000A8   0x6800             LDR      R0,[R0, #+0]
   \   000000AA   0x1E40             SUBS     R0,R0,#+1
   \   000000AC   0x.... 0x....      LDR.W    R1,??DataTable6_4
   \   000000B0   0x6008             STR      R0,[R1, #+0]
   \   000000B2   0xE00B             B.N      ??Behind_Spd_Set_1
    103             //弯内或直道
    104             else if(trend < 2)
   \                     ??Behind_Spd_Set_0: (+1)
   \   000000B4   0x.... 0x....      LDR.W    R0,??DataTable6_4
   \   000000B8   0x6800             LDR      R0,[R0, #+0]
   \   000000BA   0x2802             CMP      R0,#+2
   \   000000BC   0xDA06             BGE.N    ??Behind_Spd_Set_1
    105              trend++;
   \   000000BE   0x.... 0x....      LDR.W    R0,??DataTable6_4
   \   000000C2   0x6800             LDR      R0,[R0, #+0]
   \   000000C4   0x1C40             ADDS     R0,R0,#+1
   \   000000C6   0x.... 0x....      LDR.W    R1,??DataTable6_4
   \   000000CA   0x6008             STR      R0,[R1, #+0]
    106             
    107             if(Sum_Distance_EnterCurve != 0)
   \                     ??Behind_Spd_Set_1: (+1)
   \   000000CC   0x.... 0x....      LDR.W    R0,??DataTable7_1
   \   000000D0   0x6800             LDR      R0,[R0, #+0]
   \   000000D2   0x2800             CMP      R0,#+0
   \   000000D4   0xD00D             BEQ.N    ??Behind_Spd_Set_2
    108               Spd.target = 500 + (Sum_Distance_EnterCurve/100)*(600/Limit_Distance_EnterCurve);
   \   000000D6   0x.... 0x....      LDR.W    R0,??DataTable7_1
   \   000000DA   0x6800             LDR      R0,[R0, #+0]
   \   000000DC   0x2164             MOVS     R1,#+100
   \   000000DE   0xFB90 0xF0F1      SDIV     R0,R0,R1
   \   000000E2   0x2114             MOVS     R1,#+20
   \   000000E4   0x4348             MULS     R0,R1,R0
   \   000000E6   0xF510 0x70FA      ADDS     R0,R0,#+500
   \   000000EA   0x.... 0x....      LDR.W    R1,??DataTable7_2
   \   000000EE   0x6008             STR      R0,[R1, #+0]
   \   000000F0   0xE004             B.N      ??Behind_Spd_Set_3
    109             else
    110                Spd.target = 1100;
   \                     ??Behind_Spd_Set_2: (+1)
   \   000000F2   0xF240 0x404C      MOVW     R0,#+1100
   \   000000F6   0x.... 0x....      LDR.W    R1,??DataTable7_2
   \   000000FA   0x6008             STR      R0,[R1, #+0]
    111                  
    112             if(trend == 0)
   \                     ??Behind_Spd_Set_3: (+1)
   \   000000FC   0x.... 0x....      LDR.W    R0,??DataTable6_4
   \   00000100   0x6800             LDR      R0,[R0, #+0]
   \   00000102   0x2800             CMP      R0,#+0
   \   00000104   0xD104             BNE.N    ??Behind_Spd_Set_4
    113               Sum_Distance_EnterCurve = 5*100;
   \   00000106   0xF44F 0x70FA      MOV      R0,#+500
   \   0000010A   0x.... 0x....      LDR.W    R1,??DataTable7_1
   \   0000010E   0x6008             STR      R0,[R1, #+0]
    114             if(Sum_Distance_EnterCurve != 0)
   \                     ??Behind_Spd_Set_4: (+1)
   \   00000110   0x.... 0x....      LDR.W    R0,??DataTable7_1
   \   00000114   0x6800             LDR      R0,[R0, #+0]
   \   00000116   0x2800             CMP      R0,#+0
   \   00000118   0xD01A             BEQ.N    ??Behind_Spd_Set_5
    115               Sum_Distance_EnterCurve += Spd.feedback/Measuring_Scale;
   \   0000011A   0x.... 0x....      LDR.W    R0,??DataTable7_1
   \   0000011E   0x6800             LDR      R0,[R0, #+0]
   \   00000120   0x.... 0x....      BL       __aeabi_i2d
   \   00000124   0x0004             MOVS     R4,R0
   \   00000126   0x000D             MOVS     R5,R1
   \   00000128   0x.... 0x....      LDR.W    R0,??DataTable7_2
   \   0000012C   0x69C0             LDR      R0,[R0, #+28]
   \   0000012E   0x.... 0x....      BL       __aeabi_i2d
   \   00000132   0x.... 0x....      LDR.W    R2,??DataTable7_3  ;; 0xcccccccd
   \   00000136   0x.... 0x....      LDR.W    R3,??DataTable7_4  ;; 0x4012cccc
   \   0000013A   0x.... 0x....      BL       __aeabi_ddiv
   \   0000013E   0x0022             MOVS     R2,R4
   \   00000140   0x002B             MOVS     R3,R5
   \   00000142   0x.... 0x....      BL       __aeabi_dadd
   \   00000146   0x.... 0x....      BL       __aeabi_d2iz
   \   0000014A   0x.... 0x....      LDR.W    R1,??DataTable7_1
   \   0000014E   0x6008             STR      R0,[R1, #+0]
    116             
    117             if(Sum_Distance_EnterCurve > (Limit_Distance_EnterCurve + 5)*100)
   \                     ??Behind_Spd_Set_5: (+1)
   \   00000150   0x.... 0x....      LDR.W    R0,??DataTable7_1
   \   00000154   0x6800             LDR      R0,[R0, #+0]
   \   00000156   0xF640 0x51AD      MOVW     R1,#+3501
   \   0000015A   0x4288             CMP      R0,R1
   \   0000015C   0xDB03             BLT.N    ??Behind_Spd_Set_6
    118               Sum_Distance_EnterCurve = 0;   
   \   0000015E   0x2000             MOVS     R0,#+0
   \   00000160   0x.... 0x....      LDR.W    R1,??DataTable7_1
   \   00000164   0x6008             STR      R0,[R1, #+0]
    119             
    120            if(Spd.target > 1100)
   \                     ??Behind_Spd_Set_6: (+1)
   \   00000166   0x.... 0x....      LDR.W    R0,??DataTable7_2
   \   0000016A   0x6800             LDR      R0,[R0, #+0]
   \   0000016C   0xF240 0x414D      MOVW     R1,#+1101
   \   00000170   0x4288             CMP      R0,R1
   \   00000172   0xDB04             BLT.N    ??Behind_Spd_Set_7
    121              Spd.target = 1100;   
   \   00000174   0xF240 0x404C      MOVW     R0,#+1100
   \   00000178   0x.... 0x....      LDR.W    R1,??DataTable7_2
   \   0000017C   0x6008             STR      R0,[R1, #+0]
    122            if(Spd.target < 300)
   \                     ??Behind_Spd_Set_7: (+1)
   \   0000017E   0x.... 0x....      LDR.W    R0,??DataTable7_2
   \   00000182   0x6800             LDR      R0,[R0, #+0]
   \   00000184   0xF5B0 0x7F96      CMP      R0,#+300
   \   00000188   0xDA04             BGE.N    ??Behind_Spd_Set_8
    123              Spd.target = 300;
   \   0000018A   0xF44F 0x7096      MOV      R0,#+300
   \   0000018E   0x.... 0x....      LDR.W    R1,??DataTable7_2
   \   00000192   0x6008             STR      R0,[R1, #+0]
    124            
    125              Spd.target /= 1.2; 
   \                     ??Behind_Spd_Set_8: (+1)
   \   00000194   0x.... 0x....      LDR.W    R0,??DataTable7_2
   \   00000198   0x6800             LDR      R0,[R0, #+0]
   \   0000019A   0x.... 0x....      BL       __aeabi_i2d
   \   0000019E   0xF05F 0x3233      MOVS     R2,#+858993459
   \   000001A2   0x.... 0x....      LDR.W    R3,??DataTable7_5  ;; 0x3ff33333
   \   000001A6   0x.... 0x....      BL       __aeabi_ddiv
   \   000001AA   0x.... 0x....      BL       __aeabi_d2iz
   \   000001AE   0x.... 0x....      LDR.W    R1,??DataTable7_2
   \   000001B2   0x6008             STR      R0,[R1, #+0]
    126              
    127            /*************追逐速度****************/
    128            float percent; 
    129            int Dis;
    130            Dis = Chase_Distance/10;
   \   000001B4   0x.... 0x....      LDR.W    R0,??DataTable7_10
   \   000001B8   0x8800             LDRH     R0,[R0, #+0]
   \   000001BA   0x210A             MOVS     R1,#+10
   \   000001BC   0xFB90 0xF6F1      SDIV     R6,R0,R1
    131            if(Dis <= 3)
   \   000001C0   0x2E04             CMP      R6,#+4
   \   000001C2   0xDA02             BGE.N    ??Behind_Spd_Set_9
    132              percent = 0.3;
   \   000001C4   0xED9F 0x....      VLDR.W   S0,??DataTable2  ;; 0x3e99999a
   \   000001C8   0xE030             B.N      ??Behind_Spd_Set_10
    133            else if(Dis>=4 && Dis<=13)
   \                     ??Behind_Spd_Set_9: (+1)
   \   000001CA   0x1F30             SUBS     R0,R6,#+4
   \   000001CC   0x280A             CMP      R0,#+10
   \   000001CE   0xD22B             BCS.N    ??Behind_Spd_Set_11
    134              percent = -0.006346*Dis*Dis + 0.1898*Dis - 0.1123;    
   \   000001D0   0x0030             MOVS     R0,R6
   \   000001D2   0x.... 0x....      BL       __aeabi_i2d
   \   000001D6   0x.... 0x....      LDR.W    R2,??DataTable7_11  ;; 0x675ddd2b
   \   000001DA   0x.... 0x....      LDR.W    R3,??DataTable7_12  ;; 0xbf79fe43
   \   000001DE   0x.... 0x....      BL       __aeabi_dmul
   \   000001E2   0x0004             MOVS     R4,R0
   \   000001E4   0x000D             MOVS     R5,R1
   \   000001E6   0x0030             MOVS     R0,R6
   \   000001E8   0x.... 0x....      BL       __aeabi_i2d
   \   000001EC   0x0022             MOVS     R2,R4
   \   000001EE   0x002B             MOVS     R3,R5
   \   000001F0   0x.... 0x....      BL       __aeabi_dmul
   \   000001F4   0x0004             MOVS     R4,R0
   \   000001F6   0x000D             MOVS     R5,R1
   \   000001F8   0x0030             MOVS     R0,R6
   \   000001FA   0x.... 0x....      BL       __aeabi_i2d
   \   000001FE   0x.... 0x....      LDR.W    R2,??DataTable7_13  ;; 0xcc63f141
   \   00000202   0x.... 0x....      LDR.W    R3,??DataTable7_14  ;; 0x3fc84b5d
   \   00000206   0x.... 0x....      BL       __aeabi_dmul
   \   0000020A   0x0022             MOVS     R2,R4
   \   0000020C   0x002B             MOVS     R3,R5
   \   0000020E   0x.... 0x....      BL       __aeabi_dadd
   \   00000212   0x.... 0x....      LDR.W    R2,??DataTable7_15  ;; 0x5b573eab
   \   00000216   0x.... 0x....      LDR.W    R3,??DataTable7_16  ;; 0xbfbcbfb1
   \   0000021A   0x.... 0x....      BL       __aeabi_dadd
   \   0000021E   0x.... 0x....      BL       __aeabi_d2f
   \   00000222   0xEE00 0x0A10      VMOV     S0,R0
   \   00000226   0xE001             B.N      ??Behind_Spd_Set_10
    135            else 
    136              percent = 1.20;
   \                     ??Behind_Spd_Set_11: (+1)
   \   00000228   0xED9F 0x....      VLDR.W   S0,??DataTable2_1  ;; 0x3f99999a
    137            if(percent > 1.20)
   \                     ??Behind_Spd_Set_10: (+1)
   \   0000022C   0xEDDF 0x....      VLDR.W   S1,??DataTable2_1  ;; 0x3f99999a
   \   00000230   0xEEB4 0x0A60      VCMP.F32 S0,S1
   \   00000234   0xEEF1 0xFA10      FMSTAT   
   \   00000238   0xDB01             BLT.N    ??Behind_Spd_Set_12
    138              percent = 1.20;
   \   0000023A   0xED9F 0x....      VLDR.W   S0,??DataTable2_1  ;; 0x3f99999a
    139            Spd.target *= percent; 
   \                     ??Behind_Spd_Set_12: (+1)
   \   0000023E   0x.... 0x....      LDR.W    R0,??DataTable7_2
   \   00000242   0xEDD0 0x0A00      VLDR     S1,[R0, #0]
   \   00000246   0xEEF8 0x0AE0      VCVT.F32.S32 S1,S1
   \   0000024A   0xEE20 0x0A80      VMUL.F32 S0,S1,S0
   \   0000024E   0xEEBD 0x0AC0      VCVT.S32.F32 S0,S0
   \   00000252   0x.... 0x....      LDR.W    R0,??DataTable7_2
   \   00000256   0xED80 0x0A00      VSTR     S0,[R0, #0]
    140            
    141            /***********特殊路径速度***************/
    142            //后车环岛前速度
    143            if(Admit_Dis_EnterIsland != 0)
   \   0000025A   0x.... 0x....      LDR.W    R0,??DataTable7_17
   \   0000025E   0x6800             LDR      R0,[R0, #+0]
   \   00000260   0x2800             CMP      R0,#+0
   \   00000262   0xD02A             BEQ.N    ??Behind_Spd_Set_13
    144            {
    145              Spd.target = 600;
   \   00000264   0xF44F 0x7016      MOV      R0,#+600
   \   00000268   0x.... 0x....      LDR.W    R1,??DataTable7_2
   \   0000026C   0x6008             STR      R0,[R1, #+0]
    146              Admit_Dis_EnterIsland -= Spd.feedback/Measuring_Scale;
   \   0000026E   0x.... 0x....      LDR.W    R0,??DataTable7_17
   \   00000272   0x6800             LDR      R0,[R0, #+0]
   \   00000274   0x.... 0x....      BL       __aeabi_i2d
   \   00000278   0x0004             MOVS     R4,R0
   \   0000027A   0x000D             MOVS     R5,R1
   \   0000027C   0x.... 0x....      LDR.W    R0,??DataTable7_2
   \   00000280   0x69C0             LDR      R0,[R0, #+28]
   \   00000282   0x.... 0x....      BL       __aeabi_i2d
   \   00000286   0x.... 0x....      LDR.W    R2,??DataTable7_3  ;; 0xcccccccd
   \   0000028A   0x.... 0x....      LDR.W    R3,??DataTable7_4  ;; 0x4012cccc
   \   0000028E   0x.... 0x....      BL       __aeabi_ddiv
   \   00000292   0x0002             MOVS     R2,R0
   \   00000294   0x000B             MOVS     R3,R1
   \   00000296   0x0020             MOVS     R0,R4
   \   00000298   0x0029             MOVS     R1,R5
   \   0000029A   0x.... 0x....      BL       __aeabi_dsub
   \   0000029E   0x.... 0x....      BL       __aeabi_d2iz
   \   000002A2   0x.... 0x....      LDR.W    R1,??DataTable7_17
   \   000002A6   0x6008             STR      R0,[R1, #+0]
    147              if(Admit_Dis_EnterIsland < 0)
   \   000002A8   0x.... 0x....      LDR.W    R0,??DataTable7_17
   \   000002AC   0x6800             LDR      R0,[R0, #+0]
   \   000002AE   0x2800             CMP      R0,#+0
   \   000002B0   0xD503             BPL.N    ??Behind_Spd_Set_13
    148                 Admit_Dis_EnterIsland = 0;
   \   000002B2   0x2000             MOVS     R0,#+0
   \   000002B4   0x.... 0x....      LDR.W    R1,??DataTable7_17
   \   000002B8   0x6008             STR      R0,[R1, #+0]
    149            }
    150            
    151            //后车进环岛速度
    152            if(final==1 || Flag_Island_Confirm!=0)
   \                     ??Behind_Spd_Set_13: (+1)
   \   000002BA   0x.... 0x....      LDR.W    R0,??DataTable7_7
   \   000002BE   0x7800             LDRB     R0,[R0, #+0]
   \   000002C0   0x2801             CMP      R0,#+1
   \   000002C2   0xD004             BEQ.N    ??Behind_Spd_Set_14
   \   000002C4   0x.... 0x....      LDR.W    R0,??DataTable7_8
   \   000002C8   0x6800             LDR      R0,[R0, #+0]
   \   000002CA   0x2800             CMP      R0,#+0
   \   000002CC   0xD004             BEQ.N    ??Behind_Spd_Set_15
    153              Spd.target = 300; 
   \                     ??Behind_Spd_Set_14: (+1)
   \   000002CE   0xF44F 0x7096      MOV      R0,#+300
   \   000002D2   0x.... 0x....      LDR.W    R1,??DataTable7_2
   \   000002D6   0x6008             STR      R0,[R1, #+0]
    154            
    155            //后车环岛内速度
    156            if( Flag_Island == 1)
   \                     ??Behind_Spd_Set_15: (+1)
   \   000002D8   0x.... 0x....      LDR.W    R0,??DataTable7_6
   \   000002DC   0x7800             LDRB     R0,[R0, #+0]
   \   000002DE   0x2801             CMP      R0,#+1
   \   000002E0   0xD104             BNE.N    ??Behind_Spd_Set_16
    157               Spd.target = 600;
   \   000002E2   0xF44F 0x7016      MOV      R0,#+600
   \   000002E6   0x.... 0x....      LDR.W    R1,??DataTable7_2
   \   000002EA   0x6008             STR      R0,[R1, #+0]
    158            
    159            //后车坡道速度
    160            if(Flag_Ramp == 1)
   \                     ??Behind_Spd_Set_16: (+1)
   \   000002EC   0x.... 0x....      LDR.W    R0,??DataTable7_9
   \   000002F0   0x7800             LDRB     R0,[R0, #+0]
   \   000002F2   0x2801             CMP      R0,#+1
   \   000002F4   0xD104             BNE.N    ??Behind_Spd_Set_17
    161               Spd.target = 800;
   \   000002F6   0xF44F 0x7048      MOV      R0,#+800
   \   000002FA   0x.... 0x....      LDR.W    R1,??DataTable7_2
   \   000002FE   0x6008             STR      R0,[R1, #+0]
    162            
    163            //后车超车等待
    164            if(Distance_Island >= 35*100)  //1m为10000
   \                     ??Behind_Spd_Set_17: (+1)
   \   00000300   0x.... 0x....      LDR.W    R0,??DataTable7_18
   \   00000304   0x8800             LDRH     R0,[R0, #+0]
   \   00000306   0xF640 0x51AC      MOVW     R1,#+3500
   \   0000030A   0x4288             CMP      R0,R1
   \   0000030C   0xDB03             BLT.N    ??Behind_Spd_Set_18
    165               Spd.target = 0;
   \   0000030E   0x2000             MOVS     R0,#+0
   \   00000310   0x.... 0x....      LDR.W    R1,??DataTable7_2
   \   00000314   0x6008             STR      R0,[R1, #+0]
    166            
    167          
    168            //后车环岛内启动
    169             if(Flag_Out == 1)
   \                     ??Behind_Spd_Set_18: (+1)
   \   00000316   0x.... 0x....      LDR.W    R0,??DataTable7_19
   \   0000031A   0x6800             LDR      R0,[R0, #+0]
   \   0000031C   0x2801             CMP      R0,#+1
   \   0000031E   0xD107             BNE.N    ??Behind_Spd_Set_19
    170             {
    171               Distance_Island = 0;
   \   00000320   0x2000             MOVS     R0,#+0
   \   00000322   0x.... 0x....      LDR.W    R1,??DataTable7_18
   \   00000326   0x8008             STRH     R0,[R1, #+0]
    172               Flag_Out = 0;
   \   00000328   0x2000             MOVS     R0,#+0
   \   0000032A   0x.... 0x....      LDR.W    R1,??DataTable7_19
   \   0000032E   0x6008             STR      R0,[R1, #+0]
    173             }
    174          }
   \                     ??Behind_Spd_Set_19: (+1)
   \   00000330   0xECBD 0x8B02      VPOP     {D8}
   \   00000334   0xBD70             POP      {R4-R6,PC}       ;; return
    175          
    176          
    177          //老大PIDT

   \                                 In section .text, align 4, keep-with-next
    178          void Elder_Spd_Ctrl()
    179          {
   \                     Elder_Spd_Ctrl: (+1)
   \   00000000   0xB580             PUSH     {R7,LR}
    180            Spd.P = 0.4588*exp(0.008722* fabs(Spd.error) );
   \   00000002   0x.... 0x....      LDR.W    R0,??DataTable7_2
   \   00000006   0x6880             LDR      R0,[R0, #+8]
   \   00000008   0x.... 0x....      BL       __aeabi_i2d
   \   0000000C   0xF031 0x4100      BICS     R1,R1,#0x80000000
   \   00000010   0x.... 0x....      LDR.W    R2,??DataTable7_20  ;; 0x60bb2bc
   \   00000014   0x.... 0x....      LDR.W    R3,??DataTable7_21  ;; 0x3f81dcd7
   \   00000018   0x.... 0x....      BL       __aeabi_dmul
   \   0000001C   0xEC41 0x0B10      VMOV     D0,R0,R1
   \   00000020   0x.... 0x....      BL       exp
   \   00000024   0xEC53 0x2B10      VMOV     R2,R3,D0
   \   00000028   0x.... 0x....      LDR.W    R0,??DataTable7_22  ;; 0xacd9e83e
   \   0000002C   0x.... 0x....      LDR.W    R1,??DataTable7_23  ;; 0x3fdd5cfa
   \   00000030   0x.... 0x....      BL       __aeabi_dmul
   \   00000034   0x.... 0x....      BL       __aeabi_d2f
   \   00000038   0x.... 0x....      LDR.W    R1,??DataTable7_2
   \   0000003C   0x6508             STR      R0,[R1, #+80]
    181            if(Spd.P > 10)  Spd.P = 10;
   \   0000003E   0x.... 0x....      LDR.W    R0,??DataTable7_2
   \   00000042   0xED90 0x0A14      VLDR     S0,[R0, #+80]
   \   00000046   0xEDDF 0x....      VLDR.W   S1,??DataTable3  ;; 0x41200001
   \   0000004A   0xEEB4 0x0A60      VCMP.F32 S0,S1
   \   0000004E   0xEEF1 0xFA10      FMSTAT   
   \   00000052   0xDB04             BLT.N    ??Elder_Spd_Ctrl_0
   \   00000054   0x.... 0x....      LDR.W    R0,??DataTable7_2
   \   00000058   0x.... 0x....      LDR.W    R1,??DataTable7_24  ;; 0x41200000
   \   0000005C   0x6501             STR      R1,[R0, #+80]
    182              Spd.I = 0.4853*exp(0.005833* fabs(Spd.error) );
   \                     ??Elder_Spd_Ctrl_0: (+1)
   \   0000005E   0x.... 0x....      LDR.W    R0,??DataTable7_2
   \   00000062   0x6880             LDR      R0,[R0, #+8]
   \   00000064   0x.... 0x....      BL       __aeabi_i2d
   \   00000068   0xF031 0x4100      BICS     R1,R1,#0x80000000
   \   0000006C   0x.... 0x....      LDR.W    R2,??DataTable7_25  ;; 0x3cd141a
   \   00000070   0x.... 0x....      LDR.W    R3,??DataTable7_26  ;; 0x3f77e458
   \   00000074   0x.... 0x....      BL       __aeabi_dmul
   \   00000078   0xEC41 0x0B10      VMOV     D0,R0,R1
   \   0000007C   0x.... 0x....      BL       exp
   \   00000080   0xEC53 0x2B10      VMOV     R2,R3,D0
   \   00000084   0x.... 0x....      LDR.W    R0,??DataTable7_27  ;; 0xbb2fec57
   \   00000088   0x.... 0x....      LDR.W    R1,??DataTable7_28  ;; 0x3fdf0f27
   \   0000008C   0x.... 0x....      BL       __aeabi_dmul
   \   00000090   0x.... 0x....      BL       __aeabi_d2f
   \   00000094   0x.... 0x....      LDR.W    R1,??DataTable7_2
   \   00000098   0x6548             STR      R0,[R1, #+84]
    183            if(Spd.I > 5)  Spd.I = 5;
   \   0000009A   0x.... 0x....      LDR.W    R0,??DataTable7_2
   \   0000009E   0xED90 0x0A15      VLDR     S0,[R0, #+84]
   \   000000A2   0xEDDF 0x....      VLDR.W   S1,??DataTable3_1  ;; 0x40a00001
   \   000000A6   0xEEB4 0x0A60      VCMP.F32 S0,S1
   \   000000AA   0xEEF1 0xFA10      FMSTAT   
   \   000000AE   0xDB04             BLT.N    ??Elder_Spd_Ctrl_1
   \   000000B0   0x.... 0x....      LDR.W    R0,??DataTable7_2
   \   000000B4   0x.... 0x....      LDR.W    R1,??DataTable7_29  ;; 0x40a00000
   \   000000B8   0x6541             STR      R1,[R0, #+84]
    184              Spd.D = 20;
   \                     ??Elder_Spd_Ctrl_1: (+1)
   \   000000BA   0x.... 0x....      LDR.W    R0,??DataTable7_2
   \   000000BE   0x.... 0x....      LDR.W    R1,??DataTable7_30  ;; 0x41a00000
   \   000000C2   0x6581             STR      R1,[R0, #+88]
    185            if(trend==20 && fabs(Distance)<10)
   \   000000C4   0x.... 0x....      LDR.W    R0,??DataTable6_4
   \   000000C8   0x6800             LDR      R0,[R0, #+0]
   \   000000CA   0x2814             CMP      R0,#+20
   \   000000CC   0xD116             BNE.N    ??Elder_Spd_Ctrl_2
   \   000000CE   0x.... 0x....      LDR.W    R0,??DataTable6
   \   000000D2   0x6800             LDR      R0,[R0, #+0]
   \   000000D4   0x.... 0x....      BL       __aeabi_i2d
   \   000000D8   0xF031 0x4100      BICS     R1,R1,#0x80000000
   \   000000DC   0x2200             MOVS     R2,#+0
   \   000000DE   0x.... 0x....      LDR.W    R3,??DataTable7_31  ;; 0x40240000
   \   000000E2   0x.... 0x....      BL       __aeabi_cdcmple
   \   000000E6   0xD209             BCS.N    ??Elder_Spd_Ctrl_2
    186              {
    187                Spd.P = 1;
   \   000000E8   0x.... 0x....      LDR.W    R0,??DataTable7_2
   \   000000EC   0xF05F 0x517E      MOVS     R1,#+1065353216
   \   000000F0   0x6501             STR      R1,[R0, #+80]
    188                Spd.I = 1;
   \   000000F2   0x.... 0x....      LDR.W    R0,??DataTable7_2
   \   000000F6   0xF05F 0x517E      MOVS     R1,#+1065353216
   \   000000FA   0x6541             STR      R1,[R0, #+84]
    189              }
    190            if(Flag_Island_Confirm > Confirm_Second*100)
   \                     ??Elder_Spd_Ctrl_2: (+1)
   \   000000FC   0x.... 0x....      LDR.W    R0,??DataTable7_8
   \   00000100   0x6800             LDR      R0,[R0, #+0]
   \   00000102   0xF640 0x51AD      MOVW     R1,#+3501
   \   00000106   0x4288             CMP      R0,R1
   \   00000108   0xDB09             BLT.N    ??Elder_Spd_Ctrl_3
    191              {
    192                Spd.P = 1;
   \   0000010A   0x.... 0x....      LDR.W    R0,??DataTable7_2
   \   0000010E   0xF05F 0x517E      MOVS     R1,#+1065353216
   \   00000112   0x6501             STR      R1,[R0, #+80]
    193                Spd.I = 1;
   \   00000114   0x.... 0x....      LDR.W    R0,??DataTable7_2
   \   00000118   0xF05F 0x517E      MOVS     R1,#+1065353216
   \   0000011C   0x6541             STR      R1,[R0, #+84]
    194              }
    195            
    196            if(Flag_Island == 1)   Spd.T = 7; //3
   \                     ??Elder_Spd_Ctrl_3: (+1)
   \   0000011E   0x.... 0x....      LDR.W    R0,??DataTable7_6
   \   00000122   0x7800             LDRB     R0,[R0, #+0]
   \   00000124   0x2801             CMP      R0,#+1
   \   00000126   0xD105             BNE.N    ??Elder_Spd_Ctrl_4
   \   00000128   0x.... 0x....      LDR.W    R0,??DataTable7_2
   \   0000012C   0x.... 0x....      LDR.W    R1,??DataTable7_32  ;; 0x40e00000
   \   00000130   0x65C1             STR      R1,[R0, #+92]
   \   00000132   0xE00E             B.N      ??Elder_Spd_Ctrl_5
    197            else if(trend < 5)     Spd.T = 1.0; 
   \                     ??Elder_Spd_Ctrl_4: (+1)
   \   00000134   0x.... 0x....      LDR.W    R0,??DataTable6_4
   \   00000138   0x6800             LDR      R0,[R0, #+0]
   \   0000013A   0x2805             CMP      R0,#+5
   \   0000013C   0xDA05             BGE.N    ??Elder_Spd_Ctrl_6
   \   0000013E   0x.... 0x....      LDR.W    R0,??DataTable7_2
   \   00000142   0xF05F 0x517E      MOVS     R1,#+1065353216
   \   00000146   0x65C1             STR      R1,[R0, #+92]
   \   00000148   0xE003             B.N      ??Elder_Spd_Ctrl_5
    198            else                   Spd.T = 0;  
   \                     ??Elder_Spd_Ctrl_6: (+1)
   \   0000014A   0x.... 0x....      LDR.W    R0,??DataTable7_2
   \   0000014E   0x2100             MOVS     R1,#+0
   \   00000150   0x65C1             STR      R1,[R0, #+92]
    199          //  if(trend<5)   Spd.T = 0; 
    200          //  else          Spd.T = 0;   
    201            
    202            //变量更新
    203            Spd.error = Spd.target - Spd.feedback;
   \                     ??Elder_Spd_Ctrl_5: (+1)
   \   00000152   0x.... 0x....      LDR.W    R0,??DataTable7_2
   \   00000156   0x6800             LDR      R0,[R0, #+0]
   \   00000158   0x.... 0x....      LDR.W    R1,??DataTable7_2
   \   0000015C   0x69C9             LDR      R1,[R1, #+28]
   \   0000015E   0x1A40             SUBS     R0,R0,R1
   \   00000160   0x.... 0x....      LDR.W    R1,??DataTable7_2
   \   00000164   0x6088             STR      R0,[R1, #+8]
    204            Spd.drror = Spd.pre_feedback[8] - Spd.feedback;
   \   00000166   0x.... 0x....      LDR.W    R0,??DataTable7_2
   \   0000016A   0x6C80             LDR      R0,[R0, #+72]
   \   0000016C   0x.... 0x....      LDR.W    R1,??DataTable7_2
   \   00000170   0x69C9             LDR      R1,[R1, #+28]
   \   00000172   0x1A40             SUBS     R0,R0,R1
   \   00000174   0x.... 0x....      LDR.W    R1,??DataTable7_2
   \   00000178   0x6148             STR      R0,[R1, #+20]
    205            Spd.ddrror = Spd.error - 2*Spd.error_last + Spd.error_last_last;
   \   0000017A   0x.... 0x....      LDR.W    R0,??DataTable7_2
   \   0000017E   0x6880             LDR      R0,[R0, #+8]
   \   00000180   0x.... 0x....      LDR.W    R1,??DataTable7_2
   \   00000184   0x68C9             LDR      R1,[R1, #+12]
   \   00000186   0xEBB0 0x0041      SUBS     R0,R0,R1, LSL #+1
   \   0000018A   0x.... 0x....      LDR.W    R1,??DataTable7_2
   \   0000018E   0x6909             LDR      R1,[R1, #+16]
   \   00000190   0x1808             ADDS     R0,R1,R0
   \   00000192   0x.... 0x....      LDR.W    R1,??DataTable7_2
   \   00000196   0x6188             STR      R0,[R1, #+24]
    206            Spd.tag_error = (int)(Spd.target-Spd.preTarget[2]);
   \   00000198   0x.... 0x....      LDR.W    R0,??DataTable7_2
   \   0000019C   0xED90 0x0A00      VLDR     S0,[R0, #0]
   \   000001A0   0xEEB8 0x0AC0      VCVT.F32.S32 S0,S0
   \   000001A4   0x.... 0x....      LDR.W    R0,??DataTable7_2
   \   000001A8   0xEDD0 0x0A1A      VLDR     S1,[R0, #+104]
   \   000001AC   0xEE30 0x0A60      VSUB.F32 S0,S0,S1
   \   000001B0   0xEEBD 0x0AC0      VCVT.S32.F32 S0,S0
   \   000001B4   0x.... 0x....      LDR.W    R0,??DataTable7_2
   \   000001B8   0xED80 0x0A01      VSTR     S0,[R0, #+4]
    207            for(int i=0; i<9; i++)
   \   000001BC   0x2000             MOVS     R0,#+0
   \   000001BE   0xE00A             B.N      ??Elder_Spd_Ctrl_7
    208               Spd.pre_feedback[i] = Spd.pre_feedback[i+1];
   \                     ??Elder_Spd_Ctrl_8: (+1)
   \   000001C0   0x.... 0x....      LDR.W    R1,??DataTable7_2
   \   000001C4   0xEB11 0x0180      ADDS     R1,R1,R0, LSL #+2
   \   000001C8   0x6AC9             LDR      R1,[R1, #+44]
   \   000001CA   0x.... 0x....      LDR.W    R2,??DataTable7_2
   \   000001CE   0xEB12 0x0280      ADDS     R2,R2,R0, LSL #+2
   \   000001D2   0x6291             STR      R1,[R2, #+40]
   \   000001D4   0x1C40             ADDS     R0,R0,#+1
   \                     ??Elder_Spd_Ctrl_7: (+1)
   \   000001D6   0x2809             CMP      R0,#+9
   \   000001D8   0xDBF2             BLT.N    ??Elder_Spd_Ctrl_8
    209            Spd.pre_feedback[9] = Spd.feedback;
   \   000001DA   0x.... 0x....      LDR.W    R0,??DataTable7_2
   \   000001DE   0x69C0             LDR      R0,[R0, #+28]
   \   000001E0   0x.... 0x....      LDR.W    R1,??DataTable7_2
   \   000001E4   0x64C8             STR      R0,[R1, #+76]
    210            for(int i=0; i<9; i++)
   \   000001E6   0x2000             MOVS     R0,#+0
   \   000001E8   0xE00A             B.N      ??Elder_Spd_Ctrl_9
    211               Spd.preTarget[i] = Spd.preTarget[i+1];
   \                     ??Elder_Spd_Ctrl_10: (+1)
   \   000001EA   0x.... 0x....      LDR.W    R1,??DataTable7_2
   \   000001EE   0xEB11 0x0180      ADDS     R1,R1,R0, LSL #+2
   \   000001F2   0x.... 0x....      LDR.W    R2,??DataTable7_2
   \   000001F6   0xEB12 0x0280      ADDS     R2,R2,R0, LSL #+2
   \   000001FA   0x6E52             LDR      R2,[R2, #+100]
   \   000001FC   0x660A             STR      R2,[R1, #+96]
   \   000001FE   0x1C40             ADDS     R0,R0,#+1
   \                     ??Elder_Spd_Ctrl_9: (+1)
   \   00000200   0x2809             CMP      R0,#+9
   \   00000202   0xDBF2             BLT.N    ??Elder_Spd_Ctrl_10
    212            Spd.preTarget[9] = Spd.target;
   \   00000204   0x.... 0x....      LDR.W    R0,??DataTable7_2
   \   00000208   0xED90 0x0A00      VLDR     S0,[R0, #0]
   \   0000020C   0xEEB8 0x0AC0      VCVT.F32.S32 S0,S0
   \   00000210   0x.... 0x....      LDR.W    R0,??DataTable7_2
   \   00000214   0xED80 0x0A21      VSTR     S0,[R0, #+132]
    213            Spd.error_last = Spd.error;
   \   00000218   0x.... 0x....      LDR.W    R0,??DataTable7_2
   \   0000021C   0x6880             LDR      R0,[R0, #+8]
   \   0000021E   0x.... 0x....      LDR.W    R1,??DataTable7_2
   \   00000222   0x60C8             STR      R0,[R1, #+12]
    214            Spd.error_last_last = Spd.error_last; 
   \   00000224   0x.... 0x....      LDR.W    R0,??DataTable7_2
   \   00000228   0x68C0             LDR      R0,[R0, #+12]
   \   0000022A   0x.... 0x....      LDR.W    R1,??DataTable7_2
   \   0000022E   0x6108             STR      R0,[R1, #+16]
    215            
    216            //增量式PID
    217            Spd.MotorPWM += Spd.I*Spd.error + Spd.P*Spd.drror 
    218                         +  Spd.T*Spd.tag_error + Spd.D*Spd.ddrror;                
   \   00000230   0x.... 0x....      LDR.W    R0,??DataTable7_2
   \   00000234   0xED90 0x0A22      VLDR     S0,[R0, #+136]
   \   00000238   0xEEB8 0x0AC0      VCVT.F32.S32 S0,S0
   \   0000023C   0x.... 0x....      LDR.W    R0,??DataTable7_2
   \   00000240   0xEDD0 0x0A02      VLDR     S1,[R0, #+8]
   \   00000244   0xEEF8 0x0AE0      VCVT.F32.S32 S1,S1
   \   00000248   0x.... 0x....      LDR.W    R0,??DataTable7_2
   \   0000024C   0xED90 0x1A15      VLDR     S2,[R0, #+84]
   \   00000250   0xEE60 0x0A81      VMUL.F32 S1,S1,S2
   \   00000254   0x.... 0x....      LDR.W    R0,??DataTable7_2
   \   00000258   0xED90 0x1A05      VLDR     S2,[R0, #+20]
   \   0000025C   0xEEB8 0x1AC1      VCVT.F32.S32 S2,S2
   \   00000260   0x.... 0x....      LDR.W    R0,??DataTable7_2
   \   00000264   0xEDD0 0x1A14      VLDR     S3,[R0, #+80]
   \   00000268   0xEE41 0x0A21      VMLA.F32 S1,S2,S3
   \   0000026C   0x.... 0x....      LDR.W    R0,??DataTable7_2
   \   00000270   0xED90 0x1A01      VLDR     S2,[R0, #+4]
   \   00000274   0xEEB8 0x1AC1      VCVT.F32.S32 S2,S2
   \   00000278   0x.... 0x....      LDR.W    R0,??DataTable7_2
   \   0000027C   0xEDD0 0x1A17      VLDR     S3,[R0, #+92]
   \   00000280   0xEE41 0x0A21      VMLA.F32 S1,S2,S3
   \   00000284   0x.... 0x....      LDR.W    R0,??DataTable7_2
   \   00000288   0xED90 0x1A06      VLDR     S2,[R0, #+24]
   \   0000028C   0xEEB8 0x1AC1      VCVT.F32.S32 S2,S2
   \   00000290   0x.... 0x....      LDR.W    R0,??DataTable7_2
   \   00000294   0xEDD0 0x1A16      VLDR     S3,[R0, #+88]
   \   00000298   0xEE41 0x0A21      VMLA.F32 S1,S2,S3
   \   0000029C   0xEE30 0x0A20      VADD.F32 S0,S0,S1
   \   000002A0   0xEEBD 0x0AC0      VCVT.S32.F32 S0,S0
   \   000002A4   0x.... 0x....      LDR.W    R0,??DataTable7_2
   \   000002A8   0xED80 0x0A22      VSTR     S0,[R0, #+136]
    219          }
   \   000002AC   0xBD01             POP      {R0,PC}          ;; return
    220          
    221          
    222          //老二PIDT

   \                                 In section .text, align 4, keep-with-next
    223          void Younger_Spd_Ctrl()
    224          {    
   \                     Younger_Spd_Ctrl: (+1)
   \   00000000   0xB580             PUSH     {R7,LR}
    225            Spd.P = 0.4588*exp(0.008722* fabs(Spd.error) );
   \   00000002   0x.... 0x....      LDR.W    R0,??DataTable7_2
   \   00000006   0x6880             LDR      R0,[R0, #+8]
   \   00000008   0x.... 0x....      BL       __aeabi_i2d
   \   0000000C   0xF031 0x4100      BICS     R1,R1,#0x80000000
   \   00000010   0x.... 0x....      LDR.W    R2,??DataTable7_20  ;; 0x60bb2bc
   \   00000014   0x.... 0x....      LDR.W    R3,??DataTable7_21  ;; 0x3f81dcd7
   \   00000018   0x.... 0x....      BL       __aeabi_dmul
   \   0000001C   0xEC41 0x0B10      VMOV     D0,R0,R1
   \   00000020   0x.... 0x....      BL       exp
   \   00000024   0xEC53 0x2B10      VMOV     R2,R3,D0
   \   00000028   0x.... 0x....      LDR.W    R0,??DataTable7_22  ;; 0xacd9e83e
   \   0000002C   0x.... 0x....      LDR.W    R1,??DataTable7_23  ;; 0x3fdd5cfa
   \   00000030   0x.... 0x....      BL       __aeabi_dmul
   \   00000034   0x.... 0x....      BL       __aeabi_d2f
   \   00000038   0x.... 0x....      LDR.W    R1,??DataTable7_2
   \   0000003C   0x6508             STR      R0,[R1, #+80]
    226            if(Spd.P > 10)  Spd.P = 10;
   \   0000003E   0x.... 0x....      LDR.W    R0,??DataTable7_2
   \   00000042   0xED90 0x0A14      VLDR     S0,[R0, #+80]
   \   00000046   0xEDDF 0x....      VLDR.W   S1,??DataTable5  ;; 0x41200001
   \   0000004A   0xEEB4 0x0A60      VCMP.F32 S0,S1
   \   0000004E   0xEEF1 0xFA10      FMSTAT   
   \   00000052   0xDB04             BLT.N    ??Younger_Spd_Ctrl_0
   \   00000054   0x.... 0x....      LDR.W    R0,??DataTable7_2
   \   00000058   0x.... 0x....      LDR.W    R1,??DataTable7_24  ;; 0x41200000
   \   0000005C   0x6501             STR      R1,[R0, #+80]
    227              Spd.I = 0.4853*exp(0.005833* fabs(Spd.error) );
   \                     ??Younger_Spd_Ctrl_0: (+1)
   \   0000005E   0x.... 0x....      LDR.W    R0,??DataTable7_2
   \   00000062   0x6880             LDR      R0,[R0, #+8]
   \   00000064   0x.... 0x....      BL       __aeabi_i2d
   \   00000068   0xF031 0x4100      BICS     R1,R1,#0x80000000
   \   0000006C   0x.... 0x....      LDR.W    R2,??DataTable7_25  ;; 0x3cd141a
   \   00000070   0x.... 0x....      LDR.W    R3,??DataTable7_26  ;; 0x3f77e458
   \   00000074   0x.... 0x....      BL       __aeabi_dmul
   \   00000078   0xEC41 0x0B10      VMOV     D0,R0,R1
   \   0000007C   0x.... 0x....      BL       exp
   \   00000080   0xEC53 0x2B10      VMOV     R2,R3,D0
   \   00000084   0x.... 0x....      LDR.W    R0,??DataTable7_27  ;; 0xbb2fec57
   \   00000088   0x.... 0x....      LDR.W    R1,??DataTable7_28  ;; 0x3fdf0f27
   \   0000008C   0x.... 0x....      BL       __aeabi_dmul
   \   00000090   0x.... 0x....      BL       __aeabi_d2f
   \   00000094   0x.... 0x....      LDR.W    R1,??DataTable7_2
   \   00000098   0x6548             STR      R0,[R1, #+84]
    228            if(Spd.I > 5)  Spd.I = 5;
   \   0000009A   0x.... 0x....      LDR.W    R0,??DataTable7_2
   \   0000009E   0xED90 0x0A15      VLDR     S0,[R0, #+84]
   \   000000A2   0xEDDF 0x....      VLDR.W   S1,??DataTable5_1  ;; 0x40a00001
   \   000000A6   0xEEB4 0x0A60      VCMP.F32 S0,S1
   \   000000AA   0xEEF1 0xFA10      FMSTAT   
   \   000000AE   0xDB04             BLT.N    ??Younger_Spd_Ctrl_1
   \   000000B0   0x.... 0x....      LDR.W    R0,??DataTable7_2
   \   000000B4   0x.... 0x....      LDR.W    R1,??DataTable7_29  ;; 0x40a00000
   \   000000B8   0x6541             STR      R1,[R0, #+84]
    229            
    230            Spd.I = 3;
   \                     ??Younger_Spd_Ctrl_1: (+1)
   \   000000BA   0x.... 0x....      LDR.W    R0,??DataTable7_2
   \   000000BE   0x.... 0x....      LDR.W    R1,??DataTable7_33  ;; 0x40400000
   \   000000C2   0x6541             STR      R1,[R0, #+84]
    231              Spd.D = 15;
   \   000000C4   0x.... 0x....      LDR.W    R0,??DataTable7_2
   \   000000C8   0x.... 0x....      LDR.W    R1,??DataTable7_34  ;; 0x41700000
   \   000000CC   0x6581             STR      R1,[R0, #+88]
    232          
    233            Spd.T = 0;
   \   000000CE   0x....             LDR.N    R0,??DataTable7_2
   \   000000D0   0x2100             MOVS     R1,#+0
   \   000000D2   0x65C1             STR      R1,[R0, #+92]
    234            if(Flag_Island_Confirm!=0)   Spd.T = 10; //3
   \   000000D4   0x.... 0x....      LDR.W    R0,??DataTable7_8
   \   000000D8   0x6800             LDR      R0,[R0, #+0]
   \   000000DA   0x2800             CMP      R0,#+0
   \   000000DC   0xD004             BEQ.N    ??Younger_Spd_Ctrl_2
   \   000000DE   0x....             LDR.N    R0,??DataTable7_2
   \   000000E0   0x.... 0x....      LDR.W    R1,??DataTable7_24  ;; 0x41200000
   \   000000E4   0x65C1             STR      R1,[R0, #+92]
   \   000000E6   0xE007             B.N      ??Younger_Spd_Ctrl_3
    235            else if(trend != 2)     Spd.T = 20;//5 
   \                     ??Younger_Spd_Ctrl_2: (+1)
   \   000000E8   0x....             LDR.N    R0,??DataTable6_4
   \   000000EA   0x6800             LDR      R0,[R0, #+0]
   \   000000EC   0x2802             CMP      R0,#+2
   \   000000EE   0xD003             BEQ.N    ??Younger_Spd_Ctrl_3
   \   000000F0   0x....             LDR.N    R0,??DataTable7_2
   \   000000F2   0x.... 0x....      LDR.W    R1,??DataTable7_30  ;; 0x41a00000
   \   000000F6   0x65C1             STR      R1,[R0, #+92]
    236             
    237            
    238            //变量更新
    239            Spd.error = Spd.target - Spd.feedback;
   \                     ??Younger_Spd_Ctrl_3: (+1)
   \   000000F8   0x....             LDR.N    R0,??DataTable7_2
   \   000000FA   0x6800             LDR      R0,[R0, #+0]
   \   000000FC   0x....             LDR.N    R1,??DataTable7_2
   \   000000FE   0x69C9             LDR      R1,[R1, #+28]
   \   00000100   0x1A40             SUBS     R0,R0,R1
   \   00000102   0x....             LDR.N    R1,??DataTable7_2
   \   00000104   0x6088             STR      R0,[R1, #+8]
    240            Spd.drror = Spd.pre_feedback[8] - Spd.feedback;
   \   00000106   0x....             LDR.N    R0,??DataTable7_2
   \   00000108   0x6C80             LDR      R0,[R0, #+72]
   \   0000010A   0x....             LDR.N    R1,??DataTable7_2
   \   0000010C   0x69C9             LDR      R1,[R1, #+28]
   \   0000010E   0x1A40             SUBS     R0,R0,R1
   \   00000110   0x....             LDR.N    R1,??DataTable7_2
   \   00000112   0x6148             STR      R0,[R1, #+20]
    241            Spd.ddrror = Spd.error - 2*Spd.error_last + Spd.error_last_last;
   \   00000114   0x....             LDR.N    R0,??DataTable7_2
   \   00000116   0x6880             LDR      R0,[R0, #+8]
   \   00000118   0x....             LDR.N    R1,??DataTable7_2
   \   0000011A   0x68C9             LDR      R1,[R1, #+12]
   \   0000011C   0xEBB0 0x0041      SUBS     R0,R0,R1, LSL #+1
   \   00000120   0x....             LDR.N    R1,??DataTable7_2
   \   00000122   0x6909             LDR      R1,[R1, #+16]
   \   00000124   0x1808             ADDS     R0,R1,R0
   \   00000126   0x....             LDR.N    R1,??DataTable7_2
   \   00000128   0x6188             STR      R0,[R1, #+24]
    242            Spd.tag_error = (int)(Spd.target-Spd.preTarget[2]);
   \   0000012A   0x....             LDR.N    R0,??DataTable7_2
   \   0000012C   0xED90 0x0A00      VLDR     S0,[R0, #0]
   \   00000130   0xEEB8 0x0AC0      VCVT.F32.S32 S0,S0
   \   00000134   0x....             LDR.N    R0,??DataTable7_2
   \   00000136   0xEDD0 0x0A1A      VLDR     S1,[R0, #+104]
   \   0000013A   0xEE30 0x0A60      VSUB.F32 S0,S0,S1
   \   0000013E   0xEEBD 0x0AC0      VCVT.S32.F32 S0,S0
   \   00000142   0x....             LDR.N    R0,??DataTable7_2
   \   00000144   0xED80 0x0A01      VSTR     S0,[R0, #+4]
    243            for(int i=0; i<9; i++)
   \   00000148   0x2000             MOVS     R0,#+0
   \   0000014A   0xE008             B.N      ??Younger_Spd_Ctrl_4
    244               Spd.pre_feedback[i] = Spd.pre_feedback[i+1];
   \                     ??Younger_Spd_Ctrl_5: (+1)
   \   0000014C   0x....             LDR.N    R1,??DataTable7_2
   \   0000014E   0xEB11 0x0180      ADDS     R1,R1,R0, LSL #+2
   \   00000152   0x6AC9             LDR      R1,[R1, #+44]
   \   00000154   0x....             LDR.N    R2,??DataTable7_2
   \   00000156   0xEB12 0x0280      ADDS     R2,R2,R0, LSL #+2
   \   0000015A   0x6291             STR      R1,[R2, #+40]
   \   0000015C   0x1C40             ADDS     R0,R0,#+1
   \                     ??Younger_Spd_Ctrl_4: (+1)
   \   0000015E   0x2809             CMP      R0,#+9
   \   00000160   0xDBF4             BLT.N    ??Younger_Spd_Ctrl_5
    245            Spd.pre_feedback[9] = Spd.feedback;
   \   00000162   0x....             LDR.N    R0,??DataTable7_2
   \   00000164   0x69C0             LDR      R0,[R0, #+28]
   \   00000166   0x....             LDR.N    R1,??DataTable7_2
   \   00000168   0x64C8             STR      R0,[R1, #+76]
    246            for(int i=0; i<9; i++)
   \   0000016A   0x2000             MOVS     R0,#+0
   \   0000016C   0xE008             B.N      ??Younger_Spd_Ctrl_6
    247               Spd.preTarget[i] = Spd.preTarget[i+1];
   \                     ??Younger_Spd_Ctrl_7: (+1)
   \   0000016E   0x....             LDR.N    R1,??DataTable7_2
   \   00000170   0xEB11 0x0180      ADDS     R1,R1,R0, LSL #+2
   \   00000174   0x....             LDR.N    R2,??DataTable7_2
   \   00000176   0xEB12 0x0280      ADDS     R2,R2,R0, LSL #+2
   \   0000017A   0x6E52             LDR      R2,[R2, #+100]
   \   0000017C   0x660A             STR      R2,[R1, #+96]
   \   0000017E   0x1C40             ADDS     R0,R0,#+1
   \                     ??Younger_Spd_Ctrl_6: (+1)
   \   00000180   0x2809             CMP      R0,#+9
   \   00000182   0xDBF4             BLT.N    ??Younger_Spd_Ctrl_7
    248            Spd.preTarget[9] = Spd.target;
   \   00000184   0x....             LDR.N    R0,??DataTable7_2
   \   00000186   0xED90 0x0A00      VLDR     S0,[R0, #0]
   \   0000018A   0xEEB8 0x0AC0      VCVT.F32.S32 S0,S0
   \   0000018E   0x....             LDR.N    R0,??DataTable7_2
   \   00000190   0xED80 0x0A21      VSTR     S0,[R0, #+132]
    249            Spd.error_last = Spd.error;
   \   00000194   0x....             LDR.N    R0,??DataTable7_2
   \   00000196   0x6880             LDR      R0,[R0, #+8]
   \   00000198   0x....             LDR.N    R1,??DataTable7_2
   \   0000019A   0x60C8             STR      R0,[R1, #+12]
    250            Spd.error_last_last = Spd.error_last; 
   \   0000019C   0x....             LDR.N    R0,??DataTable7_2
   \   0000019E   0x68C0             LDR      R0,[R0, #+12]
   \   000001A0   0x....             LDR.N    R1,??DataTable7_2
   \   000001A2   0x6108             STR      R0,[R1, #+16]
    251            
    252            //增量式PID
    253            Spd.MotorPWM += Spd.I*Spd.error + Spd.P*Spd.drror 
    254                         +  Spd.T*Spd.tag_error + Spd.D*Spd.ddrror;     
   \   000001A4   0x....             LDR.N    R0,??DataTable7_2
   \   000001A6   0xED90 0x0A22      VLDR     S0,[R0, #+136]
   \   000001AA   0xEEB8 0x0AC0      VCVT.F32.S32 S0,S0
   \   000001AE   0x....             LDR.N    R0,??DataTable7_2
   \   000001B0   0xEDD0 0x0A02      VLDR     S1,[R0, #+8]
   \   000001B4   0xEEF8 0x0AE0      VCVT.F32.S32 S1,S1
   \   000001B8   0x....             LDR.N    R0,??DataTable7_2
   \   000001BA   0xED90 0x1A15      VLDR     S2,[R0, #+84]
   \   000001BE   0xEE60 0x0A81      VMUL.F32 S1,S1,S2
   \   000001C2   0x....             LDR.N    R0,??DataTable7_2
   \   000001C4   0xED90 0x1A05      VLDR     S2,[R0, #+20]
   \   000001C8   0xEEB8 0x1AC1      VCVT.F32.S32 S2,S2
   \   000001CC   0x....             LDR.N    R0,??DataTable7_2
   \   000001CE   0xEDD0 0x1A14      VLDR     S3,[R0, #+80]
   \   000001D2   0xEE41 0x0A21      VMLA.F32 S1,S2,S3
   \   000001D6   0x....             LDR.N    R0,??DataTable7_2
   \   000001D8   0xED90 0x1A01      VLDR     S2,[R0, #+4]
   \   000001DC   0xEEB8 0x1AC1      VCVT.F32.S32 S2,S2
   \   000001E0   0x....             LDR.N    R0,??DataTable7_2
   \   000001E2   0xEDD0 0x1A17      VLDR     S3,[R0, #+92]
   \   000001E6   0xEE41 0x0A21      VMLA.F32 S1,S2,S3
   \   000001EA   0x....             LDR.N    R0,??DataTable7_2
   \   000001EC   0xED90 0x1A06      VLDR     S2,[R0, #+24]
   \   000001F0   0xEEB8 0x1AC1      VCVT.F32.S32 S2,S2
   \   000001F4   0x....             LDR.N    R0,??DataTable7_2
   \   000001F6   0xEDD0 0x1A16      VLDR     S3,[R0, #+88]
   \   000001FA   0xEE41 0x0A21      VMLA.F32 S1,S2,S3
   \   000001FE   0xEE30 0x0A20      VADD.F32 S0,S0,S1
   \   00000202   0xEEBD 0x0AC0      VCVT.S32.F32 S0,S0
   \   00000206   0x....             LDR.N    R0,??DataTable7_2
   \   00000208   0xED80 0x0A22      VSTR     S0,[R0, #+136]
    255          
    256          }
   \   0000020C   0xBD01             POP      {R0,PC}          ;; return
    257          
    258          
    259          
    260          
    261          /**************PWM输出***************/

   \                                 In section .text, align 2, keep-with-next
    262          void Motor_Output()
    263          {
   \                     Motor_Output: (+1)
   \   00000000   0xB580             PUSH     {R7,LR}
    264             if(Spd.MotorPWM > 4000)
   \   00000002   0x....             LDR.N    R0,??DataTable7_2
   \   00000004   0xF8D0 0x0088      LDR      R0,[R0, #+136]
   \   00000008   0xF5B0 0x6F7A      CMP      R0,#+4000
   \   0000000C   0xDD05             BLE.N    ??Motor_Output_0
    265               Spd.MotorPWM = 4000;
   \   0000000E   0xF44F 0x607A      MOV      R0,#+4000
   \   00000012   0x....             LDR.N    R1,??DataTable7_2
   \   00000014   0xF8C1 0x0088      STR      R0,[R1, #+136]
   \   00000018   0xE009             B.N      ??Motor_Output_1
    266             else if(Spd.MotorPWM<-1000 )
   \                     ??Motor_Output_0: (+1)
   \   0000001A   0x....             LDR.N    R0,??DataTable7_2
   \   0000001C   0xF8D0 0x0088      LDR      R0,[R0, #+136]
   \   00000020   0xF510 0x7F7A      CMN      R0,#+1000
   \   00000024   0xDA03             BGE.N    ??Motor_Output_1
    267               Spd.MotorPWM = -1000;
   \   00000026   0x....             LDR.N    R0,??DataTable7_35  ;; 0xfffffc18
   \   00000028   0x....             LDR.N    R1,??DataTable7_2
   \   0000002A   0xF8C1 0x0088      STR      R0,[R1, #+136]
    268          //   if(Spd.MotorPWM < -7000)
    269          //     Spd.MotorPWM = -7000;
    270             
    271             if(Distance_Island >= 35*100 && fabs(Spd.feedback)<50)  //1m为10000
   \                     ??Motor_Output_1: (+1)
   \   0000002E   0x....             LDR.N    R0,??DataTable7_18
   \   00000030   0x8800             LDRH     R0,[R0, #+0]
   \   00000032   0xF640 0x51AC      MOVW     R1,#+3500
   \   00000036   0x4288             CMP      R0,R1
   \   00000038   0xDB0E             BLT.N    ??Motor_Output_2
   \   0000003A   0x....             LDR.N    R0,??DataTable7_2
   \   0000003C   0x69C0             LDR      R0,[R0, #+28]
   \   0000003E   0x.... 0x....      BL       __aeabi_i2d
   \   00000042   0xF031 0x4100      BICS     R1,R1,#0x80000000
   \   00000046   0x2200             MOVS     R2,#+0
   \   00000048   0x....             LDR.N    R3,??DataTable7_36  ;; 0x40490000
   \   0000004A   0x.... 0x....      BL       __aeabi_cdcmple
   \   0000004E   0xD203             BCS.N    ??Motor_Output_2
    272               Spd.MotorPWM = 0;
   \   00000050   0x2000             MOVS     R0,#+0
   \   00000052   0x....             LDR.N    R1,??DataTable7_2
   \   00000054   0xF8C1 0x0088      STR      R0,[R1, #+136]
    273             
    274             if(Spd.MotorPWM > 0)
   \                     ??Motor_Output_2: (+1)
   \   00000058   0x....             LDR.N    R0,??DataTable7_2
   \   0000005A   0xF8D0 0x0088      LDR      R0,[R0, #+136]
   \   0000005E   0x2801             CMP      R0,#+1
   \   00000060   0xDB0C             BLT.N    ??Motor_Output_3
    275              { 
    276                 LPLD_FTM_PWM_ChangeDuty(FTM0, FTM_Ch1, 0);
   \   00000062   0x2200             MOVS     R2,#+0
   \   00000064   0x2101             MOVS     R1,#+1
   \   00000066   0x....             LDR.N    R0,??DataTable7_37  ;; 0x40038000
   \   00000068   0x.... 0x....      BL       LPLD_FTM_PWM_ChangeDuty
    277                 LPLD_FTM_PWM_ChangeDuty(FTM0, FTM_Ch2, Spd.MotorPWM);    
   \   0000006C   0x....             LDR.N    R0,??DataTable7_2
   \   0000006E   0xF8D0 0x2088      LDR      R2,[R0, #+136]
   \   00000072   0x2102             MOVS     R1,#+2
   \   00000074   0x....             LDR.N    R0,??DataTable7_37  ;; 0x40038000
   \   00000076   0x.... 0x....      BL       LPLD_FTM_PWM_ChangeDuty
   \   0000007A   0xE012             B.N      ??Motor_Output_4
    278              }
    279             else
    280              {
    281                 LPLD_FTM_PWM_ChangeDuty(FTM0, FTM_Ch1, (int)fabs(Spd.MotorPWM));
   \                     ??Motor_Output_3: (+1)
   \   0000007C   0x....             LDR.N    R0,??DataTable7_2
   \   0000007E   0xF8D0 0x0088      LDR      R0,[R0, #+136]
   \   00000082   0x.... 0x....      BL       __aeabi_i2d
   \   00000086   0xF031 0x4100      BICS     R1,R1,#0x80000000
   \   0000008A   0x.... 0x....      BL       __aeabi_d2iz
   \   0000008E   0x0002             MOVS     R2,R0
   \   00000090   0x2101             MOVS     R1,#+1
   \   00000092   0x....             LDR.N    R0,??DataTable7_37  ;; 0x40038000
   \   00000094   0x.... 0x....      BL       LPLD_FTM_PWM_ChangeDuty
    282                 LPLD_FTM_PWM_ChangeDuty(FTM0, FTM_Ch2, 0);    
   \   00000098   0x2200             MOVS     R2,#+0
   \   0000009A   0x2102             MOVS     R1,#+2
   \   0000009C   0x....             LDR.N    R0,??DataTable7_37  ;; 0x40038000
   \   0000009E   0x.... 0x....      BL       LPLD_FTM_PWM_ChangeDuty
    283              }
    284          }
   \                     ??Motor_Output_4: (+1)
   \   000000A2   0xBD01             POP      {R0,PC}          ;; return
    285          
    286          /*************速度采集***************/

   \                                 In section .text, align 2, keep-with-next
    287          void Spd_Get()
    288          {  
   \                     Spd_Get: (+1)
   \   00000000   0xB510             PUSH     {R4,LR}
    289            Spd.feedback = LPLD_FTM_GetCounter(FTM1); 
   \   00000002   0x....             LDR.N    R0,??DataTable7_38  ;; 0x40039000
   \   00000004   0x.... 0x....      BL       LPLD_FTM_GetCounter
   \   00000008   0x....             LDR.N    R1,??DataTable7_2
   \   0000000A   0x61C8             STR      R0,[R1, #+28]
    290            
    291            if(Spd.feedback < 10000)
   \   0000000C   0x....             LDR.N    R0,??DataTable7_2
   \   0000000E   0x69C0             LDR      R0,[R0, #+28]
   \   00000010   0xF242 0x7110      MOVW     R1,#+10000
   \   00000014   0x4288             CMP      R0,R1
   \   00000016   0xDA05             BGE.N    ??Spd_Get_0
    292               Spd.feedback = -Spd.feedback;
   \   00000018   0x....             LDR.N    R0,??DataTable7_2
   \   0000001A   0x69C0             LDR      R0,[R0, #+28]
   \   0000001C   0x4240             RSBS     R0,R0,#+0
   \   0000001E   0x....             LDR.N    R1,??DataTable7_2
   \   00000020   0x61C8             STR      R0,[R1, #+28]
   \   00000022   0xE00D             B.N      ??Spd_Get_1
    293            else if(Spd.feedback > 30000 )
   \                     ??Spd_Get_0: (+1)
   \   00000024   0x....             LDR.N    R0,??DataTable7_2
   \   00000026   0x69C0             LDR      R0,[R0, #+28]
   \   00000028   0xF247 0x5131      MOVW     R1,#+30001
   \   0000002C   0x4288             CMP      R0,R1
   \   0000002E   0xDB07             BLT.N    ??Spd_Get_1
    294               Spd.feedback = 65535 - LPLD_FTM_GetCounter(FTM1); 
   \   00000030   0xF64F 0x74FF      MOVW     R4,#+65535
   \   00000034   0x....             LDR.N    R0,??DataTable7_38  ;; 0x40039000
   \   00000036   0x.... 0x....      BL       LPLD_FTM_GetCounter
   \   0000003A   0x1A20             SUBS     R0,R4,R0
   \   0000003C   0x....             LDR.N    R1,??DataTable7_2
   \   0000003E   0x61C8             STR      R0,[R1, #+28]
    295            
    296            if( fabs(Spd.feedback-Spd.feedback_last) > 10000)
   \                     ??Spd_Get_1: (+1)
   \   00000040   0x....             LDR.N    R0,??DataTable7_2
   \   00000042   0x69C0             LDR      R0,[R0, #+28]
   \   00000044   0x....             LDR.N    R1,??DataTable7_2
   \   00000046   0x6A49             LDR      R1,[R1, #+36]
   \   00000048   0x1A40             SUBS     R0,R0,R1
   \   0000004A   0x.... 0x....      BL       __aeabi_i2d
   \   0000004E   0xF031 0x4100      BICS     R1,R1,#0x80000000
   \   00000052   0x2201             MOVS     R2,#+1
   \   00000054   0x....             LDR.N    R3,??DataTable7_39  ;; 0x40c38800
   \   00000056   0x.... 0x....      BL       __aeabi_cdrcmple
   \   0000005A   0xD803             BHI.N    ??Spd_Get_2
    297              Spd.feedback = Spd.feedback_last;   
   \   0000005C   0x....             LDR.N    R0,??DataTable7_2
   \   0000005E   0x6A40             LDR      R0,[R0, #+36]
   \   00000060   0x....             LDR.N    R1,??DataTable7_2
   \   00000062   0x61C8             STR      R0,[R1, #+28]
    298            Spd.feedback_last = Spd.feedback;  
   \                     ??Spd_Get_2: (+1)
   \   00000064   0x....             LDR.N    R0,??DataTable7_2
   \   00000066   0x69C0             LDR      R0,[R0, #+28]
   \   00000068   0x....             LDR.N    R1,??DataTable7_2
   \   0000006A   0x6248             STR      R0,[R1, #+36]
    299            
    300            Spd_Filter();
   \   0000006C   0x.... 0x....      BL       Spd_Filter
    301            
    302            LPLD_FTM_ClearCounter(FTM1);     
   \   00000070   0x....             LDR.N    R0,??DataTable7_38  ;; 0x40039000
   \   00000072   0x.... 0x....      BL       LPLD_FTM_ClearCounter
    303          }
   \   00000076   0xBD10             POP      {R4,PC}          ;; return
    304          
    305          

   \                                 In section .bss, align 4
    306          float  k;            //k表示卡尔曼增益，K值越大表示此次预测值越接近于测量值，越小表示越接近于上一次的预测值
   \                     k:
   \   00000000                      DS8 4

   \                                 In section .bss, align 4
    307          float  p = 0;        //P值大小可表示收敛速度，越大收敛越快
   \                     p:
   \   00000000                      DS8 4

   \                                 In section .data, align 4
    308          float  Q = 0.05;     //Q和R代表了对预测数据的信任度，Q越大则越相信测量值，R越大则越相信预测值 
   \                     Q:
   \   00000000   0x3D4CCCCD         DC32 3D4CCCCDH

   \                                 In section .data, align 4
    309          float  R = 2.5;      //感觉就是Q太大的话延时小但杂波会增多，R太大就会有滞后。                     
   \                     R:
   \   00000000   0x40200000         DC32 40200000H
    310          /*
    311          函数功能：速度反馈值卡尔曼滤波
    312          返回值：无
    313          */

   \                                 In section .text, align 2, keep-with-next
    314          void Spd_Filter()
    315           {
    316             p = p+Q;        
   \                     Spd_Filter: (+1)
   \   00000000   0x....             LDR.N    R0,??DataTable7_40
   \   00000002   0xED90 0x0A00      VLDR     S0,[R0, #0]
   \   00000006   0x....             LDR.N    R0,??DataTable7_41
   \   00000008   0xEDD0 0x0A00      VLDR     S1,[R0, #0]
   \   0000000C   0xEE30 0x0A20      VADD.F32 S0,S0,S1
   \   00000010   0x....             LDR.N    R0,??DataTable7_40
   \   00000012   0xED80 0x0A00      VSTR     S0,[R0, #0]
    317             k = p/(p+R);    
   \   00000016   0x....             LDR.N    R0,??DataTable7_40
   \   00000018   0xED90 0x0A00      VLDR     S0,[R0, #0]
   \   0000001C   0x....             LDR.N    R0,??DataTable7_42
   \   0000001E   0xEDD0 0x0A00      VLDR     S1,[R0, #0]
   \   00000022   0xEE30 0x0A20      VADD.F32 S0,S0,S1
   \   00000026   0x....             LDR.N    R0,??DataTable7_40
   \   00000028   0xEDD0 0x0A00      VLDR     S1,[R0, #0]
   \   0000002C   0xEE80 0x0A80      VDIV.F32 S0,S1,S0
   \   00000030   0x....             LDR.N    R0,??DataTable7_43
   \   00000032   0xED80 0x0A00      VSTR     S0,[R0, #0]
    318             Spd.filter = (int) ( Spd.filter + k*(Spd.feedback - Spd.filter) );  
   \   00000036   0x....             LDR.N    R0,??DataTable7_2
   \   00000038   0xED90 0x0A08      VLDR     S0,[R0, #+32]
   \   0000003C   0xEEB8 0x0AC0      VCVT.F32.S32 S0,S0
   \   00000040   0x....             LDR.N    R0,??DataTable7_2
   \   00000042   0x69C0             LDR      R0,[R0, #+28]
   \   00000044   0x....             LDR.N    R1,??DataTable7_2
   \   00000046   0x6A09             LDR      R1,[R1, #+32]
   \   00000048   0x1A40             SUBS     R0,R0,R1
   \   0000004A   0xEE00 0x0A90      VMOV     S1,R0
   \   0000004E   0xEEF8 0x0AE0      VCVT.F32.S32 S1,S1
   \   00000052   0x....             LDR.N    R0,??DataTable7_43
   \   00000054   0xED90 0x1A00      VLDR     S2,[R0, #0]
   \   00000058   0xEE00 0x0A81      VMLA.F32 S0,S1,S2
   \   0000005C   0xEEBD 0x0AC0      VCVT.S32.F32 S0,S0
   \   00000060   0x....             LDR.N    R0,??DataTable7_2
   \   00000062   0xED80 0x0A08      VSTR     S0,[R0, #+32]
    319             p = (1-k)*p;   
   \   00000066   0xEEB7 0x0A00      VMOV.F32 S0,#1.0
   \   0000006A   0x....             LDR.N    R0,??DataTable7_43
   \   0000006C   0xEDD0 0x0A00      VLDR     S1,[R0, #0]
   \   00000070   0xEE30 0x0A60      VSUB.F32 S0,S0,S1
   \   00000074   0x....             LDR.N    R0,??DataTable7_40
   \   00000076   0xEDD0 0x0A00      VLDR     S1,[R0, #0]
   \   0000007A   0xEE20 0x0A20      VMUL.F32 S0,S0,S1
   \   0000007E   0x....             LDR.N    R0,??DataTable7_40
   \   00000080   0xED80 0x0A00      VSTR     S0,[R0, #0]
    320             Spd.feedback = Spd.filter;
   \   00000084   0x....             LDR.N    R0,??DataTable7_2
   \   00000086   0x6A00             LDR      R0,[R0, #+32]
   \   00000088   0x....             LDR.N    R1,??DataTable7_2
   \   0000008A   0x61C8             STR      R0,[R1, #+28]
    321            }
   \   0000008C   0x4770             BX       LR               ;; return

   \                                 In section .text, align 4, keep-with-next
   \                     ??DataTable2:
   \   00000000   0x3E99999A         DC32     0x3e99999a

   \                                 In section .text, align 4, keep-with-next
   \                     ??DataTable2_1:
   \   00000000   0x3F99999A         DC32     0x3f99999a

   \                                 In section .text, align 4, keep-with-next
   \                     ??DataTable3:
   \   00000000   0x41200001         DC32     0x41200001

   \                                 In section .text, align 4, keep-with-next
   \                     ??DataTable3_1:
   \   00000000   0x40A00001         DC32     0x40a00001

   \                                 In section .text, align 4, keep-with-next
   \                     ??DataTable5:
   \   00000000   0x41200001         DC32     0x41200001

   \                                 In section .text, align 4, keep-with-next
   \                     ??DataTable5_1:
   \   00000000   0x40A00001         DC32     0x40a00001

   \                                 In section .text, align 4, keep-with-next
   \                     ??DataTable5_2:
   \   00000000   0x........         DC32     Turn_Around

   \                                 In section .text, align 4, keep-with-next
   \                     ??DataTable6:
   \   00000000   0x........         DC32     Distance

   \                                 In section .text, align 4, keep-with-next
   \                     ??DataTable6_1:
   \   00000000   0x........         DC32     Pre_Distance

   \                                 In section .text, align 4, keep-with-next
   \                     ??DataTable6_2:
   \   00000000   0x........         DC32     DisError

   \                                 In section .text, align 4, keep-with-next
   \                     ??DataTable6_3:
   \   00000000   0x40340000         DC32     0x40340000

   \                                 In section .text, align 4, keep-with-next
   \                     ??DataTable6_4:
   \   00000000   0x........         DC32     trend

   \                                 In section .text, align 4, keep-with-next
   \                     ??DataTable7:
   \   00000000   0x........         DC32     Family_Status

   \                                 In section .text, align 4, keep-with-next
   \                     ??DataTable7_1:
   \   00000000   0x........         DC32     Sum_Distance_EnterCurve

   \                                 In section .text, align 4, keep-with-next
   \                     ??DataTable7_2:
   \   00000000   0x........         DC32     Spd

   \                                 In section .text, align 4, keep-with-next
   \                     ??DataTable7_3:
   \   00000000   0xCCCCCCCD         DC32     0xcccccccd

   \                                 In section .text, align 4, keep-with-next
   \                     ??DataTable7_4:
   \   00000000   0x4012CCCC         DC32     0x4012cccc

   \                                 In section .text, align 4, keep-with-next
   \                     ??DataTable7_5:
   \   00000000   0x3FF33333         DC32     0x3ff33333

   \                                 In section .text, align 4, keep-with-next
   \                     ??DataTable7_6:
   \   00000000   0x........         DC32     Flag_Island

   \                                 In section .text, align 4, keep-with-next
   \                     ??DataTable7_7:
   \   00000000   0x........         DC32     final

   \                                 In section .text, align 4, keep-with-next
   \                     ??DataTable7_8:
   \   00000000   0x........         DC32     Flag_Island_Confirm

   \                                 In section .text, align 4, keep-with-next
   \                     ??DataTable7_9:
   \   00000000   0x........         DC32     Flag_Ramp

   \                                 In section .text, align 4, keep-with-next
   \                     ??DataTable7_10:
   \   00000000   0x........         DC32     Chase_Distance

   \                                 In section .text, align 4, keep-with-next
   \                     ??DataTable7_11:
   \   00000000   0x675DDD2B         DC32     0x675ddd2b

   \                                 In section .text, align 4, keep-with-next
   \                     ??DataTable7_12:
   \   00000000   0xBF79FE43         DC32     0xbf79fe43

   \                                 In section .text, align 4, keep-with-next
   \                     ??DataTable7_13:
   \   00000000   0xCC63F141         DC32     0xcc63f141

   \                                 In section .text, align 4, keep-with-next
   \                     ??DataTable7_14:
   \   00000000   0x3FC84B5D         DC32     0x3fc84b5d

   \                                 In section .text, align 4, keep-with-next
   \                     ??DataTable7_15:
   \   00000000   0x5B573EAB         DC32     0x5b573eab

   \                                 In section .text, align 4, keep-with-next
   \                     ??DataTable7_16:
   \   00000000   0xBFBCBFB1         DC32     0xbfbcbfb1

   \                                 In section .text, align 4, keep-with-next
   \                     ??DataTable7_17:
   \   00000000   0x........         DC32     Admit_Dis_EnterIsland

   \                                 In section .text, align 4, keep-with-next
   \                     ??DataTable7_18:
   \   00000000   0x........         DC32     Distance_Island

   \                                 In section .text, align 4, keep-with-next
   \                     ??DataTable7_19:
   \   00000000   0x........         DC32     Flag_Out

   \                                 In section .text, align 4, keep-with-next
   \                     ??DataTable7_20:
   \   00000000   0x060BB2BC         DC32     0x60bb2bc

   \                                 In section .text, align 4, keep-with-next
   \                     ??DataTable7_21:
   \   00000000   0x3F81DCD7         DC32     0x3f81dcd7

   \                                 In section .text, align 4, keep-with-next
   \                     ??DataTable7_22:
   \   00000000   0xACD9E83E         DC32     0xacd9e83e

   \                                 In section .text, align 4, keep-with-next
   \                     ??DataTable7_23:
   \   00000000   0x3FDD5CFA         DC32     0x3fdd5cfa

   \                                 In section .text, align 4, keep-with-next
   \                     ??DataTable7_24:
   \   00000000   0x41200000         DC32     0x41200000

   \                                 In section .text, align 4, keep-with-next
   \                     ??DataTable7_25:
   \   00000000   0x03CD141A         DC32     0x3cd141a

   \                                 In section .text, align 4, keep-with-next
   \                     ??DataTable7_26:
   \   00000000   0x3F77E458         DC32     0x3f77e458

   \                                 In section .text, align 4, keep-with-next
   \                     ??DataTable7_27:
   \   00000000   0xBB2FEC57         DC32     0xbb2fec57

   \                                 In section .text, align 4, keep-with-next
   \                     ??DataTable7_28:
   \   00000000   0x3FDF0F27         DC32     0x3fdf0f27

   \                                 In section .text, align 4, keep-with-next
   \                     ??DataTable7_29:
   \   00000000   0x40A00000         DC32     0x40a00000

   \                                 In section .text, align 4, keep-with-next
   \                     ??DataTable7_30:
   \   00000000   0x41A00000         DC32     0x41a00000

   \                                 In section .text, align 4, keep-with-next
   \                     ??DataTable7_31:
   \   00000000   0x40240000         DC32     0x40240000

   \                                 In section .text, align 4, keep-with-next
   \                     ??DataTable7_32:
   \   00000000   0x40E00000         DC32     0x40e00000

   \                                 In section .text, align 4, keep-with-next
   \                     ??DataTable7_33:
   \   00000000   0x40400000         DC32     0x40400000

   \                                 In section .text, align 4, keep-with-next
   \                     ??DataTable7_34:
   \   00000000   0x41700000         DC32     0x41700000

   \                                 In section .text, align 4, keep-with-next
   \                     ??DataTable7_35:
   \   00000000   0xFFFFFC18         DC32     0xfffffc18

   \                                 In section .text, align 4, keep-with-next
   \                     ??DataTable7_36:
   \   00000000   0x40490000         DC32     0x40490000

   \                                 In section .text, align 4, keep-with-next
   \                     ??DataTable7_37:
   \   00000000   0x40038000         DC32     0x40038000

   \                                 In section .text, align 4, keep-with-next
   \                     ??DataTable7_38:
   \   00000000   0x40039000         DC32     0x40039000

   \                                 In section .text, align 4, keep-with-next
   \                     ??DataTable7_39:
   \   00000000   0x40C38800         DC32     0x40c38800

   \                                 In section .text, align 4, keep-with-next
   \                     ??DataTable7_40:
   \   00000000   0x........         DC32     p

   \                                 In section .text, align 4, keep-with-next
   \                     ??DataTable7_41:
   \   00000000   0x........         DC32     Q

   \                                 In section .text, align 4, keep-with-next
   \                     ??DataTable7_42:
   \   00000000   0x........         DC32     R

   \                                 In section .text, align 4, keep-with-next
   \                     ??DataTable7_43:
   \   00000000   0x........         DC32     k

   Maximum stack usage in bytes:

   .cstack Function
   ------- --------
      24   Ahead_Spd_Set
        24   -> __aeabi_d2iz
        24   -> __aeabi_dadd
        24   -> __aeabi_ddiv
        24   -> __aeabi_dsub
        24   -> __aeabi_i2d
        24 __aeabi_cdcmple
        24 __aeabi_cdrcmple
      24   Behind_Spd_Set
        24   -> __aeabi_d2f
        24   -> __aeabi_d2iz
        24   -> __aeabi_dadd
        24   -> __aeabi_ddiv
        24   -> __aeabi_dmul
        24   -> __aeabi_dsub
        24   -> __aeabi_i2d
        24 __aeabi_cdcmple
        24 __aeabi_cdrcmple
       8   Elder_Spd_Ctrl
         8   -> __aeabi_d2f
         8   -> __aeabi_dmul
         8   -> __aeabi_i2d
         8   -> exp
         8 __aeabi_cdcmple
       8   Motor_Ctrl
         8   -> Ahead_Spd_Set
         8   -> Behind_Spd_Set
         8   -> Elder_Spd_Ctrl
         8   -> Motor_Output
         8   -> Younger_Spd_Ctrl
       8   Motor_Output
         8   -> LPLD_FTM_PWM_ChangeDuty
         8   -> __aeabi_d2iz
         8   -> __aeabi_i2d
         8 __aeabi_cdcmple
       0   Spd_Filter
       8   Spd_Get
         8   -> LPLD_FTM_ClearCounter
         8   -> LPLD_FTM_GetCounter
         8   -> Spd_Filter
         8   -> __aeabi_i2d
         8 __aeabi_cdrcmple
       8   Younger_Spd_Ctrl
         8   -> __aeabi_d2f
         8   -> __aeabi_dmul
         8   -> __aeabi_i2d
         8   -> exp


   Section sizes:

   Bytes  Function/Label
   -----  --------------
       4  ??DataTable2
       4  ??DataTable2_1
       4  ??DataTable3
       4  ??DataTable3_1
       4  ??DataTable5
       4  ??DataTable5_1
       4  ??DataTable5_2
       4  ??DataTable6
       4  ??DataTable6_1
       4  ??DataTable6_2
       4  ??DataTable6_3
       4  ??DataTable6_4
       4  ??DataTable7
       4  ??DataTable7_1
       4  ??DataTable7_10
       4  ??DataTable7_11
       4  ??DataTable7_12
       4  ??DataTable7_13
       4  ??DataTable7_14
       4  ??DataTable7_15
       4  ??DataTable7_16
       4  ??DataTable7_17
       4  ??DataTable7_18
       4  ??DataTable7_19
       4  ??DataTable7_2
       4  ??DataTable7_20
       4  ??DataTable7_21
       4  ??DataTable7_22
       4  ??DataTable7_23
       4  ??DataTable7_24
       4  ??DataTable7_25
       4  ??DataTable7_26
       4  ??DataTable7_27
       4  ??DataTable7_28
       4  ??DataTable7_29
       4  ??DataTable7_3
       4  ??DataTable7_30
       4  ??DataTable7_31
       4  ??DataTable7_32
       4  ??DataTable7_33
       4  ??DataTable7_34
       4  ??DataTable7_35
       4  ??DataTable7_36
       4  ??DataTable7_37
       4  ??DataTable7_38
       4  ??DataTable7_39
       4  ??DataTable7_4
       4  ??DataTable7_40
       4  ??DataTable7_41
       4  ??DataTable7_42
       4  ??DataTable7_43
       4  ??DataTable7_5
       4  ??DataTable7_6
       4  ??DataTable7_7
       4  ??DataTable7_8
       4  ??DataTable7_9
     512  Ahead_Spd_Set
     822  Behind_Spd_Set
       4  DisError
     686  Elder_Spd_Ctrl
       4  Flag_Out
       4  Leave_trend
      48  Motor_Ctrl
     164  Motor_Output
       4  Q
       4  R
     140  Spd
     142  Spd_Filter
     120  Spd_Get
       4  Sum_Distance_EnterCurve
     526  Younger_Spd_Ctrl
       4  k
       4  p
       4  trend

 
   164 bytes in section .bss
    12 bytes in section .data
 3 244 bytes in section .text
 
 3 244 bytes of CODE memory
   176 bytes of DATA memory

Errors: none
Warnings: none
