###############################################################################
#
# IAR ANSI C/C++ Compiler V7.20.2.7424/W32 for ARM        01/Mar/2017  22:00:38
# Copyright 1999-2014 IAR Systems AB.
#
#    Cpu mode     =  thumb
#    Endian       =  little
#    Source file  =  
#        C:\Users\lenovo\Desktop\17智能车省赛\LPLD_OSKinetis_V3\project\chase_after合并程序(0228)\app\Pit_5ms.c
#    Command line =  
#        "C:\Users\lenovo\Desktop\17智能车省赛\LPLD_OSKinetis_V3\project\chase_after合并程序(0228)\app\Pit_5ms.c"
#        -D LPLD_K60 -D USE_K60F12 -lCN
#        "C:\Users\lenovo\Desktop\17智能车省赛\LPLD_OSKinetis_V3\project\chase_after合并程序(0228)\iar\BOOT\List\"
#        -lB
#        "C:\Users\lenovo\Desktop\17智能车省赛\LPLD_OSKinetis_V3\project\chase_after合并程序(0228)\iar\BOOT\List\"
#        -o
#        "C:\Users\lenovo\Desktop\17智能车省赛\LPLD_OSKinetis_V3\project\chase_after合并程序(0228)\iar\BOOT\Obj\"
#        --no_cse --no_unroll --no_inline --no_code_motion --no_tbaa
#        --no_clustering --no_scheduling --debug --endian=little
#        --cpu=Cortex-M4F -e --fpu=VFPv4_sp --dlib_config
#        D:\IAR\arm\INC\c\DLib_Config_Normal.h -I
#        "C:\Users\lenovo\Desktop\17智能车省赛\LPLD_OSKinetis_V3\project\chase_after合并程序(0228)\iar\..\app\"
#        -I
#        "C:\Users\lenovo\Desktop\17智能车省赛\LPLD_OSKinetis_V3\project\chase_after合并程序(0228)\iar\..\..\..\lib\CPU\"
#        -I
#        "C:\Users\lenovo\Desktop\17智能车省赛\LPLD_OSKinetis_V3\project\chase_after合并程序(0228)\iar\..\..\..\lib\common\"
#        -I
#        "C:\Users\lenovo\Desktop\17智能车省赛\LPLD_OSKinetis_V3\project\chase_after合并程序(0228)\iar\..\..\..\lib\LPLD\"
#        -I
#        "C:\Users\lenovo\Desktop\17智能车省赛\LPLD_OSKinetis_V3\project\chase_after合并程序(0228)\iar\..\..\..\lib\LPLD\HW\"
#        -I
#        "C:\Users\lenovo\Desktop\17智能车省赛\LPLD_OSKinetis_V3\project\chase_after合并程序(0228)\iar\..\..\..\lib\LPLD\DEV\"
#        -I
#        "C:\Users\lenovo\Desktop\17智能车省赛\LPLD_OSKinetis_V3\project\chase_after合并程序(0228)\iar\..\..\..\lib\LPLD\FUNC\"
#        -I
#        "C:\Users\lenovo\Desktop\17智能车省赛\LPLD_OSKinetis_V3\project\chase_after合并程序(0228)\iar\..\..\..\lib\uCOS-II\Ports\"
#        -I
#        "C:\Users\lenovo\Desktop\17智能车省赛\LPLD_OSKinetis_V3\project\chase_after合并程序(0228)\iar\..\..\..\lib\uCOS-II\Source\"
#        -I
#        "C:\Users\lenovo\Desktop\17智能车省赛\LPLD_OSKinetis_V3\project\chase_after合并程序(0228)\iar\..\..\..\lib\FatFs\"
#        -I
#        "C:\Users\lenovo\Desktop\17智能车省赛\LPLD_OSKinetis_V3\project\chase_after合并程序(0228)\iar\..\..\..\lib\FatFs\option\"
#        -I
#        "C:\Users\lenovo\Desktop\17智能车省赛\LPLD_OSKinetis_V3\project\chase_after合并程序(0228)\iar\..\..\..\lib\USB\common\"
#        -I
#        "C:\Users\lenovo\Desktop\17智能车省赛\LPLD_OSKinetis_V3\project\chase_after合并程序(0228)\iar\..\..\..\lib\USB\driver\"
#        -I
#        "C:\Users\lenovo\Desktop\17智能车省赛\LPLD_OSKinetis_V3\project\chase_after合并程序(0228)\iar\..\..\..\lib\USB\descriptor\"
#        -I
#        "C:\Users\lenovo\Desktop\17智能车省赛\LPLD_OSKinetis_V3\project\chase_after合并程序(0228)\iar\..\..\..\lib\USB\class\"
#        -Ol -I D:\IAR\arm\CMSIS\Include\ -D ARM_MATH_CM4
#    List file    =  
#        C:\Users\lenovo\Desktop\17智能车省赛\LPLD_OSKinetis_V3\project\chase_after合并程序(0228)\iar\BOOT\List\Pit_5ms.lst
#    Object file  =  
#        C:\Users\lenovo\Desktop\17智能车省赛\LPLD_OSKinetis_V3\project\chase_after合并程序(0228)\iar\BOOT\Obj\Pit_5ms.o
#
###############################################################################

C:\Users\lenovo\Desktop\17智能车省赛\LPLD_OSKinetis_V3\project\chase_after合并程序(0228)\app\Pit_5ms.c
      1          #include "Includes.h"
      2          
      3          

   \                                 In section .bss, align 4
      4          int Count = 0;
   \                     Count:
   \   00000000                      DS8 4

   \                                 In section .bss, align 4
      5          int Distance = 0;
   \                     Distance:
   \   00000000                      DS8 4
      6          
      7          /*
      8          功能：10ms触发一次该中断函数，周期循环：路径采集、角度、速度控制
      9          返回值：无 
     10          */

   \                                 In section .text, align 4, keep-with-next
     11          void pit_10ms()
     12          {         
   \                     pit_10ms: (+1)
   \   00000000   0xB580             PUSH     {R7,LR}
     13            Spd_Get(); 
   \   00000002   0x.... 0x....      BL       Spd_Get
     14            Dis_Calc();
   \   00000006   0x.... 0x....      BL       Dis_Calc
     15            Rudder_Ctrl();
   \   0000000A   0x.... 0x....      BL       Rudder_Ctrl
     16            Motor_Ctrl();  
   \   0000000E   0x.... 0x....      BL       Motor_Ctrl
     17            Count++;
   \   00000012   0x4807             LDR.N    R0,??pit_10ms_0
   \   00000014   0x6800             LDR      R0,[R0, #+0]
   \   00000016   0x1C40             ADDS     R0,R0,#+1
   \   00000018   0x4905             LDR.N    R1,??pit_10ms_0
   \   0000001A   0x6008             STR      R0,[R1, #+0]
     18            if(Count>30000)
   \   0000001C   0x4804             LDR.N    R0,??pit_10ms_0
   \   0000001E   0x6800             LDR      R0,[R0, #+0]
   \   00000020   0xF247 0x5131      MOVW     R1,#+30001
   \   00000024   0x4288             CMP      R0,R1
   \   00000026   0xDB02             BLT.N    ??pit_10ms_1
     19               Count = 0;
   \   00000028   0x2000             MOVS     R0,#+0
   \   0000002A   0x4901             LDR.N    R1,??pit_10ms_0
   \   0000002C   0x6008             STR      R0,[R1, #+0]
     20          }
   \                     ??pit_10ms_1: (+1)
   \   0000002E   0xBD01             POP      {R0,PC}          ;; return
   \                     ??pit_10ms_0:
   \   00000030   0x........         DC32     Count

   Maximum stack usage in bytes:

   .cstack Function
   ------- --------
       8   pit_10ms
         8   -> Dis_Calc
         8   -> Motor_Ctrl
         8   -> Rudder_Ctrl
         8   -> Spd_Get


   Section sizes:

   Bytes  Function/Label
   -----  --------------
       4  Count
       4  Distance
      52  pit_10ms

 
  8 bytes in section .bss
 52 bytes in section .text
 
 52 bytes of CODE memory
  8 bytes of DATA memory

Errors: none
Warnings: none
